2025-10-07 05:19:57,648 [INFO] Model parameters: 33,024,228, Classes: 4
2025-10-07 05:19:57,648 [INFO] Enhanced regularization: Dropout=0.2, Weight_decay=0.001
2025-10-07 05:19:58,164 [INFO] Regularized Attention-MOI Training Started
2025-10-07 05:19:58,164 [INFO] Training started with enhanced regularization
2025-10-07 05:19:58,164 [INFO] Dropout: 0.2, Weight decay: 0.001
2025-10-07 05:19:58,724 [INFO] Epoch [1/100] Train Loss: 2.5689 | Train Acc: 0.5426 (Classical:0.680 | Mesenchymal:0.312 | Neural:0.688 | Proneural:0.619) || Val Loss: 1.3426 | Val Acc: 0.4167 (Classical:0.333 | Mesenchymal:0.556 | Neural:0.500 | Proneural:0.200) || LR: 0.001000
2025-10-07 05:19:58,845 [INFO] Best model saved with val_acc: 0.4167
2025-10-07 05:19:59,169 [INFO] Epoch [2/100] Train Loss: 2.3902 | Train Acc: 0.6915 (Classical:0.920 | Mesenchymal:0.469 | Neural:0.562 | Proneural:0.857) || Val Loss: 1.1687 | Val Acc: 0.6667 (Classical:0.833 | Mesenchymal:0.667 | Neural:0.500 | Proneural:0.600) || LR: 0.001000
2025-10-07 05:19:59,297 [INFO] Best model saved with val_acc: 0.6667
2025-10-07 05:19:59,623 [INFO] Epoch [3/100] Train Loss: 2.3655 | Train Acc: 0.8404 (Classical:0.960 | Mesenchymal:0.750 | Neural:0.750 | Proneural:0.905) || Val Loss: 1.1125 | Val Acc: 0.6667 (Classical:0.833 | Mesenchymal:0.667 | Neural:0.250 | Proneural:0.800) || LR: 0.001000
2025-10-07 05:19:59,937 [INFO] Epoch [4/100] Train Loss: 2.2426 | Train Acc: 0.8617 (Classical:0.920 | Mesenchymal:0.719 | Neural:0.875 | Proneural:1.000) || Val Loss: 1.1098 | Val Acc: 0.6250 (Classical:0.833 | Mesenchymal:0.556 | Neural:0.250 | Proneural:0.800) || LR: 0.001000
2025-10-07 05:20:00,235 [INFO] Epoch [5/100] Train Loss: 2.2021 | Train Acc: 0.8936 (Classical:0.920 | Mesenchymal:0.844 | Neural:0.812 | Proneural:1.000) || Val Loss: 1.0844 | Val Acc: 0.6250 (Classical:0.833 | Mesenchymal:0.556 | Neural:0.250 | Proneural:0.800) || LR: 0.001000
2025-10-07 05:20:00,535 [INFO] Epoch [6/100] Train Loss: 2.1802 | Train Acc: 0.8830 (Classical:0.920 | Mesenchymal:0.875 | Neural:0.688 | Proneural:1.000) || Val Loss: 1.1121 | Val Acc: 0.5833 (Classical:0.667 | Mesenchymal:0.556 | Neural:0.250 | Proneural:0.800) || LR: 0.001000
2025-10-07 05:20:00,830 [INFO] Epoch [7/100] Train Loss: 2.0487 | Train Acc: 0.9149 (Classical:0.920 | Mesenchymal:0.875 | Neural:0.875 | Proneural:1.000) || Val Loss: 1.1166 | Val Acc: 0.5833 (Classical:0.667 | Mesenchymal:0.556 | Neural:0.250 | Proneural:0.800) || LR: 0.001000
2025-10-07 05:20:01,141 [INFO] Epoch [8/100] Train Loss: 2.1328 | Train Acc: 0.9468 (Classical:1.000 | Mesenchymal:0.906 | Neural:0.875 | Proneural:1.000) || Val Loss: 1.1074 | Val Acc: 0.6667 (Classical:0.833 | Mesenchymal:0.667 | Neural:0.250 | Proneural:0.800) || LR: 0.001000
2025-10-07 05:20:01,455 [INFO] Epoch [9/100] Train Loss: 1.9771 | Train Acc: 0.9574 (Classical:1.000 | Mesenchymal:0.938 | Neural:0.875 | Proneural:1.000) || Val Loss: 1.1144 | Val Acc: 0.6250 (Classical:0.667 | Mesenchymal:0.667 | Neural:0.250 | Proneural:0.800) || LR: 0.001000
2025-10-07 05:20:01,763 [INFO] Epoch [10/100] Train Loss: 1.9363 | Train Acc: 0.9681 (Classical:0.960 | Mesenchymal:1.000 | Neural:0.875 | Proneural:1.000) || Val Loss: 1.0888 | Val Acc: 0.6250 (Classical:0.667 | Mesenchymal:0.667 | Neural:0.250 | Proneural:0.800) || LR: 0.001000
2025-10-07 05:20:02,079 [INFO] Epoch [11/100] Train Loss: 1.9014 | Train Acc: 0.9681 (Classical:0.960 | Mesenchymal:1.000 | Neural:0.875 | Proneural:1.000) || Val Loss: 1.0730 | Val Acc: 0.6250 (Classical:0.667 | Mesenchymal:0.667 | Neural:0.250 | Proneural:0.800) || LR: 0.001000
2025-10-07 05:20:02,367 [INFO] Epoch [12/100] Train Loss: 1.8654 | Train Acc: 0.9681 (Classical:0.960 | Mesenchymal:1.000 | Neural:0.875 | Proneural:1.000) || Val Loss: 1.1249 | Val Acc: 0.6250 (Classical:0.667 | Mesenchymal:0.667 | Neural:0.250 | Proneural:0.800) || LR: 0.001000
2025-10-07 05:20:02,668 [INFO] Epoch [13/100] Train Loss: 1.8229 | Train Acc: 0.9894 (Classical:1.000 | Mesenchymal:1.000 | Neural:0.938 | Proneural:1.000) || Val Loss: 1.1372 | Val Acc: 0.6667 (Classical:0.833 | Mesenchymal:0.667 | Neural:0.250 | Proneural:0.800) || LR: 0.001000
2025-10-07 05:20:02,973 [INFO] Epoch [14/100] Train Loss: 1.8347 | Train Acc: 0.9894 (Classical:1.000 | Mesenchymal:1.000 | Neural:0.938 | Proneural:1.000) || Val Loss: 1.1559 | Val Acc: 0.6667 (Classical:0.833 | Mesenchymal:0.667 | Neural:0.250 | Proneural:0.800) || LR: 0.001000
2025-10-07 05:20:03,287 [INFO] Epoch [15/100] Train Loss: 1.7275 | Train Acc: 1.0000 (Classical:1.000 | Mesenchymal:1.000 | Neural:1.000 | Proneural:1.000) || Val Loss: 1.1476 | Val Acc: 0.6667 (Classical:0.833 | Mesenchymal:0.667 | Neural:0.250 | Proneural:0.800) || LR: 0.001000
2025-10-07 05:20:03,590 [INFO] Epoch [16/100] Train Loss: 1.7344 | Train Acc: 1.0000 (Classical:1.000 | Mesenchymal:1.000 | Neural:1.000 | Proneural:1.000) || Val Loss: 1.1558 | Val Acc: 0.6667 (Classical:0.833 | Mesenchymal:0.667 | Neural:0.250 | Proneural:0.800) || LR: 0.001000
2025-10-07 05:20:03,897 [INFO] Epoch [17/100] Train Loss: 1.7180 | Train Acc: 1.0000 (Classical:1.000 | Mesenchymal:1.000 | Neural:1.000 | Proneural:1.000) || Val Loss: 1.2089 | Val Acc: 0.5833 (Classical:0.667 | Mesenchymal:0.667 | Neural:0.000 | Proneural:0.800) || LR: 0.001000
2025-10-07 05:20:04,196 [INFO] Epoch [18/100] Train Loss: 1.6696 | Train Acc: 1.0000 (Classical:1.000 | Mesenchymal:1.000 | Neural:1.000 | Proneural:1.000) || Val Loss: 1.1995 | Val Acc: 0.6250 (Classical:0.833 | Mesenchymal:0.667 | Neural:0.000 | Proneural:0.800) || LR: 0.001000
2025-10-07 05:20:04,493 [INFO] Epoch [19/100] Train Loss: 1.6966 | Train Acc: 1.0000 (Classical:1.000 | Mesenchymal:1.000 | Neural:1.000 | Proneural:1.000) || Val Loss: 1.1969 | Val Acc: 0.6667 (Classical:0.833 | Mesenchymal:0.667 | Neural:0.250 | Proneural:0.800) || LR: 0.001000
2025-10-07 05:20:04,831 [INFO] Epoch [20/100] Train Loss: 1.6024 | Train Acc: 1.0000 (Classical:1.000 | Mesenchymal:1.000 | Neural:1.000 | Proneural:1.000) || Val Loss: 1.1807 | Val Acc: 0.6667 (Classical:0.833 | Mesenchymal:0.667 | Neural:0.250 | Proneural:0.800) || LR: 0.001000
2025-10-07 05:20:05,157 [INFO] Epoch [21/100] Train Loss: 1.5937 | Train Acc: 1.0000 (Classical:1.000 | Mesenchymal:1.000 | Neural:1.000 | Proneural:1.000) || Val Loss: 1.2072 | Val Acc: 0.6667 (Classical:0.833 | Mesenchymal:0.667 | Neural:0.250 | Proneural:0.800) || LR: 0.001000
2025-10-07 05:20:05,453 [INFO] Epoch [22/100] Train Loss: 1.6033 | Train Acc: 1.0000 (Classical:1.000 | Mesenchymal:1.000 | Neural:1.000 | Proneural:1.000) || Val Loss: 1.2161 | Val Acc: 0.6667 (Classical:0.833 | Mesenchymal:0.667 | Neural:0.250 | Proneural:0.800) || LR: 0.001000
2025-10-07 05:20:05,744 [INFO] Epoch [23/100] Train Loss: 1.5509 | Train Acc: 1.0000 (Classical:1.000 | Mesenchymal:1.000 | Neural:1.000 | Proneural:1.000) || Val Loss: 1.2545 | Val Acc: 0.6667 (Classical:1.000 | Mesenchymal:0.667 | Neural:0.000 | Proneural:0.800) || LR: 0.001000
2025-10-07 05:20:06,034 [INFO] Epoch [24/100] Train Loss: 1.6896 | Train Acc: 1.0000 (Classical:1.000 | Mesenchymal:1.000 | Neural:1.000 | Proneural:1.000) || Val Loss: 1.3578 | Val Acc: 0.6250 (Classical:0.833 | Mesenchymal:0.667 | Neural:0.000 | Proneural:0.800) || LR: 0.001000
2025-10-07 05:20:06,332 [INFO] Epoch [25/100] Train Loss: 1.6391 | Train Acc: 1.0000 (Classical:1.000 | Mesenchymal:1.000 | Neural:1.000 | Proneural:1.000) || Val Loss: 1.2972 | Val Acc: 0.6250 (Classical:0.833 | Mesenchymal:0.667 | Neural:0.000 | Proneural:0.800) || LR: 0.001000
2025-10-07 05:20:06,630 [INFO] Epoch [26/100] Train Loss: 1.5735 | Train Acc: 1.0000 (Classical:1.000 | Mesenchymal:1.000 | Neural:1.000 | Proneural:1.000) || Val Loss: 1.2735 | Val Acc: 0.6250 (Classical:0.833 | Mesenchymal:0.667 | Neural:0.000 | Proneural:0.800) || LR: 0.001000
2025-10-07 05:20:06,921 [INFO] Epoch [27/100] Train Loss: 1.5431 | Train Acc: 1.0000 (Classical:1.000 | Mesenchymal:1.000 | Neural:1.000 | Proneural:1.000) || Val Loss: 1.0906 | Val Acc: 0.7500 (Classical:1.000 | Mesenchymal:0.778 | Neural:0.250 | Proneural:0.800) || LR: 0.001000
2025-10-07 05:20:07,037 [INFO] Best model saved with val_acc: 0.7500
2025-10-07 05:20:07,337 [INFO] Epoch [28/100] Train Loss: 1.5633 | Train Acc: 1.0000 (Classical:1.000 | Mesenchymal:1.000 | Neural:1.000 | Proneural:1.000) || Val Loss: 1.0920 | Val Acc: 0.7500 (Classical:1.000 | Mesenchymal:0.778 | Neural:0.250 | Proneural:0.800) || LR: 0.001000
2025-10-07 05:20:07,633 [INFO] Epoch [29/100] Train Loss: 1.5487 | Train Acc: 1.0000 (Classical:1.000 | Mesenchymal:1.000 | Neural:1.000 | Proneural:1.000) || Val Loss: 1.1501 | Val Acc: 0.6250 (Classical:0.667 | Mesenchymal:0.667 | Neural:0.250 | Proneural:0.800) || LR: 0.001000
2025-10-07 05:20:07,923 [INFO] Epoch [30/100] Train Loss: 1.5500 | Train Acc: 1.0000 (Classical:1.000 | Mesenchymal:1.000 | Neural:1.000 | Proneural:1.000) || Val Loss: 1.1798 | Val Acc: 0.6250 (Classical:0.667 | Mesenchymal:0.667 | Neural:0.250 | Proneural:0.800) || LR: 0.001000
2025-10-07 05:20:08,219 [INFO] Epoch [31/100] Train Loss: 1.4984 | Train Acc: 1.0000 (Classical:1.000 | Mesenchymal:1.000 | Neural:1.000 | Proneural:1.000) || Val Loss: 1.3774 | Val Acc: 0.6250 (Classical:0.667 | Mesenchymal:0.667 | Neural:0.250 | Proneural:0.800) || LR: 0.001000
2025-10-07 05:20:08,506 [INFO] Epoch [32/100] Train Loss: 1.5092 | Train Acc: 1.0000 (Classical:1.000 | Mesenchymal:1.000 | Neural:1.000 | Proneural:1.000) || Val Loss: 1.3373 | Val Acc: 0.6250 (Classical:0.667 | Mesenchymal:0.667 | Neural:0.250 | Proneural:0.800) || LR: 0.001000
2025-10-07 05:20:08,797 [INFO] Epoch [33/100] Train Loss: 1.4865 | Train Acc: 1.0000 (Classical:1.000 | Mesenchymal:1.000 | Neural:1.000 | Proneural:1.000) || Val Loss: 1.3932 | Val Acc: 0.6667 (Classical:0.667 | Mesenchymal:0.667 | Neural:0.500 | Proneural:0.800) || LR: 0.001000
2025-10-07 05:20:09,099 [INFO] Epoch [34/100] Train Loss: 1.5192 | Train Acc: 1.0000 (Classical:1.000 | Mesenchymal:1.000 | Neural:1.000 | Proneural:1.000) || Val Loss: 1.4968 | Val Acc: 0.6667 (Classical:0.667 | Mesenchymal:0.778 | Neural:0.250 | Proneural:0.800) || LR: 0.001000
2025-10-07 05:20:09,394 [INFO] Epoch [35/100] Train Loss: 1.4507 | Train Acc: 1.0000 (Classical:1.000 | Mesenchymal:1.000 | Neural:1.000 | Proneural:1.000) || Val Loss: 1.4615 | Val Acc: 0.6250 (Classical:0.667 | Mesenchymal:0.667 | Neural:0.250 | Proneural:0.800) || LR: 0.001000
2025-10-07 05:20:09,689 [INFO] Epoch [36/100] Train Loss: 1.4603 | Train Acc: 1.0000 (Classical:1.000 | Mesenchymal:1.000 | Neural:1.000 | Proneural:1.000) || Val Loss: 1.3321 | Val Acc: 0.6667 (Classical:0.667 | Mesenchymal:0.778 | Neural:0.250 | Proneural:0.800) || LR: 0.001000
2025-10-07 05:20:09,981 [INFO] Epoch [37/100] Train Loss: 1.4491 | Train Acc: 1.0000 (Classical:1.000 | Mesenchymal:1.000 | Neural:1.000 | Proneural:1.000) || Val Loss: 1.2588 | Val Acc: 0.7083 (Classical:0.833 | Mesenchymal:0.778 | Neural:0.250 | Proneural:0.800) || LR: 0.001000
2025-10-07 05:20:10,273 [INFO] Epoch [38/100] Train Loss: 1.4323 | Train Acc: 1.0000 (Classical:1.000 | Mesenchymal:1.000 | Neural:1.000 | Proneural:1.000) || Val Loss: 1.3538 | Val Acc: 0.7083 (Classical:0.833 | Mesenchymal:0.778 | Neural:0.250 | Proneural:0.800) || LR: 0.001000
2025-10-07 05:20:10,574 [INFO] Epoch [39/100] Train Loss: 1.4374 | Train Acc: 1.0000 (Classical:1.000 | Mesenchymal:1.000 | Neural:1.000 | Proneural:1.000) || Val Loss: 1.3023 | Val Acc: 0.7083 (Classical:0.833 | Mesenchymal:0.778 | Neural:0.250 | Proneural:0.800) || LR: 0.001000
2025-10-07 05:20:10,873 [INFO] Epoch [40/100] Train Loss: 1.4334 | Train Acc: 1.0000 (Classical:1.000 | Mesenchymal:1.000 | Neural:1.000 | Proneural:1.000) || Val Loss: 1.2970 | Val Acc: 0.7083 (Classical:0.833 | Mesenchymal:0.778 | Neural:0.250 | Proneural:0.800) || LR: 0.001000
2025-10-07 05:20:11,176 [INFO] Epoch [41/100] Train Loss: 1.4345 | Train Acc: 1.0000 (Classical:1.000 | Mesenchymal:1.000 | Neural:1.000 | Proneural:1.000) || Val Loss: 1.4348 | Val Acc: 0.6250 (Classical:0.667 | Mesenchymal:0.778 | Neural:0.000 | Proneural:0.800) || LR: 0.001000
2025-10-07 05:20:11,467 [INFO] Epoch [42/100] Train Loss: 1.4776 | Train Acc: 1.0000 (Classical:1.000 | Mesenchymal:1.000 | Neural:1.000 | Proneural:1.000) || Val Loss: 1.4531 | Val Acc: 0.6250 (Classical:0.667 | Mesenchymal:0.667 | Neural:0.250 | Proneural:0.800) || LR: 0.001000
2025-10-07 05:20:11,761 [INFO] Epoch [43/100] Train Loss: 1.4122 | Train Acc: 1.0000 (Classical:1.000 | Mesenchymal:1.000 | Neural:1.000 | Proneural:1.000) || Val Loss: 1.4841 | Val Acc: 0.6250 (Classical:0.667 | Mesenchymal:0.667 | Neural:0.250 | Proneural:0.800) || LR: 0.001000
2025-10-07 05:20:12,055 [INFO] Epoch [44/100] Train Loss: 1.4511 | Train Acc: 1.0000 (Classical:1.000 | Mesenchymal:1.000 | Neural:1.000 | Proneural:1.000) || Val Loss: 1.3808 | Val Acc: 0.6250 (Classical:0.667 | Mesenchymal:0.667 | Neural:0.250 | Proneural:0.800) || LR: 0.001000
2025-10-07 05:20:12,348 [INFO] Epoch [45/100] Train Loss: 1.4238 | Train Acc: 1.0000 (Classical:1.000 | Mesenchymal:1.000 | Neural:1.000 | Proneural:1.000) || Val Loss: 1.4088 | Val Acc: 0.6667 (Classical:0.667 | Mesenchymal:0.778 | Neural:0.250 | Proneural:0.800) || LR: 0.001000
2025-10-07 05:20:12,644 [INFO] Epoch [46/100] Train Loss: 1.4221 | Train Acc: 1.0000 (Classical:1.000 | Mesenchymal:1.000 | Neural:1.000 | Proneural:1.000) || Val Loss: 1.3656 | Val Acc: 0.6250 (Classical:0.667 | Mesenchymal:0.778 | Neural:0.000 | Proneural:0.800) || LR: 0.001000
2025-10-07 05:20:12,936 [INFO] Epoch [47/100] Train Loss: 1.3734 | Train Acc: 1.0000 (Classical:1.000 | Mesenchymal:1.000 | Neural:1.000 | Proneural:1.000) || Val Loss: 1.2530 | Val Acc: 0.7083 (Classical:1.000 | Mesenchymal:0.778 | Neural:0.000 | Proneural:0.800) || LR: 0.001000
2025-10-07 05:20:13,239 [INFO] Epoch [48/100] Train Loss: 1.4095 | Train Acc: 1.0000 (Classical:1.000 | Mesenchymal:1.000 | Neural:1.000 | Proneural:1.000) || Val Loss: 1.2880 | Val Acc: 0.6667 (Classical:1.000 | Mesenchymal:0.667 | Neural:0.000 | Proneural:0.800) || LR: 0.001000
2025-10-07 05:20:13,534 [INFO] Epoch [49/100] Train Loss: 1.4081 | Train Acc: 1.0000 (Classical:1.000 | Mesenchymal:1.000 | Neural:1.000 | Proneural:1.000) || Val Loss: 1.3116 | Val Acc: 0.6667 (Classical:0.833 | Mesenchymal:0.667 | Neural:0.250 | Proneural:0.800) || LR: 0.001000
2025-10-07 05:20:13,828 [INFO] Epoch [50/100] Train Loss: 1.4362 | Train Acc: 1.0000 (Classical:1.000 | Mesenchymal:1.000 | Neural:1.000 | Proneural:1.000) || Val Loss: 1.3307 | Val Acc: 0.6667 (Classical:0.833 | Mesenchymal:0.667 | Neural:0.250 | Proneural:0.800) || LR: 0.001000
2025-10-07 05:20:14,122 [INFO] Epoch [51/100] Train Loss: 1.3686 | Train Acc: 1.0000 (Classical:1.000 | Mesenchymal:1.000 | Neural:1.000 | Proneural:1.000) || Val Loss: 1.4254 | Val Acc: 0.6667 (Classical:0.833 | Mesenchymal:0.667 | Neural:0.250 | Proneural:0.800) || LR: 0.001000
2025-10-07 05:20:14,412 [INFO] Epoch [52/100] Train Loss: 1.3963 | Train Acc: 1.0000 (Classical:1.000 | Mesenchymal:1.000 | Neural:1.000 | Proneural:1.000) || Val Loss: 1.3754 | Val Acc: 0.7083 (Classical:0.833 | Mesenchymal:0.667 | Neural:0.500 | Proneural:0.800) || LR: 0.001000
2025-10-07 05:20:14,701 [INFO] Epoch [53/100] Train Loss: 1.3823 | Train Acc: 1.0000 (Classical:1.000 | Mesenchymal:1.000 | Neural:1.000 | Proneural:1.000) || Val Loss: 1.5225 | Val Acc: 0.6250 (Classical:0.833 | Mesenchymal:0.556 | Neural:0.250 | Proneural:0.800) || LR: 0.001000
2025-10-07 05:20:14,994 [INFO] Epoch [54/100] Train Loss: 1.4132 | Train Acc: 1.0000 (Classical:1.000 | Mesenchymal:1.000 | Neural:1.000 | Proneural:1.000) || Val Loss: 1.4491 | Val Acc: 0.6667 (Classical:0.833 | Mesenchymal:0.667 | Neural:0.250 | Proneural:0.800) || LR: 0.001000
2025-10-07 05:20:15,283 [INFO] Epoch [55/100] Train Loss: 1.3591 | Train Acc: 1.0000 (Classical:1.000 | Mesenchymal:1.000 | Neural:1.000 | Proneural:1.000) || Val Loss: 1.1825 | Val Acc: 0.7500 (Classical:1.000 | Mesenchymal:0.778 | Neural:0.250 | Proneural:0.800) || LR: 0.001000
2025-10-07 05:20:15,575 [INFO] Epoch [56/100] Train Loss: 1.3920 | Train Acc: 1.0000 (Classical:1.000 | Mesenchymal:1.000 | Neural:1.000 | Proneural:1.000) || Val Loss: 1.1985 | Val Acc: 0.7083 (Classical:1.000 | Mesenchymal:0.556 | Neural:0.500 | Proneural:0.800) || LR: 0.001000
2025-10-07 05:20:15,868 [INFO] Epoch [57/100] Train Loss: 1.3761 | Train Acc: 1.0000 (Classical:1.000 | Mesenchymal:1.000 | Neural:1.000 | Proneural:1.000) || Val Loss: 1.2617 | Val Acc: 0.7083 (Classical:0.833 | Mesenchymal:0.667 | Neural:0.500 | Proneural:0.800) || LR: 0.001000
2025-10-07 05:20:16,155 [INFO] Epoch [58/100] Train Loss: 1.3459 | Train Acc: 1.0000 (Classical:1.000 | Mesenchymal:1.000 | Neural:1.000 | Proneural:1.000) || Val Loss: 1.2270 | Val Acc: 0.7500 (Classical:1.000 | Mesenchymal:0.667 | Neural:0.500 | Proneural:0.800) || LR: 0.001000
2025-10-07 05:20:16,441 [INFO] Epoch [59/100] Train Loss: 1.3674 | Train Acc: 1.0000 (Classical:1.000 | Mesenchymal:1.000 | Neural:1.000 | Proneural:1.000) || Val Loss: 1.2559 | Val Acc: 0.7083 (Classical:1.000 | Mesenchymal:0.667 | Neural:0.250 | Proneural:0.800) || LR: 0.001000
2025-10-07 05:20:16,730 [INFO] Epoch [60/100] Train Loss: 1.3428 | Train Acc: 1.0000 (Classical:1.000 | Mesenchymal:1.000 | Neural:1.000 | Proneural:1.000) || Val Loss: 1.2198 | Val Acc: 0.7083 (Classical:1.000 | Mesenchymal:0.667 | Neural:0.250 | Proneural:0.800) || LR: 0.001000
2025-10-07 05:20:17,020 [INFO] Epoch [61/100] Train Loss: 1.3290 | Train Acc: 1.0000 (Classical:1.000 | Mesenchymal:1.000 | Neural:1.000 | Proneural:1.000) || Val Loss: 1.1742 | Val Acc: 0.7083 (Classical:1.000 | Mesenchymal:0.667 | Neural:0.250 | Proneural:0.800) || LR: 0.001000
2025-10-07 05:20:17,311 [INFO] Epoch [62/100] Train Loss: 1.3376 | Train Acc: 1.0000 (Classical:1.000 | Mesenchymal:1.000 | Neural:1.000 | Proneural:1.000) || Val Loss: 1.1446 | Val Acc: 0.7500 (Classical:1.000 | Mesenchymal:0.778 | Neural:0.250 | Proneural:0.800) || LR: 0.001000
2025-10-07 05:20:17,607 [INFO] Epoch [63/100] Train Loss: 1.3228 | Train Acc: 1.0000 (Classical:1.000 | Mesenchymal:1.000 | Neural:1.000 | Proneural:1.000) || Val Loss: 1.1814 | Val Acc: 0.7500 (Classical:1.000 | Mesenchymal:0.778 | Neural:0.250 | Proneural:0.800) || LR: 0.001000
2025-10-07 05:20:17,902 [INFO] Epoch [64/100] Train Loss: 1.3129 | Train Acc: 1.0000 (Classical:1.000 | Mesenchymal:1.000 | Neural:1.000 | Proneural:1.000) || Val Loss: 1.1907 | Val Acc: 0.7500 (Classical:1.000 | Mesenchymal:0.778 | Neural:0.250 | Proneural:0.800) || LR: 0.001000
2025-10-07 05:20:18,192 [INFO] Epoch [65/100] Train Loss: 1.2922 | Train Acc: 1.0000 (Classical:1.000 | Mesenchymal:1.000 | Neural:1.000 | Proneural:1.000) || Val Loss: 1.2058 | Val Acc: 0.7500 (Classical:1.000 | Mesenchymal:0.778 | Neural:0.250 | Proneural:0.800) || LR: 0.001000
2025-10-07 05:20:18,494 [INFO] Epoch [66/100] Train Loss: 1.2920 | Train Acc: 1.0000 (Classical:1.000 | Mesenchymal:1.000 | Neural:1.000 | Proneural:1.000) || Val Loss: 1.2010 | Val Acc: 0.7500 (Classical:1.000 | Mesenchymal:0.778 | Neural:0.250 | Proneural:0.800) || LR: 0.001000
2025-10-07 05:20:18,789 [INFO] Epoch [67/100] Train Loss: 1.3050 | Train Acc: 1.0000 (Classical:1.000 | Mesenchymal:1.000 | Neural:1.000 | Proneural:1.000) || Val Loss: 1.1919 | Val Acc: 0.7500 (Classical:1.000 | Mesenchymal:0.778 | Neural:0.250 | Proneural:0.800) || LR: 0.001000
2025-10-07 05:20:19,079 [INFO] Epoch [68/100] Train Loss: 1.2668 | Train Acc: 1.0000 (Classical:1.000 | Mesenchymal:1.000 | Neural:1.000 | Proneural:1.000) || Val Loss: 1.2208 | Val Acc: 0.7500 (Classical:1.000 | Mesenchymal:0.778 | Neural:0.250 | Proneural:0.800) || LR: 0.001000
2025-10-07 05:20:19,369 [INFO] Epoch [69/100] Train Loss: 1.3380 | Train Acc: 1.0000 (Classical:1.000 | Mesenchymal:1.000 | Neural:1.000 | Proneural:1.000) || Val Loss: 1.2519 | Val Acc: 0.7500 (Classical:1.000 | Mesenchymal:0.778 | Neural:0.250 | Proneural:0.800) || LR: 0.001000
2025-10-07 05:20:19,665 [INFO] Epoch [70/100] Train Loss: 1.2645 | Train Acc: 1.0000 (Classical:1.000 | Mesenchymal:1.000 | Neural:1.000 | Proneural:1.000) || Val Loss: 1.2467 | Val Acc: 0.7500 (Classical:1.000 | Mesenchymal:0.778 | Neural:0.250 | Proneural:0.800) || LR: 0.001000
2025-10-07 05:20:19,957 [INFO] Epoch [71/100] Train Loss: 1.3076 | Train Acc: 1.0000 (Classical:1.000 | Mesenchymal:1.000 | Neural:1.000 | Proneural:1.000) || Val Loss: 1.3245 | Val Acc: 0.7500 (Classical:1.000 | Mesenchymal:0.778 | Neural:0.250 | Proneural:0.800) || LR: 0.001000
2025-10-07 05:20:20,252 [INFO] Epoch [72/100] Train Loss: 1.2704 | Train Acc: 1.0000 (Classical:1.000 | Mesenchymal:1.000 | Neural:1.000 | Proneural:1.000) || Val Loss: 1.3856 | Val Acc: 0.7500 (Classical:1.000 | Mesenchymal:0.778 | Neural:0.250 | Proneural:0.800) || LR: 0.001000
2025-10-07 05:20:20,542 [INFO] Epoch [73/100] Train Loss: 1.2989 | Train Acc: 1.0000 (Classical:1.000 | Mesenchymal:1.000 | Neural:1.000 | Proneural:1.000) || Val Loss: 1.3294 | Val Acc: 0.6667 (Classical:1.000 | Mesenchymal:0.667 | Neural:0.000 | Proneural:0.800) || LR: 0.001000
2025-10-07 05:20:20,834 [INFO] Epoch [74/100] Train Loss: 1.2694 | Train Acc: 1.0000 (Classical:1.000 | Mesenchymal:1.000 | Neural:1.000 | Proneural:1.000) || Val Loss: 1.3477 | Val Acc: 0.7083 (Classical:1.000 | Mesenchymal:0.667 | Neural:0.250 | Proneural:0.800) || LR: 0.001000
2025-10-07 05:20:21,119 [INFO] Epoch [75/100] Train Loss: 1.2467 | Train Acc: 1.0000 (Classical:1.000 | Mesenchymal:1.000 | Neural:1.000 | Proneural:1.000) || Val Loss: 1.4185 | Val Acc: 0.7083 (Classical:1.000 | Mesenchymal:0.667 | Neural:0.250 | Proneural:0.800) || LR: 0.001000
2025-10-07 05:20:21,407 [INFO] Epoch [76/100] Train Loss: 1.2756 | Train Acc: 1.0000 (Classical:1.000 | Mesenchymal:1.000 | Neural:1.000 | Proneural:1.000) || Val Loss: 1.4525 | Val Acc: 0.6667 (Classical:1.000 | Mesenchymal:0.556 | Neural:0.250 | Proneural:0.800) || LR: 0.001000
2025-10-07 05:20:21,694 [INFO] Epoch [77/100] Train Loss: 1.2379 | Train Acc: 1.0000 (Classical:1.000 | Mesenchymal:1.000 | Neural:1.000 | Proneural:1.000) || Val Loss: 1.1830 | Val Acc: 0.7083 (Classical:1.000 | Mesenchymal:0.556 | Neural:0.500 | Proneural:0.800) || LR: 0.001000
2025-10-07 05:20:21,694 [INFO] Early stopping at epoch 77
2025-10-07 05:20:21,708 [INFO] Training completed. Best accuracy: 0.7500
2025-10-07 05:20:21,708 [INFO] Log: ./logs/train_20251007_051957.log, Model: ./models/best_model.pth
2025-10-07 05:20:21,791 [INFO] FINAL PER-CLASS | Train Acc: 1.0000 (Classical:1.000 | Mesenchymal:1.000 | Neural:1.000 | Proneural:1.000) || Val Acc: 0.7500 (Classical:1.000 | Mesenchymal:0.778 | Neural:0.250 | Proneural:0.800)
2025-10-07 05:20:21,847 [INFO] FINAL PER-CLASS | Test  Acc: 0.8000 (Classical:1.000 | Mesenchymal:0.800 | Neural:0.600 | Proneural:0.714)
