2025-10-07 05:12:40,935 [INFO] Model parameters: 33,024,228, Classes: 4
2025-10-07 05:12:40,935 [INFO] Enhanced regularization: Dropout=0.2, Weight_decay=0.001
2025-10-07 05:12:41,483 [INFO] Regularized Attention-MOI Training Started
2025-10-07 05:12:41,483 [INFO] Training started with enhanced regularization
2025-10-07 05:12:41,483 [INFO] Dropout: 0.2, Weight decay: 0.001
2025-10-07 05:12:42,174 [INFO] Epoch [1/100] Train Loss: 2.4406 | Train Acc: 0.5745 (C0:0.240 | C1:0.875 | C2:0.750 | C3:0.381) || Val Loss: 1.2557 | Val Acc: 0.4167 (C0:0.333 | C1:0.444 | C2:0.750 | C3:0.200) || LR: 0.001000
2025-10-07 05:12:42,299 [INFO] Best model saved with val_acc: 0.4167
2025-10-07 05:12:42,603 [INFO] Epoch [2/100] Train Loss: 2.3577 | Train Acc: 0.7447 (C0:0.480 | C1:0.875 | C2:0.812 | C3:0.810) || Val Loss: 1.0305 | Val Acc: 0.6250 (C0:0.833 | C1:0.444 | C2:0.750 | C3:0.600) || LR: 0.001000
2025-10-07 05:12:42,729 [INFO] Best model saved with val_acc: 0.6250
2025-10-07 05:12:43,029 [INFO] Epoch [3/100] Train Loss: 2.2955 | Train Acc: 0.8191 (C0:0.560 | C1:0.906 | C2:0.875 | C3:0.952) || Val Loss: 0.9727 | Val Acc: 0.7500 (C0:0.833 | C1:0.667 | C2:1.000 | C3:0.600) || LR: 0.001000
2025-10-07 05:12:43,152 [INFO] Best model saved with val_acc: 0.7500
2025-10-07 05:12:43,467 [INFO] Epoch [4/100] Train Loss: 2.2647 | Train Acc: 0.8404 (C0:0.600 | C1:0.906 | C2:0.875 | C3:1.000) || Val Loss: 0.9281 | Val Acc: 0.8333 (C0:1.000 | C1:0.778 | C2:1.000 | C3:0.600) || LR: 0.001000
2025-10-07 05:12:43,588 [INFO] Best model saved with val_acc: 0.8333
2025-10-07 05:12:43,908 [INFO] Epoch [5/100] Train Loss: 2.2660 | Train Acc: 0.8830 (C0:0.680 | C1:0.969 | C2:0.875 | C3:1.000) || Val Loss: 0.9302 | Val Acc: 0.8333 (C0:1.000 | C1:0.778 | C2:1.000 | C3:0.600) || LR: 0.001000
2025-10-07 05:12:44,204 [INFO] Epoch [6/100] Train Loss: 2.1248 | Train Acc: 0.9043 (C0:0.760 | C1:0.969 | C2:0.875 | C3:1.000) || Val Loss: 0.9046 | Val Acc: 0.7500 (C0:1.000 | C1:0.778 | C2:0.500 | C3:0.600) || LR: 0.001000
2025-10-07 05:12:44,503 [INFO] Epoch [7/100] Train Loss: 2.1437 | Train Acc: 0.9255 (C0:0.800 | C1:0.938 | C2:1.000 | C3:1.000) || Val Loss: 0.8927 | Val Acc: 0.6250 (C0:0.833 | C1:0.556 | C2:0.500 | C3:0.600) || LR: 0.001000
2025-10-07 05:12:44,800 [INFO] Epoch [8/100] Train Loss: 2.0774 | Train Acc: 0.9468 (C0:0.880 | C1:0.938 | C2:1.000 | C3:1.000) || Val Loss: 0.8872 | Val Acc: 0.6250 (C0:0.667 | C1:0.667 | C2:0.500 | C3:0.600) || LR: 0.001000
2025-10-07 05:12:45,094 [INFO] Epoch [9/100] Train Loss: 2.0218 | Train Acc: 0.9574 (C0:0.920 | C1:0.938 | C2:1.000 | C3:1.000) || Val Loss: 0.8838 | Val Acc: 0.7083 (C0:0.833 | C1:0.778 | C2:0.500 | C3:0.600) || LR: 0.001000
2025-10-07 05:12:45,392 [INFO] Epoch [10/100] Train Loss: 2.0110 | Train Acc: 0.9787 (C0:0.920 | C1:1.000 | C2:1.000 | C3:1.000) || Val Loss: 0.8970 | Val Acc: 0.7500 (C0:0.833 | C1:0.778 | C2:0.500 | C3:0.800) || LR: 0.001000
2025-10-07 05:12:45,691 [INFO] Epoch [11/100] Train Loss: 2.0122 | Train Acc: 0.9787 (C0:0.920 | C1:1.000 | C2:1.000 | C3:1.000) || Val Loss: 0.8592 | Val Acc: 0.7500 (C0:1.000 | C1:0.778 | C2:0.500 | C3:0.600) || LR: 0.001000
2025-10-07 05:12:45,988 [INFO] Epoch [12/100] Train Loss: 1.8963 | Train Acc: 0.9894 (C0:0.960 | C1:1.000 | C2:1.000 | C3:1.000) || Val Loss: 0.8531 | Val Acc: 0.7917 (C0:1.000 | C1:0.778 | C2:0.500 | C3:0.800) || LR: 0.001000
2025-10-07 05:12:46,280 [INFO] Epoch [13/100] Train Loss: 1.8816 | Train Acc: 1.0000 (C0:1.000 | C1:1.000 | C2:1.000 | C3:1.000) || Val Loss: 0.8743 | Val Acc: 0.7500 (C0:1.000 | C1:0.667 | C2:0.500 | C3:0.800) || LR: 0.001000
2025-10-07 05:12:46,574 [INFO] Epoch [14/100] Train Loss: 1.8300 | Train Acc: 1.0000 (C0:1.000 | C1:1.000 | C2:1.000 | C3:1.000) || Val Loss: 0.8695 | Val Acc: 0.7917 (C0:1.000 | C1:0.778 | C2:0.500 | C3:0.800) || LR: 0.001000
2025-10-07 05:12:46,869 [INFO] Epoch [15/100] Train Loss: 1.7632 | Train Acc: 1.0000 (C0:1.000 | C1:1.000 | C2:1.000 | C3:1.000) || Val Loss: 0.8807 | Val Acc: 0.7917 (C0:1.000 | C1:0.778 | C2:0.500 | C3:0.800) || LR: 0.001000
2025-10-07 05:12:47,163 [INFO] Epoch [16/100] Train Loss: 1.6907 | Train Acc: 1.0000 (C0:1.000 | C1:1.000 | C2:1.000 | C3:1.000) || Val Loss: 0.9350 | Val Acc: 0.7500 (C0:0.833 | C1:0.778 | C2:0.500 | C3:0.800) || LR: 0.001000
2025-10-07 05:12:47,456 [INFO] Epoch [17/100] Train Loss: 1.7423 | Train Acc: 1.0000 (C0:1.000 | C1:1.000 | C2:1.000 | C3:1.000) || Val Loss: 0.9912 | Val Acc: 0.7083 (C0:0.833 | C1:0.778 | C2:0.250 | C3:0.800) || LR: 0.001000
2025-10-07 05:12:47,757 [INFO] Epoch [18/100] Train Loss: 1.7032 | Train Acc: 1.0000 (C0:1.000 | C1:1.000 | C2:1.000 | C3:1.000) || Val Loss: 0.9698 | Val Acc: 0.7500 (C0:1.000 | C1:0.778 | C2:0.250 | C3:0.800) || LR: 0.001000
2025-10-07 05:12:48,051 [INFO] Epoch [19/100] Train Loss: 1.6614 | Train Acc: 1.0000 (C0:1.000 | C1:1.000 | C2:1.000 | C3:1.000) || Val Loss: 1.0262 | Val Acc: 0.7083 (C0:1.000 | C1:0.667 | C2:0.250 | C3:0.800) || LR: 0.001000
2025-10-07 05:12:48,344 [INFO] Epoch [20/100] Train Loss: 1.5989 | Train Acc: 1.0000 (C0:1.000 | C1:1.000 | C2:1.000 | C3:1.000) || Val Loss: 1.0570 | Val Acc: 0.7083 (C0:1.000 | C1:0.667 | C2:0.250 | C3:0.800) || LR: 0.001000
2025-10-07 05:12:48,647 [INFO] Epoch [21/100] Train Loss: 1.6044 | Train Acc: 1.0000 (C0:1.000 | C1:1.000 | C2:1.000 | C3:1.000) || Val Loss: 1.0709 | Val Acc: 0.7083 (C0:1.000 | C1:0.667 | C2:0.250 | C3:0.800) || LR: 0.001000
2025-10-07 05:12:48,940 [INFO] Epoch [22/100] Train Loss: 1.6048 | Train Acc: 1.0000 (C0:1.000 | C1:1.000 | C2:1.000 | C3:1.000) || Val Loss: 1.0045 | Val Acc: 0.7083 (C0:1.000 | C1:0.667 | C2:0.250 | C3:0.800) || LR: 0.001000
2025-10-07 05:12:49,229 [INFO] Epoch [23/100] Train Loss: 1.5382 | Train Acc: 1.0000 (C0:1.000 | C1:1.000 | C2:1.000 | C3:1.000) || Val Loss: 1.0369 | Val Acc: 0.6667 (C0:1.000 | C1:0.556 | C2:0.250 | C3:0.800) || LR: 0.001000
2025-10-07 05:12:49,521 [INFO] Epoch [24/100] Train Loss: 1.5333 | Train Acc: 1.0000 (C0:1.000 | C1:1.000 | C2:1.000 | C3:1.000) || Val Loss: 1.1087 | Val Acc: 0.6667 (C0:1.000 | C1:0.556 | C2:0.250 | C3:0.800) || LR: 0.001000
2025-10-07 05:12:49,812 [INFO] Epoch [25/100] Train Loss: 1.5573 | Train Acc: 1.0000 (C0:1.000 | C1:1.000 | C2:1.000 | C3:1.000) || Val Loss: 1.1772 | Val Acc: 0.6667 (C0:1.000 | C1:0.556 | C2:0.250 | C3:0.800) || LR: 0.001000
2025-10-07 05:12:50,107 [INFO] Epoch [26/100] Train Loss: 1.5334 | Train Acc: 1.0000 (C0:1.000 | C1:1.000 | C2:1.000 | C3:1.000) || Val Loss: 1.2534 | Val Acc: 0.6667 (C0:1.000 | C1:0.667 | C2:0.250 | C3:0.600) || LR: 0.001000
2025-10-07 05:12:50,401 [INFO] Epoch [27/100] Train Loss: 1.5026 | Train Acc: 1.0000 (C0:1.000 | C1:1.000 | C2:1.000 | C3:1.000) || Val Loss: 1.2331 | Val Acc: 0.7083 (C0:1.000 | C1:0.667 | C2:0.250 | C3:0.800) || LR: 0.001000
2025-10-07 05:12:50,697 [INFO] Epoch [28/100] Train Loss: 1.5760 | Train Acc: 1.0000 (C0:1.000 | C1:1.000 | C2:1.000 | C3:1.000) || Val Loss: 1.2508 | Val Acc: 0.6667 (C0:1.000 | C1:0.556 | C2:0.250 | C3:0.800) || LR: 0.001000
2025-10-07 05:12:50,984 [INFO] Epoch [29/100] Train Loss: 1.4864 | Train Acc: 1.0000 (C0:1.000 | C1:1.000 | C2:1.000 | C3:1.000) || Val Loss: 1.2833 | Val Acc: 0.6250 (C0:1.000 | C1:0.444 | C2:0.250 | C3:0.800) || LR: 0.001000
2025-10-07 05:12:50,984 [INFO] Early stopping at epoch 29
2025-10-07 05:12:50,999 [INFO] Training completed. Best accuracy: 0.8333
2025-10-07 05:12:50,999 [INFO] Log: ./logs/train_20251007_051240.log, Model: ./models/best_model.pth
2025-10-07 05:12:51,085 [INFO] FINAL PER-CLASS | Train Acc: 0.8404 (C0:0.600 | C1:0.906 | C2:0.875 | C3:1.000) || Val Acc: 0.8333 (C0:1.000 | C1:0.778 | C2:1.000 | C3:0.600)
2025-10-07 05:12:51,202 [INFO] FINAL PER-CLASS | Test  Acc: 0.6000 (C0:0.500 | C1:0.600 | C2:0.600 | C3:0.714)
