2025-10-06 10:43:40,412 [INFO] Regularized Attention-MOI Training Started
2025-10-06 10:43:40,685 [INFO] Model parameters: 33,032,612, Classes: 4
2025-10-06 10:43:40,685 [INFO] Enhanced regularization: Dropout=0.2, Weight_decay=0.001
2025-10-06 10:43:41,171 [INFO] Training started with enhanced regularization
2025-10-06 10:43:41,172 [INFO] Dropout: 0.2, Weight decay: 0.001
2025-10-06 10:43:41,700 [INFO] Best model saved with val_acc: 0.4167
2025-10-06 10:43:41,700 [INFO] Epoch [1/100] Train Loss: 1.4123 | Train Acc: 0.6170 (C0:0.960 | C1:0.625 | C2:0.188 | C3:0.524) || Val Loss: 1.3282 | Val Acc: 0.4167 (C0:0.833 | C1:0.444 | C2:0.000 | C3:0.200) || LR: 0.001000
2025-10-06 10:43:42,016 [INFO] Best model saved with val_acc: 0.5833
2025-10-06 10:43:42,016 [INFO] Epoch [2/100] Train Loss: 1.1773 | Train Acc: 0.7766 (C0:0.960 | C1:0.594 | C2:0.625 | C3:0.952) || Val Loss: 1.1452 | Val Acc: 0.5833 (C0:1.000 | C1:0.444 | C2:0.250 | C3:0.600) || LR: 0.001000
2025-10-06 10:43:42,317 [INFO] Best model saved with val_acc: 0.6667
2025-10-06 10:43:42,317 [INFO] Epoch [3/100] Train Loss: 0.9927 | Train Acc: 0.8723 (C0:0.960 | C1:0.719 | C2:0.938 | C3:0.952) || Val Loss: 1.0239 | Val Acc: 0.6667 (C0:1.000 | C1:0.556 | C2:0.500 | C3:0.600) || LR: 0.001000
2025-10-06 10:43:42,608 [INFO] Best model saved with val_acc: 0.7500
2025-10-06 10:43:42,608 [INFO] Epoch [4/100] Train Loss: 0.8788 | Train Acc: 0.9574 (C0:1.000 | C1:0.906 | C2:1.000 | C3:0.952) || Val Loss: 0.8940 | Val Acc: 0.7500 (C0:0.833 | C1:0.778 | C2:0.500 | C3:0.800) || LR: 0.001000
2025-10-06 10:43:42,772 [INFO] Epoch [5/100] Train Loss: 0.7501 | Train Acc: 0.9894 (C0:1.000 | C1:0.969 | C2:1.000 | C3:1.000) || Val Loss: 0.7803 | Val Acc: 0.7083 (C0:0.833 | C1:0.778 | C2:0.250 | C3:0.800) || LR: 0.001000
2025-10-06 10:43:42,942 [INFO] Epoch [6/100] Train Loss: 0.6214 | Train Acc: 0.9787 (C0:1.000 | C1:0.969 | C2:0.938 | C3:1.000) || Val Loss: 0.7427 | Val Acc: 0.7500 (C0:0.833 | C1:0.778 | C2:0.500 | C3:0.800) || LR: 0.001000
2025-10-06 10:43:43,110 [INFO] Epoch [7/100] Train Loss: 0.5012 | Train Acc: 1.0000 (C0:1.000 | C1:1.000 | C2:1.000 | C3:1.000) || Val Loss: 0.8293 | Val Acc: 0.7083 (C0:0.833 | C1:0.778 | C2:0.250 | C3:0.800) || LR: 0.001000
2025-10-06 10:43:43,283 [INFO] Epoch [8/100] Train Loss: 0.4246 | Train Acc: 1.0000 (C0:1.000 | C1:1.000 | C2:1.000 | C3:1.000) || Val Loss: 0.9805 | Val Acc: 0.6667 (C0:0.833 | C1:0.667 | C2:0.250 | C3:0.800) || LR: 0.001000
2025-10-06 10:43:43,460 [INFO] Epoch [9/100] Train Loss: 0.3711 | Train Acc: 1.0000 (C0:1.000 | C1:1.000 | C2:1.000 | C3:1.000) || Val Loss: 1.0071 | Val Acc: 0.6667 (C0:0.833 | C1:0.667 | C2:0.250 | C3:0.800) || LR: 0.001000
2025-10-06 10:43:43,627 [INFO] Epoch [10/100] Train Loss: 0.3361 | Train Acc: 1.0000 (C0:1.000 | C1:1.000 | C2:1.000 | C3:1.000) || Val Loss: 1.0285 | Val Acc: 0.6250 (C0:0.833 | C1:0.667 | C2:0.250 | C3:0.600) || LR: 0.001000
2025-10-06 10:43:43,793 [INFO] Epoch [11/100] Train Loss: 0.2469 | Train Acc: 1.0000 (C0:1.000 | C1:1.000 | C2:1.000 | C3:1.000) || Val Loss: 1.0983 | Val Acc: 0.5833 (C0:0.833 | C1:0.667 | C2:0.000 | C3:0.600) || LR: 0.001000
2025-10-06 10:43:43,960 [INFO] Epoch [12/100] Train Loss: 0.2415 | Train Acc: 1.0000 (C0:1.000 | C1:1.000 | C2:1.000 | C3:1.000) || Val Loss: 1.1217 | Val Acc: 0.5833 (C0:0.833 | C1:0.667 | C2:0.000 | C3:0.600) || LR: 0.001000
2025-10-06 10:43:44,128 [INFO] Epoch [13/100] Train Loss: 0.1758 | Train Acc: 1.0000 (C0:1.000 | C1:1.000 | C2:1.000 | C3:1.000) || Val Loss: 1.1407 | Val Acc: 0.5833 (C0:0.833 | C1:0.667 | C2:0.000 | C3:0.600) || LR: 0.001000
2025-10-06 10:43:44,298 [INFO] Epoch [14/100] Train Loss: 0.1779 | Train Acc: 1.0000 (C0:1.000 | C1:1.000 | C2:1.000 | C3:1.000) || Val Loss: 1.0976 | Val Acc: 0.6667 (C0:0.833 | C1:0.778 | C2:0.250 | C3:0.600) || LR: 0.001000
2025-10-06 10:43:44,471 [INFO] Epoch [15/100] Train Loss: 0.2242 | Train Acc: 1.0000 (C0:1.000 | C1:1.000 | C2:1.000 | C3:1.000) || Val Loss: 1.1647 | Val Acc: 0.6250 (C0:0.667 | C1:0.778 | C2:0.250 | C3:0.600) || LR: 0.001000
2025-10-06 10:43:44,646 [INFO] Epoch [16/100] Train Loss: 0.1493 | Train Acc: 1.0000 (C0:1.000 | C1:1.000 | C2:1.000 | C3:1.000) || Val Loss: 1.1402 | Val Acc: 0.6250 (C0:0.667 | C1:0.778 | C2:0.250 | C3:0.600) || LR: 0.001000
2025-10-06 10:43:44,815 [INFO] Epoch [17/100] Train Loss: 0.2568 | Train Acc: 1.0000 (C0:1.000 | C1:1.000 | C2:1.000 | C3:1.000) || Val Loss: 0.9536 | Val Acc: 0.6250 (C0:0.667 | C1:0.778 | C2:0.250 | C3:0.600) || LR: 0.001000
2025-10-06 10:43:44,985 [INFO] Epoch [18/100] Train Loss: 0.1006 | Train Acc: 1.0000 (C0:1.000 | C1:1.000 | C2:1.000 | C3:1.000) || Val Loss: 0.8980 | Val Acc: 0.6667 (C0:0.833 | C1:0.778 | C2:0.250 | C3:0.600) || LR: 0.001000
2025-10-06 10:43:45,149 [INFO] Epoch [19/100] Train Loss: 0.1360 | Train Acc: 1.0000 (C0:1.000 | C1:1.000 | C2:1.000 | C3:1.000) || Val Loss: 0.9903 | Val Acc: 0.7083 (C0:0.833 | C1:0.778 | C2:0.250 | C3:0.800) || LR: 0.001000
2025-10-06 10:43:45,322 [INFO] Epoch [20/100] Train Loss: 0.1894 | Train Acc: 1.0000 (C0:1.000 | C1:1.000 | C2:1.000 | C3:1.000) || Val Loss: 1.2145 | Val Acc: 0.6667 (C0:0.833 | C1:0.667 | C2:0.250 | C3:0.800) || LR: 0.001000
2025-10-06 10:43:45,493 [INFO] Epoch [21/100] Train Loss: 0.0886 | Train Acc: 1.0000 (C0:1.000 | C1:1.000 | C2:1.000 | C3:1.000) || Val Loss: 1.3129 | Val Acc: 0.6250 (C0:0.833 | C1:0.667 | C2:0.250 | C3:0.600) || LR: 0.001000
2025-10-06 10:43:45,659 [INFO] Epoch [22/100] Train Loss: 0.0885 | Train Acc: 1.0000 (C0:1.000 | C1:1.000 | C2:1.000 | C3:1.000) || Val Loss: 1.3538 | Val Acc: 0.6250 (C0:0.833 | C1:0.667 | C2:0.250 | C3:0.600) || LR: 0.001000
2025-10-06 10:43:45,829 [INFO] Epoch [23/100] Train Loss: 0.1339 | Train Acc: 1.0000 (C0:1.000 | C1:1.000 | C2:1.000 | C3:1.000) || Val Loss: 1.2754 | Val Acc: 0.5833 (C0:0.833 | C1:0.667 | C2:0.000 | C3:0.600) || LR: 0.001000
2025-10-06 10:43:46,002 [INFO] Epoch [24/100] Train Loss: 0.1797 | Train Acc: 1.0000 (C0:1.000 | C1:1.000 | C2:1.000 | C3:1.000) || Val Loss: 1.2183 | Val Acc: 0.5833 (C0:0.833 | C1:0.667 | C2:0.000 | C3:0.600) || LR: 0.001000
2025-10-06 10:43:46,168 [INFO] Epoch [25/100] Train Loss: 0.0874 | Train Acc: 1.0000 (C0:1.000 | C1:1.000 | C2:1.000 | C3:1.000) || Val Loss: 1.4271 | Val Acc: 0.5417 (C0:0.667 | C1:0.667 | C2:0.000 | C3:0.600) || LR: 0.001000
2025-10-06 10:43:46,342 [INFO] Epoch [26/100] Train Loss: 0.0812 | Train Acc: 1.0000 (C0:1.000 | C1:1.000 | C2:1.000 | C3:1.000) || Val Loss: 1.3351 | Val Acc: 0.5833 (C0:0.667 | C1:0.667 | C2:0.250 | C3:0.600) || LR: 0.001000
2025-10-06 10:43:46,512 [INFO] Epoch [27/100] Train Loss: 0.0969 | Train Acc: 1.0000 (C0:1.000 | C1:1.000 | C2:1.000 | C3:1.000) || Val Loss: 1.2755 | Val Acc: 0.5417 (C0:0.667 | C1:0.667 | C2:0.000 | C3:0.600) || LR: 0.001000
2025-10-06 10:43:46,680 [INFO] Epoch [28/100] Train Loss: 0.0687 | Train Acc: 1.0000 (C0:1.000 | C1:1.000 | C2:1.000 | C3:1.000) || Val Loss: 1.2425 | Val Acc: 0.5417 (C0:0.667 | C1:0.667 | C2:0.000 | C3:0.600) || LR: 0.001000
2025-10-06 10:43:46,847 [INFO] Epoch [29/100] Train Loss: 0.1769 | Train Acc: 1.0000 (C0:1.000 | C1:1.000 | C2:1.000 | C3:1.000) || Val Loss: 1.1562 | Val Acc: 0.6250 (C0:0.833 | C1:0.778 | C2:0.000 | C3:0.600) || LR: 0.001000
2025-10-06 10:43:47,022 [INFO] Epoch [30/100] Train Loss: 0.1240 | Train Acc: 1.0000 (C0:1.000 | C1:1.000 | C2:1.000 | C3:1.000) || Val Loss: 1.0310 | Val Acc: 0.7083 (C0:1.000 | C1:0.778 | C2:0.250 | C3:0.600) || LR: 0.001000
2025-10-06 10:43:47,205 [INFO] Epoch [31/100] Train Loss: 0.0484 | Train Acc: 1.0000 (C0:1.000 | C1:1.000 | C2:1.000 | C3:1.000) || Val Loss: 0.9521 | Val Acc: 0.6667 (C0:1.000 | C1:0.667 | C2:0.250 | C3:0.600) || LR: 0.001000
2025-10-06 10:43:47,376 [INFO] Epoch [32/100] Train Loss: 0.0942 | Train Acc: 1.0000 (C0:1.000 | C1:1.000 | C2:1.000 | C3:1.000) || Val Loss: 0.9864 | Val Acc: 0.6250 (C0:1.000 | C1:0.667 | C2:0.000 | C3:0.600) || LR: 0.001000
2025-10-06 10:43:47,550 [INFO] Epoch [33/100] Train Loss: 0.0345 | Train Acc: 1.0000 (C0:1.000 | C1:1.000 | C2:1.000 | C3:1.000) || Val Loss: 1.3085 | Val Acc: 0.5833 (C0:0.833 | C1:0.667 | C2:0.000 | C3:0.600) || LR: 0.001000
2025-10-06 10:43:47,720 [INFO] Epoch [34/100] Train Loss: 0.1125 | Train Acc: 1.0000 (C0:1.000 | C1:1.000 | C2:1.000 | C3:1.000) || Val Loss: 1.2581 | Val Acc: 0.5833 (C0:0.833 | C1:0.667 | C2:0.000 | C3:0.600) || LR: 0.001000
2025-10-06 10:43:47,895 [INFO] Epoch [35/100] Train Loss: 0.0624 | Train Acc: 1.0000 (C0:1.000 | C1:1.000 | C2:1.000 | C3:1.000) || Val Loss: 1.1180 | Val Acc: 0.6667 (C0:0.833 | C1:0.667 | C2:0.250 | C3:0.800) || LR: 0.001000
2025-10-06 10:43:48,068 [INFO] Epoch [36/100] Train Loss: 0.1461 | Train Acc: 1.0000 (C0:1.000 | C1:1.000 | C2:1.000 | C3:1.000) || Val Loss: 1.1078 | Val Acc: 0.6667 (C0:0.833 | C1:0.667 | C2:0.250 | C3:0.800) || LR: 0.001000
2025-10-06 10:43:48,240 [INFO] Epoch [37/100] Train Loss: 0.0971 | Train Acc: 1.0000 (C0:1.000 | C1:1.000 | C2:1.000 | C3:1.000) || Val Loss: 1.3329 | Val Acc: 0.6667 (C0:1.000 | C1:0.667 | C2:0.250 | C3:0.600) || LR: 0.001000
2025-10-06 10:43:48,416 [INFO] Epoch [38/100] Train Loss: 0.2074 | Train Acc: 1.0000 (C0:1.000 | C1:1.000 | C2:1.000 | C3:1.000) || Val Loss: 1.2250 | Val Acc: 0.7083 (C0:1.000 | C1:0.778 | C2:0.250 | C3:0.600) || LR: 0.001000
2025-10-06 10:43:48,587 [INFO] Epoch [39/100] Train Loss: 0.0560 | Train Acc: 1.0000 (C0:1.000 | C1:1.000 | C2:1.000 | C3:1.000) || Val Loss: 1.0750 | Val Acc: 0.7500 (C0:1.000 | C1:0.778 | C2:0.500 | C3:0.600) || LR: 0.001000
2025-10-06 10:43:48,757 [INFO] Epoch [40/100] Train Loss: 0.0635 | Train Acc: 1.0000 (C0:1.000 | C1:1.000 | C2:1.000 | C3:1.000) || Val Loss: 1.0992 | Val Acc: 0.7083 (C0:0.833 | C1:0.778 | C2:0.500 | C3:0.600) || LR: 0.001000
2025-10-06 10:43:48,925 [INFO] Epoch [41/100] Train Loss: 0.1399 | Train Acc: 1.0000 (C0:1.000 | C1:1.000 | C2:1.000 | C3:1.000) || Val Loss: 1.2521 | Val Acc: 0.7083 (C0:0.833 | C1:0.778 | C2:0.250 | C3:0.800) || LR: 0.001000
2025-10-06 10:43:49,094 [INFO] Epoch [42/100] Train Loss: 0.0488 | Train Acc: 1.0000 (C0:1.000 | C1:1.000 | C2:1.000 | C3:1.000) || Val Loss: 1.4220 | Val Acc: 0.7083 (C0:0.833 | C1:0.667 | C2:0.250 | C3:1.000) || LR: 0.001000
2025-10-06 10:43:49,264 [INFO] Epoch [43/100] Train Loss: 0.1058 | Train Acc: 1.0000 (C0:1.000 | C1:1.000 | C2:1.000 | C3:1.000) || Val Loss: 1.3570 | Val Acc: 0.7083 (C0:0.833 | C1:0.778 | C2:0.000 | C3:1.000) || LR: 0.001000
2025-10-06 10:43:49,432 [INFO] Epoch [44/100] Train Loss: 0.1953 | Train Acc: 1.0000 (C0:1.000 | C1:1.000 | C2:1.000 | C3:1.000) || Val Loss: 1.2578 | Val Acc: 0.7083 (C0:0.833 | C1:0.778 | C2:0.000 | C3:1.000) || LR: 0.001000
2025-10-06 10:43:49,729 [INFO] Best model saved with val_acc: 0.7917
2025-10-06 10:43:49,729 [INFO] Epoch [45/100] Train Loss: 0.1053 | Train Acc: 1.0000 (C0:1.000 | C1:1.000 | C2:1.000 | C3:1.000) || Val Loss: 1.0196 | Val Acc: 0.7917 (C0:1.000 | C1:0.778 | C2:0.250 | C3:1.000) || LR: 0.001000
2025-10-06 10:43:49,898 [INFO] Epoch [46/100] Train Loss: 0.0536 | Train Acc: 1.0000 (C0:1.000 | C1:1.000 | C2:1.000 | C3:1.000) || Val Loss: 0.9126 | Val Acc: 0.7917 (C0:1.000 | C1:0.778 | C2:0.250 | C3:1.000) || LR: 0.001000
2025-10-06 10:43:50,185 [INFO] Best model saved with val_acc: 0.8333
2025-10-06 10:43:50,185 [INFO] Epoch [47/100] Train Loss: 0.1994 | Train Acc: 1.0000 (C0:1.000 | C1:1.000 | C2:1.000 | C3:1.000) || Val Loss: 0.8293 | Val Acc: 0.8333 (C0:1.000 | C1:0.778 | C2:0.500 | C3:1.000) || LR: 0.001000
2025-10-06 10:43:50,357 [INFO] Epoch [48/100] Train Loss: 0.0504 | Train Acc: 1.0000 (C0:1.000 | C1:1.000 | C2:1.000 | C3:1.000) || Val Loss: 0.8875 | Val Acc: 0.7917 (C0:1.000 | C1:0.778 | C2:0.500 | C3:0.800) || LR: 0.001000
2025-10-06 10:43:50,527 [INFO] Epoch [49/100] Train Loss: 0.0978 | Train Acc: 1.0000 (C0:1.000 | C1:1.000 | C2:1.000 | C3:1.000) || Val Loss: 1.0303 | Val Acc: 0.7917 (C0:1.000 | C1:0.778 | C2:0.500 | C3:0.800) || LR: 0.001000
2025-10-06 10:43:50,700 [INFO] Epoch [50/100] Train Loss: 0.0600 | Train Acc: 1.0000 (C0:1.000 | C1:1.000 | C2:1.000 | C3:1.000) || Val Loss: 1.1371 | Val Acc: 0.7500 (C0:1.000 | C1:0.778 | C2:0.250 | C3:0.800) || LR: 0.001000
2025-10-06 10:43:50,866 [INFO] Epoch [51/100] Train Loss: 0.0696 | Train Acc: 1.0000 (C0:1.000 | C1:1.000 | C2:1.000 | C3:1.000) || Val Loss: 1.1371 | Val Acc: 0.7083 (C0:1.000 | C1:0.778 | C2:0.000 | C3:0.800) || LR: 0.001000
2025-10-06 10:43:51,038 [INFO] Epoch [52/100] Train Loss: 0.0659 | Train Acc: 1.0000 (C0:1.000 | C1:1.000 | C2:1.000 | C3:1.000) || Val Loss: 1.1026 | Val Acc: 0.7083 (C0:1.000 | C1:0.778 | C2:0.000 | C3:0.800) || LR: 0.001000
2025-10-06 10:43:51,205 [INFO] Epoch [53/100] Train Loss: 0.0430 | Train Acc: 1.0000 (C0:1.000 | C1:1.000 | C2:1.000 | C3:1.000) || Val Loss: 1.0286 | Val Acc: 0.7917 (C0:1.000 | C1:0.778 | C2:0.500 | C3:0.800) || LR: 0.001000
2025-10-06 10:43:51,370 [INFO] Epoch [54/100] Train Loss: 0.1060 | Train Acc: 1.0000 (C0:1.000 | C1:1.000 | C2:1.000 | C3:1.000) || Val Loss: 1.1762 | Val Acc: 0.7083 (C0:1.000 | C1:0.778 | C2:0.000 | C3:0.800) || LR: 0.001000
2025-10-06 10:43:51,546 [INFO] Epoch [55/100] Train Loss: 0.0591 | Train Acc: 1.0000 (C0:1.000 | C1:1.000 | C2:1.000 | C3:1.000) || Val Loss: 1.2635 | Val Acc: 0.6667 (C0:0.833 | C1:0.778 | C2:0.000 | C3:0.800) || LR: 0.001000
2025-10-06 10:43:51,714 [INFO] Epoch [56/100] Train Loss: 0.0684 | Train Acc: 1.0000 (C0:1.000 | C1:1.000 | C2:1.000 | C3:1.000) || Val Loss: 1.2423 | Val Acc: 0.6667 (C0:0.833 | C1:0.778 | C2:0.000 | C3:0.800) || LR: 0.001000
2025-10-06 10:43:51,881 [INFO] Epoch [57/100] Train Loss: 0.1273 | Train Acc: 1.0000 (C0:1.000 | C1:1.000 | C2:1.000 | C3:1.000) || Val Loss: 1.4028 | Val Acc: 0.7083 (C0:1.000 | C1:0.778 | C2:0.000 | C3:0.800) || LR: 0.001000
2025-10-06 10:43:52,071 [INFO] Epoch [58/100] Train Loss: 0.1656 | Train Acc: 1.0000 (C0:1.000 | C1:1.000 | C2:1.000 | C3:1.000) || Val Loss: 1.3992 | Val Acc: 0.7083 (C0:1.000 | C1:0.778 | C2:0.000 | C3:0.800) || LR: 0.001000
2025-10-06 10:43:52,255 [INFO] Epoch [59/100] Train Loss: 0.0595 | Train Acc: 1.0000 (C0:1.000 | C1:1.000 | C2:1.000 | C3:1.000) || Val Loss: 1.3309 | Val Acc: 0.7083 (C0:1.000 | C1:0.778 | C2:0.000 | C3:0.800) || LR: 0.001000
2025-10-06 10:43:52,420 [INFO] Epoch [60/100] Train Loss: 0.0425 | Train Acc: 1.0000 (C0:1.000 | C1:1.000 | C2:1.000 | C3:1.000) || Val Loss: 1.2729 | Val Acc: 0.7500 (C0:1.000 | C1:0.778 | C2:0.250 | C3:0.800) || LR: 0.001000
2025-10-06 10:43:52,587 [INFO] Epoch [61/100] Train Loss: 0.0279 | Train Acc: 1.0000 (C0:1.000 | C1:1.000 | C2:1.000 | C3:1.000) || Val Loss: 1.2800 | Val Acc: 0.7500 (C0:1.000 | C1:0.778 | C2:0.250 | C3:0.800) || LR: 0.001000
2025-10-06 10:43:52,753 [INFO] Epoch [62/100] Train Loss: 0.0581 | Train Acc: 1.0000 (C0:1.000 | C1:1.000 | C2:1.000 | C3:1.000) || Val Loss: 1.2620 | Val Acc: 0.7500 (C0:1.000 | C1:0.778 | C2:0.000 | C3:1.000) || LR: 0.001000
2025-10-06 10:43:52,924 [INFO] Epoch [63/100] Train Loss: 0.1076 | Train Acc: 1.0000 (C0:1.000 | C1:1.000 | C2:1.000 | C3:1.000) || Val Loss: 1.4376 | Val Acc: 0.7083 (C0:0.833 | C1:0.778 | C2:0.000 | C3:1.000) || LR: 0.001000
2025-10-06 10:43:53,097 [INFO] Epoch [64/100] Train Loss: 0.0322 | Train Acc: 1.0000 (C0:1.000 | C1:1.000 | C2:1.000 | C3:1.000) || Val Loss: 1.5301 | Val Acc: 0.6667 (C0:0.833 | C1:0.778 | C2:0.000 | C3:0.800) || LR: 0.001000
2025-10-06 10:43:53,268 [INFO] Epoch [65/100] Train Loss: 0.0128 | Train Acc: 1.0000 (C0:1.000 | C1:1.000 | C2:1.000 | C3:1.000) || Val Loss: 1.5369 | Val Acc: 0.7083 (C0:0.833 | C1:0.778 | C2:0.000 | C3:1.000) || LR: 0.001000
2025-10-06 10:43:53,438 [INFO] Epoch [66/100] Train Loss: 0.0569 | Train Acc: 1.0000 (C0:1.000 | C1:1.000 | C2:1.000 | C3:1.000) || Val Loss: 1.5556 | Val Acc: 0.7083 (C0:1.000 | C1:0.778 | C2:0.000 | C3:0.800) || LR: 0.001000
2025-10-06 10:43:53,612 [INFO] Epoch [67/100] Train Loss: 0.0342 | Train Acc: 1.0000 (C0:1.000 | C1:1.000 | C2:1.000 | C3:1.000) || Val Loss: 1.6077 | Val Acc: 0.7083 (C0:1.000 | C1:0.778 | C2:0.000 | C3:0.800) || LR: 0.001000
2025-10-06 10:43:53,780 [INFO] Epoch [68/100] Train Loss: 0.0361 | Train Acc: 1.0000 (C0:1.000 | C1:1.000 | C2:1.000 | C3:1.000) || Val Loss: 1.7115 | Val Acc: 0.7083 (C0:1.000 | C1:0.778 | C2:0.000 | C3:0.800) || LR: 0.001000
2025-10-06 10:43:53,946 [INFO] Epoch [69/100] Train Loss: 0.0636 | Train Acc: 1.0000 (C0:1.000 | C1:1.000 | C2:1.000 | C3:1.000) || Val Loss: 1.6572 | Val Acc: 0.7083 (C0:1.000 | C1:0.778 | C2:0.000 | C3:0.800) || LR: 0.001000
2025-10-06 10:43:54,114 [INFO] Epoch [70/100] Train Loss: 0.0427 | Train Acc: 1.0000 (C0:1.000 | C1:1.000 | C2:1.000 | C3:1.000) || Val Loss: 1.8750 | Val Acc: 0.6667 (C0:1.000 | C1:0.778 | C2:0.000 | C3:0.600) || LR: 0.001000
2025-10-06 10:43:54,281 [INFO] Epoch [71/100] Train Loss: 0.0365 | Train Acc: 1.0000 (C0:1.000 | C1:1.000 | C2:1.000 | C3:1.000) || Val Loss: 1.9452 | Val Acc: 0.6667 (C0:1.000 | C1:0.778 | C2:0.000 | C3:0.600) || LR: 0.001000
2025-10-06 10:43:54,451 [INFO] Epoch [72/100] Train Loss: 0.1099 | Train Acc: 1.0000 (C0:1.000 | C1:1.000 | C2:1.000 | C3:1.000) || Val Loss: 1.9246 | Val Acc: 0.7083 (C0:1.000 | C1:0.778 | C2:0.000 | C3:0.800) || LR: 0.001000
2025-10-06 10:43:54,621 [INFO] Epoch [73/100] Train Loss: 0.0688 | Train Acc: 1.0000 (C0:1.000 | C1:1.000 | C2:1.000 | C3:1.000) || Val Loss: 1.6704 | Val Acc: 0.7083 (C0:1.000 | C1:0.778 | C2:0.000 | C3:0.800) || LR: 0.001000
2025-10-06 10:43:54,790 [INFO] Epoch [74/100] Train Loss: 0.1286 | Train Acc: 1.0000 (C0:1.000 | C1:1.000 | C2:1.000 | C3:1.000) || Val Loss: 1.5146 | Val Acc: 0.7500 (C0:1.000 | C1:0.778 | C2:0.250 | C3:0.800) || LR: 0.001000
2025-10-06 10:43:54,973 [INFO] Epoch [75/100] Train Loss: 0.0132 | Train Acc: 1.0000 (C0:1.000 | C1:1.000 | C2:1.000 | C3:1.000) || Val Loss: 1.5093 | Val Acc: 0.7500 (C0:1.000 | C1:0.778 | C2:0.250 | C3:0.800) || LR: 0.001000
2025-10-06 10:43:55,146 [INFO] Epoch [76/100] Train Loss: 0.0192 | Train Acc: 1.0000 (C0:1.000 | C1:1.000 | C2:1.000 | C3:1.000) || Val Loss: 1.5334 | Val Acc: 0.7500 (C0:1.000 | C1:0.778 | C2:0.250 | C3:0.800) || LR: 0.001000
2025-10-06 10:43:55,316 [INFO] Epoch [77/100] Train Loss: 0.1306 | Train Acc: 1.0000 (C0:1.000 | C1:1.000 | C2:1.000 | C3:1.000) || Val Loss: 1.5438 | Val Acc: 0.7500 (C0:1.000 | C1:0.778 | C2:0.250 | C3:0.800) || LR: 0.001000
2025-10-06 10:43:55,489 [INFO] Epoch [78/100] Train Loss: 0.0255 | Train Acc: 1.0000 (C0:1.000 | C1:1.000 | C2:1.000 | C3:1.000) || Val Loss: 1.6130 | Val Acc: 0.7083 (C0:1.000 | C1:0.778 | C2:0.000 | C3:0.800) || LR: 0.001000
2025-10-06 10:43:55,662 [INFO] Epoch [79/100] Train Loss: 0.0275 | Train Acc: 1.0000 (C0:1.000 | C1:1.000 | C2:1.000 | C3:1.000) || Val Loss: 1.5323 | Val Acc: 0.7500 (C0:1.000 | C1:0.778 | C2:0.250 | C3:0.800) || LR: 0.001000
2025-10-06 10:43:55,826 [INFO] Epoch [80/100] Train Loss: 0.0214 | Train Acc: 1.0000 (C0:1.000 | C1:1.000 | C2:1.000 | C3:1.000) || Val Loss: 1.5321 | Val Acc: 0.7500 (C0:1.000 | C1:0.778 | C2:0.250 | C3:0.800) || LR: 0.001000
2025-10-06 10:43:55,993 [INFO] Epoch [81/100] Train Loss: 0.0228 | Train Acc: 1.0000 (C0:1.000 | C1:1.000 | C2:1.000 | C3:1.000) || Val Loss: 1.5721 | Val Acc: 0.7500 (C0:1.000 | C1:0.778 | C2:0.250 | C3:0.800) || LR: 0.001000
2025-10-06 10:43:56,159 [INFO] Epoch [82/100] Train Loss: 0.0468 | Train Acc: 1.0000 (C0:1.000 | C1:1.000 | C2:1.000 | C3:1.000) || Val Loss: 1.3461 | Val Acc: 0.7500 (C0:1.000 | C1:0.778 | C2:0.250 | C3:0.800) || LR: 0.001000
2025-10-06 10:43:56,325 [INFO] Epoch [83/100] Train Loss: 0.0152 | Train Acc: 1.0000 (C0:1.000 | C1:1.000 | C2:1.000 | C3:1.000) || Val Loss: 1.4893 | Val Acc: 0.7500 (C0:1.000 | C1:0.778 | C2:0.250 | C3:0.800) || LR: 0.001000
2025-10-06 10:43:56,490 [INFO] Epoch [84/100] Train Loss: 0.2026 | Train Acc: 1.0000 (C0:1.000 | C1:1.000 | C2:1.000 | C3:1.000) || Val Loss: 1.2755 | Val Acc: 0.7500 (C0:1.000 | C1:0.778 | C2:0.250 | C3:0.800) || LR: 0.001000
2025-10-06 10:43:56,656 [INFO] Epoch [85/100] Train Loss: 0.1135 | Train Acc: 1.0000 (C0:1.000 | C1:1.000 | C2:1.000 | C3:1.000) || Val Loss: 1.1233 | Val Acc: 0.7500 (C0:1.000 | C1:0.778 | C2:0.250 | C3:0.800) || LR: 0.001000
2025-10-06 10:43:56,829 [INFO] Epoch [86/100] Train Loss: 0.0427 | Train Acc: 1.0000 (C0:1.000 | C1:1.000 | C2:1.000 | C3:1.000) || Val Loss: 1.1625 | Val Acc: 0.7917 (C0:1.000 | C1:0.778 | C2:0.250 | C3:1.000) || LR: 0.001000
2025-10-06 10:43:57,017 [INFO] Epoch [87/100] Train Loss: 0.0229 | Train Acc: 1.0000 (C0:1.000 | C1:1.000 | C2:1.000 | C3:1.000) || Val Loss: 1.1281 | Val Acc: 0.7917 (C0:0.833 | C1:0.778 | C2:0.500 | C3:1.000) || LR: 0.001000
2025-10-06 10:43:57,203 [INFO] Epoch [88/100] Train Loss: 0.0240 | Train Acc: 1.0000 (C0:1.000 | C1:1.000 | C2:1.000 | C3:1.000) || Val Loss: 1.1989 | Val Acc: 0.7917 (C0:0.833 | C1:0.778 | C2:0.500 | C3:1.000) || LR: 0.001000
2025-10-06 10:43:57,385 [INFO] Epoch [89/100] Train Loss: 0.0143 | Train Acc: 1.0000 (C0:1.000 | C1:1.000 | C2:1.000 | C3:1.000) || Val Loss: 1.3080 | Val Acc: 0.7917 (C0:1.000 | C1:0.778 | C2:0.250 | C3:1.000) || LR: 0.001000
2025-10-06 10:43:57,551 [INFO] Epoch [90/100] Train Loss: 0.0140 | Train Acc: 1.0000 (C0:1.000 | C1:1.000 | C2:1.000 | C3:1.000) || Val Loss: 1.3203 | Val Acc: 0.7917 (C0:1.000 | C1:0.778 | C2:0.250 | C3:1.000) || LR: 0.001000
2025-10-06 10:43:57,741 [INFO] Epoch [91/100] Train Loss: 0.0478 | Train Acc: 1.0000 (C0:1.000 | C1:1.000 | C2:1.000 | C3:1.000) || Val Loss: 1.1653 | Val Acc: 0.7917 (C0:1.000 | C1:0.778 | C2:0.250 | C3:1.000) || LR: 0.001000
2025-10-06 10:43:57,909 [INFO] Epoch [92/100] Train Loss: 0.0543 | Train Acc: 1.0000 (C0:1.000 | C1:1.000 | C2:1.000 | C3:1.000) || Val Loss: 1.0532 | Val Acc: 0.7917 (C0:1.000 | C1:0.778 | C2:0.250 | C3:1.000) || LR: 0.001000
2025-10-06 10:43:58,078 [INFO] Epoch [93/100] Train Loss: 0.0340 | Train Acc: 1.0000 (C0:1.000 | C1:1.000 | C2:1.000 | C3:1.000) || Val Loss: 0.9511 | Val Acc: 0.7500 (C0:1.000 | C1:0.778 | C2:0.250 | C3:0.800) || LR: 0.001000
2025-10-06 10:43:58,247 [INFO] Epoch [94/100] Train Loss: 0.0706 | Train Acc: 1.0000 (C0:1.000 | C1:1.000 | C2:1.000 | C3:1.000) || Val Loss: 1.2507 | Val Acc: 0.7500 (C0:1.000 | C1:0.778 | C2:0.250 | C3:0.800) || LR: 0.001000
2025-10-06 10:43:58,426 [INFO] Epoch [95/100] Train Loss: 0.0224 | Train Acc: 1.0000 (C0:1.000 | C1:1.000 | C2:1.000 | C3:1.000) || Val Loss: 1.5434 | Val Acc: 0.7917 (C0:1.000 | C1:0.778 | C2:0.250 | C3:1.000) || LR: 0.001000
2025-10-06 10:43:58,589 [INFO] Epoch [96/100] Train Loss: 0.0115 | Train Acc: 1.0000 (C0:1.000 | C1:1.000 | C2:1.000 | C3:1.000) || Val Loss: 1.6194 | Val Acc: 0.7500 (C0:1.000 | C1:0.778 | C2:0.250 | C3:0.800) || LR: 0.001000
2025-10-06 10:43:58,755 [INFO] Early stopping at epoch 97
2025-10-06 10:43:58,768 [INFO] Training completed. Best accuracy: 0.8333
2025-10-06 10:43:58,769 [INFO] Log: ./logs/train_20251006_104340.log, Model: ./models/best_model.pth
