2025-10-07 05:18:49,104 [INFO] Model parameters: 33,024,228, Classes: 4
2025-10-07 05:18:49,104 [INFO] Enhanced regularization: Dropout=0.2, Weight_decay=0.001
2025-10-07 05:18:49,689 [INFO] Regularized Attention-MOI Training Started
2025-10-07 05:18:49,689 [INFO] Training started with enhanced regularization
2025-10-07 05:18:49,689 [INFO] Dropout: 0.2, Weight decay: 0.001
2025-10-07 05:18:50,231 [INFO] Epoch [1/100] Train Loss: 2.4373 | Train Acc: 0.5532 (Classical:0.840 | Mesenchymal:0.531 | Neural:0.000 | Proneural:0.667) || Val Loss: 1.0764 | Val Acc: 0.5000 (Classical:1.000 | Mesenchymal:0.444 | Neural:0.000 | Proneural:0.400) || LR: 0.001000
2025-10-07 05:18:50,357 [INFO] Best model saved with val_acc: 0.5000
2025-10-07 05:18:50,698 [INFO] Epoch [2/100] Train Loss: 2.4051 | Train Acc: 0.7660 (Classical:0.880 | Mesenchymal:0.750 | Neural:0.375 | Proneural:0.952) || Val Loss: 1.0422 | Val Acc: 0.6667 (Classical:0.833 | Mesenchymal:0.667 | Neural:0.250 | Proneural:0.800) || LR: 0.001000
2025-10-07 05:18:50,832 [INFO] Best model saved with val_acc: 0.6667
2025-10-07 05:18:51,183 [INFO] Epoch [3/100] Train Loss: 2.3309 | Train Acc: 0.7979 (Classical:0.880 | Mesenchymal:0.781 | Neural:0.438 | Proneural:1.000) || Val Loss: 1.0296 | Val Acc: 0.6250 (Classical:0.667 | Mesenchymal:0.667 | Neural:0.250 | Proneural:0.800) || LR: 0.001000
2025-10-07 05:18:51,514 [INFO] Epoch [4/100] Train Loss: 2.3055 | Train Acc: 0.8404 (Classical:0.880 | Mesenchymal:0.844 | Neural:0.562 | Proneural:1.000) || Val Loss: 1.0114 | Val Acc: 0.6250 (Classical:0.667 | Mesenchymal:0.667 | Neural:0.250 | Proneural:0.800) || LR: 0.001000
2025-10-07 05:18:51,820 [INFO] Epoch [5/100] Train Loss: 2.2718 | Train Acc: 0.9043 (Classical:0.880 | Mesenchymal:0.938 | Neural:0.750 | Proneural:1.000) || Val Loss: 0.9964 | Val Acc: 0.6667 (Classical:0.833 | Mesenchymal:0.667 | Neural:0.250 | Proneural:0.800) || LR: 0.001000
2025-10-07 05:18:52,121 [INFO] Epoch [6/100] Train Loss: 2.2004 | Train Acc: 0.9149 (Classical:0.880 | Mesenchymal:0.938 | Neural:0.812 | Proneural:1.000) || Val Loss: 0.9858 | Val Acc: 0.7083 (Classical:1.000 | Mesenchymal:0.667 | Neural:0.250 | Proneural:0.800) || LR: 0.001000
2025-10-07 05:18:52,240 [INFO] Best model saved with val_acc: 0.7083
2025-10-07 05:18:52,549 [INFO] Epoch [7/100] Train Loss: 2.1507 | Train Acc: 0.9149 (Classical:0.880 | Mesenchymal:0.938 | Neural:0.812 | Proneural:1.000) || Val Loss: 0.9878 | Val Acc: 0.6667 (Classical:0.833 | Mesenchymal:0.667 | Neural:0.250 | Proneural:0.800) || LR: 0.001000
2025-10-07 05:18:52,854 [INFO] Epoch [8/100] Train Loss: 2.1550 | Train Acc: 0.9255 (Classical:0.920 | Mesenchymal:0.969 | Neural:0.750 | Proneural:1.000) || Val Loss: 1.0185 | Val Acc: 0.6667 (Classical:0.833 | Mesenchymal:0.667 | Neural:0.250 | Proneural:0.800) || LR: 0.001000
2025-10-07 05:18:53,161 [INFO] Epoch [9/100] Train Loss: 1.9834 | Train Acc: 0.9362 (Classical:0.920 | Mesenchymal:0.969 | Neural:0.812 | Proneural:1.000) || Val Loss: 1.0157 | Val Acc: 0.6667 (Classical:0.833 | Mesenchymal:0.667 | Neural:0.250 | Proneural:0.800) || LR: 0.001000
2025-10-07 05:18:53,465 [INFO] Epoch [10/100] Train Loss: 1.9904 | Train Acc: 0.9468 (Classical:0.920 | Mesenchymal:0.969 | Neural:0.875 | Proneural:1.000) || Val Loss: 1.0786 | Val Acc: 0.6250 (Classical:0.667 | Mesenchymal:0.667 | Neural:0.250 | Proneural:0.800) || LR: 0.001000
2025-10-07 05:18:53,772 [INFO] Epoch [11/100] Train Loss: 1.9428 | Train Acc: 0.9574 (Classical:0.920 | Mesenchymal:0.969 | Neural:0.938 | Proneural:1.000) || Val Loss: 1.0869 | Val Acc: 0.6250 (Classical:0.667 | Mesenchymal:0.667 | Neural:0.250 | Proneural:0.800) || LR: 0.001000
2025-10-07 05:18:54,071 [INFO] Epoch [12/100] Train Loss: 1.8607 | Train Acc: 0.9787 (Classical:0.960 | Mesenchymal:1.000 | Neural:0.938 | Proneural:1.000) || Val Loss: 1.0988 | Val Acc: 0.6667 (Classical:0.833 | Mesenchymal:0.667 | Neural:0.250 | Proneural:0.800) || LR: 0.001000
2025-10-07 05:18:54,365 [INFO] Epoch [13/100] Train Loss: 1.8293 | Train Acc: 1.0000 (Classical:1.000 | Mesenchymal:1.000 | Neural:1.000 | Proneural:1.000) || Val Loss: 1.1082 | Val Acc: 0.6667 (Classical:0.833 | Mesenchymal:0.667 | Neural:0.250 | Proneural:0.800) || LR: 0.001000
2025-10-07 05:18:54,657 [INFO] Epoch [14/100] Train Loss: 1.8054 | Train Acc: 1.0000 (Classical:1.000 | Mesenchymal:1.000 | Neural:1.000 | Proneural:1.000) || Val Loss: 1.1017 | Val Acc: 0.7083 (Classical:1.000 | Mesenchymal:0.667 | Neural:0.250 | Proneural:0.800) || LR: 0.001000
2025-10-07 05:18:54,956 [INFO] Epoch [15/100] Train Loss: 1.7642 | Train Acc: 1.0000 (Classical:1.000 | Mesenchymal:1.000 | Neural:1.000 | Proneural:1.000) || Val Loss: 1.1189 | Val Acc: 0.7083 (Classical:1.000 | Mesenchymal:0.667 | Neural:0.250 | Proneural:0.800) || LR: 0.001000
2025-10-07 05:18:55,249 [INFO] Epoch [16/100] Train Loss: 1.7545 | Train Acc: 1.0000 (Classical:1.000 | Mesenchymal:1.000 | Neural:1.000 | Proneural:1.000) || Val Loss: 1.1224 | Val Acc: 0.7083 (Classical:1.000 | Mesenchymal:0.667 | Neural:0.250 | Proneural:0.800) || LR: 0.001000
2025-10-07 05:18:55,547 [INFO] Epoch [17/100] Train Loss: 1.6791 | Train Acc: 1.0000 (Classical:1.000 | Mesenchymal:1.000 | Neural:1.000 | Proneural:1.000) || Val Loss: 1.1101 | Val Acc: 0.7083 (Classical:1.000 | Mesenchymal:0.667 | Neural:0.250 | Proneural:0.800) || LR: 0.001000
2025-10-07 05:18:55,841 [INFO] Epoch [18/100] Train Loss: 1.7126 | Train Acc: 1.0000 (Classical:1.000 | Mesenchymal:1.000 | Neural:1.000 | Proneural:1.000) || Val Loss: 1.1243 | Val Acc: 0.7083 (Classical:1.000 | Mesenchymal:0.667 | Neural:0.250 | Proneural:0.800) || LR: 0.001000
2025-10-07 05:18:56,136 [INFO] Epoch [19/100] Train Loss: 1.6729 | Train Acc: 1.0000 (Classical:1.000 | Mesenchymal:1.000 | Neural:1.000 | Proneural:1.000) || Val Loss: 1.1226 | Val Acc: 0.7083 (Classical:1.000 | Mesenchymal:0.667 | Neural:0.250 | Proneural:0.800) || LR: 0.001000
2025-10-07 05:18:56,425 [INFO] Epoch [20/100] Train Loss: 1.7018 | Train Acc: 1.0000 (Classical:1.000 | Mesenchymal:1.000 | Neural:1.000 | Proneural:1.000) || Val Loss: 1.1700 | Val Acc: 0.7083 (Classical:1.000 | Mesenchymal:0.667 | Neural:0.250 | Proneural:0.800) || LR: 0.001000
2025-10-07 05:18:56,716 [INFO] Epoch [21/100] Train Loss: 1.6137 | Train Acc: 1.0000 (Classical:1.000 | Mesenchymal:1.000 | Neural:1.000 | Proneural:1.000) || Val Loss: 1.2252 | Val Acc: 0.6667 (Classical:0.833 | Mesenchymal:0.667 | Neural:0.250 | Proneural:0.800) || LR: 0.001000
2025-10-07 05:18:57,017 [INFO] Epoch [22/100] Train Loss: 1.5929 | Train Acc: 1.0000 (Classical:1.000 | Mesenchymal:1.000 | Neural:1.000 | Proneural:1.000) || Val Loss: 1.2207 | Val Acc: 0.6667 (Classical:0.833 | Mesenchymal:0.667 | Neural:0.250 | Proneural:0.800) || LR: 0.001000
2025-10-07 05:18:57,306 [INFO] Epoch [23/100] Train Loss: 1.5337 | Train Acc: 1.0000 (Classical:1.000 | Mesenchymal:1.000 | Neural:1.000 | Proneural:1.000) || Val Loss: 1.2609 | Val Acc: 0.6667 (Classical:0.833 | Mesenchymal:0.667 | Neural:0.250 | Proneural:0.800) || LR: 0.001000
2025-10-07 05:18:57,597 [INFO] Epoch [24/100] Train Loss: 1.5360 | Train Acc: 1.0000 (Classical:1.000 | Mesenchymal:1.000 | Neural:1.000 | Proneural:1.000) || Val Loss: 1.2989 | Val Acc: 0.7083 (Classical:1.000 | Mesenchymal:0.667 | Neural:0.250 | Proneural:0.800) || LR: 0.001000
2025-10-07 05:18:57,889 [INFO] Epoch [25/100] Train Loss: 1.5150 | Train Acc: 1.0000 (Classical:1.000 | Mesenchymal:1.000 | Neural:1.000 | Proneural:1.000) || Val Loss: 1.3418 | Val Acc: 0.7083 (Classical:1.000 | Mesenchymal:0.667 | Neural:0.250 | Proneural:0.800) || LR: 0.001000
2025-10-07 05:18:58,181 [INFO] Epoch [26/100] Train Loss: 1.5026 | Train Acc: 1.0000 (Classical:1.000 | Mesenchymal:1.000 | Neural:1.000 | Proneural:1.000) || Val Loss: 1.3520 | Val Acc: 0.7083 (Classical:1.000 | Mesenchymal:0.667 | Neural:0.250 | Proneural:0.800) || LR: 0.001000
2025-10-07 05:18:58,473 [INFO] Epoch [27/100] Train Loss: 1.5747 | Train Acc: 1.0000 (Classical:1.000 | Mesenchymal:1.000 | Neural:1.000 | Proneural:1.000) || Val Loss: 1.3656 | Val Acc: 0.7083 (Classical:1.000 | Mesenchymal:0.667 | Neural:0.250 | Proneural:0.800) || LR: 0.001000
2025-10-07 05:18:58,803 [INFO] Epoch [28/100] Train Loss: 1.4796 | Train Acc: 1.0000 (Classical:1.000 | Mesenchymal:1.000 | Neural:1.000 | Proneural:1.000) || Val Loss: 1.3280 | Val Acc: 0.7083 (Classical:1.000 | Mesenchymal:0.667 | Neural:0.250 | Proneural:0.800) || LR: 0.001000
2025-10-07 05:18:59,133 [INFO] Epoch [29/100] Train Loss: 1.5885 | Train Acc: 1.0000 (Classical:1.000 | Mesenchymal:1.000 | Neural:1.000 | Proneural:1.000) || Val Loss: 1.3618 | Val Acc: 0.7083 (Classical:1.000 | Mesenchymal:0.667 | Neural:0.250 | Proneural:0.800) || LR: 0.001000
2025-10-07 05:18:59,429 [INFO] Epoch [30/100] Train Loss: 1.4528 | Train Acc: 1.0000 (Classical:1.000 | Mesenchymal:1.000 | Neural:1.000 | Proneural:1.000) || Val Loss: 1.3944 | Val Acc: 0.7083 (Classical:1.000 | Mesenchymal:0.667 | Neural:0.250 | Proneural:0.800) || LR: 0.001000
2025-10-07 05:18:59,731 [INFO] Epoch [31/100] Train Loss: 1.5195 | Train Acc: 1.0000 (Classical:1.000 | Mesenchymal:1.000 | Neural:1.000 | Proneural:1.000) || Val Loss: 1.7308 | Val Acc: 0.5833 (Classical:0.667 | Mesenchymal:0.667 | Neural:0.250 | Proneural:0.600) || LR: 0.001000
2025-10-07 05:19:00,031 [INFO] Epoch [32/100] Train Loss: 1.5085 | Train Acc: 1.0000 (Classical:1.000 | Mesenchymal:1.000 | Neural:1.000 | Proneural:1.000) || Val Loss: 1.6056 | Val Acc: 0.6250 (Classical:0.833 | Mesenchymal:0.667 | Neural:0.000 | Proneural:0.800) || LR: 0.001000
2025-10-07 05:19:00,324 [INFO] Epoch [33/100] Train Loss: 1.4861 | Train Acc: 1.0000 (Classical:1.000 | Mesenchymal:1.000 | Neural:1.000 | Proneural:1.000) || Val Loss: 1.5994 | Val Acc: 0.6667 (Classical:1.000 | Mesenchymal:0.667 | Neural:0.000 | Proneural:0.800) || LR: 0.001000
2025-10-07 05:19:00,614 [INFO] Epoch [34/100] Train Loss: 1.4326 | Train Acc: 1.0000 (Classical:1.000 | Mesenchymal:1.000 | Neural:1.000 | Proneural:1.000) || Val Loss: 1.5554 | Val Acc: 0.6667 (Classical:1.000 | Mesenchymal:0.667 | Neural:0.000 | Proneural:0.800) || LR: 0.001000
2025-10-07 05:19:00,905 [INFO] Epoch [35/100] Train Loss: 1.4915 | Train Acc: 1.0000 (Classical:1.000 | Mesenchymal:1.000 | Neural:1.000 | Proneural:1.000) || Val Loss: 1.5559 | Val Acc: 0.6250 (Classical:0.833 | Mesenchymal:0.667 | Neural:0.000 | Proneural:0.800) || LR: 0.001000
2025-10-07 05:19:01,204 [INFO] Epoch [36/100] Train Loss: 1.4490 | Train Acc: 1.0000 (Classical:1.000 | Mesenchymal:1.000 | Neural:1.000 | Proneural:1.000) || Val Loss: 1.5688 | Val Acc: 0.6250 (Classical:1.000 | Mesenchymal:0.667 | Neural:0.000 | Proneural:0.600) || LR: 0.001000
2025-10-07 05:19:01,497 [INFO] Epoch [37/100] Train Loss: 1.5000 | Train Acc: 1.0000 (Classical:1.000 | Mesenchymal:1.000 | Neural:1.000 | Proneural:1.000) || Val Loss: 1.5256 | Val Acc: 0.6667 (Classical:1.000 | Mesenchymal:0.667 | Neural:0.000 | Proneural:0.800) || LR: 0.001000
2025-10-07 05:19:01,798 [INFO] Epoch [38/100] Train Loss: 1.4385 | Train Acc: 1.0000 (Classical:1.000 | Mesenchymal:1.000 | Neural:1.000 | Proneural:1.000) || Val Loss: 1.5609 | Val Acc: 0.6667 (Classical:1.000 | Mesenchymal:0.667 | Neural:0.250 | Proneural:0.600) || LR: 0.001000
2025-10-07 05:19:02,093 [INFO] Epoch [39/100] Train Loss: 1.4625 | Train Acc: 1.0000 (Classical:1.000 | Mesenchymal:1.000 | Neural:1.000 | Proneural:1.000) || Val Loss: 1.6780 | Val Acc: 0.6250 (Classical:1.000 | Mesenchymal:0.667 | Neural:0.000 | Proneural:0.600) || LR: 0.001000
2025-10-07 05:19:02,386 [INFO] Epoch [40/100] Train Loss: 1.4514 | Train Acc: 1.0000 (Classical:1.000 | Mesenchymal:1.000 | Neural:1.000 | Proneural:1.000) || Val Loss: 1.7063 | Val Acc: 0.6667 (Classical:1.000 | Mesenchymal:0.667 | Neural:0.000 | Proneural:0.800) || LR: 0.001000
2025-10-07 05:19:02,686 [INFO] Epoch [41/100] Train Loss: 1.4215 | Train Acc: 1.0000 (Classical:1.000 | Mesenchymal:1.000 | Neural:1.000 | Proneural:1.000) || Val Loss: 1.5234 | Val Acc: 0.6667 (Classical:0.833 | Mesenchymal:0.667 | Neural:0.250 | Proneural:0.800) || LR: 0.001000
2025-10-07 05:19:02,986 [INFO] Epoch [42/100] Train Loss: 1.4023 | Train Acc: 1.0000 (Classical:1.000 | Mesenchymal:1.000 | Neural:1.000 | Proneural:1.000) || Val Loss: 1.4345 | Val Acc: 0.7500 (Classical:1.000 | Mesenchymal:0.778 | Neural:0.250 | Proneural:0.800) || LR: 0.001000
2025-10-07 05:19:03,099 [INFO] Best model saved with val_acc: 0.7500
2025-10-07 05:19:03,403 [INFO] Epoch [43/100] Train Loss: 1.4098 | Train Acc: 1.0000 (Classical:1.000 | Mesenchymal:1.000 | Neural:1.000 | Proneural:1.000) || Val Loss: 1.4558 | Val Acc: 0.7083 (Classical:1.000 | Mesenchymal:0.667 | Neural:0.250 | Proneural:0.800) || LR: 0.001000
2025-10-07 05:19:03,701 [INFO] Epoch [44/100] Train Loss: 1.4414 | Train Acc: 1.0000 (Classical:1.000 | Mesenchymal:1.000 | Neural:1.000 | Proneural:1.000) || Val Loss: 1.3814 | Val Acc: 0.7083 (Classical:1.000 | Mesenchymal:0.667 | Neural:0.250 | Proneural:0.800) || LR: 0.001000
2025-10-07 05:19:03,990 [INFO] Epoch [45/100] Train Loss: 1.4024 | Train Acc: 1.0000 (Classical:1.000 | Mesenchymal:1.000 | Neural:1.000 | Proneural:1.000) || Val Loss: 1.2754 | Val Acc: 0.7500 (Classical:1.000 | Mesenchymal:0.778 | Neural:0.250 | Proneural:0.800) || LR: 0.001000
2025-10-07 05:19:04,283 [INFO] Epoch [46/100] Train Loss: 1.4535 | Train Acc: 1.0000 (Classical:1.000 | Mesenchymal:1.000 | Neural:1.000 | Proneural:1.000) || Val Loss: 1.1767 | Val Acc: 0.7500 (Classical:1.000 | Mesenchymal:0.778 | Neural:0.250 | Proneural:0.800) || LR: 0.001000
2025-10-07 05:19:04,576 [INFO] Epoch [47/100] Train Loss: 1.4648 | Train Acc: 1.0000 (Classical:1.000 | Mesenchymal:1.000 | Neural:1.000 | Proneural:1.000) || Val Loss: 1.4622 | Val Acc: 0.7083 (Classical:1.000 | Mesenchymal:0.667 | Neural:0.250 | Proneural:0.800) || LR: 0.001000
2025-10-07 05:19:04,869 [INFO] Epoch [48/100] Train Loss: 1.5030 | Train Acc: 0.9894 (Classical:0.960 | Mesenchymal:1.000 | Neural:1.000 | Proneural:1.000) || Val Loss: 1.5590 | Val Acc: 0.6667 (Classical:0.833 | Mesenchymal:0.667 | Neural:0.250 | Proneural:0.800) || LR: 0.001000
2025-10-07 05:19:05,164 [INFO] Epoch [49/100] Train Loss: 1.4158 | Train Acc: 1.0000 (Classical:1.000 | Mesenchymal:1.000 | Neural:1.000 | Proneural:1.000) || Val Loss: 1.5724 | Val Acc: 0.6667 (Classical:0.833 | Mesenchymal:0.667 | Neural:0.250 | Proneural:0.800) || LR: 0.001000
2025-10-07 05:19:05,466 [INFO] Epoch [50/100] Train Loss: 1.4593 | Train Acc: 1.0000 (Classical:1.000 | Mesenchymal:1.000 | Neural:1.000 | Proneural:1.000) || Val Loss: 1.5807 | Val Acc: 0.6667 (Classical:0.833 | Mesenchymal:0.667 | Neural:0.250 | Proneural:0.800) || LR: 0.001000
2025-10-07 05:19:05,768 [INFO] Epoch [51/100] Train Loss: 1.4642 | Train Acc: 1.0000 (Classical:1.000 | Mesenchymal:1.000 | Neural:1.000 | Proneural:1.000) || Val Loss: 1.4957 | Val Acc: 0.6667 (Classical:0.833 | Mesenchymal:0.667 | Neural:0.250 | Proneural:0.800) || LR: 0.001000
2025-10-07 05:19:06,057 [INFO] Epoch [52/100] Train Loss: 1.3837 | Train Acc: 1.0000 (Classical:1.000 | Mesenchymal:1.000 | Neural:1.000 | Proneural:1.000) || Val Loss: 1.4241 | Val Acc: 0.6667 (Classical:0.833 | Mesenchymal:0.667 | Neural:0.250 | Proneural:0.800) || LR: 0.001000
2025-10-07 05:19:06,351 [INFO] Epoch [53/100] Train Loss: 1.3632 | Train Acc: 1.0000 (Classical:1.000 | Mesenchymal:1.000 | Neural:1.000 | Proneural:1.000) || Val Loss: 1.2916 | Val Acc: 0.7083 (Classical:1.000 | Mesenchymal:0.667 | Neural:0.250 | Proneural:0.800) || LR: 0.001000
2025-10-07 05:19:06,641 [INFO] Epoch [54/100] Train Loss: 1.3516 | Train Acc: 1.0000 (Classical:1.000 | Mesenchymal:1.000 | Neural:1.000 | Proneural:1.000) || Val Loss: 1.4030 | Val Acc: 0.6667 (Classical:1.000 | Mesenchymal:0.667 | Neural:0.000 | Proneural:0.800) || LR: 0.001000
2025-10-07 05:19:06,934 [INFO] Epoch [55/100] Train Loss: 1.3481 | Train Acc: 1.0000 (Classical:1.000 | Mesenchymal:1.000 | Neural:1.000 | Proneural:1.000) || Val Loss: 1.5323 | Val Acc: 0.6667 (Classical:1.000 | Mesenchymal:0.667 | Neural:0.000 | Proneural:0.800) || LR: 0.001000
2025-10-07 05:19:07,232 [INFO] Epoch [56/100] Train Loss: 1.3617 | Train Acc: 1.0000 (Classical:1.000 | Mesenchymal:1.000 | Neural:1.000 | Proneural:1.000) || Val Loss: 1.4961 | Val Acc: 0.6667 (Classical:1.000 | Mesenchymal:0.667 | Neural:0.000 | Proneural:0.800) || LR: 0.001000
2025-10-07 05:19:07,525 [INFO] Epoch [57/100] Train Loss: 1.3426 | Train Acc: 1.0000 (Classical:1.000 | Mesenchymal:1.000 | Neural:1.000 | Proneural:1.000) || Val Loss: 1.4827 | Val Acc: 0.7083 (Classical:1.000 | Mesenchymal:0.667 | Neural:0.250 | Proneural:0.800) || LR: 0.001000
2025-10-07 05:19:07,818 [INFO] Epoch [58/100] Train Loss: 1.3206 | Train Acc: 1.0000 (Classical:1.000 | Mesenchymal:1.000 | Neural:1.000 | Proneural:1.000) || Val Loss: 1.5772 | Val Acc: 0.6667 (Classical:1.000 | Mesenchymal:0.667 | Neural:0.000 | Proneural:0.800) || LR: 0.001000
2025-10-07 05:19:08,114 [INFO] Epoch [59/100] Train Loss: 1.3283 | Train Acc: 1.0000 (Classical:1.000 | Mesenchymal:1.000 | Neural:1.000 | Proneural:1.000) || Val Loss: 1.5682 | Val Acc: 0.7083 (Classical:1.000 | Mesenchymal:0.667 | Neural:0.250 | Proneural:0.800) || LR: 0.001000
2025-10-07 05:19:08,406 [INFO] Epoch [60/100] Train Loss: 1.3154 | Train Acc: 1.0000 (Classical:1.000 | Mesenchymal:1.000 | Neural:1.000 | Proneural:1.000) || Val Loss: 1.5591 | Val Acc: 0.7083 (Classical:1.000 | Mesenchymal:0.667 | Neural:0.250 | Proneural:0.800) || LR: 0.001000
2025-10-07 05:19:08,699 [INFO] Epoch [61/100] Train Loss: 1.3062 | Train Acc: 1.0000 (Classical:1.000 | Mesenchymal:1.000 | Neural:1.000 | Proneural:1.000) || Val Loss: 1.5915 | Val Acc: 0.6667 (Classical:0.833 | Mesenchymal:0.667 | Neural:0.250 | Proneural:0.800) || LR: 0.001000
2025-10-07 05:19:08,991 [INFO] Epoch [62/100] Train Loss: 1.2882 | Train Acc: 1.0000 (Classical:1.000 | Mesenchymal:1.000 | Neural:1.000 | Proneural:1.000) || Val Loss: 1.6157 | Val Acc: 0.6667 (Classical:0.833 | Mesenchymal:0.667 | Neural:0.250 | Proneural:0.800) || LR: 0.001000
2025-10-07 05:19:09,278 [INFO] Epoch [63/100] Train Loss: 1.2876 | Train Acc: 1.0000 (Classical:1.000 | Mesenchymal:1.000 | Neural:1.000 | Proneural:1.000) || Val Loss: 1.6513 | Val Acc: 0.6667 (Classical:0.833 | Mesenchymal:0.667 | Neural:0.250 | Proneural:0.800) || LR: 0.001000
2025-10-07 05:19:09,578 [INFO] Epoch [64/100] Train Loss: 1.3123 | Train Acc: 1.0000 (Classical:1.000 | Mesenchymal:1.000 | Neural:1.000 | Proneural:1.000) || Val Loss: 1.6119 | Val Acc: 0.6667 (Classical:0.833 | Mesenchymal:0.667 | Neural:0.250 | Proneural:0.800) || LR: 0.001000
2025-10-07 05:19:09,870 [INFO] Epoch [65/100] Train Loss: 1.2805 | Train Acc: 1.0000 (Classical:1.000 | Mesenchymal:1.000 | Neural:1.000 | Proneural:1.000) || Val Loss: 1.6061 | Val Acc: 0.6667 (Classical:0.833 | Mesenchymal:0.667 | Neural:0.250 | Proneural:0.800) || LR: 0.001000
2025-10-07 05:19:10,160 [INFO] Epoch [66/100] Train Loss: 1.2809 | Train Acc: 1.0000 (Classical:1.000 | Mesenchymal:1.000 | Neural:1.000 | Proneural:1.000) || Val Loss: 1.5124 | Val Acc: 0.6667 (Classical:0.833 | Mesenchymal:0.667 | Neural:0.250 | Proneural:0.800) || LR: 0.001000
2025-10-07 05:19:10,453 [INFO] Epoch [67/100] Train Loss: 1.3091 | Train Acc: 1.0000 (Classical:1.000 | Mesenchymal:1.000 | Neural:1.000 | Proneural:1.000) || Val Loss: 1.4482 | Val Acc: 0.6667 (Classical:1.000 | Mesenchymal:0.667 | Neural:0.000 | Proneural:0.800) || LR: 0.001000
2025-10-07 05:19:10,750 [INFO] Epoch [68/100] Train Loss: 1.2417 | Train Acc: 1.0000 (Classical:1.000 | Mesenchymal:1.000 | Neural:1.000 | Proneural:1.000) || Val Loss: 1.4770 | Val Acc: 0.6667 (Classical:1.000 | Mesenchymal:0.667 | Neural:0.000 | Proneural:0.800) || LR: 0.001000
2025-10-07 05:19:11,048 [INFO] Epoch [69/100] Train Loss: 1.2376 | Train Acc: 1.0000 (Classical:1.000 | Mesenchymal:1.000 | Neural:1.000 | Proneural:1.000) || Val Loss: 1.4395 | Val Acc: 0.7083 (Classical:1.000 | Mesenchymal:0.667 | Neural:0.250 | Proneural:0.800) || LR: 0.001000
2025-10-07 05:19:11,341 [INFO] Epoch [70/100] Train Loss: 1.2722 | Train Acc: 1.0000 (Classical:1.000 | Mesenchymal:1.000 | Neural:1.000 | Proneural:1.000) || Val Loss: 1.4509 | Val Acc: 0.6667 (Classical:1.000 | Mesenchymal:0.667 | Neural:0.000 | Proneural:0.800) || LR: 0.001000
2025-10-07 05:19:11,642 [INFO] Epoch [71/100] Train Loss: 1.2230 | Train Acc: 1.0000 (Classical:1.000 | Mesenchymal:1.000 | Neural:1.000 | Proneural:1.000) || Val Loss: 1.4707 | Val Acc: 0.6667 (Classical:1.000 | Mesenchymal:0.667 | Neural:0.000 | Proneural:0.800) || LR: 0.001000
2025-10-07 05:19:11,938 [INFO] Epoch [72/100] Train Loss: 1.2897 | Train Acc: 1.0000 (Classical:1.000 | Mesenchymal:1.000 | Neural:1.000 | Proneural:1.000) || Val Loss: 1.5043 | Val Acc: 0.7083 (Classical:1.000 | Mesenchymal:0.667 | Neural:0.250 | Proneural:0.800) || LR: 0.001000
2025-10-07 05:19:12,233 [INFO] Epoch [73/100] Train Loss: 1.2167 | Train Acc: 1.0000 (Classical:1.000 | Mesenchymal:1.000 | Neural:1.000 | Proneural:1.000) || Val Loss: 1.5689 | Val Acc: 0.6667 (Classical:1.000 | Mesenchymal:0.667 | Neural:0.000 | Proneural:0.800) || LR: 0.001000
2025-10-07 05:19:12,524 [INFO] Epoch [74/100] Train Loss: 1.2770 | Train Acc: 1.0000 (Classical:1.000 | Mesenchymal:1.000 | Neural:1.000 | Proneural:1.000) || Val Loss: 1.8652 | Val Acc: 0.6250 (Classical:0.833 | Mesenchymal:0.667 | Neural:0.000 | Proneural:0.800) || LR: 0.001000
2025-10-07 05:19:12,820 [INFO] Epoch [75/100] Train Loss: 1.2297 | Train Acc: 1.0000 (Classical:1.000 | Mesenchymal:1.000 | Neural:1.000 | Proneural:1.000) || Val Loss: 1.9047 | Val Acc: 0.6250 (Classical:0.833 | Mesenchymal:0.667 | Neural:0.000 | Proneural:0.800) || LR: 0.001000
2025-10-07 05:19:13,117 [INFO] Epoch [76/100] Train Loss: 1.3126 | Train Acc: 1.0000 (Classical:1.000 | Mesenchymal:1.000 | Neural:1.000 | Proneural:1.000) || Val Loss: 1.9370 | Val Acc: 0.6250 (Classical:0.833 | Mesenchymal:0.667 | Neural:0.000 | Proneural:0.800) || LR: 0.001000
2025-10-07 05:19:13,409 [INFO] Epoch [77/100] Train Loss: 1.2515 | Train Acc: 1.0000 (Classical:1.000 | Mesenchymal:1.000 | Neural:1.000 | Proneural:1.000) || Val Loss: 1.8599 | Val Acc: 0.5417 (Classical:0.833 | Mesenchymal:0.556 | Neural:0.000 | Proneural:0.600) || LR: 0.001000
2025-10-07 05:19:13,698 [INFO] Epoch [78/100] Train Loss: 1.3111 | Train Acc: 1.0000 (Classical:1.000 | Mesenchymal:1.000 | Neural:1.000 | Proneural:1.000) || Val Loss: 1.7029 | Val Acc: 0.6250 (Classical:0.833 | Mesenchymal:0.556 | Neural:0.250 | Proneural:0.800) || LR: 0.001000
2025-10-07 05:19:13,986 [INFO] Epoch [79/100] Train Loss: 1.2810 | Train Acc: 1.0000 (Classical:1.000 | Mesenchymal:1.000 | Neural:1.000 | Proneural:1.000) || Val Loss: 1.6312 | Val Acc: 0.6667 (Classical:1.000 | Mesenchymal:0.556 | Neural:0.250 | Proneural:0.800) || LR: 0.001000
2025-10-07 05:19:14,274 [INFO] Epoch [80/100] Train Loss: 1.2670 | Train Acc: 1.0000 (Classical:1.000 | Mesenchymal:1.000 | Neural:1.000 | Proneural:1.000) || Val Loss: 1.6134 | Val Acc: 0.6667 (Classical:1.000 | Mesenchymal:0.667 | Neural:0.000 | Proneural:0.800) || LR: 0.001000
2025-10-07 05:19:14,566 [INFO] Epoch [81/100] Train Loss: 1.2630 | Train Acc: 0.9894 (Classical:1.000 | Mesenchymal:1.000 | Neural:0.938 | Proneural:1.000) || Val Loss: 1.4109 | Val Acc: 0.7083 (Classical:1.000 | Mesenchymal:0.556 | Neural:0.500 | Proneural:0.800) || LR: 0.001000
2025-10-07 05:19:14,861 [INFO] Epoch [82/100] Train Loss: 1.3227 | Train Acc: 1.0000 (Classical:1.000 | Mesenchymal:1.000 | Neural:1.000 | Proneural:1.000) || Val Loss: 1.3272 | Val Acc: 0.6667 (Classical:1.000 | Mesenchymal:0.667 | Neural:0.500 | Proneural:0.400) || LR: 0.001000
2025-10-07 05:19:15,153 [INFO] Epoch [83/100] Train Loss: 1.2303 | Train Acc: 1.0000 (Classical:1.000 | Mesenchymal:1.000 | Neural:1.000 | Proneural:1.000) || Val Loss: 1.3149 | Val Acc: 0.7500 (Classical:1.000 | Mesenchymal:0.667 | Neural:0.750 | Proneural:0.600) || LR: 0.001000
2025-10-07 05:19:15,448 [INFO] Epoch [84/100] Train Loss: 1.2220 | Train Acc: 1.0000 (Classical:1.000 | Mesenchymal:1.000 | Neural:1.000 | Proneural:1.000) || Val Loss: 1.2526 | Val Acc: 0.7083 (Classical:1.000 | Mesenchymal:0.667 | Neural:0.500 | Proneural:0.600) || LR: 0.001000
2025-10-07 05:19:15,734 [INFO] Epoch [85/100] Train Loss: 1.2131 | Train Acc: 1.0000 (Classical:1.000 | Mesenchymal:1.000 | Neural:1.000 | Proneural:1.000) || Val Loss: 1.1960 | Val Acc: 0.7083 (Classical:1.000 | Mesenchymal:0.667 | Neural:0.500 | Proneural:0.600) || LR: 0.001000
2025-10-07 05:19:16,034 [INFO] Epoch [86/100] Train Loss: 1.2407 | Train Acc: 1.0000 (Classical:1.000 | Mesenchymal:1.000 | Neural:1.000 | Proneural:1.000) || Val Loss: 1.2236 | Val Acc: 0.7083 (Classical:0.833 | Mesenchymal:0.667 | Neural:0.500 | Proneural:0.800) || LR: 0.001000
2025-10-07 05:19:16,323 [INFO] Epoch [87/100] Train Loss: 1.2052 | Train Acc: 1.0000 (Classical:1.000 | Mesenchymal:1.000 | Neural:1.000 | Proneural:1.000) || Val Loss: 1.2053 | Val Acc: 0.7500 (Classical:0.833 | Mesenchymal:0.778 | Neural:0.500 | Proneural:0.800) || LR: 0.001000
2025-10-07 05:19:16,610 [INFO] Epoch [88/100] Train Loss: 1.2129 | Train Acc: 1.0000 (Classical:1.000 | Mesenchymal:1.000 | Neural:1.000 | Proneural:1.000) || Val Loss: 1.2026 | Val Acc: 0.7917 (Classical:0.833 | Mesenchymal:0.889 | Neural:0.500 | Proneural:0.800) || LR: 0.001000
2025-10-07 05:19:16,730 [INFO] Best model saved with val_acc: 0.7917
2025-10-07 05:19:17,030 [INFO] Epoch [89/100] Train Loss: 1.1813 | Train Acc: 1.0000 (Classical:1.000 | Mesenchymal:1.000 | Neural:1.000 | Proneural:1.000) || Val Loss: 1.3629 | Val Acc: 0.7083 (Classical:0.667 | Mesenchymal:0.889 | Neural:0.250 | Proneural:0.800) || LR: 0.001000
2025-10-07 05:19:17,325 [INFO] Epoch [90/100] Train Loss: 1.2171 | Train Acc: 1.0000 (Classical:1.000 | Mesenchymal:1.000 | Neural:1.000 | Proneural:1.000) || Val Loss: 1.3474 | Val Acc: 0.7500 (Classical:0.833 | Mesenchymal:0.778 | Neural:0.500 | Proneural:0.800) || LR: 0.001000
2025-10-07 05:19:17,616 [INFO] Epoch [91/100] Train Loss: 1.2112 | Train Acc: 1.0000 (Classical:1.000 | Mesenchymal:1.000 | Neural:1.000 | Proneural:1.000) || Val Loss: 1.3750 | Val Acc: 0.7083 (Classical:0.833 | Mesenchymal:0.778 | Neural:0.500 | Proneural:0.600) || LR: 0.001000
2025-10-07 05:19:17,908 [INFO] Epoch [92/100] Train Loss: 1.1654 | Train Acc: 1.0000 (Classical:1.000 | Mesenchymal:1.000 | Neural:1.000 | Proneural:1.000) || Val Loss: 1.4420 | Val Acc: 0.6250 (Classical:0.667 | Mesenchymal:0.778 | Neural:0.250 | Proneural:0.600) || LR: 0.001000
2025-10-07 05:19:18,214 [INFO] Epoch [93/100] Train Loss: 1.2009 | Train Acc: 1.0000 (Classical:1.000 | Mesenchymal:1.000 | Neural:1.000 | Proneural:1.000) || Val Loss: 1.5554 | Val Acc: 0.6667 (Classical:0.667 | Mesenchymal:0.778 | Neural:0.250 | Proneural:0.800) || LR: 0.001000
2025-10-07 05:19:18,518 [INFO] Epoch [94/100] Train Loss: 1.2019 | Train Acc: 1.0000 (Classical:1.000 | Mesenchymal:1.000 | Neural:1.000 | Proneural:1.000) || Val Loss: 1.4031 | Val Acc: 0.6250 (Classical:0.667 | Mesenchymal:0.667 | Neural:0.250 | Proneural:0.800) || LR: 0.001000
2025-10-07 05:19:18,817 [INFO] Epoch [95/100] Train Loss: 1.1432 | Train Acc: 1.0000 (Classical:1.000 | Mesenchymal:1.000 | Neural:1.000 | Proneural:1.000) || Val Loss: 1.3621 | Val Acc: 0.6667 (Classical:0.667 | Mesenchymal:0.667 | Neural:0.500 | Proneural:0.800) || LR: 0.001000
2025-10-07 05:19:19,119 [INFO] Epoch [96/100] Train Loss: 1.1969 | Train Acc: 1.0000 (Classical:1.000 | Mesenchymal:1.000 | Neural:1.000 | Proneural:1.000) || Val Loss: 1.3845 | Val Acc: 0.6667 (Classical:0.833 | Mesenchymal:0.556 | Neural:0.500 | Proneural:0.800) || LR: 0.001000
2025-10-07 05:19:19,406 [INFO] Epoch [97/100] Train Loss: 1.1868 | Train Acc: 1.0000 (Classical:1.000 | Mesenchymal:1.000 | Neural:1.000 | Proneural:1.000) || Val Loss: 1.5302 | Val Acc: 0.6250 (Classical:0.833 | Mesenchymal:0.667 | Neural:0.000 | Proneural:0.800) || LR: 0.001000
2025-10-07 05:19:19,703 [INFO] Epoch [98/100] Train Loss: 1.1911 | Train Acc: 0.9894 (Classical:0.960 | Mesenchymal:1.000 | Neural:1.000 | Proneural:1.000) || Val Loss: 1.5248 | Val Acc: 0.6667 (Classical:0.833 | Mesenchymal:0.667 | Neural:0.250 | Proneural:0.800) || LR: 0.001000
2025-10-07 05:19:19,996 [INFO] Epoch [99/100] Train Loss: 1.2038 | Train Acc: 1.0000 (Classical:1.000 | Mesenchymal:1.000 | Neural:1.000 | Proneural:1.000) || Val Loss: 1.5337 | Val Acc: 0.6667 (Classical:0.833 | Mesenchymal:0.667 | Neural:0.250 | Proneural:0.800) || LR: 0.001000
2025-10-07 05:19:20,290 [INFO] Epoch [100/100] Train Loss: 1.1825 | Train Acc: 1.0000 (Classical:1.000 | Mesenchymal:1.000 | Neural:1.000 | Proneural:1.000) || Val Loss: 1.5504 | Val Acc: 0.6667 (Classical:0.833 | Mesenchymal:0.667 | Neural:0.250 | Proneural:0.800) || LR: 0.001000
2025-10-07 05:19:20,303 [INFO] Training completed. Best accuracy: 0.7917
2025-10-07 05:19:20,303 [INFO] Log: ./logs/train_20251007_051848.log, Model: ./models/best_model.pth
2025-10-07 05:19:20,382 [INFO] FINAL PER-CLASS | Train Acc: 1.0000 (Classical:1.000 | Mesenchymal:1.000 | Neural:1.000 | Proneural:1.000) || Val Acc: 0.7917 (Classical:0.833 | Mesenchymal:0.889 | Neural:0.500 | Proneural:0.800)
2025-10-07 05:19:20,440 [INFO] FINAL PER-CLASS | Test  Acc: 0.8667 (Classical:1.000 | Mesenchymal:0.800 | Neural:0.800 | Proneural:0.857)
