2025-10-13 10:23:07,269 [INFO] Model parameters: 56,828,699, Classes: 4
2025-10-13 10:23:07,269 [INFO] Enhanced regularization: Dropout=0.4, Weight_decay=0.002
2025-10-13 10:23:07,768 [INFO] Regularized Attention-MOI Training Started
2025-10-13 10:23:07,768 [INFO] Training started with enhanced regularization
2025-10-13 10:23:07,768 [INFO] Dropout: 0.4, Weight decay: 0.002
2025-10-13 10:23:08,772 [INFO] Epoch [1/150] Train Loss: 5.3874 | Train Acc: 0.4681 (Classical:0.440 | Mesenchymal:0.375 | Neural:0.062 | Proneural:0.952) || Val Loss: 1.3526 | Val Acc: 0.4167 (Classical:0.667 | Mesenchymal:0.333 | Neural:0.000 | Proneural:0.600) || LR: 0.000200
2025-10-13 10:23:09,102 [INFO] Best model saved with val_acc: 0.4167
2025-10-13 10:23:09,568 [INFO] Epoch [2/150] Train Loss: 5.1206 | Train Acc: 0.5638 (Classical:0.680 | Mesenchymal:0.469 | Neural:0.125 | Proneural:0.905) || Val Loss: 1.3388 | Val Acc: 0.4583 (Classical:0.833 | Mesenchymal:0.444 | Neural:0.000 | Proneural:0.400) || LR: 0.000200
2025-10-13 10:23:09,780 [INFO] Best model saved with val_acc: 0.4583
2025-10-13 10:23:10,251 [INFO] Epoch [3/150] Train Loss: 4.9318 | Train Acc: 0.5745 (Classical:0.600 | Mesenchymal:0.562 | Neural:0.125 | Proneural:0.905) || Val Loss: 1.2354 | Val Acc: 0.4583 (Classical:0.833 | Mesenchymal:0.444 | Neural:0.000 | Proneural:0.400) || LR: 0.000200
2025-10-13 10:23:10,717 [INFO] Epoch [4/150] Train Loss: 4.8363 | Train Acc: 0.6809 (Classical:0.720 | Mesenchymal:0.625 | Neural:0.375 | Proneural:0.952) || Val Loss: 1.1832 | Val Acc: 0.5417 (Classical:0.833 | Mesenchymal:0.556 | Neural:0.000 | Proneural:0.600) || LR: 0.000200
2025-10-13 10:23:10,941 [INFO] Best model saved with val_acc: 0.5417
2025-10-13 10:23:11,410 [INFO] Epoch [5/150] Train Loss: 4.7713 | Train Acc: 0.7447 (Classical:0.760 | Mesenchymal:0.688 | Neural:0.562 | Proneural:0.952) || Val Loss: 1.1536 | Val Acc: 0.5417 (Classical:0.833 | Mesenchymal:0.556 | Neural:0.000 | Proneural:0.600) || LR: 0.000200
2025-10-13 10:23:11,863 [INFO] Epoch [6/150] Train Loss: 4.7267 | Train Acc: 0.7872 (Classical:0.760 | Mesenchymal:0.781 | Neural:0.562 | Proneural:1.000) || Val Loss: 1.1535 | Val Acc: 0.5833 (Classical:0.833 | Mesenchymal:0.556 | Neural:0.000 | Proneural:0.800) || LR: 0.000200
2025-10-13 10:23:12,085 [INFO] Best model saved with val_acc: 0.5833
2025-10-13 10:23:12,565 [INFO] Epoch [7/150] Train Loss: 4.7950 | Train Acc: 0.7979 (Classical:0.800 | Mesenchymal:0.750 | Neural:0.625 | Proneural:1.000) || Val Loss: 1.1325 | Val Acc: 0.5833 (Classical:0.833 | Mesenchymal:0.556 | Neural:0.000 | Proneural:0.800) || LR: 0.000200
2025-10-13 10:23:13,033 [INFO] Epoch [8/150] Train Loss: 4.7820 | Train Acc: 0.7766 (Classical:0.720 | Mesenchymal:0.750 | Neural:0.625 | Proneural:1.000) || Val Loss: 1.1134 | Val Acc: 0.5833 (Classical:0.833 | Mesenchymal:0.556 | Neural:0.000 | Proneural:0.800) || LR: 0.000200
2025-10-13 10:23:13,524 [INFO] Epoch [9/150] Train Loss: 4.6560 | Train Acc: 0.8191 (Classical:0.720 | Mesenchymal:0.844 | Neural:0.688 | Proneural:1.000) || Val Loss: 1.1145 | Val Acc: 0.5833 (Classical:0.833 | Mesenchymal:0.556 | Neural:0.000 | Proneural:0.800) || LR: 0.000200
2025-10-13 10:23:14,023 [INFO] Epoch [10/150] Train Loss: 4.6915 | Train Acc: 0.8511 (Classical:0.720 | Mesenchymal:0.969 | Neural:0.625 | Proneural:1.000) || Val Loss: 1.1000 | Val Acc: 0.6250 (Classical:0.833 | Mesenchymal:0.667 | Neural:0.000 | Proneural:0.800) || LR: 0.000200
2025-10-13 10:23:14,232 [INFO] Best model saved with val_acc: 0.6250
2025-10-13 10:23:14,743 [INFO] Epoch [11/150] Train Loss: 4.6971 | Train Acc: 0.8404 (Classical:0.760 | Mesenchymal:0.844 | Neural:0.750 | Proneural:1.000) || Val Loss: 1.1161 | Val Acc: 0.6667 (Classical:0.833 | Mesenchymal:0.667 | Neural:0.250 | Proneural:0.800) || LR: 0.000200
2025-10-13 10:23:14,995 [INFO] Best model saved with val_acc: 0.6667
2025-10-13 10:23:15,484 [INFO] Epoch [12/150] Train Loss: 4.6567 | Train Acc: 0.8936 (Classical:0.840 | Mesenchymal:0.906 | Neural:0.812 | Proneural:1.000) || Val Loss: 1.1184 | Val Acc: 0.6667 (Classical:0.833 | Mesenchymal:0.667 | Neural:0.250 | Proneural:0.800) || LR: 0.000200
2025-10-13 10:23:15,943 [INFO] Epoch [13/150] Train Loss: 4.6391 | Train Acc: 0.8830 (Classical:0.800 | Mesenchymal:0.906 | Neural:0.812 | Proneural:1.000) || Val Loss: 1.1047 | Val Acc: 0.6250 (Classical:0.833 | Mesenchymal:0.667 | Neural:0.000 | Proneural:0.800) || LR: 0.000200
2025-10-13 10:23:16,433 [INFO] Epoch [14/150] Train Loss: 4.6378 | Train Acc: 0.9362 (Classical:0.880 | Mesenchymal:0.969 | Neural:0.875 | Proneural:1.000) || Val Loss: 1.1075 | Val Acc: 0.6250 (Classical:0.833 | Mesenchymal:0.667 | Neural:0.000 | Proneural:0.800) || LR: 0.000200
2025-10-13 10:23:16,939 [INFO] Epoch [15/150] Train Loss: 4.6029 | Train Acc: 0.9255 (Classical:0.920 | Mesenchymal:0.906 | Neural:0.875 | Proneural:1.000) || Val Loss: 1.1023 | Val Acc: 0.6667 (Classical:0.833 | Mesenchymal:0.667 | Neural:0.250 | Proneural:0.800) || LR: 0.000200
2025-10-13 10:23:17,422 [INFO] Epoch [16/150] Train Loss: 4.6366 | Train Acc: 0.9362 (Classical:0.960 | Mesenchymal:0.906 | Neural:0.875 | Proneural:1.000) || Val Loss: 1.1151 | Val Acc: 0.6667 (Classical:0.833 | Mesenchymal:0.667 | Neural:0.250 | Proneural:0.800) || LR: 0.000200
2025-10-13 10:23:17,885 [INFO] Epoch [17/150] Train Loss: 4.5451 | Train Acc: 0.9149 (Classical:0.920 | Mesenchymal:0.906 | Neural:0.812 | Proneural:1.000) || Val Loss: 1.0797 | Val Acc: 0.6667 (Classical:0.833 | Mesenchymal:0.667 | Neural:0.250 | Proneural:0.800) || LR: 0.000200
2025-10-13 10:23:18,344 [INFO] Epoch [18/150] Train Loss: 4.5974 | Train Acc: 0.9255 (Classical:0.920 | Mesenchymal:0.938 | Neural:0.812 | Proneural:1.000) || Val Loss: 1.1137 | Val Acc: 0.6250 (Classical:0.833 | Mesenchymal:0.667 | Neural:0.000 | Proneural:0.800) || LR: 0.000200
2025-10-13 10:23:18,802 [INFO] Epoch [19/150] Train Loss: 4.4849 | Train Acc: 0.9574 (Classical:0.960 | Mesenchymal:0.938 | Neural:0.938 | Proneural:1.000) || Val Loss: 1.1235 | Val Acc: 0.6250 (Classical:0.833 | Mesenchymal:0.667 | Neural:0.000 | Proneural:0.800) || LR: 0.000200
2025-10-13 10:23:19,267 [INFO] Epoch [20/150] Train Loss: 4.4482 | Train Acc: 0.9574 (Classical:0.960 | Mesenchymal:0.938 | Neural:0.938 | Proneural:1.000) || Val Loss: 1.1282 | Val Acc: 0.6250 (Classical:0.833 | Mesenchymal:0.667 | Neural:0.000 | Proneural:0.800) || LR: 0.000200
2025-10-13 10:23:19,741 [INFO] Epoch [21/150] Train Loss: 4.4801 | Train Acc: 0.9574 (Classical:0.960 | Mesenchymal:0.938 | Neural:0.938 | Proneural:1.000) || Val Loss: 1.1491 | Val Acc: 0.6250 (Classical:0.833 | Mesenchymal:0.667 | Neural:0.000 | Proneural:0.800) || LR: 0.000200
2025-10-13 10:23:20,246 [INFO] Epoch [22/150] Train Loss: 4.4484 | Train Acc: 0.9681 (Classical:0.960 | Mesenchymal:0.969 | Neural:0.938 | Proneural:1.000) || Val Loss: 1.1294 | Val Acc: 0.6250 (Classical:0.833 | Mesenchymal:0.667 | Neural:0.000 | Proneural:0.800) || LR: 0.000200
2025-10-13 10:23:20,710 [INFO] Epoch [23/150] Train Loss: 4.4489 | Train Acc: 0.9681 (Classical:0.960 | Mesenchymal:0.969 | Neural:0.938 | Proneural:1.000) || Val Loss: 1.1375 | Val Acc: 0.6667 (Classical:0.833 | Mesenchymal:0.778 | Neural:0.000 | Proneural:0.800) || LR: 0.000200
2025-10-13 10:23:21,177 [INFO] Epoch [24/150] Train Loss: 4.3688 | Train Acc: 0.9681 (Classical:0.960 | Mesenchymal:0.969 | Neural:0.938 | Proneural:1.000) || Val Loss: 1.1350 | Val Acc: 0.6250 (Classical:0.833 | Mesenchymal:0.667 | Neural:0.000 | Proneural:0.800) || LR: 0.000200
2025-10-13 10:23:21,641 [INFO] Epoch [25/150] Train Loss: 4.3175 | Train Acc: 0.9681 (Classical:0.960 | Mesenchymal:0.969 | Neural:0.938 | Proneural:1.000) || Val Loss: 1.1795 | Val Acc: 0.6250 (Classical:0.833 | Mesenchymal:0.667 | Neural:0.000 | Proneural:0.800) || LR: 0.000200
2025-10-13 10:23:22,115 [INFO] Epoch [26/150] Train Loss: 4.3392 | Train Acc: 0.9681 (Classical:0.960 | Mesenchymal:0.969 | Neural:0.938 | Proneural:1.000) || Val Loss: 1.1773 | Val Acc: 0.6250 (Classical:0.833 | Mesenchymal:0.667 | Neural:0.000 | Proneural:0.800) || LR: 0.000200
2025-10-13 10:23:22,611 [INFO] Epoch [27/150] Train Loss: 4.3498 | Train Acc: 0.9681 (Classical:0.960 | Mesenchymal:0.969 | Neural:0.938 | Proneural:1.000) || Val Loss: 1.2104 | Val Acc: 0.6250 (Classical:0.833 | Mesenchymal:0.667 | Neural:0.000 | Proneural:0.800) || LR: 0.000200
2025-10-13 10:23:23,103 [INFO] Epoch [28/150] Train Loss: 4.3252 | Train Acc: 0.9681 (Classical:0.960 | Mesenchymal:0.969 | Neural:0.938 | Proneural:1.000) || Val Loss: 1.2086 | Val Acc: 0.6250 (Classical:0.833 | Mesenchymal:0.667 | Neural:0.000 | Proneural:0.800) || LR: 0.000200
2025-10-13 10:23:23,576 [INFO] Epoch [29/150] Train Loss: 4.2496 | Train Acc: 0.9787 (Classical:1.000 | Mesenchymal:0.969 | Neural:0.938 | Proneural:1.000) || Val Loss: 1.2228 | Val Acc: 0.6250 (Classical:0.833 | Mesenchymal:0.667 | Neural:0.000 | Proneural:0.800) || LR: 0.000200
2025-10-13 10:23:24,038 [INFO] Epoch [30/150] Train Loss: 4.3657 | Train Acc: 0.9894 (Classical:1.000 | Mesenchymal:1.000 | Neural:0.938 | Proneural:1.000) || Val Loss: 1.2517 | Val Acc: 0.6250 (Classical:0.833 | Mesenchymal:0.667 | Neural:0.000 | Proneural:0.800) || LR: 0.000200
2025-10-13 10:23:24,517 [INFO] Epoch [31/150] Train Loss: 4.2753 | Train Acc: 0.9894 (Classical:1.000 | Mesenchymal:1.000 | Neural:0.938 | Proneural:1.000) || Val Loss: 1.2423 | Val Acc: 0.6667 (Classical:0.833 | Mesenchymal:0.667 | Neural:0.250 | Proneural:0.800) || LR: 0.000200
2025-10-13 10:23:24,988 [INFO] Epoch [32/150] Train Loss: 4.1612 | Train Acc: 0.9894 (Classical:1.000 | Mesenchymal:1.000 | Neural:0.938 | Proneural:1.000) || Val Loss: 1.2544 | Val Acc: 0.6667 (Classical:0.833 | Mesenchymal:0.667 | Neural:0.250 | Proneural:0.800) || LR: 0.000200
2025-10-13 10:23:25,455 [INFO] Epoch [33/150] Train Loss: 4.2278 | Train Acc: 0.9894 (Classical:1.000 | Mesenchymal:1.000 | Neural:0.938 | Proneural:1.000) || Val Loss: 1.2772 | Val Acc: 0.6667 (Classical:0.833 | Mesenchymal:0.667 | Neural:0.250 | Proneural:0.800) || LR: 0.000200
2025-10-13 10:23:25,913 [INFO] Epoch [34/150] Train Loss: 4.1497 | Train Acc: 0.9894 (Classical:1.000 | Mesenchymal:1.000 | Neural:0.938 | Proneural:1.000) || Val Loss: 1.2919 | Val Acc: 0.6250 (Classical:0.833 | Mesenchymal:0.667 | Neural:0.000 | Proneural:0.800) || LR: 0.000200
2025-10-13 10:23:26,384 [INFO] Epoch [35/150] Train Loss: 4.1944 | Train Acc: 0.9894 (Classical:1.000 | Mesenchymal:1.000 | Neural:0.938 | Proneural:1.000) || Val Loss: 1.3216 | Val Acc: 0.6667 (Classical:0.833 | Mesenchymal:0.667 | Neural:0.250 | Proneural:0.800) || LR: 0.000200
2025-10-13 10:23:26,861 [INFO] Epoch [36/150] Train Loss: 4.0812 | Train Acc: 0.9894 (Classical:1.000 | Mesenchymal:1.000 | Neural:0.938 | Proneural:1.000) || Val Loss: 1.3204 | Val Acc: 0.6250 (Classical:0.833 | Mesenchymal:0.667 | Neural:0.000 | Proneural:0.800) || LR: 0.000200
2025-10-13 10:23:27,342 [INFO] Epoch [37/150] Train Loss: 4.1467 | Train Acc: 0.9894 (Classical:1.000 | Mesenchymal:1.000 | Neural:0.938 | Proneural:1.000) || Val Loss: 1.3469 | Val Acc: 0.6667 (Classical:0.833 | Mesenchymal:0.667 | Neural:0.250 | Proneural:0.800) || LR: 0.000200
2025-10-13 10:23:27,815 [INFO] Epoch [38/150] Train Loss: 4.1494 | Train Acc: 0.9894 (Classical:1.000 | Mesenchymal:1.000 | Neural:0.938 | Proneural:1.000) || Val Loss: 1.3704 | Val Acc: 0.6250 (Classical:0.667 | Mesenchymal:0.667 | Neural:0.250 | Proneural:0.800) || LR: 0.000200
2025-10-13 10:23:28,287 [INFO] Epoch [39/150] Train Loss: 4.0534 | Train Acc: 0.9894 (Classical:1.000 | Mesenchymal:1.000 | Neural:0.938 | Proneural:1.000) || Val Loss: 1.3648 | Val Acc: 0.6250 (Classical:0.667 | Mesenchymal:0.778 | Neural:0.000 | Proneural:0.800) || LR: 0.000200
2025-10-13 10:23:28,756 [INFO] Epoch [40/150] Train Loss: 4.0163 | Train Acc: 0.9894 (Classical:1.000 | Mesenchymal:1.000 | Neural:0.938 | Proneural:1.000) || Val Loss: 1.3466 | Val Acc: 0.6667 (Classical:0.833 | Mesenchymal:0.667 | Neural:0.250 | Proneural:0.800) || LR: 0.000200
2025-10-13 10:23:29,217 [INFO] Epoch [41/150] Train Loss: 4.0498 | Train Acc: 0.9894 (Classical:1.000 | Mesenchymal:1.000 | Neural:0.938 | Proneural:1.000) || Val Loss: 1.3317 | Val Acc: 0.6667 (Classical:0.833 | Mesenchymal:0.778 | Neural:0.000 | Proneural:0.800) || LR: 0.000200
2025-10-13 10:23:29,678 [INFO] Epoch [42/150] Train Loss: 4.0071 | Train Acc: 0.9894 (Classical:1.000 | Mesenchymal:1.000 | Neural:0.938 | Proneural:1.000) || Val Loss: 1.3633 | Val Acc: 0.6667 (Classical:0.833 | Mesenchymal:0.778 | Neural:0.000 | Proneural:0.800) || LR: 0.000200
2025-10-13 10:23:30,138 [INFO] Epoch [43/150] Train Loss: 4.0233 | Train Acc: 0.9894 (Classical:1.000 | Mesenchymal:1.000 | Neural:0.938 | Proneural:1.000) || Val Loss: 1.3533 | Val Acc: 0.6667 (Classical:0.833 | Mesenchymal:0.778 | Neural:0.000 | Proneural:0.800) || LR: 0.000200
2025-10-13 10:23:30,598 [INFO] Epoch [44/150] Train Loss: 3.9643 | Train Acc: 1.0000 (Classical:1.000 | Mesenchymal:1.000 | Neural:1.000 | Proneural:1.000) || Val Loss: 1.3229 | Val Acc: 0.7083 (Classical:0.833 | Mesenchymal:0.778 | Neural:0.250 | Proneural:0.800) || LR: 0.000200
2025-10-13 10:23:30,828 [INFO] Best model saved with val_acc: 0.7083
2025-10-13 10:23:31,370 [INFO] Epoch [45/150] Train Loss: 3.9673 | Train Acc: 1.0000 (Classical:1.000 | Mesenchymal:1.000 | Neural:1.000 | Proneural:1.000) || Val Loss: 1.3494 | Val Acc: 0.6667 (Classical:0.833 | Mesenchymal:0.778 | Neural:0.000 | Proneural:0.800) || LR: 0.000200
2025-10-13 10:23:31,828 [INFO] Epoch [46/150] Train Loss: 4.0261 | Train Acc: 1.0000 (Classical:1.000 | Mesenchymal:1.000 | Neural:1.000 | Proneural:1.000) || Val Loss: 1.3901 | Val Acc: 0.6667 (Classical:0.833 | Mesenchymal:0.778 | Neural:0.000 | Proneural:0.800) || LR: 0.000200
2025-10-13 10:23:32,306 [INFO] Epoch [47/150] Train Loss: 3.9316 | Train Acc: 1.0000 (Classical:1.000 | Mesenchymal:1.000 | Neural:1.000 | Proneural:1.000) || Val Loss: 1.3824 | Val Acc: 0.6250 (Classical:0.833 | Mesenchymal:0.667 | Neural:0.000 | Proneural:0.800) || LR: 0.000200
2025-10-13 10:23:32,784 [INFO] Epoch [48/150] Train Loss: 3.9304 | Train Acc: 1.0000 (Classical:1.000 | Mesenchymal:1.000 | Neural:1.000 | Proneural:1.000) || Val Loss: 1.3960 | Val Acc: 0.6667 (Classical:0.833 | Mesenchymal:0.778 | Neural:0.000 | Proneural:0.800) || LR: 0.000200
2025-10-13 10:23:33,268 [INFO] Epoch [49/150] Train Loss: 3.8927 | Train Acc: 1.0000 (Classical:1.000 | Mesenchymal:1.000 | Neural:1.000 | Proneural:1.000) || Val Loss: 1.3998 | Val Acc: 0.6667 (Classical:0.833 | Mesenchymal:0.778 | Neural:0.000 | Proneural:0.800) || LR: 0.000200
2025-10-13 10:23:33,724 [INFO] Epoch [50/150] Train Loss: 3.8671 | Train Acc: 1.0000 (Classical:1.000 | Mesenchymal:1.000 | Neural:1.000 | Proneural:1.000) || Val Loss: 1.3921 | Val Acc: 0.6667 (Classical:0.833 | Mesenchymal:0.778 | Neural:0.000 | Proneural:0.800) || LR: 0.000200
2025-10-13 10:23:34,216 [INFO] Epoch [51/150] Train Loss: 3.8563 | Train Acc: 1.0000 (Classical:1.000 | Mesenchymal:1.000 | Neural:1.000 | Proneural:1.000) || Val Loss: 1.3452 | Val Acc: 0.7083 (Classical:0.833 | Mesenchymal:0.778 | Neural:0.250 | Proneural:0.800) || LR: 0.000200
2025-10-13 10:23:34,704 [INFO] Epoch [52/150] Train Loss: 3.8749 | Train Acc: 1.0000 (Classical:1.000 | Mesenchymal:1.000 | Neural:1.000 | Proneural:1.000) || Val Loss: 1.3127 | Val Acc: 0.7083 (Classical:0.833 | Mesenchymal:0.778 | Neural:0.250 | Proneural:0.800) || LR: 0.000200
2025-10-13 10:23:35,193 [INFO] Epoch [53/150] Train Loss: 3.8224 | Train Acc: 1.0000 (Classical:1.000 | Mesenchymal:1.000 | Neural:1.000 | Proneural:1.000) || Val Loss: 1.3297 | Val Acc: 0.7083 (Classical:0.833 | Mesenchymal:0.778 | Neural:0.250 | Proneural:0.800) || LR: 0.000200
2025-10-13 10:23:35,692 [INFO] Epoch [54/150] Train Loss: 3.7810 | Train Acc: 1.0000 (Classical:1.000 | Mesenchymal:1.000 | Neural:1.000 | Proneural:1.000) || Val Loss: 1.3191 | Val Acc: 0.7083 (Classical:0.833 | Mesenchymal:0.778 | Neural:0.250 | Proneural:0.800) || LR: 0.000200
2025-10-13 10:23:36,168 [INFO] Epoch [55/150] Train Loss: 3.8317 | Train Acc: 1.0000 (Classical:1.000 | Mesenchymal:1.000 | Neural:1.000 | Proneural:1.000) || Val Loss: 1.3502 | Val Acc: 0.6667 (Classical:0.833 | Mesenchymal:0.778 | Neural:0.000 | Proneural:0.800) || LR: 0.000200
2025-10-13 10:23:36,623 [INFO] Epoch [56/150] Train Loss: 3.7981 | Train Acc: 1.0000 (Classical:1.000 | Mesenchymal:1.000 | Neural:1.000 | Proneural:1.000) || Val Loss: 1.4001 | Val Acc: 0.6667 (Classical:0.833 | Mesenchymal:0.778 | Neural:0.000 | Proneural:0.800) || LR: 0.000200
2025-10-13 10:23:37,083 [INFO] Epoch [57/150] Train Loss: 3.8293 | Train Acc: 1.0000 (Classical:1.000 | Mesenchymal:1.000 | Neural:1.000 | Proneural:1.000) || Val Loss: 1.4437 | Val Acc: 0.6667 (Classical:0.833 | Mesenchymal:0.778 | Neural:0.000 | Proneural:0.800) || LR: 0.000200
2025-10-13 10:23:37,543 [INFO] Epoch [58/150] Train Loss: 3.8053 | Train Acc: 1.0000 (Classical:1.000 | Mesenchymal:1.000 | Neural:1.000 | Proneural:1.000) || Val Loss: 1.4583 | Val Acc: 0.6667 (Classical:0.833 | Mesenchymal:0.778 | Neural:0.000 | Proneural:0.800) || LR: 0.000200
2025-10-13 10:23:38,004 [INFO] Epoch [59/150] Train Loss: 3.7827 | Train Acc: 1.0000 (Classical:1.000 | Mesenchymal:1.000 | Neural:1.000 | Proneural:1.000) || Val Loss: 1.4674 | Val Acc: 0.6667 (Classical:0.833 | Mesenchymal:0.778 | Neural:0.000 | Proneural:0.800) || LR: 0.000200
2025-10-13 10:23:38,462 [INFO] Epoch [60/150] Train Loss: 3.7473 | Train Acc: 1.0000 (Classical:1.000 | Mesenchymal:1.000 | Neural:1.000 | Proneural:1.000) || Val Loss: 1.4615 | Val Acc: 0.6667 (Classical:0.833 | Mesenchymal:0.778 | Neural:0.000 | Proneural:0.800) || LR: 0.000200
2025-10-13 10:23:38,918 [INFO] Epoch [61/150] Train Loss: 3.7184 | Train Acc: 1.0000 (Classical:1.000 | Mesenchymal:1.000 | Neural:1.000 | Proneural:1.000) || Val Loss: 1.4544 | Val Acc: 0.6667 (Classical:0.833 | Mesenchymal:0.778 | Neural:0.000 | Proneural:0.800) || LR: 0.000200
2025-10-13 10:23:39,376 [INFO] Epoch [62/150] Train Loss: 3.7671 | Train Acc: 1.0000 (Classical:1.000 | Mesenchymal:1.000 | Neural:1.000 | Proneural:1.000) || Val Loss: 1.4840 | Val Acc: 0.6667 (Classical:0.833 | Mesenchymal:0.778 | Neural:0.000 | Proneural:0.800) || LR: 0.000200
2025-10-13 10:23:39,835 [INFO] Epoch [63/150] Train Loss: 3.6886 | Train Acc: 1.0000 (Classical:1.000 | Mesenchymal:1.000 | Neural:1.000 | Proneural:1.000) || Val Loss: 1.4455 | Val Acc: 0.6667 (Classical:0.833 | Mesenchymal:0.778 | Neural:0.000 | Proneural:0.800) || LR: 0.000200
2025-10-13 10:23:40,290 [INFO] Epoch [64/150] Train Loss: 3.6999 | Train Acc: 1.0000 (Classical:1.000 | Mesenchymal:1.000 | Neural:1.000 | Proneural:1.000) || Val Loss: 1.4120 | Val Acc: 0.7083 (Classical:0.833 | Mesenchymal:0.778 | Neural:0.250 | Proneural:0.800) || LR: 0.000200
2025-10-13 10:23:40,747 [INFO] Epoch [65/150] Train Loss: 3.6587 | Train Acc: 1.0000 (Classical:1.000 | Mesenchymal:1.000 | Neural:1.000 | Proneural:1.000) || Val Loss: 1.4480 | Val Acc: 0.6667 (Classical:0.833 | Mesenchymal:0.667 | Neural:0.250 | Proneural:0.800) || LR: 0.000200
2025-10-13 10:23:41,206 [INFO] Epoch [66/150] Train Loss: 3.6672 | Train Acc: 1.0000 (Classical:1.000 | Mesenchymal:1.000 | Neural:1.000 | Proneural:1.000) || Val Loss: 1.4816 | Val Acc: 0.6667 (Classical:0.833 | Mesenchymal:0.667 | Neural:0.250 | Proneural:0.800) || LR: 0.000200
2025-10-13 10:23:41,668 [INFO] Epoch [67/150] Train Loss: 3.6320 | Train Acc: 1.0000 (Classical:1.000 | Mesenchymal:1.000 | Neural:1.000 | Proneural:1.000) || Val Loss: 1.4969 | Val Acc: 0.6667 (Classical:0.833 | Mesenchymal:0.667 | Neural:0.250 | Proneural:0.800) || LR: 0.000200
2025-10-13 10:23:42,125 [INFO] Epoch [68/150] Train Loss: 3.7209 | Train Acc: 1.0000 (Classical:1.000 | Mesenchymal:1.000 | Neural:1.000 | Proneural:1.000) || Val Loss: 1.4742 | Val Acc: 0.6667 (Classical:0.833 | Mesenchymal:0.667 | Neural:0.250 | Proneural:0.800) || LR: 0.000200
2025-10-13 10:23:42,587 [INFO] Epoch [69/150] Train Loss: 3.6754 | Train Acc: 1.0000 (Classical:1.000 | Mesenchymal:1.000 | Neural:1.000 | Proneural:1.000) || Val Loss: 1.5463 | Val Acc: 0.6667 (Classical:0.833 | Mesenchymal:0.778 | Neural:0.000 | Proneural:0.800) || LR: 0.000200
2025-10-13 10:23:43,044 [INFO] Epoch [70/150] Train Loss: 3.6586 | Train Acc: 1.0000 (Classical:1.000 | Mesenchymal:1.000 | Neural:1.000 | Proneural:1.000) || Val Loss: 1.5232 | Val Acc: 0.6250 (Classical:0.833 | Mesenchymal:0.667 | Neural:0.000 | Proneural:0.800) || LR: 0.000200
2025-10-13 10:23:43,502 [INFO] Epoch [71/150] Train Loss: 3.6087 | Train Acc: 1.0000 (Classical:1.000 | Mesenchymal:1.000 | Neural:1.000 | Proneural:1.000) || Val Loss: 1.5897 | Val Acc: 0.6667 (Classical:0.833 | Mesenchymal:0.778 | Neural:0.000 | Proneural:0.800) || LR: 0.000200
2025-10-13 10:23:43,960 [INFO] Epoch [72/150] Train Loss: 3.6067 | Train Acc: 1.0000 (Classical:1.000 | Mesenchymal:1.000 | Neural:1.000 | Proneural:1.000) || Val Loss: 1.5838 | Val Acc: 0.6667 (Classical:0.833 | Mesenchymal:0.778 | Neural:0.000 | Proneural:0.800) || LR: 0.000200
2025-10-13 10:23:44,417 [INFO] Epoch [73/150] Train Loss: 3.6256 | Train Acc: 1.0000 (Classical:1.000 | Mesenchymal:1.000 | Neural:1.000 | Proneural:1.000) || Val Loss: 1.5899 | Val Acc: 0.6250 (Classical:0.833 | Mesenchymal:0.667 | Neural:0.000 | Proneural:0.800) || LR: 0.000200
2025-10-13 10:23:44,873 [INFO] Epoch [74/150] Train Loss: 3.6003 | Train Acc: 1.0000 (Classical:1.000 | Mesenchymal:1.000 | Neural:1.000 | Proneural:1.000) || Val Loss: 1.6136 | Val Acc: 0.6250 (Classical:0.833 | Mesenchymal:0.667 | Neural:0.000 | Proneural:0.800) || LR: 0.000200
2025-10-13 10:23:45,334 [INFO] Epoch [75/150] Train Loss: 3.6118 | Train Acc: 1.0000 (Classical:1.000 | Mesenchymal:1.000 | Neural:1.000 | Proneural:1.000) || Val Loss: 1.5737 | Val Acc: 0.6250 (Classical:0.833 | Mesenchymal:0.667 | Neural:0.000 | Proneural:0.800) || LR: 0.000200
2025-10-13 10:23:45,792 [INFO] Epoch [76/150] Train Loss: 3.5958 | Train Acc: 1.0000 (Classical:1.000 | Mesenchymal:1.000 | Neural:1.000 | Proneural:1.000) || Val Loss: 1.5503 | Val Acc: 0.6667 (Classical:0.833 | Mesenchymal:0.778 | Neural:0.000 | Proneural:0.800) || LR: 0.000200
2025-10-13 10:23:46,247 [INFO] Epoch [77/150] Train Loss: 3.5721 | Train Acc: 1.0000 (Classical:1.000 | Mesenchymal:1.000 | Neural:1.000 | Proneural:1.000) || Val Loss: 1.5223 | Val Acc: 0.6250 (Classical:0.833 | Mesenchymal:0.667 | Neural:0.000 | Proneural:0.800) || LR: 0.000200
2025-10-13 10:23:46,710 [INFO] Epoch [78/150] Train Loss: 3.6083 | Train Acc: 1.0000 (Classical:1.000 | Mesenchymal:1.000 | Neural:1.000 | Proneural:1.000) || Val Loss: 1.5538 | Val Acc: 0.6667 (Classical:0.833 | Mesenchymal:0.778 | Neural:0.000 | Proneural:0.800) || LR: 0.000200
2025-10-13 10:23:47,167 [INFO] Epoch [79/150] Train Loss: 3.5759 | Train Acc: 1.0000 (Classical:1.000 | Mesenchymal:1.000 | Neural:1.000 | Proneural:1.000) || Val Loss: 1.5437 | Val Acc: 0.6667 (Classical:0.833 | Mesenchymal:0.778 | Neural:0.000 | Proneural:0.800) || LR: 0.000200
2025-10-13 10:23:47,626 [INFO] Epoch [80/150] Train Loss: 3.5368 | Train Acc: 1.0000 (Classical:1.000 | Mesenchymal:1.000 | Neural:1.000 | Proneural:1.000) || Val Loss: 1.5166 | Val Acc: 0.7083 (Classical:0.833 | Mesenchymal:0.778 | Neural:0.250 | Proneural:0.800) || LR: 0.000200
2025-10-13 10:23:48,082 [INFO] Epoch [81/150] Train Loss: 3.5620 | Train Acc: 1.0000 (Classical:1.000 | Mesenchymal:1.000 | Neural:1.000 | Proneural:1.000) || Val Loss: 1.4738 | Val Acc: 0.7083 (Classical:0.833 | Mesenchymal:0.778 | Neural:0.250 | Proneural:0.800) || LR: 0.000200
2025-10-13 10:23:48,540 [INFO] Epoch [82/150] Train Loss: 3.5789 | Train Acc: 1.0000 (Classical:1.000 | Mesenchymal:1.000 | Neural:1.000 | Proneural:1.000) || Val Loss: 1.5220 | Val Acc: 0.7083 (Classical:0.833 | Mesenchymal:0.778 | Neural:0.250 | Proneural:0.800) || LR: 0.000200
2025-10-13 10:23:48,999 [INFO] Epoch [83/150] Train Loss: 3.5604 | Train Acc: 1.0000 (Classical:1.000 | Mesenchymal:1.000 | Neural:1.000 | Proneural:1.000) || Val Loss: 1.5635 | Val Acc: 0.7083 (Classical:0.833 | Mesenchymal:0.778 | Neural:0.250 | Proneural:0.800) || LR: 0.000200
2025-10-13 10:23:49,458 [INFO] Epoch [84/150] Train Loss: 3.5658 | Train Acc: 1.0000 (Classical:1.000 | Mesenchymal:1.000 | Neural:1.000 | Proneural:1.000) || Val Loss: 1.5360 | Val Acc: 0.7083 (Classical:0.833 | Mesenchymal:0.778 | Neural:0.250 | Proneural:0.800) || LR: 0.000200
2025-10-13 10:23:49,920 [INFO] Epoch [85/150] Train Loss: 3.5046 | Train Acc: 1.0000 (Classical:1.000 | Mesenchymal:1.000 | Neural:1.000 | Proneural:1.000) || Val Loss: 1.6338 | Val Acc: 0.7083 (Classical:0.833 | Mesenchymal:0.778 | Neural:0.250 | Proneural:0.800) || LR: 0.000200
2025-10-13 10:23:50,379 [INFO] Epoch [86/150] Train Loss: 3.5225 | Train Acc: 1.0000 (Classical:1.000 | Mesenchymal:1.000 | Neural:1.000 | Proneural:1.000) || Val Loss: 1.6444 | Val Acc: 0.7083 (Classical:0.833 | Mesenchymal:0.778 | Neural:0.250 | Proneural:0.800) || LR: 0.000200
2025-10-13 10:23:50,836 [INFO] Epoch [87/150] Train Loss: 3.5061 | Train Acc: 1.0000 (Classical:1.000 | Mesenchymal:1.000 | Neural:1.000 | Proneural:1.000) || Val Loss: 1.6386 | Val Acc: 0.7083 (Classical:0.833 | Mesenchymal:0.778 | Neural:0.250 | Proneural:0.800) || LR: 0.000200
2025-10-13 10:23:51,290 [INFO] Epoch [88/150] Train Loss: 3.4801 | Train Acc: 1.0000 (Classical:1.000 | Mesenchymal:1.000 | Neural:1.000 | Proneural:1.000) || Val Loss: 1.6294 | Val Acc: 0.7083 (Classical:0.833 | Mesenchymal:0.778 | Neural:0.250 | Proneural:0.800) || LR: 0.000200
2025-10-13 10:23:51,747 [INFO] Epoch [89/150] Train Loss: 3.4939 | Train Acc: 1.0000 (Classical:1.000 | Mesenchymal:1.000 | Neural:1.000 | Proneural:1.000) || Val Loss: 1.5266 | Val Acc: 0.7083 (Classical:0.833 | Mesenchymal:0.778 | Neural:0.250 | Proneural:0.800) || LR: 0.000200
2025-10-13 10:23:52,202 [INFO] Epoch [90/150] Train Loss: 3.4777 | Train Acc: 1.0000 (Classical:1.000 | Mesenchymal:1.000 | Neural:1.000 | Proneural:1.000) || Val Loss: 1.5876 | Val Acc: 0.7083 (Classical:0.833 | Mesenchymal:0.778 | Neural:0.250 | Proneural:0.800) || LR: 0.000200
2025-10-13 10:23:52,657 [INFO] Epoch [91/150] Train Loss: 3.4825 | Train Acc: 1.0000 (Classical:1.000 | Mesenchymal:1.000 | Neural:1.000 | Proneural:1.000) || Val Loss: 1.5668 | Val Acc: 0.7083 (Classical:0.833 | Mesenchymal:0.778 | Neural:0.250 | Proneural:0.800) || LR: 0.000200
2025-10-13 10:23:53,110 [INFO] Epoch [92/150] Train Loss: 3.4810 | Train Acc: 1.0000 (Classical:1.000 | Mesenchymal:1.000 | Neural:1.000 | Proneural:1.000) || Val Loss: 1.5516 | Val Acc: 0.7083 (Classical:0.833 | Mesenchymal:0.778 | Neural:0.250 | Proneural:0.800) || LR: 0.000200
2025-10-13 10:23:53,569 [INFO] Epoch [93/150] Train Loss: 3.4555 | Train Acc: 1.0000 (Classical:1.000 | Mesenchymal:1.000 | Neural:1.000 | Proneural:1.000) || Val Loss: 1.5568 | Val Acc: 0.7083 (Classical:0.833 | Mesenchymal:0.778 | Neural:0.250 | Proneural:0.800) || LR: 0.000200
2025-10-13 10:23:54,021 [INFO] Epoch [94/150] Train Loss: 3.4479 | Train Acc: 1.0000 (Classical:1.000 | Mesenchymal:1.000 | Neural:1.000 | Proneural:1.000) || Val Loss: 1.5703 | Val Acc: 0.7083 (Classical:0.833 | Mesenchymal:0.778 | Neural:0.250 | Proneural:0.800) || LR: 0.000200
2025-10-13 10:23:54,022 [INFO] Early stopping at epoch 94
2025-10-13 10:23:54,045 [INFO] Training completed. Best accuracy: 0.7083
2025-10-13 10:23:54,045 [INFO] Log: ./logs/train_20251013_102306.log, Model: ./models/best_model.pth
2025-10-13 10:23:54,162 [INFO] FINAL PER-CLASS | Train Acc: 1.0000 (Classical:1.000 | Mesenchymal:1.000 | Neural:1.000 | Proneural:1.000) || Val Acc: 0.7083 (Classical:0.833 | Mesenchymal:0.778 | Neural:0.250 | Proneural:0.800)
2025-10-13 10:23:54,292 [INFO] FINAL PER-CLASS | Test  Acc: 0.8000 (Classical:1.000 | Mesenchymal:0.900 | Neural:0.400 | Proneural:0.714)
