2025-10-13 10:32:48,948 [INFO] Model parameters: 56,828,699, Classes: 4
2025-10-13 10:32:48,948 [INFO] Enhanced regularization: Dropout=0.4, Weight_decay=0.002
2025-10-13 10:32:49,431 [INFO] Regularized Attention-MOI Training Started
2025-10-13 10:32:49,431 [INFO] Training started with enhanced regularization
2025-10-13 10:32:49,431 [INFO] Dropout: 0.4, Weight decay: 0.002
2025-10-13 10:32:50,106 [INFO] Epoch [1/150] Train Loss: 5.3651 | Train Acc: 0.5426 (Classical:0.760 | Mesenchymal:0.844 | Neural:0.062 | Proneural:0.190) || Val Loss: 1.2804 | Val Acc: 0.5000 (Classical:0.833 | Mesenchymal:0.778 | Neural:0.000 | Proneural:0.000) || LR: 0.000200
2025-10-13 10:32:50,322 [INFO] Best model saved with val_acc: 0.5000
2025-10-13 10:32:50,811 [INFO] Epoch [2/150] Train Loss: 4.9767 | Train Acc: 0.5745 (Classical:0.760 | Mesenchymal:0.719 | Neural:0.375 | Proneural:0.286) || Val Loss: 1.2379 | Val Acc: 0.4583 (Classical:0.833 | Mesenchymal:0.556 | Neural:0.250 | Proneural:0.000) || LR: 0.000200
2025-10-13 10:32:51,273 [INFO] Epoch [3/150] Train Loss: 4.8924 | Train Acc: 0.7021 (Classical:0.920 | Mesenchymal:0.688 | Neural:0.625 | Proneural:0.524) || Val Loss: 1.2029 | Val Acc: 0.5000 (Classical:1.000 | Mesenchymal:0.556 | Neural:0.250 | Proneural:0.000) || LR: 0.000200
2025-10-13 10:32:51,731 [INFO] Epoch [4/150] Train Loss: 4.8208 | Train Acc: 0.7340 (Classical:0.920 | Mesenchymal:0.719 | Neural:0.625 | Proneural:0.619) || Val Loss: 1.1775 | Val Acc: 0.5417 (Classical:1.000 | Mesenchymal:0.556 | Neural:0.250 | Proneural:0.200) || LR: 0.000200
2025-10-13 10:32:51,946 [INFO] Best model saved with val_acc: 0.5417
2025-10-13 10:32:52,418 [INFO] Epoch [5/150] Train Loss: 4.8281 | Train Acc: 0.7553 (Classical:0.960 | Mesenchymal:0.688 | Neural:0.688 | Proneural:0.667) || Val Loss: 1.1412 | Val Acc: 0.5000 (Classical:1.000 | Mesenchymal:0.444 | Neural:0.250 | Proneural:0.200) || LR: 0.000200
2025-10-13 10:32:52,878 [INFO] Epoch [6/150] Train Loss: 4.7306 | Train Acc: 0.7766 (Classical:0.920 | Mesenchymal:0.688 | Neural:0.750 | Proneural:0.762) || Val Loss: 1.1145 | Val Acc: 0.5833 (Classical:1.000 | Mesenchymal:0.556 | Neural:0.250 | Proneural:0.400) || LR: 0.000200
2025-10-13 10:32:53,099 [INFO] Best model saved with val_acc: 0.5833
2025-10-13 10:32:53,594 [INFO] Epoch [7/150] Train Loss: 4.7041 | Train Acc: 0.7872 (Classical:0.920 | Mesenchymal:0.719 | Neural:0.750 | Proneural:0.762) || Val Loss: 1.1082 | Val Acc: 0.6250 (Classical:1.000 | Mesenchymal:0.667 | Neural:0.250 | Proneural:0.400) || LR: 0.000200
2025-10-13 10:32:53,796 [INFO] Best model saved with val_acc: 0.6250
2025-10-13 10:32:54,273 [INFO] Epoch [8/150] Train Loss: 4.7057 | Train Acc: 0.8191 (Classical:0.920 | Mesenchymal:0.781 | Neural:0.750 | Proneural:0.810) || Val Loss: 1.0656 | Val Acc: 0.6250 (Classical:1.000 | Mesenchymal:0.667 | Neural:0.250 | Proneural:0.400) || LR: 0.000200
2025-10-13 10:32:54,728 [INFO] Epoch [9/150] Train Loss: 4.6178 | Train Acc: 0.8511 (Classical:0.960 | Mesenchymal:0.781 | Neural:0.750 | Proneural:0.905) || Val Loss: 1.0463 | Val Acc: 0.5833 (Classical:1.000 | Mesenchymal:0.556 | Neural:0.250 | Proneural:0.400) || LR: 0.000200
2025-10-13 10:32:55,186 [INFO] Epoch [10/150] Train Loss: 4.6347 | Train Acc: 0.8404 (Classical:0.960 | Mesenchymal:0.750 | Neural:0.812 | Proneural:0.857) || Val Loss: 1.0314 | Val Acc: 0.5833 (Classical:1.000 | Mesenchymal:0.556 | Neural:0.250 | Proneural:0.400) || LR: 0.000200
2025-10-13 10:32:55,645 [INFO] Epoch [11/150] Train Loss: 4.5657 | Train Acc: 0.8830 (Classical:0.960 | Mesenchymal:0.812 | Neural:0.812 | Proneural:0.952) || Val Loss: 1.0255 | Val Acc: 0.5833 (Classical:1.000 | Mesenchymal:0.556 | Neural:0.250 | Proneural:0.400) || LR: 0.000200
2025-10-13 10:32:56,107 [INFO] Epoch [12/150] Train Loss: 4.5598 | Train Acc: 0.9149 (Classical:0.960 | Mesenchymal:0.875 | Neural:0.875 | Proneural:0.952) || Val Loss: 1.0240 | Val Acc: 0.5833 (Classical:1.000 | Mesenchymal:0.556 | Neural:0.250 | Proneural:0.400) || LR: 0.000200
2025-10-13 10:32:56,563 [INFO] Epoch [13/150] Train Loss: 4.6145 | Train Acc: 0.9149 (Classical:0.960 | Mesenchymal:0.844 | Neural:0.875 | Proneural:1.000) || Val Loss: 1.0109 | Val Acc: 0.5833 (Classical:1.000 | Mesenchymal:0.556 | Neural:0.250 | Proneural:0.400) || LR: 0.000200
2025-10-13 10:32:57,025 [INFO] Epoch [14/150] Train Loss: 4.5234 | Train Acc: 0.9255 (Classical:0.960 | Mesenchymal:0.875 | Neural:0.875 | Proneural:1.000) || Val Loss: 0.9987 | Val Acc: 0.6250 (Classical:1.000 | Mesenchymal:0.667 | Neural:0.250 | Proneural:0.400) || LR: 0.000200
2025-10-13 10:32:57,482 [INFO] Epoch [15/150] Train Loss: 4.5803 | Train Acc: 0.9255 (Classical:0.960 | Mesenchymal:0.844 | Neural:0.938 | Proneural:1.000) || Val Loss: 1.0053 | Val Acc: 0.5833 (Classical:1.000 | Mesenchymal:0.556 | Neural:0.250 | Proneural:0.400) || LR: 0.000200
2025-10-13 10:32:57,943 [INFO] Epoch [16/150] Train Loss: 4.4680 | Train Acc: 0.9255 (Classical:0.960 | Mesenchymal:0.844 | Neural:0.938 | Proneural:1.000) || Val Loss: 1.0180 | Val Acc: 0.5833 (Classical:1.000 | Mesenchymal:0.556 | Neural:0.250 | Proneural:0.400) || LR: 0.000200
2025-10-13 10:32:58,401 [INFO] Epoch [17/150] Train Loss: 4.4915 | Train Acc: 0.9468 (Classical:0.960 | Mesenchymal:0.906 | Neural:0.938 | Proneural:1.000) || Val Loss: 0.9985 | Val Acc: 0.6250 (Classical:1.000 | Mesenchymal:0.556 | Neural:0.250 | Proneural:0.600) || LR: 0.000200
2025-10-13 10:32:58,853 [INFO] Epoch [18/150] Train Loss: 4.5177 | Train Acc: 0.9468 (Classical:0.960 | Mesenchymal:0.906 | Neural:0.938 | Proneural:1.000) || Val Loss: 1.0164 | Val Acc: 0.6250 (Classical:1.000 | Mesenchymal:0.556 | Neural:0.250 | Proneural:0.600) || LR: 0.000200
2025-10-13 10:32:59,305 [INFO] Epoch [19/150] Train Loss: 4.4993 | Train Acc: 0.9468 (Classical:0.960 | Mesenchymal:0.906 | Neural:0.938 | Proneural:1.000) || Val Loss: 0.9927 | Val Acc: 0.6250 (Classical:1.000 | Mesenchymal:0.556 | Neural:0.250 | Proneural:0.600) || LR: 0.000200
2025-10-13 10:32:59,759 [INFO] Epoch [20/150] Train Loss: 4.3965 | Train Acc: 0.9574 (Classical:0.960 | Mesenchymal:0.938 | Neural:0.938 | Proneural:1.000) || Val Loss: 1.0108 | Val Acc: 0.6667 (Classical:1.000 | Mesenchymal:0.667 | Neural:0.250 | Proneural:0.600) || LR: 0.000200
2025-10-13 10:32:59,984 [INFO] Best model saved with val_acc: 0.6667
2025-10-13 10:33:00,473 [INFO] Epoch [21/150] Train Loss: 4.4058 | Train Acc: 0.9681 (Classical:0.960 | Mesenchymal:0.969 | Neural:0.938 | Proneural:1.000) || Val Loss: 0.9954 | Val Acc: 0.6667 (Classical:1.000 | Mesenchymal:0.667 | Neural:0.250 | Proneural:0.600) || LR: 0.000200
2025-10-13 10:33:00,931 [INFO] Epoch [22/150] Train Loss: 4.4137 | Train Acc: 0.9681 (Classical:0.960 | Mesenchymal:0.969 | Neural:0.938 | Proneural:1.000) || Val Loss: 0.9971 | Val Acc: 0.6667 (Classical:1.000 | Mesenchymal:0.667 | Neural:0.250 | Proneural:0.600) || LR: 0.000200
2025-10-13 10:33:01,389 [INFO] Epoch [23/150] Train Loss: 4.3406 | Train Acc: 0.9681 (Classical:0.960 | Mesenchymal:0.969 | Neural:0.938 | Proneural:1.000) || Val Loss: 0.9933 | Val Acc: 0.6667 (Classical:1.000 | Mesenchymal:0.667 | Neural:0.250 | Proneural:0.600) || LR: 0.000200
2025-10-13 10:33:01,843 [INFO] Epoch [24/150] Train Loss: 4.2745 | Train Acc: 0.9787 (Classical:0.960 | Mesenchymal:1.000 | Neural:0.938 | Proneural:1.000) || Val Loss: 0.9679 | Val Acc: 0.7083 (Classical:1.000 | Mesenchymal:0.667 | Neural:0.250 | Proneural:0.800) || LR: 0.000200
2025-10-13 10:33:02,057 [INFO] Best model saved with val_acc: 0.7083
2025-10-13 10:33:02,546 [INFO] Epoch [25/150] Train Loss: 4.3437 | Train Acc: 0.9787 (Classical:0.960 | Mesenchymal:1.000 | Neural:0.938 | Proneural:1.000) || Val Loss: 0.9927 | Val Acc: 0.7083 (Classical:1.000 | Mesenchymal:0.667 | Neural:0.250 | Proneural:0.800) || LR: 0.000200
2025-10-13 10:33:03,034 [INFO] Epoch [26/150] Train Loss: 4.2989 | Train Acc: 0.9681 (Classical:0.960 | Mesenchymal:0.969 | Neural:0.938 | Proneural:1.000) || Val Loss: 0.9859 | Val Acc: 0.7083 (Classical:1.000 | Mesenchymal:0.667 | Neural:0.250 | Proneural:0.800) || LR: 0.000200
2025-10-13 10:33:03,493 [INFO] Epoch [27/150] Train Loss: 4.2399 | Train Acc: 0.9681 (Classical:0.960 | Mesenchymal:0.969 | Neural:0.938 | Proneural:1.000) || Val Loss: 1.0337 | Val Acc: 0.7083 (Classical:1.000 | Mesenchymal:0.667 | Neural:0.250 | Proneural:0.800) || LR: 0.000200
2025-10-13 10:33:03,946 [INFO] Epoch [28/150] Train Loss: 4.2291 | Train Acc: 0.9681 (Classical:0.960 | Mesenchymal:0.969 | Neural:0.938 | Proneural:1.000) || Val Loss: 1.0477 | Val Acc: 0.7083 (Classical:1.000 | Mesenchymal:0.667 | Neural:0.250 | Proneural:0.800) || LR: 0.000200
2025-10-13 10:33:04,401 [INFO] Epoch [29/150] Train Loss: 4.2747 | Train Acc: 0.9787 (Classical:0.960 | Mesenchymal:1.000 | Neural:0.938 | Proneural:1.000) || Val Loss: 1.0724 | Val Acc: 0.7083 (Classical:1.000 | Mesenchymal:0.667 | Neural:0.250 | Proneural:0.800) || LR: 0.000200
2025-10-13 10:33:04,861 [INFO] Epoch [30/150] Train Loss: 4.2291 | Train Acc: 0.9681 (Classical:0.960 | Mesenchymal:0.969 | Neural:0.938 | Proneural:1.000) || Val Loss: 1.0783 | Val Acc: 0.7083 (Classical:1.000 | Mesenchymal:0.667 | Neural:0.250 | Proneural:0.800) || LR: 0.000200
2025-10-13 10:33:05,318 [INFO] Epoch [31/150] Train Loss: 4.2068 | Train Acc: 0.9894 (Classical:1.000 | Mesenchymal:1.000 | Neural:0.938 | Proneural:1.000) || Val Loss: 1.0599 | Val Acc: 0.7083 (Classical:1.000 | Mesenchymal:0.667 | Neural:0.250 | Proneural:0.800) || LR: 0.000200
2025-10-13 10:33:05,776 [INFO] Epoch [32/150] Train Loss: 4.1943 | Train Acc: 0.9894 (Classical:1.000 | Mesenchymal:1.000 | Neural:0.938 | Proneural:1.000) || Val Loss: 1.1035 | Val Acc: 0.6667 (Classical:1.000 | Mesenchymal:0.667 | Neural:0.000 | Proneural:0.800) || LR: 0.000200
2025-10-13 10:33:06,236 [INFO] Epoch [33/150] Train Loss: 4.1316 | Train Acc: 0.9894 (Classical:1.000 | Mesenchymal:1.000 | Neural:0.938 | Proneural:1.000) || Val Loss: 1.1210 | Val Acc: 0.6667 (Classical:0.833 | Mesenchymal:0.667 | Neural:0.250 | Proneural:0.800) || LR: 0.000200
2025-10-13 10:33:06,707 [INFO] Epoch [34/150] Train Loss: 4.1604 | Train Acc: 0.9894 (Classical:1.000 | Mesenchymal:1.000 | Neural:0.938 | Proneural:1.000) || Val Loss: 1.1312 | Val Acc: 0.6667 (Classical:0.833 | Mesenchymal:0.667 | Neural:0.250 | Proneural:0.800) || LR: 0.000200
2025-10-13 10:33:07,166 [INFO] Epoch [35/150] Train Loss: 4.0742 | Train Acc: 0.9894 (Classical:1.000 | Mesenchymal:1.000 | Neural:0.938 | Proneural:1.000) || Val Loss: 1.1262 | Val Acc: 0.6250 (Classical:0.833 | Mesenchymal:0.667 | Neural:0.000 | Proneural:0.800) || LR: 0.000200
2025-10-13 10:33:07,626 [INFO] Epoch [36/150] Train Loss: 4.0749 | Train Acc: 0.9894 (Classical:1.000 | Mesenchymal:1.000 | Neural:0.938 | Proneural:1.000) || Val Loss: 1.1270 | Val Acc: 0.6250 (Classical:0.833 | Mesenchymal:0.667 | Neural:0.000 | Proneural:0.800) || LR: 0.000200
2025-10-13 10:33:08,086 [INFO] Epoch [37/150] Train Loss: 4.0812 | Train Acc: 0.9894 (Classical:1.000 | Mesenchymal:1.000 | Neural:0.938 | Proneural:1.000) || Val Loss: 1.0981 | Val Acc: 0.6667 (Classical:0.833 | Mesenchymal:0.667 | Neural:0.250 | Proneural:0.800) || LR: 0.000200
2025-10-13 10:33:08,549 [INFO] Epoch [38/150] Train Loss: 4.0462 | Train Acc: 1.0000 (Classical:1.000 | Mesenchymal:1.000 | Neural:1.000 | Proneural:1.000) || Val Loss: 1.1244 | Val Acc: 0.6667 (Classical:0.833 | Mesenchymal:0.667 | Neural:0.250 | Proneural:0.800) || LR: 0.000200
2025-10-13 10:33:09,008 [INFO] Epoch [39/150] Train Loss: 4.0223 | Train Acc: 1.0000 (Classical:1.000 | Mesenchymal:1.000 | Neural:1.000 | Proneural:1.000) || Val Loss: 1.1636 | Val Acc: 0.6667 (Classical:1.000 | Mesenchymal:0.556 | Neural:0.250 | Proneural:0.800) || LR: 0.000200
2025-10-13 10:33:09,466 [INFO] Epoch [40/150] Train Loss: 3.9910 | Train Acc: 1.0000 (Classical:1.000 | Mesenchymal:1.000 | Neural:1.000 | Proneural:1.000) || Val Loss: 1.1242 | Val Acc: 0.6667 (Classical:0.833 | Mesenchymal:0.667 | Neural:0.250 | Proneural:0.800) || LR: 0.000200
2025-10-13 10:33:09,921 [INFO] Epoch [41/150] Train Loss: 4.0280 | Train Acc: 1.0000 (Classical:1.000 | Mesenchymal:1.000 | Neural:1.000 | Proneural:1.000) || Val Loss: 1.0773 | Val Acc: 0.7083 (Classical:1.000 | Mesenchymal:0.667 | Neural:0.250 | Proneural:0.800) || LR: 0.000200
2025-10-13 10:33:10,380 [INFO] Epoch [42/150] Train Loss: 3.9748 | Train Acc: 1.0000 (Classical:1.000 | Mesenchymal:1.000 | Neural:1.000 | Proneural:1.000) || Val Loss: 1.0924 | Val Acc: 0.6667 (Classical:0.833 | Mesenchymal:0.667 | Neural:0.250 | Proneural:0.800) || LR: 0.000200
2025-10-13 10:33:10,845 [INFO] Epoch [43/150] Train Loss: 3.9653 | Train Acc: 1.0000 (Classical:1.000 | Mesenchymal:1.000 | Neural:1.000 | Proneural:1.000) || Val Loss: 1.1657 | Val Acc: 0.6250 (Classical:0.833 | Mesenchymal:0.667 | Neural:0.000 | Proneural:0.800) || LR: 0.000200
2025-10-13 10:33:11,310 [INFO] Epoch [44/150] Train Loss: 3.8977 | Train Acc: 1.0000 (Classical:1.000 | Mesenchymal:1.000 | Neural:1.000 | Proneural:1.000) || Val Loss: 1.1538 | Val Acc: 0.6250 (Classical:0.833 | Mesenchymal:0.667 | Neural:0.000 | Proneural:0.800) || LR: 0.000200
2025-10-13 10:33:11,781 [INFO] Epoch [45/150] Train Loss: 3.9183 | Train Acc: 1.0000 (Classical:1.000 | Mesenchymal:1.000 | Neural:1.000 | Proneural:1.000) || Val Loss: 1.1211 | Val Acc: 0.6667 (Classical:1.000 | Mesenchymal:0.667 | Neural:0.000 | Proneural:0.800) || LR: 0.000200
2025-10-13 10:33:12,250 [INFO] Epoch [46/150] Train Loss: 3.8669 | Train Acc: 1.0000 (Classical:1.000 | Mesenchymal:1.000 | Neural:1.000 | Proneural:1.000) || Val Loss: 1.1511 | Val Acc: 0.6667 (Classical:1.000 | Mesenchymal:0.667 | Neural:0.000 | Proneural:0.800) || LR: 0.000200
2025-10-13 10:33:12,717 [INFO] Epoch [47/150] Train Loss: 3.8950 | Train Acc: 1.0000 (Classical:1.000 | Mesenchymal:1.000 | Neural:1.000 | Proneural:1.000) || Val Loss: 1.2316 | Val Acc: 0.6667 (Classical:1.000 | Mesenchymal:0.667 | Neural:0.000 | Proneural:0.800) || LR: 0.000200
2025-10-13 10:33:13,184 [INFO] Epoch [48/150] Train Loss: 3.9033 | Train Acc: 1.0000 (Classical:1.000 | Mesenchymal:1.000 | Neural:1.000 | Proneural:1.000) || Val Loss: 1.2424 | Val Acc: 0.6250 (Classical:0.833 | Mesenchymal:0.667 | Neural:0.000 | Proneural:0.800) || LR: 0.000200
2025-10-13 10:33:13,649 [INFO] Epoch [49/150] Train Loss: 3.8405 | Train Acc: 1.0000 (Classical:1.000 | Mesenchymal:1.000 | Neural:1.000 | Proneural:1.000) || Val Loss: 1.2244 | Val Acc: 0.6250 (Classical:0.833 | Mesenchymal:0.667 | Neural:0.000 | Proneural:0.800) || LR: 0.000200
2025-10-13 10:33:14,118 [INFO] Epoch [50/150] Train Loss: 3.8493 | Train Acc: 1.0000 (Classical:1.000 | Mesenchymal:1.000 | Neural:1.000 | Proneural:1.000) || Val Loss: 1.2114 | Val Acc: 0.6667 (Classical:1.000 | Mesenchymal:0.556 | Neural:0.250 | Proneural:0.800) || LR: 0.000200
2025-10-13 10:33:14,579 [INFO] Epoch [51/150] Train Loss: 3.8918 | Train Acc: 1.0000 (Classical:1.000 | Mesenchymal:1.000 | Neural:1.000 | Proneural:1.000) || Val Loss: 1.2175 | Val Acc: 0.7083 (Classical:1.000 | Mesenchymal:0.667 | Neural:0.250 | Proneural:0.800) || LR: 0.000200
2025-10-13 10:33:15,041 [INFO] Epoch [52/150] Train Loss: 3.8127 | Train Acc: 1.0000 (Classical:1.000 | Mesenchymal:1.000 | Neural:1.000 | Proneural:1.000) || Val Loss: 1.2052 | Val Acc: 0.7083 (Classical:1.000 | Mesenchymal:0.667 | Neural:0.250 | Proneural:0.800) || LR: 0.000200
2025-10-13 10:33:15,501 [INFO] Epoch [53/150] Train Loss: 3.8461 | Train Acc: 1.0000 (Classical:1.000 | Mesenchymal:1.000 | Neural:1.000 | Proneural:1.000) || Val Loss: 1.2634 | Val Acc: 0.7083 (Classical:1.000 | Mesenchymal:0.667 | Neural:0.250 | Proneural:0.800) || LR: 0.000200
2025-10-13 10:33:15,973 [INFO] Epoch [54/150] Train Loss: 3.7559 | Train Acc: 1.0000 (Classical:1.000 | Mesenchymal:1.000 | Neural:1.000 | Proneural:1.000) || Val Loss: 1.3015 | Val Acc: 0.6667 (Classical:1.000 | Mesenchymal:0.667 | Neural:0.000 | Proneural:0.800) || LR: 0.000200
2025-10-13 10:33:16,436 [INFO] Epoch [55/150] Train Loss: 3.7797 | Train Acc: 1.0000 (Classical:1.000 | Mesenchymal:1.000 | Neural:1.000 | Proneural:1.000) || Val Loss: 1.3144 | Val Acc: 0.6250 (Classical:1.000 | Mesenchymal:0.667 | Neural:0.000 | Proneural:0.600) || LR: 0.000200
2025-10-13 10:33:16,912 [INFO] Epoch [56/150] Train Loss: 3.7459 | Train Acc: 1.0000 (Classical:1.000 | Mesenchymal:1.000 | Neural:1.000 | Proneural:1.000) || Val Loss: 1.3068 | Val Acc: 0.6667 (Classical:1.000 | Mesenchymal:0.667 | Neural:0.000 | Proneural:0.800) || LR: 0.000200
2025-10-13 10:33:17,377 [INFO] Epoch [57/150] Train Loss: 3.7661 | Train Acc: 1.0000 (Classical:1.000 | Mesenchymal:1.000 | Neural:1.000 | Proneural:1.000) || Val Loss: 1.2927 | Val Acc: 0.6250 (Classical:0.833 | Mesenchymal:0.556 | Neural:0.250 | Proneural:0.800) || LR: 0.000200
2025-10-13 10:33:17,830 [INFO] Epoch [58/150] Train Loss: 3.7283 | Train Acc: 1.0000 (Classical:1.000 | Mesenchymal:1.000 | Neural:1.000 | Proneural:1.000) || Val Loss: 1.3532 | Val Acc: 0.6667 (Classical:1.000 | Mesenchymal:0.667 | Neural:0.000 | Proneural:0.800) || LR: 0.000200
2025-10-13 10:33:18,285 [INFO] Epoch [59/150] Train Loss: 3.7092 | Train Acc: 1.0000 (Classical:1.000 | Mesenchymal:1.000 | Neural:1.000 | Proneural:1.000) || Val Loss: 1.3917 | Val Acc: 0.6250 (Classical:0.833 | Mesenchymal:0.667 | Neural:0.000 | Proneural:0.800) || LR: 0.000200
2025-10-13 10:33:18,739 [INFO] Epoch [60/150] Train Loss: 3.7365 | Train Acc: 1.0000 (Classical:1.000 | Mesenchymal:1.000 | Neural:1.000 | Proneural:1.000) || Val Loss: 1.4108 | Val Acc: 0.6250 (Classical:0.833 | Mesenchymal:0.667 | Neural:0.000 | Proneural:0.800) || LR: 0.000200
2025-10-13 10:33:19,195 [INFO] Epoch [61/150] Train Loss: 3.7230 | Train Acc: 1.0000 (Classical:1.000 | Mesenchymal:1.000 | Neural:1.000 | Proneural:1.000) || Val Loss: 1.4167 | Val Acc: 0.6250 (Classical:0.833 | Mesenchymal:0.667 | Neural:0.000 | Proneural:0.800) || LR: 0.000200
2025-10-13 10:33:19,653 [INFO] Epoch [62/150] Train Loss: 3.6863 | Train Acc: 1.0000 (Classical:1.000 | Mesenchymal:1.000 | Neural:1.000 | Proneural:1.000) || Val Loss: 1.4189 | Val Acc: 0.6250 (Classical:0.833 | Mesenchymal:0.667 | Neural:0.000 | Proneural:0.800) || LR: 0.000200
2025-10-13 10:33:20,111 [INFO] Epoch [63/150] Train Loss: 3.7058 | Train Acc: 1.0000 (Classical:1.000 | Mesenchymal:1.000 | Neural:1.000 | Proneural:1.000) || Val Loss: 1.4633 | Val Acc: 0.6250 (Classical:0.833 | Mesenchymal:0.667 | Neural:0.000 | Proneural:0.800) || LR: 0.000200
2025-10-13 10:33:20,568 [INFO] Epoch [64/150] Train Loss: 3.6568 | Train Acc: 1.0000 (Classical:1.000 | Mesenchymal:1.000 | Neural:1.000 | Proneural:1.000) || Val Loss: 1.4967 | Val Acc: 0.6250 (Classical:0.833 | Mesenchymal:0.667 | Neural:0.000 | Proneural:0.800) || LR: 0.000200
2025-10-13 10:33:21,025 [INFO] Epoch [65/150] Train Loss: 3.6984 | Train Acc: 1.0000 (Classical:1.000 | Mesenchymal:1.000 | Neural:1.000 | Proneural:1.000) || Val Loss: 1.5112 | Val Acc: 0.6250 (Classical:0.833 | Mesenchymal:0.667 | Neural:0.000 | Proneural:0.800) || LR: 0.000200
2025-10-13 10:33:21,485 [INFO] Epoch [66/150] Train Loss: 3.6486 | Train Acc: 1.0000 (Classical:1.000 | Mesenchymal:1.000 | Neural:1.000 | Proneural:1.000) || Val Loss: 1.4266 | Val Acc: 0.6250 (Classical:0.833 | Mesenchymal:0.667 | Neural:0.000 | Proneural:0.800) || LR: 0.000200
2025-10-13 10:33:21,950 [INFO] Epoch [67/150] Train Loss: 3.6547 | Train Acc: 1.0000 (Classical:1.000 | Mesenchymal:1.000 | Neural:1.000 | Proneural:1.000) || Val Loss: 1.4597 | Val Acc: 0.6250 (Classical:0.833 | Mesenchymal:0.667 | Neural:0.000 | Proneural:0.800) || LR: 0.000200
2025-10-13 10:33:22,416 [INFO] Epoch [68/150] Train Loss: 3.6163 | Train Acc: 1.0000 (Classical:1.000 | Mesenchymal:1.000 | Neural:1.000 | Proneural:1.000) || Val Loss: 1.3272 | Val Acc: 0.6667 (Classical:0.833 | Mesenchymal:0.667 | Neural:0.250 | Proneural:0.800) || LR: 0.000200
2025-10-13 10:33:22,887 [INFO] Epoch [69/150] Train Loss: 3.6182 | Train Acc: 1.0000 (Classical:1.000 | Mesenchymal:1.000 | Neural:1.000 | Proneural:1.000) || Val Loss: 1.2909 | Val Acc: 0.6667 (Classical:0.833 | Mesenchymal:0.667 | Neural:0.250 | Proneural:0.800) || LR: 0.000200
2025-10-13 10:33:23,358 [INFO] Epoch [70/150] Train Loss: 3.5862 | Train Acc: 1.0000 (Classical:1.000 | Mesenchymal:1.000 | Neural:1.000 | Proneural:1.000) || Val Loss: 1.3477 | Val Acc: 0.6250 (Classical:0.833 | Mesenchymal:0.667 | Neural:0.000 | Proneural:0.800) || LR: 0.000200
2025-10-13 10:33:23,831 [INFO] Epoch [71/150] Train Loss: 3.5879 | Train Acc: 1.0000 (Classical:1.000 | Mesenchymal:1.000 | Neural:1.000 | Proneural:1.000) || Val Loss: 1.3933 | Val Acc: 0.6250 (Classical:0.833 | Mesenchymal:0.667 | Neural:0.000 | Proneural:0.800) || LR: 0.000200
2025-10-13 10:33:24,288 [INFO] Epoch [72/150] Train Loss: 3.6505 | Train Acc: 1.0000 (Classical:1.000 | Mesenchymal:1.000 | Neural:1.000 | Proneural:1.000) || Val Loss: 1.3240 | Val Acc: 0.7500 (Classical:0.833 | Mesenchymal:0.778 | Neural:0.500 | Proneural:0.800) || LR: 0.000200
2025-10-13 10:33:24,503 [INFO] Best model saved with val_acc: 0.7500
2025-10-13 10:33:24,974 [INFO] Epoch [73/150] Train Loss: 3.6124 | Train Acc: 1.0000 (Classical:1.000 | Mesenchymal:1.000 | Neural:1.000 | Proneural:1.000) || Val Loss: 1.3875 | Val Acc: 0.6250 (Classical:0.833 | Mesenchymal:0.667 | Neural:0.000 | Proneural:0.800) || LR: 0.000200
2025-10-13 10:33:25,443 [INFO] Epoch [74/150] Train Loss: 3.5708 | Train Acc: 1.0000 (Classical:1.000 | Mesenchymal:1.000 | Neural:1.000 | Proneural:1.000) || Val Loss: 1.2603 | Val Acc: 0.6667 (Classical:0.833 | Mesenchymal:0.667 | Neural:0.250 | Proneural:0.800) || LR: 0.000200
2025-10-13 10:33:25,907 [INFO] Epoch [75/150] Train Loss: 3.5732 | Train Acc: 1.0000 (Classical:1.000 | Mesenchymal:1.000 | Neural:1.000 | Proneural:1.000) || Val Loss: 1.3513 | Val Acc: 0.6250 (Classical:0.833 | Mesenchymal:0.667 | Neural:0.000 | Proneural:0.800) || LR: 0.000200
2025-10-13 10:33:26,362 [INFO] Epoch [76/150] Train Loss: 3.5349 | Train Acc: 1.0000 (Classical:1.000 | Mesenchymal:1.000 | Neural:1.000 | Proneural:1.000) || Val Loss: 1.2903 | Val Acc: 0.6667 (Classical:0.833 | Mesenchymal:0.667 | Neural:0.250 | Proneural:0.800) || LR: 0.000200
2025-10-13 10:33:26,826 [INFO] Epoch [77/150] Train Loss: 3.5328 | Train Acc: 1.0000 (Classical:1.000 | Mesenchymal:1.000 | Neural:1.000 | Proneural:1.000) || Val Loss: 1.2777 | Val Acc: 0.6667 (Classical:0.833 | Mesenchymal:0.667 | Neural:0.250 | Proneural:0.800) || LR: 0.000200
2025-10-13 10:33:27,289 [INFO] Epoch [78/150] Train Loss: 3.5692 | Train Acc: 1.0000 (Classical:1.000 | Mesenchymal:1.000 | Neural:1.000 | Proneural:1.000) || Val Loss: 1.3201 | Val Acc: 0.6667 (Classical:0.833 | Mesenchymal:0.667 | Neural:0.250 | Proneural:0.800) || LR: 0.000200
2025-10-13 10:33:27,744 [INFO] Epoch [79/150] Train Loss: 3.5194 | Train Acc: 1.0000 (Classical:1.000 | Mesenchymal:1.000 | Neural:1.000 | Proneural:1.000) || Val Loss: 1.4012 | Val Acc: 0.6250 (Classical:0.833 | Mesenchymal:0.667 | Neural:0.000 | Proneural:0.800) || LR: 0.000200
2025-10-13 10:33:28,202 [INFO] Epoch [80/150] Train Loss: 3.5441 | Train Acc: 1.0000 (Classical:1.000 | Mesenchymal:1.000 | Neural:1.000 | Proneural:1.000) || Val Loss: 1.3443 | Val Acc: 0.7083 (Classical:1.000 | Mesenchymal:0.667 | Neural:0.250 | Proneural:0.800) || LR: 0.000200
2025-10-13 10:33:28,663 [INFO] Epoch [81/150] Train Loss: 3.5199 | Train Acc: 1.0000 (Classical:1.000 | Mesenchymal:1.000 | Neural:1.000 | Proneural:1.000) || Val Loss: 1.3293 | Val Acc: 0.6667 (Classical:1.000 | Mesenchymal:0.667 | Neural:0.250 | Proneural:0.600) || LR: 0.000200
2025-10-13 10:33:29,124 [INFO] Epoch [82/150] Train Loss: 3.5327 | Train Acc: 1.0000 (Classical:1.000 | Mesenchymal:1.000 | Neural:1.000 | Proneural:1.000) || Val Loss: 1.3274 | Val Acc: 0.6667 (Classical:1.000 | Mesenchymal:0.667 | Neural:0.250 | Proneural:0.600) || LR: 0.000200
2025-10-13 10:33:29,584 [INFO] Epoch [83/150] Train Loss: 3.5004 | Train Acc: 1.0000 (Classical:1.000 | Mesenchymal:1.000 | Neural:1.000 | Proneural:1.000) || Val Loss: 1.3683 | Val Acc: 0.6667 (Classical:1.000 | Mesenchymal:0.667 | Neural:0.250 | Proneural:0.600) || LR: 0.000200
2025-10-13 10:33:30,041 [INFO] Epoch [84/150] Train Loss: 3.4798 | Train Acc: 1.0000 (Classical:1.000 | Mesenchymal:1.000 | Neural:1.000 | Proneural:1.000) || Val Loss: 1.3573 | Val Acc: 0.6667 (Classical:0.833 | Mesenchymal:0.778 | Neural:0.250 | Proneural:0.600) || LR: 0.000200
2025-10-13 10:33:30,496 [INFO] Epoch [85/150] Train Loss: 3.4723 | Train Acc: 1.0000 (Classical:1.000 | Mesenchymal:1.000 | Neural:1.000 | Proneural:1.000) || Val Loss: 1.3881 | Val Acc: 0.6667 (Classical:1.000 | Mesenchymal:0.778 | Neural:0.000 | Proneural:0.600) || LR: 0.000200
2025-10-13 10:33:30,952 [INFO] Epoch [86/150] Train Loss: 3.4588 | Train Acc: 1.0000 (Classical:1.000 | Mesenchymal:1.000 | Neural:1.000 | Proneural:1.000) || Val Loss: 1.3660 | Val Acc: 0.6667 (Classical:1.000 | Mesenchymal:0.667 | Neural:0.250 | Proneural:0.600) || LR: 0.000200
2025-10-13 10:33:31,407 [INFO] Epoch [87/150] Train Loss: 3.4689 | Train Acc: 1.0000 (Classical:1.000 | Mesenchymal:1.000 | Neural:1.000 | Proneural:1.000) || Val Loss: 1.4178 | Val Acc: 0.6667 (Classical:1.000 | Mesenchymal:0.778 | Neural:0.000 | Proneural:0.600) || LR: 0.000200
2025-10-13 10:33:31,861 [INFO] Epoch [88/150] Train Loss: 3.4804 | Train Acc: 1.0000 (Classical:1.000 | Mesenchymal:1.000 | Neural:1.000 | Proneural:1.000) || Val Loss: 1.4445 | Val Acc: 0.7083 (Classical:1.000 | Mesenchymal:0.667 | Neural:0.250 | Proneural:0.800) || LR: 0.000200
2025-10-13 10:33:32,321 [INFO] Epoch [89/150] Train Loss: 3.5101 | Train Acc: 1.0000 (Classical:1.000 | Mesenchymal:1.000 | Neural:1.000 | Proneural:1.000) || Val Loss: 1.3838 | Val Acc: 0.6667 (Classical:0.833 | Mesenchymal:0.667 | Neural:0.250 | Proneural:0.800) || LR: 0.000200
2025-10-13 10:33:32,780 [INFO] Epoch [90/150] Train Loss: 3.5078 | Train Acc: 1.0000 (Classical:1.000 | Mesenchymal:1.000 | Neural:1.000 | Proneural:1.000) || Val Loss: 1.4337 | Val Acc: 0.7083 (Classical:1.000 | Mesenchymal:0.778 | Neural:0.000 | Proneural:0.800) || LR: 0.000200
2025-10-13 10:33:33,251 [INFO] Epoch [91/150] Train Loss: 3.4553 | Train Acc: 1.0000 (Classical:1.000 | Mesenchymal:1.000 | Neural:1.000 | Proneural:1.000) || Val Loss: 1.5135 | Val Acc: 0.7083 (Classical:1.000 | Mesenchymal:0.778 | Neural:0.000 | Proneural:0.800) || LR: 0.000200
2025-10-13 10:33:33,726 [INFO] Epoch [92/150] Train Loss: 3.4049 | Train Acc: 1.0000 (Classical:1.000 | Mesenchymal:1.000 | Neural:1.000 | Proneural:1.000) || Val Loss: 1.5261 | Val Acc: 0.7083 (Classical:1.000 | Mesenchymal:0.778 | Neural:0.000 | Proneural:0.800) || LR: 0.000200
2025-10-13 10:33:34,224 [INFO] Epoch [93/150] Train Loss: 3.4359 | Train Acc: 1.0000 (Classical:1.000 | Mesenchymal:1.000 | Neural:1.000 | Proneural:1.000) || Val Loss: 1.5891 | Val Acc: 0.7083 (Classical:1.000 | Mesenchymal:0.778 | Neural:0.000 | Proneural:0.800) || LR: 0.000200
2025-10-13 10:33:34,689 [INFO] Epoch [94/150] Train Loss: 3.4212 | Train Acc: 1.0000 (Classical:1.000 | Mesenchymal:1.000 | Neural:1.000 | Proneural:1.000) || Val Loss: 1.4707 | Val Acc: 0.7083 (Classical:1.000 | Mesenchymal:0.778 | Neural:0.000 | Proneural:0.800) || LR: 0.000200
2025-10-13 10:33:35,156 [INFO] Epoch [95/150] Train Loss: 3.3978 | Train Acc: 1.0000 (Classical:1.000 | Mesenchymal:1.000 | Neural:1.000 | Proneural:1.000) || Val Loss: 1.4690 | Val Acc: 0.7083 (Classical:1.000 | Mesenchymal:0.778 | Neural:0.000 | Proneural:0.800) || LR: 0.000200
2025-10-13 10:33:35,621 [INFO] Epoch [96/150] Train Loss: 3.4065 | Train Acc: 1.0000 (Classical:1.000 | Mesenchymal:1.000 | Neural:1.000 | Proneural:1.000) || Val Loss: 1.5521 | Val Acc: 0.7083 (Classical:1.000 | Mesenchymal:0.778 | Neural:0.000 | Proneural:0.800) || LR: 0.000200
2025-10-13 10:33:36,100 [INFO] Epoch [97/150] Train Loss: 3.3817 | Train Acc: 1.0000 (Classical:1.000 | Mesenchymal:1.000 | Neural:1.000 | Proneural:1.000) || Val Loss: 1.5334 | Val Acc: 0.6250 (Classical:1.000 | Mesenchymal:0.667 | Neural:0.000 | Proneural:0.600) || LR: 0.000200
2025-10-13 10:33:36,565 [INFO] Epoch [98/150] Train Loss: 3.3801 | Train Acc: 1.0000 (Classical:1.000 | Mesenchymal:1.000 | Neural:1.000 | Proneural:1.000) || Val Loss: 1.4744 | Val Acc: 0.7500 (Classical:1.000 | Mesenchymal:0.778 | Neural:0.250 | Proneural:0.800) || LR: 0.000200
2025-10-13 10:33:37,024 [INFO] Epoch [99/150] Train Loss: 3.3673 | Train Acc: 1.0000 (Classical:1.000 | Mesenchymal:1.000 | Neural:1.000 | Proneural:1.000) || Val Loss: 1.4093 | Val Acc: 0.7500 (Classical:1.000 | Mesenchymal:0.778 | Neural:0.250 | Proneural:0.800) || LR: 0.000200
2025-10-13 10:33:37,527 [INFO] Epoch [100/150] Train Loss: 3.3657 | Train Acc: 1.0000 (Classical:1.000 | Mesenchymal:1.000 | Neural:1.000 | Proneural:1.000) || Val Loss: 1.4147 | Val Acc: 0.7500 (Classical:1.000 | Mesenchymal:0.778 | Neural:0.250 | Proneural:0.800) || LR: 0.000200
2025-10-13 10:33:38,002 [INFO] Epoch [101/150] Train Loss: 3.3436 | Train Acc: 1.0000 (Classical:1.000 | Mesenchymal:1.000 | Neural:1.000 | Proneural:1.000) || Val Loss: 1.4183 | Val Acc: 0.7500 (Classical:1.000 | Mesenchymal:0.778 | Neural:0.250 | Proneural:0.800) || LR: 0.000200
2025-10-13 10:33:38,471 [INFO] Epoch [102/150] Train Loss: 3.3513 | Train Acc: 1.0000 (Classical:1.000 | Mesenchymal:1.000 | Neural:1.000 | Proneural:1.000) || Val Loss: 1.4100 | Val Acc: 0.7500 (Classical:1.000 | Mesenchymal:0.778 | Neural:0.250 | Proneural:0.800) || LR: 0.000200
2025-10-13 10:33:39,032 [INFO] Epoch [103/150] Train Loss: 3.3461 | Train Acc: 1.0000 (Classical:1.000 | Mesenchymal:1.000 | Neural:1.000 | Proneural:1.000) || Val Loss: 1.5189 | Val Acc: 0.6250 (Classical:1.000 | Mesenchymal:0.556 | Neural:0.000 | Proneural:0.800) || LR: 0.000200
2025-10-13 10:33:39,677 [INFO] Epoch [104/150] Train Loss: 3.3193 | Train Acc: 1.0000 (Classical:1.000 | Mesenchymal:1.000 | Neural:1.000 | Proneural:1.000) || Val Loss: 1.5888 | Val Acc: 0.6667 (Classical:1.000 | Mesenchymal:0.778 | Neural:0.000 | Proneural:0.600) || LR: 0.000200
2025-10-13 10:33:40,315 [INFO] Epoch [105/150] Train Loss: 3.3248 | Train Acc: 1.0000 (Classical:1.000 | Mesenchymal:1.000 | Neural:1.000 | Proneural:1.000) || Val Loss: 1.5448 | Val Acc: 0.6250 (Classical:1.000 | Mesenchymal:0.667 | Neural:0.000 | Proneural:0.600) || LR: 0.000200
2025-10-13 10:33:40,950 [INFO] Epoch [106/150] Train Loss: 3.3172 | Train Acc: 1.0000 (Classical:1.000 | Mesenchymal:1.000 | Neural:1.000 | Proneural:1.000) || Val Loss: 1.6671 | Val Acc: 0.6250 (Classical:1.000 | Mesenchymal:0.667 | Neural:0.000 | Proneural:0.600) || LR: 0.000200
2025-10-13 10:33:41,607 [INFO] Epoch [107/150] Train Loss: 3.3381 | Train Acc: 1.0000 (Classical:1.000 | Mesenchymal:1.000 | Neural:1.000 | Proneural:1.000) || Val Loss: 1.6750 | Val Acc: 0.6250 (Classical:1.000 | Mesenchymal:0.667 | Neural:0.000 | Proneural:0.600) || LR: 0.000200
2025-10-13 10:33:42,200 [INFO] Epoch [108/150] Train Loss: 3.2946 | Train Acc: 1.0000 (Classical:1.000 | Mesenchymal:1.000 | Neural:1.000 | Proneural:1.000) || Val Loss: 1.7241 | Val Acc: 0.6667 (Classical:1.000 | Mesenchymal:0.667 | Neural:0.000 | Proneural:0.800) || LR: 0.000200
2025-10-13 10:33:42,799 [INFO] Epoch [109/150] Train Loss: 3.2978 | Train Acc: 1.0000 (Classical:1.000 | Mesenchymal:1.000 | Neural:1.000 | Proneural:1.000) || Val Loss: 1.7578 | Val Acc: 0.5833 (Classical:0.833 | Mesenchymal:0.556 | Neural:0.000 | Proneural:0.800) || LR: 0.000200
2025-10-13 10:33:43,515 [INFO] Epoch [110/150] Train Loss: 3.3709 | Train Acc: 1.0000 (Classical:1.000 | Mesenchymal:1.000 | Neural:1.000 | Proneural:1.000) || Val Loss: 1.9511 | Val Acc: 0.5833 (Classical:0.833 | Mesenchymal:0.556 | Neural:0.000 | Proneural:0.800) || LR: 0.000200
2025-10-13 10:33:44,130 [INFO] Epoch [111/150] Train Loss: 3.3059 | Train Acc: 1.0000 (Classical:1.000 | Mesenchymal:1.000 | Neural:1.000 | Proneural:1.000) || Val Loss: 1.8933 | Val Acc: 0.5833 (Classical:0.833 | Mesenchymal:0.556 | Neural:0.000 | Proneural:0.800) || LR: 0.000200
2025-10-13 10:33:44,764 [INFO] Epoch [112/150] Train Loss: 3.3318 | Train Acc: 1.0000 (Classical:1.000 | Mesenchymal:1.000 | Neural:1.000 | Proneural:1.000) || Val Loss: 1.9338 | Val Acc: 0.5833 (Classical:0.833 | Mesenchymal:0.556 | Neural:0.000 | Proneural:0.800) || LR: 0.000200
2025-10-13 10:33:45,397 [INFO] Epoch [113/150] Train Loss: 3.2872 | Train Acc: 1.0000 (Classical:1.000 | Mesenchymal:1.000 | Neural:1.000 | Proneural:1.000) || Val Loss: 1.7627 | Val Acc: 0.6250 (Classical:0.833 | Mesenchymal:0.556 | Neural:0.250 | Proneural:0.800) || LR: 0.000200
2025-10-13 10:33:46,060 [INFO] Epoch [114/150] Train Loss: 3.2899 | Train Acc: 1.0000 (Classical:1.000 | Mesenchymal:1.000 | Neural:1.000 | Proneural:1.000) || Val Loss: 1.8072 | Val Acc: 0.6667 (Classical:0.833 | Mesenchymal:0.778 | Neural:0.000 | Proneural:0.800) || LR: 0.000200
2025-10-13 10:33:46,632 [INFO] Epoch [115/150] Train Loss: 3.2632 | Train Acc: 1.0000 (Classical:1.000 | Mesenchymal:1.000 | Neural:1.000 | Proneural:1.000) || Val Loss: 1.8286 | Val Acc: 0.6250 (Classical:0.833 | Mesenchymal:0.778 | Neural:0.000 | Proneural:0.600) || LR: 0.000200
2025-10-13 10:33:47,223 [INFO] Epoch [116/150] Train Loss: 3.2604 | Train Acc: 1.0000 (Classical:1.000 | Mesenchymal:1.000 | Neural:1.000 | Proneural:1.000) || Val Loss: 1.8684 | Val Acc: 0.6250 (Classical:0.833 | Mesenchymal:0.778 | Neural:0.000 | Proneural:0.600) || LR: 0.000200
2025-10-13 10:33:47,831 [INFO] Epoch [117/150] Train Loss: 3.2667 | Train Acc: 1.0000 (Classical:1.000 | Mesenchymal:1.000 | Neural:1.000 | Proneural:1.000) || Val Loss: 1.7664 | Val Acc: 0.6250 (Classical:0.833 | Mesenchymal:0.778 | Neural:0.000 | Proneural:0.600) || LR: 0.000200
2025-10-13 10:33:48,409 [INFO] Epoch [118/150] Train Loss: 3.2427 | Train Acc: 1.0000 (Classical:1.000 | Mesenchymal:1.000 | Neural:1.000 | Proneural:1.000) || Val Loss: 1.7691 | Val Acc: 0.6250 (Classical:0.833 | Mesenchymal:0.778 | Neural:0.000 | Proneural:0.600) || LR: 0.000200
2025-10-13 10:33:49,030 [INFO] Epoch [119/150] Train Loss: 3.2364 | Train Acc: 1.0000 (Classical:1.000 | Mesenchymal:1.000 | Neural:1.000 | Proneural:1.000) || Val Loss: 1.5862 | Val Acc: 0.6250 (Classical:0.833 | Mesenchymal:0.778 | Neural:0.000 | Proneural:0.600) || LR: 0.000200
2025-10-13 10:33:49,619 [INFO] Epoch [120/150] Train Loss: 3.3751 | Train Acc: 1.0000 (Classical:1.000 | Mesenchymal:1.000 | Neural:1.000 | Proneural:1.000) || Val Loss: 1.4660 | Val Acc: 0.6667 (Classical:0.833 | Mesenchymal:0.778 | Neural:0.250 | Proneural:0.600) || LR: 0.000200
2025-10-13 10:33:50,170 [INFO] Epoch [121/150] Train Loss: 3.2302 | Train Acc: 1.0000 (Classical:1.000 | Mesenchymal:1.000 | Neural:1.000 | Proneural:1.000) || Val Loss: 1.6302 | Val Acc: 0.6667 (Classical:0.833 | Mesenchymal:0.778 | Neural:0.250 | Proneural:0.600) || LR: 0.000200
2025-10-13 10:33:50,881 [INFO] Epoch [122/150] Train Loss: 3.2393 | Train Acc: 1.0000 (Classical:1.000 | Mesenchymal:1.000 | Neural:1.000 | Proneural:1.000) || Val Loss: 1.6315 | Val Acc: 0.6667 (Classical:0.833 | Mesenchymal:0.778 | Neural:0.250 | Proneural:0.600) || LR: 0.000200
2025-10-13 10:33:50,881 [INFO] Early stopping at epoch 122
2025-10-13 10:33:50,932 [INFO] Training completed. Best accuracy: 0.7500
2025-10-13 10:33:50,932 [INFO] Log: ./logs/train_20251013_103248.log, Model: ./models/best_model.pth
2025-10-13 10:33:51,131 [INFO] FINAL PER-CLASS | Train Acc: 1.0000 (Classical:1.000 | Mesenchymal:1.000 | Neural:1.000 | Proneural:1.000) || Val Acc: 0.7500 (Classical:0.833 | Mesenchymal:0.778 | Neural:0.500 | Proneural:0.800)
2025-10-13 10:33:51,225 [INFO] FINAL PER-CLASS | Test  Acc: 0.8667 (Classical:1.000 | Mesenchymal:0.900 | Neural:0.800 | Proneural:0.714)
