2025-10-13 10:31:22,621 [INFO] Model parameters: 56,828,699, Classes: 4
2025-10-13 10:31:22,621 [INFO] Enhanced regularization: Dropout=0.4, Weight_decay=0.002
2025-10-13 10:31:23,090 [INFO] Regularized Attention-MOI Training Started
2025-10-13 10:31:23,090 [INFO] Training started with enhanced regularization
2025-10-13 10:31:23,090 [INFO] Dropout: 0.4, Weight decay: 0.002
2025-10-13 10:31:23,790 [INFO] Epoch [1/150] Train Loss: 5.3748 | Train Acc: 0.4468 (Classical:0.120 | Mesenchymal:0.156 | Neural:0.938 | Proneural:0.905) || Val Loss: 1.3741 | Val Acc: 0.2500 (Classical:0.000 | Mesenchymal:0.000 | Neural:0.750 | Proneural:0.600) || LR: 0.000200
2025-10-13 10:31:23,994 [INFO] Best model saved with val_acc: 0.2500
2025-10-13 10:31:24,453 [INFO] Epoch [2/150] Train Loss: 5.0597 | Train Acc: 0.5426 (Classical:0.240 | Mesenchymal:0.375 | Neural:0.812 | Proneural:0.952) || Val Loss: 1.1420 | Val Acc: 0.4583 (Classical:0.167 | Mesenchymal:0.556 | Neural:0.500 | Proneural:0.600) || LR: 0.000200
2025-10-13 10:31:24,672 [INFO] Best model saved with val_acc: 0.4583
2025-10-13 10:31:25,162 [INFO] Epoch [3/150] Train Loss: 4.9078 | Train Acc: 0.5957 (Classical:0.320 | Mesenchymal:0.469 | Neural:0.812 | Proneural:0.952) || Val Loss: 1.1114 | Val Acc: 0.4583 (Classical:0.167 | Mesenchymal:0.556 | Neural:0.250 | Proneural:0.800) || LR: 0.000200
2025-10-13 10:31:25,615 [INFO] Epoch [4/150] Train Loss: 4.9008 | Train Acc: 0.6383 (Classical:0.400 | Mesenchymal:0.562 | Neural:0.750 | Proneural:0.952) || Val Loss: 1.0689 | Val Acc: 0.5000 (Classical:0.333 | Mesenchymal:0.556 | Neural:0.000 | Proneural:1.000) || LR: 0.000200
2025-10-13 10:31:25,811 [INFO] Best model saved with val_acc: 0.5000
2025-10-13 10:31:26,303 [INFO] Epoch [5/150] Train Loss: 4.8296 | Train Acc: 0.6809 (Classical:0.520 | Mesenchymal:0.562 | Neural:0.812 | Proneural:0.952) || Val Loss: 1.0376 | Val Acc: 0.5833 (Classical:0.500 | Mesenchymal:0.556 | Neural:0.250 | Proneural:1.000) || LR: 0.000200
2025-10-13 10:31:26,515 [INFO] Best model saved with val_acc: 0.5833
2025-10-13 10:31:27,009 [INFO] Epoch [6/150] Train Loss: 4.6502 | Train Acc: 0.7553 (Classical:0.560 | Mesenchymal:0.688 | Neural:0.875 | Proneural:1.000) || Val Loss: 1.0222 | Val Acc: 0.5417 (Classical:0.333 | Mesenchymal:0.556 | Neural:0.250 | Proneural:1.000) || LR: 0.000200
2025-10-13 10:31:27,485 [INFO] Epoch [7/150] Train Loss: 4.7269 | Train Acc: 0.7872 (Classical:0.640 | Mesenchymal:0.750 | Neural:0.812 | Proneural:1.000) || Val Loss: 1.0029 | Val Acc: 0.5833 (Classical:0.500 | Mesenchymal:0.556 | Neural:0.250 | Proneural:1.000) || LR: 0.000200
2025-10-13 10:31:27,947 [INFO] Epoch [8/150] Train Loss: 4.7254 | Train Acc: 0.7766 (Classical:0.520 | Mesenchymal:0.781 | Neural:0.875 | Proneural:1.000) || Val Loss: 1.0115 | Val Acc: 0.5833 (Classical:0.500 | Mesenchymal:0.556 | Neural:0.250 | Proneural:1.000) || LR: 0.000200
2025-10-13 10:31:28,417 [INFO] Epoch [9/150] Train Loss: 4.6958 | Train Acc: 0.8191 (Classical:0.560 | Mesenchymal:0.844 | Neural:0.938 | Proneural:1.000) || Val Loss: 1.0050 | Val Acc: 0.6250 (Classical:0.500 | Mesenchymal:0.667 | Neural:0.250 | Proneural:1.000) || LR: 0.000200
2025-10-13 10:31:28,621 [INFO] Best model saved with val_acc: 0.6250
2025-10-13 10:31:29,091 [INFO] Epoch [10/150] Train Loss: 4.6541 | Train Acc: 0.8511 (Classical:0.640 | Mesenchymal:0.875 | Neural:0.938 | Proneural:1.000) || Val Loss: 0.9972 | Val Acc: 0.6667 (Classical:0.667 | Mesenchymal:0.667 | Neural:0.250 | Proneural:1.000) || LR: 0.000200
2025-10-13 10:31:29,292 [INFO] Best model saved with val_acc: 0.6667
2025-10-13 10:31:29,764 [INFO] Epoch [11/150] Train Loss: 4.7688 | Train Acc: 0.8617 (Classical:0.720 | Mesenchymal:0.875 | Neural:0.875 | Proneural:1.000) || Val Loss: 0.9794 | Val Acc: 0.7500 (Classical:0.833 | Mesenchymal:0.667 | Neural:0.500 | Proneural:1.000) || LR: 0.000200
2025-10-13 10:31:29,963 [INFO] Best model saved with val_acc: 0.7500
2025-10-13 10:31:30,432 [INFO] Epoch [12/150] Train Loss: 4.6712 | Train Acc: 0.8723 (Classical:0.720 | Mesenchymal:0.906 | Neural:0.875 | Proneural:1.000) || Val Loss: 0.9782 | Val Acc: 0.7083 (Classical:0.833 | Mesenchymal:0.667 | Neural:0.250 | Proneural:1.000) || LR: 0.000200
2025-10-13 10:31:30,890 [INFO] Epoch [13/150] Train Loss: 4.5539 | Train Acc: 0.9043 (Classical:0.760 | Mesenchymal:0.938 | Neural:0.938 | Proneural:1.000) || Val Loss: 0.9613 | Val Acc: 0.7083 (Classical:0.667 | Mesenchymal:0.667 | Neural:0.500 | Proneural:1.000) || LR: 0.000200
2025-10-13 10:31:31,350 [INFO] Epoch [14/150] Train Loss: 4.6157 | Train Acc: 0.9149 (Classical:0.800 | Mesenchymal:0.938 | Neural:0.938 | Proneural:1.000) || Val Loss: 0.9770 | Val Acc: 0.7083 (Classical:0.667 | Mesenchymal:0.667 | Neural:0.500 | Proneural:1.000) || LR: 0.000200
2025-10-13 10:31:31,809 [INFO] Epoch [15/150] Train Loss: 4.5571 | Train Acc: 0.9043 (Classical:0.800 | Mesenchymal:0.938 | Neural:0.938 | Proneural:0.952) || Val Loss: 0.9761 | Val Acc: 0.7083 (Classical:0.667 | Mesenchymal:0.667 | Neural:0.500 | Proneural:1.000) || LR: 0.000200
2025-10-13 10:31:32,268 [INFO] Epoch [16/150] Train Loss: 4.5885 | Train Acc: 0.9681 (Classical:0.920 | Mesenchymal:0.969 | Neural:1.000 | Proneural:1.000) || Val Loss: 0.9584 | Val Acc: 0.7083 (Classical:0.667 | Mesenchymal:0.667 | Neural:0.500 | Proneural:1.000) || LR: 0.000200
2025-10-13 10:31:32,720 [INFO] Epoch [17/150] Train Loss: 4.5449 | Train Acc: 0.9681 (Classical:0.920 | Mesenchymal:0.969 | Neural:1.000 | Proneural:1.000) || Val Loss: 0.9836 | Val Acc: 0.6667 (Classical:0.833 | Mesenchymal:0.556 | Neural:0.250 | Proneural:1.000) || LR: 0.000200
2025-10-13 10:31:33,181 [INFO] Epoch [18/150] Train Loss: 4.4877 | Train Acc: 0.9787 (Classical:0.960 | Mesenchymal:0.969 | Neural:1.000 | Proneural:1.000) || Val Loss: 0.9984 | Val Acc: 0.6667 (Classical:0.833 | Mesenchymal:0.556 | Neural:0.250 | Proneural:1.000) || LR: 0.000200
2025-10-13 10:31:33,637 [INFO] Epoch [19/150] Train Loss: 4.4678 | Train Acc: 0.9574 (Classical:0.920 | Mesenchymal:0.969 | Neural:0.938 | Proneural:1.000) || Val Loss: 0.9869 | Val Acc: 0.6667 (Classical:0.833 | Mesenchymal:0.556 | Neural:0.250 | Proneural:1.000) || LR: 0.000200
2025-10-13 10:31:34,092 [INFO] Epoch [20/150] Train Loss: 4.4218 | Train Acc: 0.9681 (Classical:0.960 | Mesenchymal:0.969 | Neural:0.938 | Proneural:1.000) || Val Loss: 0.9870 | Val Acc: 0.6667 (Classical:0.833 | Mesenchymal:0.556 | Neural:0.250 | Proneural:1.000) || LR: 0.000200
2025-10-13 10:31:34,546 [INFO] Epoch [21/150] Train Loss: 4.4805 | Train Acc: 0.9681 (Classical:0.960 | Mesenchymal:0.969 | Neural:0.938 | Proneural:1.000) || Val Loss: 0.9708 | Val Acc: 0.6667 (Classical:0.833 | Mesenchymal:0.556 | Neural:0.250 | Proneural:1.000) || LR: 0.000200
2025-10-13 10:31:35,002 [INFO] Epoch [22/150] Train Loss: 4.4192 | Train Acc: 0.9787 (Classical:0.960 | Mesenchymal:1.000 | Neural:0.938 | Proneural:1.000) || Val Loss: 0.9593 | Val Acc: 0.7500 (Classical:1.000 | Mesenchymal:0.667 | Neural:0.250 | Proneural:1.000) || LR: 0.000200
2025-10-13 10:31:35,460 [INFO] Epoch [23/150] Train Loss: 4.3531 | Train Acc: 0.9894 (Classical:1.000 | Mesenchymal:1.000 | Neural:0.938 | Proneural:1.000) || Val Loss: 0.9864 | Val Acc: 0.7083 (Classical:0.833 | Mesenchymal:0.667 | Neural:0.250 | Proneural:1.000) || LR: 0.000200
2025-10-13 10:31:35,915 [INFO] Epoch [24/150] Train Loss: 4.3347 | Train Acc: 0.9787 (Classical:0.960 | Mesenchymal:1.000 | Neural:0.938 | Proneural:1.000) || Val Loss: 0.9697 | Val Acc: 0.7500 (Classical:1.000 | Mesenchymal:0.667 | Neural:0.250 | Proneural:1.000) || LR: 0.000200
2025-10-13 10:31:36,371 [INFO] Epoch [25/150] Train Loss: 4.3605 | Train Acc: 0.9787 (Classical:0.960 | Mesenchymal:1.000 | Neural:0.938 | Proneural:1.000) || Val Loss: 0.9813 | Val Acc: 0.6667 (Classical:1.000 | Mesenchymal:0.556 | Neural:0.250 | Proneural:0.800) || LR: 0.000200
2025-10-13 10:31:36,829 [INFO] Epoch [26/150] Train Loss: 4.3955 | Train Acc: 0.9787 (Classical:0.960 | Mesenchymal:1.000 | Neural:0.938 | Proneural:1.000) || Val Loss: 0.9929 | Val Acc: 0.6667 (Classical:0.833 | Mesenchymal:0.667 | Neural:0.250 | Proneural:0.800) || LR: 0.000200
2025-10-13 10:31:37,283 [INFO] Epoch [27/150] Train Loss: 4.3343 | Train Acc: 0.9787 (Classical:0.960 | Mesenchymal:1.000 | Neural:0.938 | Proneural:1.000) || Val Loss: 1.0105 | Val Acc: 0.6667 (Classical:0.833 | Mesenchymal:0.667 | Neural:0.250 | Proneural:0.800) || LR: 0.000200
2025-10-13 10:31:37,740 [INFO] Epoch [28/150] Train Loss: 4.3070 | Train Acc: 0.9894 (Classical:1.000 | Mesenchymal:1.000 | Neural:0.938 | Proneural:1.000) || Val Loss: 1.0125 | Val Acc: 0.6667 (Classical:1.000 | Mesenchymal:0.556 | Neural:0.250 | Proneural:0.800) || LR: 0.000200
2025-10-13 10:31:38,199 [INFO] Epoch [29/150] Train Loss: 4.2554 | Train Acc: 0.9894 (Classical:1.000 | Mesenchymal:1.000 | Neural:0.938 | Proneural:1.000) || Val Loss: 1.0085 | Val Acc: 0.7083 (Classical:1.000 | Mesenchymal:0.667 | Neural:0.250 | Proneural:0.800) || LR: 0.000200
2025-10-13 10:31:38,654 [INFO] Epoch [30/150] Train Loss: 4.2051 | Train Acc: 1.0000 (Classical:1.000 | Mesenchymal:1.000 | Neural:1.000 | Proneural:1.000) || Val Loss: 1.0045 | Val Acc: 0.7083 (Classical:1.000 | Mesenchymal:0.667 | Neural:0.250 | Proneural:0.800) || LR: 0.000200
2025-10-13 10:31:39,110 [INFO] Epoch [31/150] Train Loss: 4.2102 | Train Acc: 1.0000 (Classical:1.000 | Mesenchymal:1.000 | Neural:1.000 | Proneural:1.000) || Val Loss: 1.0304 | Val Acc: 0.6667 (Classical:0.833 | Mesenchymal:0.667 | Neural:0.250 | Proneural:0.800) || LR: 0.000200
2025-10-13 10:31:39,566 [INFO] Epoch [32/150] Train Loss: 4.2050 | Train Acc: 1.0000 (Classical:1.000 | Mesenchymal:1.000 | Neural:1.000 | Proneural:1.000) || Val Loss: 1.0189 | Val Acc: 0.6667 (Classical:0.833 | Mesenchymal:0.667 | Neural:0.250 | Proneural:0.800) || LR: 0.000200
2025-10-13 10:31:40,026 [INFO] Epoch [33/150] Train Loss: 4.2097 | Train Acc: 1.0000 (Classical:1.000 | Mesenchymal:1.000 | Neural:1.000 | Proneural:1.000) || Val Loss: 1.0142 | Val Acc: 0.6667 (Classical:0.833 | Mesenchymal:0.667 | Neural:0.250 | Proneural:0.800) || LR: 0.000200
2025-10-13 10:31:40,479 [INFO] Epoch [34/150] Train Loss: 4.2155 | Train Acc: 1.0000 (Classical:1.000 | Mesenchymal:1.000 | Neural:1.000 | Proneural:1.000) || Val Loss: 1.0181 | Val Acc: 0.6667 (Classical:0.833 | Mesenchymal:0.667 | Neural:0.250 | Proneural:0.800) || LR: 0.000200
2025-10-13 10:31:40,937 [INFO] Epoch [35/150] Train Loss: 4.1723 | Train Acc: 1.0000 (Classical:1.000 | Mesenchymal:1.000 | Neural:1.000 | Proneural:1.000) || Val Loss: 0.9688 | Val Acc: 0.6667 (Classical:0.833 | Mesenchymal:0.667 | Neural:0.250 | Proneural:0.800) || LR: 0.000200
2025-10-13 10:31:41,398 [INFO] Epoch [36/150] Train Loss: 4.1095 | Train Acc: 1.0000 (Classical:1.000 | Mesenchymal:1.000 | Neural:1.000 | Proneural:1.000) || Val Loss: 0.9617 | Val Acc: 0.6667 (Classical:0.833 | Mesenchymal:0.667 | Neural:0.250 | Proneural:0.800) || LR: 0.000200
2025-10-13 10:31:41,856 [INFO] Epoch [37/150] Train Loss: 4.0626 | Train Acc: 1.0000 (Classical:1.000 | Mesenchymal:1.000 | Neural:1.000 | Proneural:1.000) || Val Loss: 0.9913 | Val Acc: 0.6667 (Classical:0.833 | Mesenchymal:0.667 | Neural:0.250 | Proneural:0.800) || LR: 0.000200
2025-10-13 10:31:42,326 [INFO] Epoch [38/150] Train Loss: 4.0572 | Train Acc: 1.0000 (Classical:1.000 | Mesenchymal:1.000 | Neural:1.000 | Proneural:1.000) || Val Loss: 1.0129 | Val Acc: 0.6667 (Classical:0.833 | Mesenchymal:0.667 | Neural:0.250 | Proneural:0.800) || LR: 0.000200
2025-10-13 10:31:42,830 [INFO] Epoch [39/150] Train Loss: 4.0535 | Train Acc: 1.0000 (Classical:1.000 | Mesenchymal:1.000 | Neural:1.000 | Proneural:1.000) || Val Loss: 1.0272 | Val Acc: 0.6667 (Classical:0.833 | Mesenchymal:0.667 | Neural:0.250 | Proneural:0.800) || LR: 0.000200
2025-10-13 10:31:43,312 [INFO] Epoch [40/150] Train Loss: 3.9975 | Train Acc: 1.0000 (Classical:1.000 | Mesenchymal:1.000 | Neural:1.000 | Proneural:1.000) || Val Loss: 1.0411 | Val Acc: 0.7083 (Classical:1.000 | Mesenchymal:0.667 | Neural:0.250 | Proneural:0.800) || LR: 0.000200
2025-10-13 10:31:43,770 [INFO] Epoch [41/150] Train Loss: 4.0209 | Train Acc: 1.0000 (Classical:1.000 | Mesenchymal:1.000 | Neural:1.000 | Proneural:1.000) || Val Loss: 1.0359 | Val Acc: 0.7083 (Classical:1.000 | Mesenchymal:0.667 | Neural:0.250 | Proneural:0.800) || LR: 0.000200
2025-10-13 10:31:44,225 [INFO] Epoch [42/150] Train Loss: 3.9818 | Train Acc: 1.0000 (Classical:1.000 | Mesenchymal:1.000 | Neural:1.000 | Proneural:1.000) || Val Loss: 1.0071 | Val Acc: 0.7500 (Classical:1.000 | Mesenchymal:0.667 | Neural:0.500 | Proneural:0.800) || LR: 0.000200
2025-10-13 10:31:44,680 [INFO] Epoch [43/150] Train Loss: 3.9946 | Train Acc: 1.0000 (Classical:1.000 | Mesenchymal:1.000 | Neural:1.000 | Proneural:1.000) || Val Loss: 1.0486 | Val Acc: 0.6667 (Classical:0.833 | Mesenchymal:0.667 | Neural:0.250 | Proneural:0.800) || LR: 0.000200
2025-10-13 10:31:45,140 [INFO] Epoch [44/150] Train Loss: 3.9794 | Train Acc: 1.0000 (Classical:1.000 | Mesenchymal:1.000 | Neural:1.000 | Proneural:1.000) || Val Loss: 1.0416 | Val Acc: 0.7083 (Classical:1.000 | Mesenchymal:0.667 | Neural:0.250 | Proneural:0.800) || LR: 0.000200
2025-10-13 10:31:45,597 [INFO] Epoch [45/150] Train Loss: 3.9591 | Train Acc: 1.0000 (Classical:1.000 | Mesenchymal:1.000 | Neural:1.000 | Proneural:1.000) || Val Loss: 1.0606 | Val Acc: 0.6667 (Classical:0.833 | Mesenchymal:0.667 | Neural:0.250 | Proneural:0.800) || LR: 0.000200
2025-10-13 10:31:46,054 [INFO] Epoch [46/150] Train Loss: 3.9235 | Train Acc: 1.0000 (Classical:1.000 | Mesenchymal:1.000 | Neural:1.000 | Proneural:1.000) || Val Loss: 1.0753 | Val Acc: 0.6667 (Classical:0.833 | Mesenchymal:0.667 | Neural:0.250 | Proneural:0.800) || LR: 0.000200
2025-10-13 10:31:46,510 [INFO] Epoch [47/150] Train Loss: 3.8986 | Train Acc: 1.0000 (Classical:1.000 | Mesenchymal:1.000 | Neural:1.000 | Proneural:1.000) || Val Loss: 1.0720 | Val Acc: 0.7083 (Classical:0.833 | Mesenchymal:0.778 | Neural:0.250 | Proneural:0.800) || LR: 0.000200
2025-10-13 10:31:46,970 [INFO] Epoch [48/150] Train Loss: 3.8720 | Train Acc: 1.0000 (Classical:1.000 | Mesenchymal:1.000 | Neural:1.000 | Proneural:1.000) || Val Loss: 1.0616 | Val Acc: 0.7083 (Classical:1.000 | Mesenchymal:0.667 | Neural:0.250 | Proneural:0.800) || LR: 0.000200
2025-10-13 10:31:47,433 [INFO] Epoch [49/150] Train Loss: 3.8748 | Train Acc: 1.0000 (Classical:1.000 | Mesenchymal:1.000 | Neural:1.000 | Proneural:1.000) || Val Loss: 1.0339 | Val Acc: 0.7917 (Classical:1.000 | Mesenchymal:0.778 | Neural:0.500 | Proneural:0.800) || LR: 0.000200
2025-10-13 10:31:47,641 [INFO] Best model saved with val_acc: 0.7917
2025-10-13 10:31:48,134 [INFO] Epoch [50/150] Train Loss: 3.8639 | Train Acc: 1.0000 (Classical:1.000 | Mesenchymal:1.000 | Neural:1.000 | Proneural:1.000) || Val Loss: 1.0588 | Val Acc: 0.7917 (Classical:1.000 | Mesenchymal:0.778 | Neural:0.500 | Proneural:0.800) || LR: 0.000200
2025-10-13 10:31:48,593 [INFO] Epoch [51/150] Train Loss: 3.8406 | Train Acc: 1.0000 (Classical:1.000 | Mesenchymal:1.000 | Neural:1.000 | Proneural:1.000) || Val Loss: 1.0642 | Val Acc: 0.7500 (Classical:1.000 | Mesenchymal:0.667 | Neural:0.500 | Proneural:0.800) || LR: 0.000200
2025-10-13 10:31:49,048 [INFO] Epoch [52/150] Train Loss: 3.8725 | Train Acc: 1.0000 (Classical:1.000 | Mesenchymal:1.000 | Neural:1.000 | Proneural:1.000) || Val Loss: 1.1095 | Val Acc: 0.6667 (Classical:0.833 | Mesenchymal:0.667 | Neural:0.250 | Proneural:0.800) || LR: 0.000200
2025-10-13 10:31:49,509 [INFO] Epoch [53/150] Train Loss: 3.8218 | Train Acc: 1.0000 (Classical:1.000 | Mesenchymal:1.000 | Neural:1.000 | Proneural:1.000) || Val Loss: 1.1171 | Val Acc: 0.7500 (Classical:1.000 | Mesenchymal:0.667 | Neural:0.500 | Proneural:0.800) || LR: 0.000200
2025-10-13 10:31:49,976 [INFO] Epoch [54/150] Train Loss: 3.8497 | Train Acc: 1.0000 (Classical:1.000 | Mesenchymal:1.000 | Neural:1.000 | Proneural:1.000) || Val Loss: 1.1281 | Val Acc: 0.7500 (Classical:1.000 | Mesenchymal:0.667 | Neural:0.500 | Proneural:0.800) || LR: 0.000200
2025-10-13 10:31:50,439 [INFO] Epoch [55/150] Train Loss: 3.7456 | Train Acc: 1.0000 (Classical:1.000 | Mesenchymal:1.000 | Neural:1.000 | Proneural:1.000) || Val Loss: 1.1338 | Val Acc: 0.7500 (Classical:1.000 | Mesenchymal:0.667 | Neural:0.500 | Proneural:0.800) || LR: 0.000200
2025-10-13 10:31:50,894 [INFO] Epoch [56/150] Train Loss: 3.7713 | Train Acc: 1.0000 (Classical:1.000 | Mesenchymal:1.000 | Neural:1.000 | Proneural:1.000) || Val Loss: 1.1279 | Val Acc: 0.7500 (Classical:1.000 | Mesenchymal:0.667 | Neural:0.500 | Proneural:0.800) || LR: 0.000200
2025-10-13 10:31:51,350 [INFO] Epoch [57/150] Train Loss: 3.7627 | Train Acc: 1.0000 (Classical:1.000 | Mesenchymal:1.000 | Neural:1.000 | Proneural:1.000) || Val Loss: 1.1307 | Val Acc: 0.7083 (Classical:1.000 | Mesenchymal:0.667 | Neural:0.250 | Proneural:0.800) || LR: 0.000200
2025-10-13 10:31:51,805 [INFO] Epoch [58/150] Train Loss: 3.7736 | Train Acc: 1.0000 (Classical:1.000 | Mesenchymal:1.000 | Neural:1.000 | Proneural:1.000) || Val Loss: 1.1013 | Val Acc: 0.7500 (Classical:1.000 | Mesenchymal:0.778 | Neural:0.250 | Proneural:0.800) || LR: 0.000200
2025-10-13 10:31:52,262 [INFO] Epoch [59/150] Train Loss: 3.7526 | Train Acc: 1.0000 (Classical:1.000 | Mesenchymal:1.000 | Neural:1.000 | Proneural:1.000) || Val Loss: 1.0569 | Val Acc: 0.7917 (Classical:1.000 | Mesenchymal:0.778 | Neural:0.500 | Proneural:0.800) || LR: 0.000200
2025-10-13 10:31:52,724 [INFO] Epoch [60/150] Train Loss: 3.7609 | Train Acc: 1.0000 (Classical:1.000 | Mesenchymal:1.000 | Neural:1.000 | Proneural:1.000) || Val Loss: 1.0862 | Val Acc: 0.7917 (Classical:1.000 | Mesenchymal:0.778 | Neural:0.500 | Proneural:0.800) || LR: 0.000200
2025-10-13 10:31:53,185 [INFO] Epoch [61/150] Train Loss: 3.7301 | Train Acc: 1.0000 (Classical:1.000 | Mesenchymal:1.000 | Neural:1.000 | Proneural:1.000) || Val Loss: 1.0920 | Val Acc: 0.7917 (Classical:1.000 | Mesenchymal:0.778 | Neural:0.500 | Proneural:0.800) || LR: 0.000200
2025-10-13 10:31:53,641 [INFO] Epoch [62/150] Train Loss: 3.7406 | Train Acc: 1.0000 (Classical:1.000 | Mesenchymal:1.000 | Neural:1.000 | Proneural:1.000) || Val Loss: 1.0823 | Val Acc: 0.7500 (Classical:1.000 | Mesenchymal:0.778 | Neural:0.250 | Proneural:0.800) || LR: 0.000200
2025-10-13 10:31:54,097 [INFO] Epoch [63/150] Train Loss: 3.7139 | Train Acc: 1.0000 (Classical:1.000 | Mesenchymal:1.000 | Neural:1.000 | Proneural:1.000) || Val Loss: 1.1112 | Val Acc: 0.7917 (Classical:1.000 | Mesenchymal:0.778 | Neural:0.500 | Proneural:0.800) || LR: 0.000200
2025-10-13 10:31:54,558 [INFO] Epoch [64/150] Train Loss: 3.6411 | Train Acc: 1.0000 (Classical:1.000 | Mesenchymal:1.000 | Neural:1.000 | Proneural:1.000) || Val Loss: 1.0701 | Val Acc: 0.7917 (Classical:1.000 | Mesenchymal:0.778 | Neural:0.500 | Proneural:0.800) || LR: 0.000200
2025-10-13 10:31:55,012 [INFO] Epoch [65/150] Train Loss: 3.7181 | Train Acc: 1.0000 (Classical:1.000 | Mesenchymal:1.000 | Neural:1.000 | Proneural:1.000) || Val Loss: 1.1400 | Val Acc: 0.7083 (Classical:1.000 | Mesenchymal:0.667 | Neural:0.250 | Proneural:0.800) || LR: 0.000200
2025-10-13 10:31:55,465 [INFO] Epoch [66/150] Train Loss: 3.6403 | Train Acc: 1.0000 (Classical:1.000 | Mesenchymal:1.000 | Neural:1.000 | Proneural:1.000) || Val Loss: 1.1609 | Val Acc: 0.7083 (Classical:1.000 | Mesenchymal:0.667 | Neural:0.250 | Proneural:0.800) || LR: 0.000200
2025-10-13 10:31:55,921 [INFO] Epoch [67/150] Train Loss: 3.6270 | Train Acc: 1.0000 (Classical:1.000 | Mesenchymal:1.000 | Neural:1.000 | Proneural:1.000) || Val Loss: 1.1397 | Val Acc: 0.7500 (Classical:1.000 | Mesenchymal:0.667 | Neural:0.500 | Proneural:0.800) || LR: 0.000200
2025-10-13 10:31:56,383 [INFO] Epoch [68/150] Train Loss: 3.6618 | Train Acc: 1.0000 (Classical:1.000 | Mesenchymal:1.000 | Neural:1.000 | Proneural:1.000) || Val Loss: 1.1422 | Val Acc: 0.7500 (Classical:1.000 | Mesenchymal:0.667 | Neural:0.500 | Proneural:0.800) || LR: 0.000200
2025-10-13 10:31:56,838 [INFO] Epoch [69/150] Train Loss: 3.6245 | Train Acc: 1.0000 (Classical:1.000 | Mesenchymal:1.000 | Neural:1.000 | Proneural:1.000) || Val Loss: 1.1443 | Val Acc: 0.7917 (Classical:1.000 | Mesenchymal:0.778 | Neural:0.500 | Proneural:0.800) || LR: 0.000200
2025-10-13 10:31:57,292 [INFO] Epoch [70/150] Train Loss: 3.6149 | Train Acc: 1.0000 (Classical:1.000 | Mesenchymal:1.000 | Neural:1.000 | Proneural:1.000) || Val Loss: 1.1281 | Val Acc: 0.7917 (Classical:1.000 | Mesenchymal:0.778 | Neural:0.500 | Proneural:0.800) || LR: 0.000200
2025-10-13 10:31:57,751 [INFO] Epoch [71/150] Train Loss: 3.6167 | Train Acc: 1.0000 (Classical:1.000 | Mesenchymal:1.000 | Neural:1.000 | Proneural:1.000) || Val Loss: 1.1603 | Val Acc: 0.7917 (Classical:1.000 | Mesenchymal:0.778 | Neural:0.500 | Proneural:0.800) || LR: 0.000200
2025-10-13 10:31:58,207 [INFO] Epoch [72/150] Train Loss: 3.6018 | Train Acc: 1.0000 (Classical:1.000 | Mesenchymal:1.000 | Neural:1.000 | Proneural:1.000) || Val Loss: 1.1594 | Val Acc: 0.7917 (Classical:1.000 | Mesenchymal:0.778 | Neural:0.500 | Proneural:0.800) || LR: 0.000200
2025-10-13 10:31:58,665 [INFO] Epoch [73/150] Train Loss: 3.5938 | Train Acc: 1.0000 (Classical:1.000 | Mesenchymal:1.000 | Neural:1.000 | Proneural:1.000) || Val Loss: 1.1690 | Val Acc: 0.7917 (Classical:1.000 | Mesenchymal:0.778 | Neural:0.500 | Proneural:0.800) || LR: 0.000200
2025-10-13 10:31:59,130 [INFO] Epoch [74/150] Train Loss: 3.5645 | Train Acc: 1.0000 (Classical:1.000 | Mesenchymal:1.000 | Neural:1.000 | Proneural:1.000) || Val Loss: 1.2027 | Val Acc: 0.7500 (Classical:1.000 | Mesenchymal:0.667 | Neural:0.500 | Proneural:0.800) || LR: 0.000200
2025-10-13 10:31:59,592 [INFO] Epoch [75/150] Train Loss: 3.5640 | Train Acc: 1.0000 (Classical:1.000 | Mesenchymal:1.000 | Neural:1.000 | Proneural:1.000) || Val Loss: 1.2400 | Val Acc: 0.6667 (Classical:0.833 | Mesenchymal:0.667 | Neural:0.250 | Proneural:0.800) || LR: 0.000200
2025-10-13 10:32:00,054 [INFO] Epoch [76/150] Train Loss: 3.5982 | Train Acc: 1.0000 (Classical:1.000 | Mesenchymal:1.000 | Neural:1.000 | Proneural:1.000) || Val Loss: 1.1908 | Val Acc: 0.7917 (Classical:1.000 | Mesenchymal:0.778 | Neural:0.500 | Proneural:0.800) || LR: 0.000200
2025-10-13 10:32:00,517 [INFO] Epoch [77/150] Train Loss: 3.6107 | Train Acc: 1.0000 (Classical:1.000 | Mesenchymal:1.000 | Neural:1.000 | Proneural:1.000) || Val Loss: 1.2430 | Val Acc: 0.7500 (Classical:1.000 | Mesenchymal:0.667 | Neural:0.500 | Proneural:0.800) || LR: 0.000200
2025-10-13 10:32:00,976 [INFO] Epoch [78/150] Train Loss: 3.5550 | Train Acc: 1.0000 (Classical:1.000 | Mesenchymal:1.000 | Neural:1.000 | Proneural:1.000) || Val Loss: 1.2850 | Val Acc: 0.7083 (Classical:1.000 | Mesenchymal:0.667 | Neural:0.250 | Proneural:0.800) || LR: 0.000200
2025-10-13 10:32:01,440 [INFO] Epoch [79/150] Train Loss: 3.5575 | Train Acc: 1.0000 (Classical:1.000 | Mesenchymal:1.000 | Neural:1.000 | Proneural:1.000) || Val Loss: 1.3325 | Val Acc: 0.6667 (Classical:0.833 | Mesenchymal:0.667 | Neural:0.250 | Proneural:0.800) || LR: 0.000200
2025-10-13 10:32:01,893 [INFO] Epoch [80/150] Train Loss: 3.5327 | Train Acc: 1.0000 (Classical:1.000 | Mesenchymal:1.000 | Neural:1.000 | Proneural:1.000) || Val Loss: 1.3630 | Val Acc: 0.6667 (Classical:0.833 | Mesenchymal:0.667 | Neural:0.250 | Proneural:0.800) || LR: 0.000200
2025-10-13 10:32:02,352 [INFO] Epoch [81/150] Train Loss: 3.5278 | Train Acc: 1.0000 (Classical:1.000 | Mesenchymal:1.000 | Neural:1.000 | Proneural:1.000) || Val Loss: 1.2728 | Val Acc: 0.7083 (Classical:1.000 | Mesenchymal:0.667 | Neural:0.250 | Proneural:0.800) || LR: 0.000200
2025-10-13 10:32:02,812 [INFO] Epoch [82/150] Train Loss: 3.5434 | Train Acc: 1.0000 (Classical:1.000 | Mesenchymal:1.000 | Neural:1.000 | Proneural:1.000) || Val Loss: 1.2155 | Val Acc: 0.7500 (Classical:1.000 | Mesenchymal:0.667 | Neural:0.500 | Proneural:0.800) || LR: 0.000200
2025-10-13 10:32:03,278 [INFO] Epoch [83/150] Train Loss: 3.4924 | Train Acc: 1.0000 (Classical:1.000 | Mesenchymal:1.000 | Neural:1.000 | Proneural:1.000) || Val Loss: 1.2071 | Val Acc: 0.7500 (Classical:1.000 | Mesenchymal:0.667 | Neural:0.500 | Proneural:0.800) || LR: 0.000200
2025-10-13 10:32:03,735 [INFO] Epoch [84/150] Train Loss: 3.5667 | Train Acc: 1.0000 (Classical:1.000 | Mesenchymal:1.000 | Neural:1.000 | Proneural:1.000) || Val Loss: 1.2243 | Val Acc: 0.7500 (Classical:1.000 | Mesenchymal:0.667 | Neural:0.500 | Proneural:0.800) || LR: 0.000200
2025-10-13 10:32:04,199 [INFO] Epoch [85/150] Train Loss: 3.4770 | Train Acc: 1.0000 (Classical:1.000 | Mesenchymal:1.000 | Neural:1.000 | Proneural:1.000) || Val Loss: 1.2835 | Val Acc: 0.7083 (Classical:1.000 | Mesenchymal:0.667 | Neural:0.250 | Proneural:0.800) || LR: 0.000200
2025-10-13 10:32:04,662 [INFO] Epoch [86/150] Train Loss: 3.4937 | Train Acc: 1.0000 (Classical:1.000 | Mesenchymal:1.000 | Neural:1.000 | Proneural:1.000) || Val Loss: 1.3028 | Val Acc: 0.7083 (Classical:1.000 | Mesenchymal:0.667 | Neural:0.250 | Proneural:0.800) || LR: 0.000200
2025-10-13 10:32:05,119 [INFO] Epoch [87/150] Train Loss: 3.5060 | Train Acc: 1.0000 (Classical:1.000 | Mesenchymal:1.000 | Neural:1.000 | Proneural:1.000) || Val Loss: 1.3306 | Val Acc: 0.7500 (Classical:1.000 | Mesenchymal:0.778 | Neural:0.250 | Proneural:0.800) || LR: 0.000200
2025-10-13 10:32:05,578 [INFO] Epoch [88/150] Train Loss: 3.4658 | Train Acc: 1.0000 (Classical:1.000 | Mesenchymal:1.000 | Neural:1.000 | Proneural:1.000) || Val Loss: 1.3086 | Val Acc: 0.7500 (Classical:1.000 | Mesenchymal:0.778 | Neural:0.250 | Proneural:0.800) || LR: 0.000200
2025-10-13 10:32:06,033 [INFO] Epoch [89/150] Train Loss: 3.4664 | Train Acc: 1.0000 (Classical:1.000 | Mesenchymal:1.000 | Neural:1.000 | Proneural:1.000) || Val Loss: 1.3129 | Val Acc: 0.7500 (Classical:1.000 | Mesenchymal:0.778 | Neural:0.250 | Proneural:0.800) || LR: 0.000200
2025-10-13 10:32:06,490 [INFO] Epoch [90/150] Train Loss: 3.4704 | Train Acc: 1.0000 (Classical:1.000 | Mesenchymal:1.000 | Neural:1.000 | Proneural:1.000) || Val Loss: 1.3051 | Val Acc: 0.7500 (Classical:1.000 | Mesenchymal:0.778 | Neural:0.250 | Proneural:0.800) || LR: 0.000200
2025-10-13 10:32:06,949 [INFO] Epoch [91/150] Train Loss: 3.4623 | Train Acc: 1.0000 (Classical:1.000 | Mesenchymal:1.000 | Neural:1.000 | Proneural:1.000) || Val Loss: 1.2902 | Val Acc: 0.7500 (Classical:1.000 | Mesenchymal:0.778 | Neural:0.250 | Proneural:0.800) || LR: 0.000200
2025-10-13 10:32:07,405 [INFO] Epoch [92/150] Train Loss: 3.4246 | Train Acc: 1.0000 (Classical:1.000 | Mesenchymal:1.000 | Neural:1.000 | Proneural:1.000) || Val Loss: 1.2874 | Val Acc: 0.7500 (Classical:1.000 | Mesenchymal:0.778 | Neural:0.250 | Proneural:0.800) || LR: 0.000200
2025-10-13 10:32:07,868 [INFO] Epoch [93/150] Train Loss: 3.4181 | Train Acc: 1.0000 (Classical:1.000 | Mesenchymal:1.000 | Neural:1.000 | Proneural:1.000) || Val Loss: 1.2343 | Val Acc: 0.7500 (Classical:1.000 | Mesenchymal:0.778 | Neural:0.250 | Proneural:0.800) || LR: 0.000200
2025-10-13 10:32:08,328 [INFO] Epoch [94/150] Train Loss: 3.4166 | Train Acc: 1.0000 (Classical:1.000 | Mesenchymal:1.000 | Neural:1.000 | Proneural:1.000) || Val Loss: 1.2042 | Val Acc: 0.7917 (Classical:1.000 | Mesenchymal:0.778 | Neural:0.500 | Proneural:0.800) || LR: 0.000200
2025-10-13 10:32:08,785 [INFO] Epoch [95/150] Train Loss: 3.4093 | Train Acc: 1.0000 (Classical:1.000 | Mesenchymal:1.000 | Neural:1.000 | Proneural:1.000) || Val Loss: 1.2080 | Val Acc: 0.7917 (Classical:1.000 | Mesenchymal:0.778 | Neural:0.500 | Proneural:0.800) || LR: 0.000200
2025-10-13 10:32:09,241 [INFO] Epoch [96/150] Train Loss: 3.4185 | Train Acc: 1.0000 (Classical:1.000 | Mesenchymal:1.000 | Neural:1.000 | Proneural:1.000) || Val Loss: 1.2156 | Val Acc: 0.7917 (Classical:1.000 | Mesenchymal:0.778 | Neural:0.500 | Proneural:0.800) || LR: 0.000200
2025-10-13 10:32:09,696 [INFO] Epoch [97/150] Train Loss: 3.4028 | Train Acc: 1.0000 (Classical:1.000 | Mesenchymal:1.000 | Neural:1.000 | Proneural:1.000) || Val Loss: 1.2172 | Val Acc: 0.7917 (Classical:1.000 | Mesenchymal:0.778 | Neural:0.500 | Proneural:0.800) || LR: 0.000200
2025-10-13 10:32:10,153 [INFO] Epoch [98/150] Train Loss: 3.3862 | Train Acc: 1.0000 (Classical:1.000 | Mesenchymal:1.000 | Neural:1.000 | Proneural:1.000) || Val Loss: 1.2361 | Val Acc: 0.7917 (Classical:1.000 | Mesenchymal:0.778 | Neural:0.500 | Proneural:0.800) || LR: 0.000200
2025-10-13 10:32:10,610 [INFO] Epoch [99/150] Train Loss: 3.4325 | Train Acc: 1.0000 (Classical:1.000 | Mesenchymal:1.000 | Neural:1.000 | Proneural:1.000) || Val Loss: 1.2136 | Val Acc: 0.7917 (Classical:1.000 | Mesenchymal:0.778 | Neural:0.500 | Proneural:0.800) || LR: 0.000200
2025-10-13 10:32:10,610 [INFO] Early stopping at epoch 99
2025-10-13 10:32:10,631 [INFO] Training completed. Best accuracy: 0.7917
2025-10-13 10:32:10,631 [INFO] Log: ./logs/train_20251013_103122.log, Model: ./models/best_model.pth
2025-10-13 10:32:10,746 [INFO] FINAL PER-CLASS | Train Acc: 1.0000 (Classical:1.000 | Mesenchymal:1.000 | Neural:1.000 | Proneural:1.000) || Val Acc: 0.7917 (Classical:1.000 | Mesenchymal:0.778 | Neural:0.500 | Proneural:0.800)
2025-10-13 10:32:10,802 [INFO] FINAL PER-CLASS | Test  Acc: 0.7333 (Classical:1.000 | Mesenchymal:0.700 | Neural:0.400 | Proneural:0.714)
