2025-10-13 10:27:52,279 [INFO] Model parameters: 56,828,699, Classes: 4
2025-10-13 10:27:52,279 [INFO] Enhanced regularization: Dropout=0.6, Weight_decay=0.002
2025-10-13 10:27:52,874 [INFO] Regularized Attention-MOI Training Started
2025-10-13 10:27:52,874 [INFO] Training started with enhanced regularization
2025-10-13 10:27:52,874 [INFO] Dropout: 0.6, Weight decay: 0.002
2025-10-13 10:27:53,619 [INFO] Epoch [1/150] Train Loss: 5.3628 | Train Acc: 0.1383 (Classical:0.000 | Mesenchymal:0.000 | Neural:0.750 | Proneural:0.048) || Val Loss: 1.5477 | Val Acc: 0.2083 (Classical:0.000 | Mesenchymal:0.000 | Neural:0.750 | Proneural:0.400) || LR: 0.000200
2025-10-13 10:27:53,870 [INFO] Best model saved with val_acc: 0.2083
2025-10-13 10:27:54,349 [INFO] Epoch [2/150] Train Loss: 5.1056 | Train Acc: 0.1702 (Classical:0.080 | Mesenchymal:0.000 | Neural:0.875 | Proneural:0.000) || Val Loss: 1.4887 | Val Acc: 0.1667 (Classical:0.000 | Mesenchymal:0.000 | Neural:1.000 | Proneural:0.000) || LR: 0.000200
2025-10-13 10:27:54,811 [INFO] Epoch [3/150] Train Loss: 4.9452 | Train Acc: 0.2553 (Classical:0.320 | Mesenchymal:0.062 | Neural:0.812 | Proneural:0.048) || Val Loss: 1.3874 | Val Acc: 0.2500 (Classical:0.167 | Mesenchymal:0.111 | Neural:1.000 | Proneural:0.000) || LR: 0.000200
2025-10-13 10:27:55,028 [INFO] Best model saved with val_acc: 0.2500
2025-10-13 10:27:55,505 [INFO] Epoch [4/150] Train Loss: 4.9392 | Train Acc: 0.2340 (Classical:0.280 | Mesenchymal:0.031 | Neural:0.875 | Proneural:0.000) || Val Loss: 1.4107 | Val Acc: 0.2083 (Classical:0.000 | Mesenchymal:0.111 | Neural:1.000 | Proneural:0.000) || LR: 0.000200
2025-10-13 10:27:55,977 [INFO] Epoch [5/150] Train Loss: 4.8701 | Train Acc: 0.2447 (Classical:0.240 | Mesenchymal:0.000 | Neural:0.875 | Proneural:0.143) || Val Loss: 1.4605 | Val Acc: 0.2500 (Classical:0.167 | Mesenchymal:0.000 | Neural:1.000 | Proneural:0.200) || LR: 0.000200
2025-10-13 10:27:56,461 [INFO] Epoch [6/150] Train Loss: 4.8603 | Train Acc: 0.2766 (Classical:0.240 | Mesenchymal:0.062 | Neural:0.812 | Proneural:0.238) || Val Loss: 1.3822 | Val Acc: 0.2500 (Classical:0.000 | Mesenchymal:0.000 | Neural:1.000 | Proneural:0.400) || LR: 0.000200
2025-10-13 10:27:56,935 [INFO] Epoch [7/150] Train Loss: 4.8801 | Train Acc: 0.3404 (Classical:0.320 | Mesenchymal:0.125 | Neural:0.875 | Proneural:0.286) || Val Loss: 1.3166 | Val Acc: 0.3750 (Classical:0.500 | Mesenchymal:0.111 | Neural:1.000 | Proneural:0.200) || LR: 0.000200
2025-10-13 10:27:57,131 [INFO] Best model saved with val_acc: 0.3750
2025-10-13 10:27:57,613 [INFO] Epoch [8/150] Train Loss: 4.8515 | Train Acc: 0.3830 (Classical:0.560 | Mesenchymal:0.062 | Neural:0.688 | Proneural:0.429) || Val Loss: 1.2595 | Val Acc: 0.4167 (Classical:0.667 | Mesenchymal:0.111 | Neural:1.000 | Proneural:0.200) || LR: 0.000200
2025-10-13 10:27:57,814 [INFO] Best model saved with val_acc: 0.4167
2025-10-13 10:27:58,287 [INFO] Epoch [9/150] Train Loss: 4.8810 | Train Acc: 0.3298 (Classical:0.240 | Mesenchymal:0.031 | Neural:0.812 | Proneural:0.524) || Val Loss: 1.3322 | Val Acc: 0.4167 (Classical:0.667 | Mesenchymal:0.000 | Neural:1.000 | Proneural:0.400) || LR: 0.000200
2025-10-13 10:27:58,750 [INFO] Epoch [10/150] Train Loss: 4.8235 | Train Acc: 0.4574 (Classical:0.480 | Mesenchymal:0.188 | Neural:0.812 | Proneural:0.571) || Val Loss: 1.1929 | Val Acc: 0.6250 (Classical:0.833 | Mesenchymal:0.444 | Neural:1.000 | Proneural:0.400) || LR: 0.000200
2025-10-13 10:27:58,952 [INFO] Best model saved with val_acc: 0.6250
2025-10-13 10:27:59,431 [INFO] Epoch [11/150] Train Loss: 4.9074 | Train Acc: 0.3936 (Classical:0.440 | Mesenchymal:0.062 | Neural:0.875 | Proneural:0.476) || Val Loss: 1.2559 | Val Acc: 0.3750 (Classical:0.667 | Mesenchymal:0.000 | Neural:1.000 | Proneural:0.200) || LR: 0.000200
2025-10-13 10:27:59,899 [INFO] Epoch [12/150] Train Loss: 4.7757 | Train Acc: 0.4468 (Classical:0.480 | Mesenchymal:0.094 | Neural:0.875 | Proneural:0.619) || Val Loss: 1.2270 | Val Acc: 0.6250 (Classical:0.833 | Mesenchymal:0.333 | Neural:1.000 | Proneural:0.600) || LR: 0.000200
2025-10-13 10:28:00,379 [INFO] Epoch [13/150] Train Loss: 4.8729 | Train Acc: 0.4468 (Classical:0.400 | Mesenchymal:0.094 | Neural:1.000 | Proneural:0.619) || Val Loss: 1.2151 | Val Acc: 0.6250 (Classical:0.667 | Mesenchymal:0.444 | Neural:1.000 | Proneural:0.600) || LR: 0.000200
2025-10-13 10:28:00,836 [INFO] Epoch [14/150] Train Loss: 4.8051 | Train Acc: 0.4043 (Classical:0.360 | Mesenchymal:0.062 | Neural:0.875 | Proneural:0.619) || Val Loss: 1.2476 | Val Acc: 0.5833 (Classical:0.667 | Mesenchymal:0.333 | Neural:1.000 | Proneural:0.600) || LR: 0.000200
2025-10-13 10:28:01,297 [INFO] Epoch [15/150] Train Loss: 4.8555 | Train Acc: 0.5319 (Classical:0.520 | Mesenchymal:0.281 | Neural:0.875 | Proneural:0.667) || Val Loss: 1.1705 | Val Acc: 0.6250 (Classical:0.833 | Mesenchymal:0.444 | Neural:0.750 | Proneural:0.600) || LR: 0.000200
2025-10-13 10:28:01,763 [INFO] Epoch [16/150] Train Loss: 4.8496 | Train Acc: 0.5532 (Classical:0.560 | Mesenchymal:0.312 | Neural:0.875 | Proneural:0.667) || Val Loss: 1.1423 | Val Acc: 0.6250 (Classical:0.833 | Mesenchymal:0.444 | Neural:0.750 | Proneural:0.600) || LR: 0.000200
2025-10-13 10:28:02,228 [INFO] Epoch [17/150] Train Loss: 4.8512 | Train Acc: 0.5638 (Classical:0.560 | Mesenchymal:0.312 | Neural:0.750 | Proneural:0.810) || Val Loss: 1.1421 | Val Acc: 0.6250 (Classical:0.833 | Mesenchymal:0.444 | Neural:0.500 | Proneural:0.800) || LR: 0.000200
2025-10-13 10:28:02,695 [INFO] Epoch [18/150] Train Loss: 4.7377 | Train Acc: 0.6064 (Classical:0.520 | Mesenchymal:0.406 | Neural:0.688 | Proneural:0.952) || Val Loss: 1.1296 | Val Acc: 0.6250 (Classical:0.833 | Mesenchymal:0.444 | Neural:0.500 | Proneural:0.800) || LR: 0.000200
2025-10-13 10:28:03,155 [INFO] Epoch [19/150] Train Loss: 4.8157 | Train Acc: 0.6702 (Classical:0.640 | Mesenchymal:0.594 | Neural:0.812 | Proneural:0.714) || Val Loss: 1.1069 | Val Acc: 0.6667 (Classical:0.833 | Mesenchymal:0.444 | Neural:0.750 | Proneural:0.800) || LR: 0.000200
2025-10-13 10:28:03,377 [INFO] Best model saved with val_acc: 0.6667
2025-10-13 10:28:03,867 [INFO] Epoch [20/150] Train Loss: 4.8216 | Train Acc: 0.6809 (Classical:0.760 | Mesenchymal:0.406 | Neural:0.875 | Proneural:0.857) || Val Loss: 1.0799 | Val Acc: 0.6667 (Classical:0.833 | Mesenchymal:0.444 | Neural:0.750 | Proneural:0.800) || LR: 0.000200
2025-10-13 10:28:04,318 [INFO] Epoch [21/150] Train Loss: 4.7468 | Train Acc: 0.6915 (Classical:0.720 | Mesenchymal:0.469 | Neural:0.875 | Proneural:0.857) || Val Loss: 1.0778 | Val Acc: 0.6250 (Classical:0.833 | Mesenchymal:0.444 | Neural:0.500 | Proneural:0.800) || LR: 0.000200
2025-10-13 10:28:04,778 [INFO] Epoch [22/150] Train Loss: 4.8223 | Train Acc: 0.7128 (Classical:0.760 | Mesenchymal:0.469 | Neural:0.875 | Proneural:0.905) || Val Loss: 1.0584 | Val Acc: 0.6667 (Classical:0.833 | Mesenchymal:0.444 | Neural:0.750 | Proneural:0.800) || LR: 0.000200
2025-10-13 10:28:05,240 [INFO] Epoch [23/150] Train Loss: 4.7914 | Train Acc: 0.6809 (Classical:0.760 | Mesenchymal:0.406 | Neural:0.875 | Proneural:0.857) || Val Loss: 1.0668 | Val Acc: 0.6250 (Classical:0.833 | Mesenchymal:0.444 | Neural:0.500 | Proneural:0.800) || LR: 0.000200
2025-10-13 10:28:05,700 [INFO] Epoch [24/150] Train Loss: 4.7550 | Train Acc: 0.7234 (Classical:0.760 | Mesenchymal:0.531 | Neural:0.750 | Proneural:0.952) || Val Loss: 1.0852 | Val Acc: 0.6250 (Classical:0.833 | Mesenchymal:0.444 | Neural:0.500 | Proneural:0.800) || LR: 0.000200
2025-10-13 10:28:06,168 [INFO] Epoch [25/150] Train Loss: 4.7725 | Train Acc: 0.6702 (Classical:0.640 | Mesenchymal:0.344 | Neural:1.000 | Proneural:0.952) || Val Loss: 1.1250 | Val Acc: 0.6250 (Classical:0.833 | Mesenchymal:0.444 | Neural:0.500 | Proneural:0.800) || LR: 0.000200
2025-10-13 10:28:06,640 [INFO] Epoch [26/150] Train Loss: 4.8545 | Train Acc: 0.7340 (Classical:0.640 | Mesenchymal:0.531 | Neural:1.000 | Proneural:0.952) || Val Loss: 1.0915 | Val Acc: 0.6250 (Classical:0.833 | Mesenchymal:0.444 | Neural:0.500 | Proneural:0.800) || LR: 0.000200
2025-10-13 10:28:07,103 [INFO] Epoch [27/150] Train Loss: 4.8164 | Train Acc: 0.7234 (Classical:0.680 | Mesenchymal:0.531 | Neural:0.875 | Proneural:0.952) || Val Loss: 1.0867 | Val Acc: 0.6250 (Classical:0.833 | Mesenchymal:0.444 | Neural:0.500 | Proneural:0.800) || LR: 0.000200
2025-10-13 10:28:07,568 [INFO] Epoch [28/150] Train Loss: 4.7542 | Train Acc: 0.7340 (Classical:0.760 | Mesenchymal:0.500 | Neural:0.875 | Proneural:0.952) || Val Loss: 1.0932 | Val Acc: 0.5833 (Classical:0.833 | Mesenchymal:0.444 | Neural:0.250 | Proneural:0.800) || LR: 0.000200
2025-10-13 10:28:08,026 [INFO] Epoch [29/150] Train Loss: 4.7511 | Train Acc: 0.7340 (Classical:0.800 | Mesenchymal:0.469 | Neural:0.875 | Proneural:0.952) || Val Loss: 1.0946 | Val Acc: 0.6250 (Classical:0.833 | Mesenchymal:0.444 | Neural:0.500 | Proneural:0.800) || LR: 0.000200
2025-10-13 10:28:08,500 [INFO] Epoch [30/150] Train Loss: 4.6603 | Train Acc: 0.7340 (Classical:0.760 | Mesenchymal:0.531 | Neural:0.812 | Proneural:0.952) || Val Loss: 1.0919 | Val Acc: 0.5833 (Classical:0.833 | Mesenchymal:0.444 | Neural:0.250 | Proneural:0.800) || LR: 0.000200
2025-10-13 10:28:08,964 [INFO] Epoch [31/150] Train Loss: 4.6889 | Train Acc: 0.7660 (Classical:0.680 | Mesenchymal:0.594 | Neural:1.000 | Proneural:0.952) || Val Loss: 1.0525 | Val Acc: 0.6250 (Classical:0.833 | Mesenchymal:0.444 | Neural:0.500 | Proneural:0.800) || LR: 0.000200
2025-10-13 10:28:09,427 [INFO] Epoch [32/150] Train Loss: 4.6770 | Train Acc: 0.8404 (Classical:0.800 | Mesenchymal:0.812 | Neural:0.750 | Proneural:1.000) || Val Loss: 1.0385 | Val Acc: 0.6667 (Classical:0.833 | Mesenchymal:0.556 | Neural:0.500 | Proneural:0.800) || LR: 0.000200
2025-10-13 10:28:09,895 [INFO] Epoch [33/150] Train Loss: 4.8117 | Train Acc: 0.8298 (Classical:0.840 | Mesenchymal:0.656 | Neural:0.938 | Proneural:1.000) || Val Loss: 1.0468 | Val Acc: 0.6250 (Classical:0.833 | Mesenchymal:0.444 | Neural:0.500 | Proneural:0.800) || LR: 0.000200
2025-10-13 10:28:10,363 [INFO] Epoch [34/150] Train Loss: 4.7102 | Train Acc: 0.8191 (Classical:0.880 | Mesenchymal:0.594 | Neural:0.938 | Proneural:1.000) || Val Loss: 1.0801 | Val Acc: 0.5833 (Classical:0.833 | Mesenchymal:0.444 | Neural:0.250 | Proneural:0.800) || LR: 0.000200
2025-10-13 10:28:10,817 [INFO] Epoch [35/150] Train Loss: 4.6416 | Train Acc: 0.8191 (Classical:0.880 | Mesenchymal:0.594 | Neural:0.938 | Proneural:1.000) || Val Loss: 1.0602 | Val Acc: 0.6250 (Classical:0.833 | Mesenchymal:0.444 | Neural:0.500 | Proneural:0.800) || LR: 0.000200
2025-10-13 10:28:11,281 [INFO] Epoch [36/150] Train Loss: 4.7338 | Train Acc: 0.7872 (Classical:0.880 | Mesenchymal:0.500 | Neural:0.938 | Proneural:1.000) || Val Loss: 1.1149 | Val Acc: 0.6250 (Classical:0.833 | Mesenchymal:0.444 | Neural:0.500 | Proneural:0.800) || LR: 0.000200
2025-10-13 10:28:11,740 [INFO] Epoch [37/150] Train Loss: 4.5712 | Train Acc: 0.7766 (Classical:0.840 | Mesenchymal:0.500 | Neural:0.938 | Proneural:1.000) || Val Loss: 1.1235 | Val Acc: 0.5833 (Classical:0.833 | Mesenchymal:0.444 | Neural:0.250 | Proneural:0.800) || LR: 0.000200
2025-10-13 10:28:12,202 [INFO] Epoch [38/150] Train Loss: 4.7109 | Train Acc: 0.8085 (Classical:0.880 | Mesenchymal:0.562 | Neural:0.938 | Proneural:1.000) || Val Loss: 1.0836 | Val Acc: 0.6250 (Classical:0.833 | Mesenchymal:0.444 | Neural:0.500 | Proneural:0.800) || LR: 0.000200
2025-10-13 10:28:12,680 [INFO] Epoch [39/150] Train Loss: 4.6637 | Train Acc: 0.7872 (Classical:0.800 | Mesenchymal:0.562 | Neural:0.938 | Proneural:1.000) || Val Loss: 1.0902 | Val Acc: 0.5833 (Classical:0.833 | Mesenchymal:0.444 | Neural:0.250 | Proneural:0.800) || LR: 0.000200
2025-10-13 10:28:13,150 [INFO] Epoch [40/150] Train Loss: 4.6961 | Train Acc: 0.8511 (Classical:0.880 | Mesenchymal:0.688 | Neural:0.938 | Proneural:1.000) || Val Loss: 1.0662 | Val Acc: 0.5833 (Classical:0.833 | Mesenchymal:0.444 | Neural:0.250 | Proneural:0.800) || LR: 0.000200
2025-10-13 10:28:13,611 [INFO] Epoch [41/150] Train Loss: 4.6469 | Train Acc: 0.8404 (Classical:0.880 | Mesenchymal:0.656 | Neural:0.938 | Proneural:1.000) || Val Loss: 1.0775 | Val Acc: 0.5833 (Classical:0.833 | Mesenchymal:0.444 | Neural:0.250 | Proneural:0.800) || LR: 0.000200
2025-10-13 10:28:14,066 [INFO] Epoch [42/150] Train Loss: 4.7112 | Train Acc: 0.8085 (Classical:0.800 | Mesenchymal:0.719 | Neural:0.750 | Proneural:1.000) || Val Loss: 1.0638 | Val Acc: 0.6250 (Classical:0.833 | Mesenchymal:0.556 | Neural:0.250 | Proneural:0.800) || LR: 0.000200
2025-10-13 10:28:14,523 [INFO] Epoch [43/150] Train Loss: 4.5774 | Train Acc: 0.8298 (Classical:0.800 | Mesenchymal:0.719 | Neural:0.875 | Proneural:1.000) || Val Loss: 1.0579 | Val Acc: 0.6250 (Classical:0.833 | Mesenchymal:0.556 | Neural:0.250 | Proneural:0.800) || LR: 0.000200
2025-10-13 10:28:14,982 [INFO] Epoch [44/150] Train Loss: 4.6590 | Train Acc: 0.8830 (Classical:0.880 | Mesenchymal:0.781 | Neural:0.938 | Proneural:1.000) || Val Loss: 1.0283 | Val Acc: 0.6250 (Classical:0.833 | Mesenchymal:0.556 | Neural:0.250 | Proneural:0.800) || LR: 0.000200
2025-10-13 10:28:15,443 [INFO] Epoch [45/150] Train Loss: 4.7341 | Train Acc: 0.8830 (Classical:0.880 | Mesenchymal:0.812 | Neural:0.875 | Proneural:1.000) || Val Loss: 1.0119 | Val Acc: 0.6250 (Classical:0.833 | Mesenchymal:0.556 | Neural:0.250 | Proneural:0.800) || LR: 0.000200
2025-10-13 10:28:15,932 [INFO] Epoch [46/150] Train Loss: 4.6340 | Train Acc: 0.9043 (Classical:0.880 | Mesenchymal:0.875 | Neural:0.875 | Proneural:1.000) || Val Loss: 1.0157 | Val Acc: 0.6250 (Classical:0.833 | Mesenchymal:0.556 | Neural:0.250 | Proneural:0.800) || LR: 0.000200
2025-10-13 10:28:16,411 [INFO] Epoch [47/150] Train Loss: 4.6607 | Train Acc: 0.8830 (Classical:0.880 | Mesenchymal:0.812 | Neural:0.875 | Proneural:1.000) || Val Loss: 1.0443 | Val Acc: 0.6250 (Classical:0.833 | Mesenchymal:0.556 | Neural:0.250 | Proneural:0.800) || LR: 0.000200
2025-10-13 10:28:16,868 [INFO] Epoch [48/150] Train Loss: 4.6069 | Train Acc: 0.8830 (Classical:0.920 | Mesenchymal:0.781 | Neural:0.875 | Proneural:1.000) || Val Loss: 1.0439 | Val Acc: 0.6250 (Classical:0.833 | Mesenchymal:0.556 | Neural:0.250 | Proneural:0.800) || LR: 0.000200
2025-10-13 10:28:17,331 [INFO] Epoch [49/150] Train Loss: 4.5681 | Train Acc: 0.8830 (Classical:0.920 | Mesenchymal:0.781 | Neural:0.875 | Proneural:1.000) || Val Loss: 1.0502 | Val Acc: 0.6250 (Classical:0.833 | Mesenchymal:0.556 | Neural:0.250 | Proneural:0.800) || LR: 0.000200
2025-10-13 10:28:17,793 [INFO] Epoch [50/150] Train Loss: 4.5664 | Train Acc: 0.8830 (Classical:0.840 | Mesenchymal:0.781 | Neural:1.000 | Proneural:1.000) || Val Loss: 1.0194 | Val Acc: 0.6250 (Classical:0.833 | Mesenchymal:0.556 | Neural:0.250 | Proneural:0.800) || LR: 0.000200
2025-10-13 10:28:18,315 [INFO] Epoch [51/150] Train Loss: 4.5712 | Train Acc: 0.9255 (Classical:0.960 | Mesenchymal:0.875 | Neural:0.875 | Proneural:1.000) || Val Loss: 1.0000 | Val Acc: 0.6250 (Classical:0.833 | Mesenchymal:0.556 | Neural:0.250 | Proneural:0.800) || LR: 0.000200
2025-10-13 10:28:18,801 [INFO] Epoch [52/150] Train Loss: 4.5599 | Train Acc: 0.8830 (Classical:0.960 | Mesenchymal:0.750 | Neural:0.875 | Proneural:1.000) || Val Loss: 1.0573 | Val Acc: 0.5833 (Classical:0.833 | Mesenchymal:0.444 | Neural:0.250 | Proneural:0.800) || LR: 0.000200
2025-10-13 10:28:19,262 [INFO] Epoch [53/150] Train Loss: 4.4989 | Train Acc: 0.8830 (Classical:0.920 | Mesenchymal:0.781 | Neural:0.875 | Proneural:1.000) || Val Loss: 1.0641 | Val Acc: 0.5833 (Classical:0.833 | Mesenchymal:0.444 | Neural:0.250 | Proneural:0.800) || LR: 0.000200
2025-10-13 10:28:19,728 [INFO] Epoch [54/150] Train Loss: 4.5192 | Train Acc: 0.8830 (Classical:0.920 | Mesenchymal:0.781 | Neural:0.875 | Proneural:1.000) || Val Loss: 1.0356 | Val Acc: 0.6250 (Classical:0.833 | Mesenchymal:0.556 | Neural:0.250 | Proneural:0.800) || LR: 0.000200
2025-10-13 10:28:20,227 [INFO] Epoch [55/150] Train Loss: 4.5606 | Train Acc: 0.8936 (Classical:0.920 | Mesenchymal:0.812 | Neural:0.875 | Proneural:1.000) || Val Loss: 1.0283 | Val Acc: 0.6250 (Classical:0.833 | Mesenchymal:0.556 | Neural:0.250 | Proneural:0.800) || LR: 0.000200
2025-10-13 10:28:20,720 [INFO] Epoch [56/150] Train Loss: 4.5241 | Train Acc: 0.9149 (Classical:0.960 | Mesenchymal:0.844 | Neural:0.875 | Proneural:1.000) || Val Loss: 1.0193 | Val Acc: 0.6667 (Classical:0.833 | Mesenchymal:0.556 | Neural:0.500 | Proneural:0.800) || LR: 0.000200
2025-10-13 10:28:21,237 [INFO] Epoch [57/150] Train Loss: 4.5433 | Train Acc: 0.9255 (Classical:0.960 | Mesenchymal:0.844 | Neural:0.938 | Proneural:1.000) || Val Loss: 1.0308 | Val Acc: 0.6667 (Classical:0.833 | Mesenchymal:0.556 | Neural:0.500 | Proneural:0.800) || LR: 0.000200
2025-10-13 10:28:21,755 [INFO] Epoch [58/150] Train Loss: 4.5172 | Train Acc: 0.9043 (Classical:0.960 | Mesenchymal:0.781 | Neural:0.938 | Proneural:1.000) || Val Loss: 1.0422 | Val Acc: 0.6667 (Classical:0.833 | Mesenchymal:0.556 | Neural:0.500 | Proneural:0.800) || LR: 0.000200
2025-10-13 10:28:22,271 [INFO] Epoch [59/150] Train Loss: 4.5342 | Train Acc: 0.9043 (Classical:0.960 | Mesenchymal:0.781 | Neural:0.938 | Proneural:1.000) || Val Loss: 1.0193 | Val Acc: 0.6667 (Classical:0.833 | Mesenchymal:0.556 | Neural:0.500 | Proneural:0.800) || LR: 0.000200
2025-10-13 10:28:22,754 [INFO] Epoch [60/150] Train Loss: 4.4585 | Train Acc: 0.9149 (Classical:0.960 | Mesenchymal:0.812 | Neural:0.938 | Proneural:1.000) || Val Loss: 1.0057 | Val Acc: 0.6667 (Classical:0.833 | Mesenchymal:0.556 | Neural:0.500 | Proneural:0.800) || LR: 0.000200
2025-10-13 10:28:23,220 [INFO] Epoch [61/150] Train Loss: 4.4958 | Train Acc: 0.8936 (Classical:0.960 | Mesenchymal:0.719 | Neural:1.000 | Proneural:1.000) || Val Loss: 1.0319 | Val Acc: 0.6667 (Classical:0.833 | Mesenchymal:0.556 | Neural:0.500 | Proneural:0.800) || LR: 0.000200
2025-10-13 10:28:23,685 [INFO] Epoch [62/150] Train Loss: 4.4856 | Train Acc: 0.8830 (Classical:0.960 | Mesenchymal:0.688 | Neural:1.000 | Proneural:1.000) || Val Loss: 1.0559 | Val Acc: 0.6250 (Classical:0.833 | Mesenchymal:0.444 | Neural:0.500 | Proneural:0.800) || LR: 0.000200
2025-10-13 10:28:24,145 [INFO] Epoch [63/150] Train Loss: 4.4800 | Train Acc: 0.8936 (Classical:0.960 | Mesenchymal:0.719 | Neural:1.000 | Proneural:1.000) || Val Loss: 1.0291 | Val Acc: 0.6667 (Classical:0.833 | Mesenchymal:0.556 | Neural:0.500 | Proneural:0.800) || LR: 0.000200
2025-10-13 10:28:24,611 [INFO] Epoch [64/150] Train Loss: 4.4832 | Train Acc: 0.9149 (Classical:0.960 | Mesenchymal:0.812 | Neural:0.938 | Proneural:1.000) || Val Loss: 1.0276 | Val Acc: 0.6250 (Classical:0.833 | Mesenchymal:0.556 | Neural:0.250 | Proneural:0.800) || LR: 0.000200
2025-10-13 10:28:25,095 [INFO] Epoch [65/150] Train Loss: 4.4436 | Train Acc: 0.8617 (Classical:0.960 | Mesenchymal:0.688 | Neural:0.875 | Proneural:1.000) || Val Loss: 1.0654 | Val Acc: 0.6250 (Classical:0.833 | Mesenchymal:0.556 | Neural:0.250 | Proneural:0.800) || LR: 0.000200
2025-10-13 10:28:25,661 [INFO] Epoch [66/150] Train Loss: 4.5050 | Train Acc: 0.9149 (Classical:0.920 | Mesenchymal:0.844 | Neural:0.938 | Proneural:1.000) || Val Loss: 1.0352 | Val Acc: 0.6667 (Classical:0.833 | Mesenchymal:0.556 | Neural:0.500 | Proneural:0.800) || LR: 0.000200
2025-10-13 10:28:26,213 [INFO] Epoch [67/150] Train Loss: 4.4104 | Train Acc: 0.9149 (Classical:0.960 | Mesenchymal:0.875 | Neural:0.812 | Proneural:1.000) || Val Loss: 1.0335 | Val Acc: 0.6250 (Classical:0.833 | Mesenchymal:0.556 | Neural:0.250 | Proneural:0.800) || LR: 0.000200
2025-10-13 10:28:26,682 [INFO] Epoch [68/150] Train Loss: 4.4513 | Train Acc: 0.9362 (Classical:0.960 | Mesenchymal:0.906 | Neural:0.875 | Proneural:1.000) || Val Loss: 1.0537 | Val Acc: 0.6250 (Classical:0.833 | Mesenchymal:0.556 | Neural:0.250 | Proneural:0.800) || LR: 0.000200
2025-10-13 10:28:27,152 [INFO] Epoch [69/150] Train Loss: 4.4293 | Train Acc: 0.9149 (Classical:0.960 | Mesenchymal:0.906 | Neural:0.750 | Proneural:1.000) || Val Loss: 1.0468 | Val Acc: 0.6250 (Classical:0.833 | Mesenchymal:0.556 | Neural:0.250 | Proneural:0.800) || LR: 0.000200
2025-10-13 10:28:27,152 [INFO] Early stopping at epoch 69
2025-10-13 10:28:27,173 [INFO] Training completed. Best accuracy: 0.6667
2025-10-13 10:28:27,173 [INFO] Log: ./logs/train_20251013_102751.log, Model: ./models/best_model.pth
2025-10-13 10:28:27,287 [INFO] FINAL PER-CLASS | Train Acc: 0.6702 (Classical:0.640 | Mesenchymal:0.594 | Neural:0.812 | Proneural:0.714) || Val Acc: 0.6667 (Classical:0.833 | Mesenchymal:0.444 | Neural:0.750 | Proneural:0.800)
2025-10-13 10:28:27,345 [INFO] FINAL PER-CLASS | Test  Acc: 0.5667 (Classical:0.750 | Mesenchymal:0.300 | Neural:0.400 | Proneural:0.857)
