2025-10-06 10:41:41,349 [INFO] Regularized Attention-MOI Training Started
2025-10-06 10:41:41,623 [INFO] Model parameters: 33,032,612, Classes: 4
2025-10-06 10:41:41,623 [INFO] Enhanced regularization: Dropout=0.2, Weight_decay=0.001
2025-10-06 10:41:42,127 [INFO] Training started with enhanced regularization
2025-10-06 10:41:42,127 [INFO] Dropout: 0.2, Weight decay: 0.001
2025-10-06 10:41:42,863 [INFO] Best model saved with val_acc: 0.6667
2025-10-06 10:41:42,863 [INFO] Epoch [1/100] Train Loss: 1.3576 | Train Acc: 0.8085 (C0:0.720 | C1:0.844 | C2:0.750 | C3:0.905) || Val Loss: 1.1568 | Val Acc: 0.6667 (C0:0.833 | C1:0.556 | C2:0.500 | C3:0.800) || LR: 0.001000
2025-10-06 10:41:43,174 [INFO] Best model saved with val_acc: 0.7500
2025-10-06 10:41:43,174 [INFO] Epoch [2/100] Train Loss: 1.1300 | Train Acc: 0.8617 (C0:0.760 | C1:0.875 | C2:0.812 | C3:1.000) || Val Loss: 1.0499 | Val Acc: 0.7500 (C0:1.000 | C1:0.556 | C2:0.500 | C3:1.000) || LR: 0.001000
2025-10-06 10:41:43,351 [INFO] Epoch [3/100] Train Loss: 0.9671 | Train Acc: 0.9362 (C0:0.920 | C1:0.969 | C2:0.812 | C3:1.000) || Val Loss: 1.0198 | Val Acc: 0.6250 (C0:0.833 | C1:0.556 | C2:0.250 | C3:0.800) || LR: 0.001000
2025-10-06 10:41:43,525 [INFO] Epoch [4/100] Train Loss: 0.7958 | Train Acc: 0.9681 (C0:0.920 | C1:1.000 | C2:0.938 | C3:1.000) || Val Loss: 0.8980 | Val Acc: 0.7083 (C0:0.833 | C1:0.778 | C2:0.250 | C3:0.800) || LR: 0.001000
2025-10-06 10:41:43,699 [INFO] Epoch [5/100] Train Loss: 0.7615 | Train Acc: 0.9787 (C0:0.920 | C1:1.000 | C2:1.000 | C3:1.000) || Val Loss: 0.8295 | Val Acc: 0.7500 (C0:0.833 | C1:0.778 | C2:0.500 | C3:0.800) || LR: 0.001000
2025-10-06 10:41:43,885 [INFO] Epoch [6/100] Train Loss: 0.5842 | Train Acc: 0.9894 (C0:0.960 | C1:1.000 | C2:1.000 | C3:1.000) || Val Loss: 0.8241 | Val Acc: 0.7083 (C0:1.000 | C1:0.556 | C2:0.500 | C3:0.800) || LR: 0.001000
2025-10-06 10:41:44,059 [INFO] Epoch [7/100] Train Loss: 0.5002 | Train Acc: 0.9894 (C0:0.960 | C1:1.000 | C2:1.000 | C3:1.000) || Val Loss: 0.8156 | Val Acc: 0.7500 (C0:1.000 | C1:0.667 | C2:0.500 | C3:0.800) || LR: 0.001000
2025-10-06 10:41:44,234 [INFO] Epoch [8/100] Train Loss: 0.5292 | Train Acc: 1.0000 (C0:1.000 | C1:1.000 | C2:1.000 | C3:1.000) || Val Loss: 0.8217 | Val Acc: 0.7083 (C0:1.000 | C1:0.667 | C2:0.250 | C3:0.800) || LR: 0.001000
2025-10-06 10:41:44,416 [INFO] Epoch [9/100] Train Loss: 0.4121 | Train Acc: 1.0000 (C0:1.000 | C1:1.000 | C2:1.000 | C3:1.000) || Val Loss: 0.8748 | Val Acc: 0.6667 (C0:0.833 | C1:0.556 | C2:0.500 | C3:0.800) || LR: 0.001000
2025-10-06 10:41:44,593 [INFO] Epoch [10/100] Train Loss: 0.3375 | Train Acc: 1.0000 (C0:1.000 | C1:1.000 | C2:1.000 | C3:1.000) || Val Loss: 0.8999 | Val Acc: 0.6250 (C0:0.833 | C1:0.556 | C2:0.250 | C3:0.800) || LR: 0.001000
2025-10-06 10:41:44,770 [INFO] Epoch [11/100] Train Loss: 0.2676 | Train Acc: 1.0000 (C0:1.000 | C1:1.000 | C2:1.000 | C3:1.000) || Val Loss: 0.9139 | Val Acc: 0.6667 (C0:1.000 | C1:0.556 | C2:0.250 | C3:0.800) || LR: 0.001000
2025-10-06 10:41:44,954 [INFO] Epoch [12/100] Train Loss: 0.2461 | Train Acc: 1.0000 (C0:1.000 | C1:1.000 | C2:1.000 | C3:1.000) || Val Loss: 0.9091 | Val Acc: 0.6250 (C0:1.000 | C1:0.556 | C2:0.000 | C3:0.800) || LR: 0.001000
2025-10-06 10:41:45,125 [INFO] Epoch [13/100] Train Loss: 0.2366 | Train Acc: 1.0000 (C0:1.000 | C1:1.000 | C2:1.000 | C3:1.000) || Val Loss: 0.8587 | Val Acc: 0.7500 (C0:1.000 | C1:0.778 | C2:0.250 | C3:0.800) || LR: 0.001000
2025-10-06 10:41:45,307 [INFO] Epoch [14/100] Train Loss: 0.2209 | Train Acc: 1.0000 (C0:1.000 | C1:1.000 | C2:1.000 | C3:1.000) || Val Loss: 0.8261 | Val Acc: 0.7500 (C0:1.000 | C1:0.778 | C2:0.250 | C3:0.800) || LR: 0.001000
2025-10-06 10:41:45,494 [INFO] Epoch [15/100] Train Loss: 0.2565 | Train Acc: 1.0000 (C0:1.000 | C1:1.000 | C2:1.000 | C3:1.000) || Val Loss: 0.7747 | Val Acc: 0.7500 (C0:1.000 | C1:0.778 | C2:0.250 | C3:0.800) || LR: 0.001000
2025-10-06 10:41:45,674 [INFO] Epoch [16/100] Train Loss: 0.1718 | Train Acc: 1.0000 (C0:1.000 | C1:1.000 | C2:1.000 | C3:1.000) || Val Loss: 0.8378 | Val Acc: 0.7500 (C0:1.000 | C1:0.778 | C2:0.250 | C3:0.800) || LR: 0.001000
2025-10-06 10:41:45,850 [INFO] Epoch [17/100] Train Loss: 0.1694 | Train Acc: 1.0000 (C0:1.000 | C1:1.000 | C2:1.000 | C3:1.000) || Val Loss: 0.9062 | Val Acc: 0.7083 (C0:1.000 | C1:0.778 | C2:0.250 | C3:0.600) || LR: 0.001000
2025-10-06 10:41:46,152 [INFO] Best model saved with val_acc: 0.7917
2025-10-06 10:41:46,152 [INFO] Epoch [18/100] Train Loss: 0.1616 | Train Acc: 1.0000 (C0:1.000 | C1:1.000 | C2:1.000 | C3:1.000) || Val Loss: 0.8585 | Val Acc: 0.7917 (C0:1.000 | C1:0.778 | C2:0.500 | C3:0.800) || LR: 0.001000
2025-10-06 10:41:46,327 [INFO] Epoch [19/100] Train Loss: 0.1192 | Train Acc: 1.0000 (C0:1.000 | C1:1.000 | C2:1.000 | C3:1.000) || Val Loss: 0.8761 | Val Acc: 0.7917 (C0:1.000 | C1:0.778 | C2:0.500 | C3:0.800) || LR: 0.001000
2025-10-06 10:41:46,517 [INFO] Epoch [20/100] Train Loss: 0.1439 | Train Acc: 1.0000 (C0:1.000 | C1:1.000 | C2:1.000 | C3:1.000) || Val Loss: 0.8631 | Val Acc: 0.7917 (C0:1.000 | C1:0.778 | C2:0.500 | C3:0.800) || LR: 0.001000
2025-10-06 10:41:46,693 [INFO] Epoch [21/100] Train Loss: 0.1214 | Train Acc: 1.0000 (C0:1.000 | C1:1.000 | C2:1.000 | C3:1.000) || Val Loss: 0.8883 | Val Acc: 0.7083 (C0:1.000 | C1:0.556 | C2:0.500 | C3:0.800) || LR: 0.001000
2025-10-06 10:41:46,872 [INFO] Epoch [22/100] Train Loss: 0.1502 | Train Acc: 1.0000 (C0:1.000 | C1:1.000 | C2:1.000 | C3:1.000) || Val Loss: 0.9402 | Val Acc: 0.7083 (C0:1.000 | C1:0.556 | C2:0.500 | C3:0.800) || LR: 0.001000
2025-10-06 10:41:47,045 [INFO] Epoch [23/100] Train Loss: 0.1214 | Train Acc: 1.0000 (C0:1.000 | C1:1.000 | C2:1.000 | C3:1.000) || Val Loss: 1.0426 | Val Acc: 0.6667 (C0:1.000 | C1:0.556 | C2:0.250 | C3:0.800) || LR: 0.001000
2025-10-06 10:41:47,223 [INFO] Epoch [24/100] Train Loss: 0.1020 | Train Acc: 1.0000 (C0:1.000 | C1:1.000 | C2:1.000 | C3:1.000) || Val Loss: 1.1188 | Val Acc: 0.6667 (C0:1.000 | C1:0.556 | C2:0.250 | C3:0.800) || LR: 0.001000
2025-10-06 10:41:47,400 [INFO] Epoch [25/100] Train Loss: 0.0932 | Train Acc: 1.0000 (C0:1.000 | C1:1.000 | C2:1.000 | C3:1.000) || Val Loss: 1.0813 | Val Acc: 0.7083 (C0:1.000 | C1:0.667 | C2:0.250 | C3:0.800) || LR: 0.001000
2025-10-06 10:41:47,579 [INFO] Epoch [26/100] Train Loss: 0.1432 | Train Acc: 1.0000 (C0:1.000 | C1:1.000 | C2:1.000 | C3:1.000) || Val Loss: 1.0096 | Val Acc: 0.7500 (C0:1.000 | C1:0.778 | C2:0.250 | C3:0.800) || LR: 0.001000
2025-10-06 10:41:47,754 [INFO] Epoch [27/100] Train Loss: 0.1465 | Train Acc: 1.0000 (C0:1.000 | C1:1.000 | C2:1.000 | C3:1.000) || Val Loss: 1.1274 | Val Acc: 0.6250 (C0:1.000 | C1:0.667 | C2:0.000 | C3:0.600) || LR: 0.001000
2025-10-06 10:41:47,929 [INFO] Epoch [28/100] Train Loss: 0.1139 | Train Acc: 1.0000 (C0:1.000 | C1:1.000 | C2:1.000 | C3:1.000) || Val Loss: 1.1137 | Val Acc: 0.6667 (C0:0.833 | C1:0.667 | C2:0.250 | C3:0.800) || LR: 0.001000
2025-10-06 10:41:48,103 [INFO] Epoch [29/100] Train Loss: 0.1353 | Train Acc: 1.0000 (C0:1.000 | C1:1.000 | C2:1.000 | C3:1.000) || Val Loss: 0.9308 | Val Acc: 0.7917 (C0:1.000 | C1:0.778 | C2:0.500 | C3:0.800) || LR: 0.001000
2025-10-06 10:41:48,280 [INFO] Epoch [30/100] Train Loss: 0.1027 | Train Acc: 1.0000 (C0:1.000 | C1:1.000 | C2:1.000 | C3:1.000) || Val Loss: 0.9876 | Val Acc: 0.7500 (C0:1.000 | C1:0.778 | C2:0.250 | C3:0.800) || LR: 0.001000
2025-10-06 10:41:48,459 [INFO] Epoch [31/100] Train Loss: 0.0777 | Train Acc: 1.0000 (C0:1.000 | C1:1.000 | C2:1.000 | C3:1.000) || Val Loss: 1.0226 | Val Acc: 0.7500 (C0:1.000 | C1:0.778 | C2:0.250 | C3:0.800) || LR: 0.001000
2025-10-06 10:41:48,632 [INFO] Epoch [32/100] Train Loss: 0.0945 | Train Acc: 1.0000 (C0:1.000 | C1:1.000 | C2:1.000 | C3:1.000) || Val Loss: 1.0246 | Val Acc: 0.7500 (C0:1.000 | C1:0.667 | C2:0.500 | C3:0.800) || LR: 0.001000
2025-10-06 10:41:48,805 [INFO] Epoch [33/100] Train Loss: 0.2357 | Train Acc: 1.0000 (C0:1.000 | C1:1.000 | C2:1.000 | C3:1.000) || Val Loss: 1.1479 | Val Acc: 0.7083 (C0:1.000 | C1:0.667 | C2:0.250 | C3:0.800) || LR: 0.001000
2025-10-06 10:41:48,982 [INFO] Epoch [34/100] Train Loss: 0.0994 | Train Acc: 1.0000 (C0:1.000 | C1:1.000 | C2:1.000 | C3:1.000) || Val Loss: 1.2953 | Val Acc: 0.6250 (C0:0.833 | C1:0.667 | C2:0.000 | C3:0.800) || LR: 0.001000
2025-10-06 10:41:49,159 [INFO] Epoch [35/100] Train Loss: 0.1045 | Train Acc: 1.0000 (C0:1.000 | C1:1.000 | C2:1.000 | C3:1.000) || Val Loss: 1.4278 | Val Acc: 0.6250 (C0:0.833 | C1:0.667 | C2:0.000 | C3:0.800) || LR: 0.001000
2025-10-06 10:41:49,335 [INFO] Epoch [36/100] Train Loss: 0.0861 | Train Acc: 1.0000 (C0:1.000 | C1:1.000 | C2:1.000 | C3:1.000) || Val Loss: 1.3663 | Val Acc: 0.6250 (C0:0.833 | C1:0.667 | C2:0.000 | C3:0.800) || LR: 0.001000
2025-10-06 10:41:49,512 [INFO] Epoch [37/100] Train Loss: 0.1100 | Train Acc: 1.0000 (C0:1.000 | C1:1.000 | C2:1.000 | C3:1.000) || Val Loss: 1.1535 | Val Acc: 0.6667 (C0:0.833 | C1:0.667 | C2:0.250 | C3:0.800) || LR: 0.001000
2025-10-06 10:41:49,689 [INFO] Epoch [38/100] Train Loss: 0.1012 | Train Acc: 1.0000 (C0:1.000 | C1:1.000 | C2:1.000 | C3:1.000) || Val Loss: 1.0742 | Val Acc: 0.7500 (C0:1.000 | C1:0.667 | C2:0.500 | C3:0.800) || LR: 0.001000
2025-10-06 10:41:49,863 [INFO] Epoch [39/100] Train Loss: 0.0521 | Train Acc: 1.0000 (C0:1.000 | C1:1.000 | C2:1.000 | C3:1.000) || Val Loss: 1.1275 | Val Acc: 0.7500 (C0:1.000 | C1:0.667 | C2:0.500 | C3:0.800) || LR: 0.001000
2025-10-06 10:41:50,035 [INFO] Epoch [40/100] Train Loss: 0.2355 | Train Acc: 1.0000 (C0:1.000 | C1:1.000 | C2:1.000 | C3:1.000) || Val Loss: 1.0963 | Val Acc: 0.7500 (C0:1.000 | C1:0.667 | C2:0.500 | C3:0.800) || LR: 0.001000
2025-10-06 10:41:50,215 [INFO] Epoch [41/100] Train Loss: 0.0572 | Train Acc: 1.0000 (C0:1.000 | C1:1.000 | C2:1.000 | C3:1.000) || Val Loss: 1.3746 | Val Acc: 0.7083 (C0:1.000 | C1:0.667 | C2:0.250 | C3:0.800) || LR: 0.001000
2025-10-06 10:41:50,391 [INFO] Epoch [42/100] Train Loss: 0.0448 | Train Acc: 1.0000 (C0:1.000 | C1:1.000 | C2:1.000 | C3:1.000) || Val Loss: 1.4305 | Val Acc: 0.7083 (C0:1.000 | C1:0.667 | C2:0.250 | C3:0.800) || LR: 0.001000
2025-10-06 10:41:50,563 [INFO] Epoch [43/100] Train Loss: 0.0779 | Train Acc: 1.0000 (C0:1.000 | C1:1.000 | C2:1.000 | C3:1.000) || Val Loss: 1.4428 | Val Acc: 0.7083 (C0:0.833 | C1:0.778 | C2:0.250 | C3:0.800) || LR: 0.001000
2025-10-06 10:41:50,741 [INFO] Epoch [44/100] Train Loss: 0.1250 | Train Acc: 1.0000 (C0:1.000 | C1:1.000 | C2:1.000 | C3:1.000) || Val Loss: 1.4361 | Val Acc: 0.7083 (C0:0.833 | C1:0.778 | C2:0.250 | C3:0.800) || LR: 0.001000
2025-10-06 10:41:50,914 [INFO] Epoch [45/100] Train Loss: 0.0310 | Train Acc: 1.0000 (C0:1.000 | C1:1.000 | C2:1.000 | C3:1.000) || Val Loss: 1.4166 | Val Acc: 0.6667 (C0:0.667 | C1:0.778 | C2:0.250 | C3:0.800) || LR: 0.001000
2025-10-06 10:41:51,081 [INFO] Epoch [46/100] Train Loss: 0.2201 | Train Acc: 1.0000 (C0:1.000 | C1:1.000 | C2:1.000 | C3:1.000) || Val Loss: 1.4053 | Val Acc: 0.6667 (C0:0.833 | C1:0.667 | C2:0.250 | C3:0.800) || LR: 0.001000
2025-10-06 10:41:51,254 [INFO] Epoch [47/100] Train Loss: 0.1305 | Train Acc: 1.0000 (C0:1.000 | C1:1.000 | C2:1.000 | C3:1.000) || Val Loss: 1.3396 | Val Acc: 0.7500 (C0:0.833 | C1:0.778 | C2:0.500 | C3:0.800) || LR: 0.001000
2025-10-06 10:41:51,424 [INFO] Epoch [48/100] Train Loss: 0.1973 | Train Acc: 1.0000 (C0:1.000 | C1:1.000 | C2:1.000 | C3:1.000) || Val Loss: 1.5790 | Val Acc: 0.6667 (C0:0.667 | C1:0.778 | C2:0.250 | C3:0.800) || LR: 0.001000
2025-10-06 10:41:51,589 [INFO] Epoch [49/100] Train Loss: 0.1027 | Train Acc: 1.0000 (C0:1.000 | C1:1.000 | C2:1.000 | C3:1.000) || Val Loss: 1.4255 | Val Acc: 0.6667 (C0:0.667 | C1:0.667 | C2:0.500 | C3:0.800) || LR: 0.001000
2025-10-06 10:41:51,757 [INFO] Epoch [50/100] Train Loss: 0.0780 | Train Acc: 1.0000 (C0:1.000 | C1:1.000 | C2:1.000 | C3:1.000) || Val Loss: 1.5778 | Val Acc: 0.6250 (C0:0.667 | C1:0.667 | C2:0.250 | C3:0.800) || LR: 0.001000
2025-10-06 10:41:51,926 [INFO] Epoch [51/100] Train Loss: 0.0398 | Train Acc: 1.0000 (C0:1.000 | C1:1.000 | C2:1.000 | C3:1.000) || Val Loss: 1.4076 | Val Acc: 0.6667 (C0:0.833 | C1:0.667 | C2:0.250 | C3:0.800) || LR: 0.001000
2025-10-06 10:41:52,092 [INFO] Epoch [52/100] Train Loss: 0.0283 | Train Acc: 1.0000 (C0:1.000 | C1:1.000 | C2:1.000 | C3:1.000) || Val Loss: 1.3587 | Val Acc: 0.7083 (C0:1.000 | C1:0.667 | C2:0.250 | C3:0.800) || LR: 0.001000
2025-10-06 10:41:52,260 [INFO] Epoch [53/100] Train Loss: 0.0833 | Train Acc: 1.0000 (C0:1.000 | C1:1.000 | C2:1.000 | C3:1.000) || Val Loss: 1.2831 | Val Acc: 0.7083 (C0:1.000 | C1:0.667 | C2:0.250 | C3:0.800) || LR: 0.001000
2025-10-06 10:41:52,431 [INFO] Epoch [54/100] Train Loss: 0.0619 | Train Acc: 1.0000 (C0:1.000 | C1:1.000 | C2:1.000 | C3:1.000) || Val Loss: 1.3222 | Val Acc: 0.7083 (C0:1.000 | C1:0.667 | C2:0.250 | C3:0.800) || LR: 0.001000
2025-10-06 10:41:52,597 [INFO] Epoch [55/100] Train Loss: 0.1275 | Train Acc: 1.0000 (C0:1.000 | C1:1.000 | C2:1.000 | C3:1.000) || Val Loss: 1.2085 | Val Acc: 0.7500 (C0:1.000 | C1:0.667 | C2:0.500 | C3:0.800) || LR: 0.001000
2025-10-06 10:41:52,763 [INFO] Epoch [56/100] Train Loss: 0.0210 | Train Acc: 1.0000 (C0:1.000 | C1:1.000 | C2:1.000 | C3:1.000) || Val Loss: 1.0798 | Val Acc: 0.7917 (C0:1.000 | C1:0.778 | C2:0.500 | C3:0.800) || LR: 0.001000
2025-10-06 10:41:52,932 [INFO] Epoch [57/100] Train Loss: 0.0943 | Train Acc: 1.0000 (C0:1.000 | C1:1.000 | C2:1.000 | C3:1.000) || Val Loss: 1.1837 | Val Acc: 0.7500 (C0:0.833 | C1:0.778 | C2:0.500 | C3:0.800) || LR: 0.001000
2025-10-06 10:41:53,102 [INFO] Epoch [58/100] Train Loss: 0.0618 | Train Acc: 1.0000 (C0:1.000 | C1:1.000 | C2:1.000 | C3:1.000) || Val Loss: 1.3257 | Val Acc: 0.7500 (C0:0.833 | C1:0.778 | C2:0.500 | C3:0.800) || LR: 0.001000
2025-10-06 10:41:53,269 [INFO] Epoch [59/100] Train Loss: 0.0814 | Train Acc: 1.0000 (C0:1.000 | C1:1.000 | C2:1.000 | C3:1.000) || Val Loss: 1.3899 | Val Acc: 0.7083 (C0:0.833 | C1:0.778 | C2:0.250 | C3:0.800) || LR: 0.001000
2025-10-06 10:41:53,438 [INFO] Epoch [60/100] Train Loss: 0.1023 | Train Acc: 1.0000 (C0:1.000 | C1:1.000 | C2:1.000 | C3:1.000) || Val Loss: 1.5075 | Val Acc: 0.7083 (C0:0.833 | C1:0.778 | C2:0.250 | C3:0.800) || LR: 0.001000
2025-10-06 10:41:53,607 [INFO] Epoch [61/100] Train Loss: 0.1084 | Train Acc: 1.0000 (C0:1.000 | C1:1.000 | C2:1.000 | C3:1.000) || Val Loss: 1.6134 | Val Acc: 0.6667 (C0:0.667 | C1:0.778 | C2:0.250 | C3:0.800) || LR: 0.001000
2025-10-06 10:41:53,777 [INFO] Epoch [62/100] Train Loss: 0.0305 | Train Acc: 1.0000 (C0:1.000 | C1:1.000 | C2:1.000 | C3:1.000) || Val Loss: 1.7355 | Val Acc: 0.6667 (C0:0.667 | C1:0.778 | C2:0.250 | C3:0.800) || LR: 0.001000
2025-10-06 10:41:53,943 [INFO] Epoch [63/100] Train Loss: 0.0426 | Train Acc: 1.0000 (C0:1.000 | C1:1.000 | C2:1.000 | C3:1.000) || Val Loss: 1.8597 | Val Acc: 0.6667 (C0:0.667 | C1:0.778 | C2:0.250 | C3:0.800) || LR: 0.001000
2025-10-06 10:41:54,120 [INFO] Epoch [64/100] Train Loss: 0.0674 | Train Acc: 1.0000 (C0:1.000 | C1:1.000 | C2:1.000 | C3:1.000) || Val Loss: 1.5665 | Val Acc: 0.7083 (C0:0.833 | C1:0.778 | C2:0.250 | C3:0.800) || LR: 0.001000
2025-10-06 10:41:54,291 [INFO] Epoch [65/100] Train Loss: 0.0378 | Train Acc: 1.0000 (C0:1.000 | C1:1.000 | C2:1.000 | C3:1.000) || Val Loss: 1.5281 | Val Acc: 0.7083 (C0:0.833 | C1:0.778 | C2:0.250 | C3:0.800) || LR: 0.001000
2025-10-06 10:41:54,462 [INFO] Epoch [66/100] Train Loss: 0.0404 | Train Acc: 1.0000 (C0:1.000 | C1:1.000 | C2:1.000 | C3:1.000) || Val Loss: 1.4607 | Val Acc: 0.7083 (C0:0.833 | C1:0.778 | C2:0.250 | C3:0.800) || LR: 0.001000
2025-10-06 10:41:54,626 [INFO] Epoch [67/100] Train Loss: 0.0292 | Train Acc: 1.0000 (C0:1.000 | C1:1.000 | C2:1.000 | C3:1.000) || Val Loss: 1.3625 | Val Acc: 0.7500 (C0:1.000 | C1:0.778 | C2:0.250 | C3:0.800) || LR: 0.001000
2025-10-06 10:41:54,796 [INFO] Early stopping at epoch 68
2025-10-06 10:41:54,810 [INFO] Training completed. Best accuracy: 0.7917
2025-10-06 10:41:54,810 [INFO] Log: ./logs/train_20251006_104141.log, Model: ./models/best_model.pth
