2025-10-13 10:30:14,469 [INFO] Model parameters: 56,828,699, Classes: 4
2025-10-13 10:30:14,469 [INFO] Enhanced regularization: Dropout=0.4, Weight_decay=0.002
2025-10-13 10:30:14,939 [INFO] Regularized Attention-MOI Training Started
2025-10-13 10:30:14,939 [INFO] Training started with enhanced regularization
2025-10-13 10:30:14,939 [INFO] Dropout: 0.4, Weight decay: 0.002
2025-10-13 10:30:15,607 [INFO] Epoch [1/150] Train Loss: 5.4008 | Train Acc: 0.4362 (Classical:0.480 | Mesenchymal:0.188 | Neural:0.500 | Proneural:0.714) || Val Loss: 1.4766 | Val Acc: 0.2083 (Classical:0.167 | Mesenchymal:0.111 | Neural:0.250 | Proneural:0.400) || LR: 0.000200
2025-10-13 10:30:15,807 [INFO] Best model saved with val_acc: 0.2083
2025-10-13 10:30:16,273 [INFO] Epoch [2/150] Train Loss: 5.0145 | Train Acc: 0.5213 (Classical:0.480 | Mesenchymal:0.250 | Neural:0.812 | Proneural:0.762) || Val Loss: 1.5010 | Val Acc: 0.1667 (Classical:0.167 | Mesenchymal:0.111 | Neural:0.250 | Proneural:0.200) || LR: 0.000200
2025-10-13 10:30:16,739 [INFO] Epoch [3/150] Train Loss: 4.9188 | Train Acc: 0.5957 (Classical:0.480 | Mesenchymal:0.406 | Neural:0.750 | Proneural:0.905) || Val Loss: 1.4495 | Val Acc: 0.2917 (Classical:0.500 | Mesenchymal:0.222 | Neural:0.250 | Proneural:0.200) || LR: 0.000200
2025-10-13 10:30:16,944 [INFO] Best model saved with val_acc: 0.2917
2025-10-13 10:30:17,420 [INFO] Epoch [4/150] Train Loss: 4.8375 | Train Acc: 0.6277 (Classical:0.560 | Mesenchymal:0.406 | Neural:0.812 | Proneural:0.905) || Val Loss: 1.4343 | Val Acc: 0.2917 (Classical:0.500 | Mesenchymal:0.222 | Neural:0.250 | Proneural:0.200) || LR: 0.000200
2025-10-13 10:30:17,900 [INFO] Epoch [5/150] Train Loss: 4.8636 | Train Acc: 0.7447 (Classical:0.640 | Mesenchymal:0.656 | Neural:0.875 | Proneural:0.905) || Val Loss: 1.3125 | Val Acc: 0.3750 (Classical:0.667 | Mesenchymal:0.333 | Neural:0.250 | Proneural:0.200) || LR: 0.000200
2025-10-13 10:30:18,100 [INFO] Best model saved with val_acc: 0.3750
2025-10-13 10:30:18,579 [INFO] Epoch [6/150] Train Loss: 4.7872 | Train Acc: 0.7553 (Classical:0.640 | Mesenchymal:0.625 | Neural:0.938 | Proneural:0.952) || Val Loss: 1.2816 | Val Acc: 0.4583 (Classical:0.667 | Mesenchymal:0.444 | Neural:0.250 | Proneural:0.400) || LR: 0.000200
2025-10-13 10:30:18,787 [INFO] Best model saved with val_acc: 0.4583
2025-10-13 10:30:19,279 [INFO] Epoch [7/150] Train Loss: 4.7249 | Train Acc: 0.8085 (Classical:0.720 | Mesenchymal:0.750 | Neural:0.875 | Proneural:0.952) || Val Loss: 1.2202 | Val Acc: 0.5000 (Classical:0.667 | Mesenchymal:0.556 | Neural:0.250 | Proneural:0.400) || LR: 0.000200
2025-10-13 10:30:19,484 [INFO] Best model saved with val_acc: 0.5000
2025-10-13 10:30:19,976 [INFO] Epoch [8/150] Train Loss: 4.7052 | Train Acc: 0.8085 (Classical:0.760 | Mesenchymal:0.750 | Neural:0.812 | Proneural:0.952) || Val Loss: 1.2084 | Val Acc: 0.5000 (Classical:0.667 | Mesenchymal:0.556 | Neural:0.250 | Proneural:0.400) || LR: 0.000200
2025-10-13 10:30:20,448 [INFO] Epoch [9/150] Train Loss: 4.8038 | Train Acc: 0.8191 (Classical:0.800 | Mesenchymal:0.750 | Neural:0.812 | Proneural:0.952) || Val Loss: 1.1886 | Val Acc: 0.5417 (Classical:0.667 | Mesenchymal:0.556 | Neural:0.500 | Proneural:0.400) || LR: 0.000200
2025-10-13 10:30:20,642 [INFO] Best model saved with val_acc: 0.5417
2025-10-13 10:30:21,122 [INFO] Epoch [10/150] Train Loss: 4.6578 | Train Acc: 0.8191 (Classical:0.800 | Mesenchymal:0.750 | Neural:0.812 | Proneural:0.952) || Val Loss: 1.1689 | Val Acc: 0.5833 (Classical:0.667 | Mesenchymal:0.556 | Neural:0.500 | Proneural:0.600) || LR: 0.000200
2025-10-13 10:30:21,324 [INFO] Best model saved with val_acc: 0.5833
2025-10-13 10:30:21,800 [INFO] Epoch [11/150] Train Loss: 4.6787 | Train Acc: 0.8617 (Classical:0.920 | Mesenchymal:0.812 | Neural:0.750 | Proneural:0.952) || Val Loss: 1.1198 | Val Acc: 0.5000 (Classical:0.667 | Mesenchymal:0.444 | Neural:0.500 | Proneural:0.400) || LR: 0.000200
2025-10-13 10:30:22,263 [INFO] Epoch [12/150] Train Loss: 4.6300 | Train Acc: 0.8617 (Classical:0.920 | Mesenchymal:0.812 | Neural:0.750 | Proneural:0.952) || Val Loss: 1.1023 | Val Acc: 0.6250 (Classical:0.833 | Mesenchymal:0.556 | Neural:0.500 | Proneural:0.600) || LR: 0.000200
2025-10-13 10:30:22,467 [INFO] Best model saved with val_acc: 0.6250
2025-10-13 10:30:22,943 [INFO] Epoch [13/150] Train Loss: 4.5504 | Train Acc: 0.8936 (Classical:0.920 | Mesenchymal:0.812 | Neural:0.875 | Proneural:1.000) || Val Loss: 1.1050 | Val Acc: 0.5833 (Classical:0.833 | Mesenchymal:0.444 | Neural:0.250 | Proneural:0.800) || LR: 0.000200
2025-10-13 10:30:23,402 [INFO] Epoch [14/150] Train Loss: 4.6261 | Train Acc: 0.9043 (Classical:0.920 | Mesenchymal:0.844 | Neural:0.875 | Proneural:1.000) || Val Loss: 1.0895 | Val Acc: 0.6667 (Classical:0.833 | Mesenchymal:0.556 | Neural:0.500 | Proneural:0.800) || LR: 0.000200
2025-10-13 10:30:23,598 [INFO] Best model saved with val_acc: 0.6667
2025-10-13 10:30:24,086 [INFO] Epoch [15/150] Train Loss: 4.5828 | Train Acc: 0.9043 (Classical:0.920 | Mesenchymal:0.844 | Neural:0.875 | Proneural:1.000) || Val Loss: 1.0622 | Val Acc: 0.6667 (Classical:0.833 | Mesenchymal:0.556 | Neural:0.500 | Proneural:0.800) || LR: 0.000200
2025-10-13 10:30:24,558 [INFO] Epoch [16/150] Train Loss: 4.6107 | Train Acc: 0.9149 (Classical:0.920 | Mesenchymal:0.875 | Neural:0.875 | Proneural:1.000) || Val Loss: 1.0577 | Val Acc: 0.6667 (Classical:1.000 | Mesenchymal:0.556 | Neural:0.250 | Proneural:0.800) || LR: 0.000200
2025-10-13 10:30:25,030 [INFO] Epoch [17/150] Train Loss: 4.5677 | Train Acc: 0.9149 (Classical:0.920 | Mesenchymal:0.875 | Neural:0.875 | Proneural:1.000) || Val Loss: 1.0654 | Val Acc: 0.6667 (Classical:1.000 | Mesenchymal:0.556 | Neural:0.250 | Proneural:0.800) || LR: 0.000200
2025-10-13 10:30:25,498 [INFO] Epoch [18/150] Train Loss: 4.4512 | Train Acc: 0.9149 (Classical:0.920 | Mesenchymal:0.875 | Neural:0.875 | Proneural:1.000) || Val Loss: 1.0713 | Val Acc: 0.6667 (Classical:1.000 | Mesenchymal:0.556 | Neural:0.250 | Proneural:0.800) || LR: 0.000200
2025-10-13 10:30:25,956 [INFO] Epoch [19/150] Train Loss: 4.4938 | Train Acc: 0.9255 (Classical:0.920 | Mesenchymal:0.906 | Neural:0.875 | Proneural:1.000) || Val Loss: 1.0675 | Val Acc: 0.6667 (Classical:1.000 | Mesenchymal:0.556 | Neural:0.250 | Proneural:0.800) || LR: 0.000200
2025-10-13 10:30:26,437 [INFO] Epoch [20/150] Train Loss: 4.4721 | Train Acc: 0.9043 (Classical:0.920 | Mesenchymal:0.844 | Neural:0.875 | Proneural:1.000) || Val Loss: 1.0418 | Val Acc: 0.6667 (Classical:1.000 | Mesenchymal:0.556 | Neural:0.250 | Proneural:0.800) || LR: 0.000200
2025-10-13 10:30:26,935 [INFO] Epoch [21/150] Train Loss: 4.4943 | Train Acc: 0.9149 (Classical:0.920 | Mesenchymal:0.875 | Neural:0.875 | Proneural:1.000) || Val Loss: 1.0402 | Val Acc: 0.7083 (Classical:1.000 | Mesenchymal:0.667 | Neural:0.250 | Proneural:0.800) || LR: 0.000200
2025-10-13 10:30:27,139 [INFO] Best model saved with val_acc: 0.7083
2025-10-13 10:30:27,656 [INFO] Epoch [22/150] Train Loss: 4.4158 | Train Acc: 0.9149 (Classical:0.920 | Mesenchymal:0.875 | Neural:0.875 | Proneural:1.000) || Val Loss: 1.0644 | Val Acc: 0.7083 (Classical:1.000 | Mesenchymal:0.667 | Neural:0.250 | Proneural:0.800) || LR: 0.000200
2025-10-13 10:30:28,153 [INFO] Epoch [23/150] Train Loss: 4.3572 | Train Acc: 0.9149 (Classical:0.920 | Mesenchymal:0.875 | Neural:0.875 | Proneural:1.000) || Val Loss: 1.0476 | Val Acc: 0.6667 (Classical:0.833 | Mesenchymal:0.667 | Neural:0.250 | Proneural:0.800) || LR: 0.000200
2025-10-13 10:30:28,642 [INFO] Epoch [24/150] Train Loss: 4.3395 | Train Acc: 0.9255 (Classical:0.920 | Mesenchymal:0.906 | Neural:0.875 | Proneural:1.000) || Val Loss: 1.0214 | Val Acc: 0.7083 (Classical:0.833 | Mesenchymal:0.778 | Neural:0.250 | Proneural:0.800) || LR: 0.000200
2025-10-13 10:30:29,126 [INFO] Epoch [25/150] Train Loss: 4.4226 | Train Acc: 0.9255 (Classical:0.920 | Mesenchymal:0.906 | Neural:0.875 | Proneural:1.000) || Val Loss: 1.0292 | Val Acc: 0.7500 (Classical:1.000 | Mesenchymal:0.778 | Neural:0.250 | Proneural:0.800) || LR: 0.000200
2025-10-13 10:30:29,335 [INFO] Best model saved with val_acc: 0.7500
2025-10-13 10:30:29,841 [INFO] Epoch [26/150] Train Loss: 4.4310 | Train Acc: 0.9468 (Classical:0.960 | Mesenchymal:0.906 | Neural:0.938 | Proneural:1.000) || Val Loss: 1.0733 | Val Acc: 0.6667 (Classical:0.833 | Mesenchymal:0.667 | Neural:0.250 | Proneural:0.800) || LR: 0.000200
2025-10-13 10:30:30,329 [INFO] Epoch [27/150] Train Loss: 4.2801 | Train Acc: 0.9574 (Classical:0.960 | Mesenchymal:0.938 | Neural:0.938 | Proneural:1.000) || Val Loss: 1.0496 | Val Acc: 0.7083 (Classical:0.833 | Mesenchymal:0.778 | Neural:0.250 | Proneural:0.800) || LR: 0.000200
2025-10-13 10:30:30,797 [INFO] Epoch [28/150] Train Loss: 4.3247 | Train Acc: 0.9681 (Classical:0.960 | Mesenchymal:0.938 | Neural:1.000 | Proneural:1.000) || Val Loss: 0.9875 | Val Acc: 0.7500 (Classical:1.000 | Mesenchymal:0.778 | Neural:0.250 | Proneural:0.800) || LR: 0.000200
2025-10-13 10:30:31,264 [INFO] Epoch [29/150] Train Loss: 4.2630 | Train Acc: 0.9681 (Classical:0.960 | Mesenchymal:0.938 | Neural:1.000 | Proneural:1.000) || Val Loss: 1.0034 | Val Acc: 0.7500 (Classical:1.000 | Mesenchymal:0.778 | Neural:0.250 | Proneural:0.800) || LR: 0.000200
2025-10-13 10:30:31,725 [INFO] Epoch [30/150] Train Loss: 4.2811 | Train Acc: 0.9681 (Classical:0.960 | Mesenchymal:0.938 | Neural:1.000 | Proneural:1.000) || Val Loss: 1.0072 | Val Acc: 0.7083 (Classical:1.000 | Mesenchymal:0.667 | Neural:0.250 | Proneural:0.800) || LR: 0.000200
2025-10-13 10:30:32,182 [INFO] Epoch [31/150] Train Loss: 4.2751 | Train Acc: 0.9787 (Classical:0.960 | Mesenchymal:0.969 | Neural:1.000 | Proneural:1.000) || Val Loss: 0.9936 | Val Acc: 0.7083 (Classical:1.000 | Mesenchymal:0.667 | Neural:0.250 | Proneural:0.800) || LR: 0.000200
2025-10-13 10:30:32,640 [INFO] Epoch [32/150] Train Loss: 4.1977 | Train Acc: 0.9894 (Classical:1.000 | Mesenchymal:0.969 | Neural:1.000 | Proneural:1.000) || Val Loss: 1.0125 | Val Acc: 0.7083 (Classical:1.000 | Mesenchymal:0.667 | Neural:0.250 | Proneural:0.800) || LR: 0.000200
2025-10-13 10:30:33,098 [INFO] Epoch [33/150] Train Loss: 4.2472 | Train Acc: 0.9894 (Classical:1.000 | Mesenchymal:0.969 | Neural:1.000 | Proneural:1.000) || Val Loss: 1.0166 | Val Acc: 0.7083 (Classical:1.000 | Mesenchymal:0.667 | Neural:0.250 | Proneural:0.800) || LR: 0.000200
2025-10-13 10:30:33,561 [INFO] Epoch [34/150] Train Loss: 4.2212 | Train Acc: 1.0000 (Classical:1.000 | Mesenchymal:1.000 | Neural:1.000 | Proneural:1.000) || Val Loss: 1.0439 | Val Acc: 0.7083 (Classical:1.000 | Mesenchymal:0.667 | Neural:0.250 | Proneural:0.800) || LR: 0.000200
2025-10-13 10:30:34,030 [INFO] Epoch [35/150] Train Loss: 4.2491 | Train Acc: 1.0000 (Classical:1.000 | Mesenchymal:1.000 | Neural:1.000 | Proneural:1.000) || Val Loss: 1.0522 | Val Acc: 0.6667 (Classical:1.000 | Mesenchymal:0.556 | Neural:0.250 | Proneural:0.800) || LR: 0.000200
2025-10-13 10:30:34,493 [INFO] Epoch [36/150] Train Loss: 4.1272 | Train Acc: 1.0000 (Classical:1.000 | Mesenchymal:1.000 | Neural:1.000 | Proneural:1.000) || Val Loss: 1.0799 | Val Acc: 0.7083 (Classical:1.000 | Mesenchymal:0.667 | Neural:0.250 | Proneural:0.800) || LR: 0.000200
2025-10-13 10:30:34,949 [INFO] Epoch [37/150] Train Loss: 4.1181 | Train Acc: 1.0000 (Classical:1.000 | Mesenchymal:1.000 | Neural:1.000 | Proneural:1.000) || Val Loss: 1.0935 | Val Acc: 0.6667 (Classical:1.000 | Mesenchymal:0.556 | Neural:0.250 | Proneural:0.800) || LR: 0.000200
2025-10-13 10:30:35,405 [INFO] Epoch [38/150] Train Loss: 4.1069 | Train Acc: 1.0000 (Classical:1.000 | Mesenchymal:1.000 | Neural:1.000 | Proneural:1.000) || Val Loss: 1.0538 | Val Acc: 0.6667 (Classical:1.000 | Mesenchymal:0.556 | Neural:0.250 | Proneural:0.800) || LR: 0.000200
2025-10-13 10:30:35,863 [INFO] Epoch [39/150] Train Loss: 4.0799 | Train Acc: 1.0000 (Classical:1.000 | Mesenchymal:1.000 | Neural:1.000 | Proneural:1.000) || Val Loss: 1.0912 | Val Acc: 0.6667 (Classical:1.000 | Mesenchymal:0.556 | Neural:0.250 | Proneural:0.800) || LR: 0.000200
2025-10-13 10:30:36,318 [INFO] Epoch [40/150] Train Loss: 4.0303 | Train Acc: 1.0000 (Classical:1.000 | Mesenchymal:1.000 | Neural:1.000 | Proneural:1.000) || Val Loss: 1.0897 | Val Acc: 0.6667 (Classical:1.000 | Mesenchymal:0.556 | Neural:0.250 | Proneural:0.800) || LR: 0.000200
2025-10-13 10:30:36,776 [INFO] Epoch [41/150] Train Loss: 4.0923 | Train Acc: 1.0000 (Classical:1.000 | Mesenchymal:1.000 | Neural:1.000 | Proneural:1.000) || Val Loss: 1.1145 | Val Acc: 0.6667 (Classical:1.000 | Mesenchymal:0.556 | Neural:0.250 | Proneural:0.800) || LR: 0.000200
2025-10-13 10:30:37,232 [INFO] Epoch [42/150] Train Loss: 4.0359 | Train Acc: 1.0000 (Classical:1.000 | Mesenchymal:1.000 | Neural:1.000 | Proneural:1.000) || Val Loss: 1.1143 | Val Acc: 0.6667 (Classical:1.000 | Mesenchymal:0.556 | Neural:0.250 | Proneural:0.800) || LR: 0.000200
2025-10-13 10:30:37,690 [INFO] Epoch [43/150] Train Loss: 3.9893 | Train Acc: 1.0000 (Classical:1.000 | Mesenchymal:1.000 | Neural:1.000 | Proneural:1.000) || Val Loss: 1.1465 | Val Acc: 0.6667 (Classical:1.000 | Mesenchymal:0.556 | Neural:0.250 | Proneural:0.800) || LR: 0.000200
2025-10-13 10:30:38,148 [INFO] Epoch [44/150] Train Loss: 3.9798 | Train Acc: 1.0000 (Classical:1.000 | Mesenchymal:1.000 | Neural:1.000 | Proneural:1.000) || Val Loss: 1.1376 | Val Acc: 0.6667 (Classical:1.000 | Mesenchymal:0.556 | Neural:0.250 | Proneural:0.800) || LR: 0.000200
2025-10-13 10:30:38,605 [INFO] Epoch [45/150] Train Loss: 3.9587 | Train Acc: 1.0000 (Classical:1.000 | Mesenchymal:1.000 | Neural:1.000 | Proneural:1.000) || Val Loss: 1.0694 | Val Acc: 0.7083 (Classical:1.000 | Mesenchymal:0.556 | Neural:0.500 | Proneural:0.800) || LR: 0.000200
2025-10-13 10:30:38,605 [INFO] Early stopping at epoch 45
2025-10-13 10:30:38,627 [INFO] Training completed. Best accuracy: 0.7500
2025-10-13 10:30:38,627 [INFO] Log: ./logs/train_20251013_103014.log, Model: ./models/best_model.pth
2025-10-13 10:30:38,739 [INFO] FINAL PER-CLASS | Train Acc: 0.9255 (Classical:0.920 | Mesenchymal:0.906 | Neural:0.875 | Proneural:1.000) || Val Acc: 0.7500 (Classical:1.000 | Mesenchymal:0.778 | Neural:0.250 | Proneural:0.800)
2025-10-13 10:30:38,796 [INFO] FINAL PER-CLASS | Test  Acc: 0.7667 (Classical:1.000 | Mesenchymal:0.800 | Neural:0.400 | Proneural:0.714)
