2025-10-07 04:55:47,384 [INFO] Regularized Attention-MOI Training Started
2025-10-07 04:55:47,787 [INFO] Model parameters: 33,032,612, Classes: 4
2025-10-07 04:55:47,788 [INFO] Enhanced regularization: Dropout=0.2, Weight_decay=0.001
2025-10-07 04:55:48,617 [INFO] Training started with enhanced regularization
2025-10-07 04:55:48,617 [INFO] Dropout: 0.2, Weight decay: 0.001
2025-10-07 04:55:49,466 [INFO] Best model saved with val_acc: 0.5417
2025-10-07 04:55:49,466 [INFO] Epoch [1/100] Train Loss: 1.3918 | Train Acc: 0.7128 (C0:0.560 | C1:0.812 | C2:0.812 | C3:0.667) || Val Loss: 1.1346 | Val Acc: 0.5417 (C0:0.833 | C1:0.556 | C2:0.500 | C3:0.200) || LR: 0.001000
2025-10-07 04:55:49,780 [INFO] Best model saved with val_acc: 0.6250
2025-10-07 04:55:49,780 [INFO] Epoch [2/100] Train Loss: 1.0425 | Train Acc: 0.9043 (C0:0.760 | C1:0.969 | C2:0.875 | C3:1.000) || Val Loss: 1.0346 | Val Acc: 0.6250 (C0:0.833 | C1:0.556 | C2:0.500 | C3:0.600) || LR: 0.001000
2025-10-07 04:55:50,117 [INFO] Best model saved with val_acc: 0.6667
2025-10-07 04:55:50,117 [INFO] Epoch [3/100] Train Loss: 0.8880 | Train Acc: 0.9681 (C0:0.920 | C1:1.000 | C2:0.938 | C3:1.000) || Val Loss: 0.9692 | Val Acc: 0.6667 (C0:0.833 | C1:0.556 | C2:0.500 | C3:0.800) || LR: 0.001000
2025-10-07 04:55:50,329 [INFO] Epoch [4/100] Train Loss: 0.7603 | Train Acc: 0.9894 (C0:0.960 | C1:1.000 | C2:1.000 | C3:1.000) || Val Loss: 0.9654 | Val Acc: 0.6667 (C0:0.833 | C1:0.667 | C2:0.250 | C3:0.800) || LR: 0.001000
2025-10-07 04:55:50,544 [INFO] Epoch [5/100] Train Loss: 0.6138 | Train Acc: 1.0000 (C0:1.000 | C1:1.000 | C2:1.000 | C3:1.000) || Val Loss: 0.9561 | Val Acc: 0.6250 (C0:0.833 | C1:0.667 | C2:0.000 | C3:0.800) || LR: 0.001000
2025-10-07 04:55:50,860 [INFO] Best model saved with val_acc: 0.7083
2025-10-07 04:55:50,860 [INFO] Epoch [6/100] Train Loss: 0.5402 | Train Acc: 1.0000 (C0:1.000 | C1:1.000 | C2:1.000 | C3:1.000) || Val Loss: 0.9450 | Val Acc: 0.7083 (C0:1.000 | C1:0.667 | C2:0.250 | C3:0.800) || LR: 0.001000
2025-10-07 04:55:51,068 [INFO] Epoch [7/100] Train Loss: 0.4210 | Train Acc: 1.0000 (C0:1.000 | C1:1.000 | C2:1.000 | C3:1.000) || Val Loss: 0.9258 | Val Acc: 0.7083 (C0:1.000 | C1:0.667 | C2:0.250 | C3:0.800) || LR: 0.001000
2025-10-07 04:55:51,252 [INFO] Epoch [8/100] Train Loss: 0.3354 | Train Acc: 1.0000 (C0:1.000 | C1:1.000 | C2:1.000 | C3:1.000) || Val Loss: 0.9805 | Val Acc: 0.6250 (C0:0.833 | C1:0.667 | C2:0.000 | C3:0.800) || LR: 0.001000
2025-10-07 04:55:51,432 [INFO] Epoch [9/100] Train Loss: 0.2398 | Train Acc: 1.0000 (C0:1.000 | C1:1.000 | C2:1.000 | C3:1.000) || Val Loss: 1.0376 | Val Acc: 0.5833 (C0:0.833 | C1:0.556 | C2:0.000 | C3:0.800) || LR: 0.001000
2025-10-07 04:55:51,603 [INFO] Epoch [10/100] Train Loss: 0.2443 | Train Acc: 1.0000 (C0:1.000 | C1:1.000 | C2:1.000 | C3:1.000) || Val Loss: 1.0793 | Val Acc: 0.5833 (C0:0.833 | C1:0.556 | C2:0.000 | C3:0.800) || LR: 0.001000
2025-10-07 04:55:51,784 [INFO] Epoch [11/100] Train Loss: 0.2253 | Train Acc: 1.0000 (C0:1.000 | C1:1.000 | C2:1.000 | C3:1.000) || Val Loss: 1.0653 | Val Acc: 0.6667 (C0:1.000 | C1:0.667 | C2:0.000 | C3:0.800) || LR: 0.001000
2025-10-07 04:55:51,965 [INFO] Epoch [12/100] Train Loss: 0.1966 | Train Acc: 1.0000 (C0:1.000 | C1:1.000 | C2:1.000 | C3:1.000) || Val Loss: 1.0459 | Val Acc: 0.7083 (C0:1.000 | C1:0.667 | C2:0.250 | C3:0.800) || LR: 0.001000
2025-10-07 04:55:52,141 [INFO] Epoch [13/100] Train Loss: 0.1637 | Train Acc: 1.0000 (C0:1.000 | C1:1.000 | C2:1.000 | C3:1.000) || Val Loss: 1.0492 | Val Acc: 0.7083 (C0:1.000 | C1:0.667 | C2:0.250 | C3:0.800) || LR: 0.001000
2025-10-07 04:55:52,315 [INFO] Epoch [14/100] Train Loss: 0.1932 | Train Acc: 1.0000 (C0:1.000 | C1:1.000 | C2:1.000 | C3:1.000) || Val Loss: 1.0815 | Val Acc: 0.6667 (C0:0.833 | C1:0.667 | C2:0.250 | C3:0.800) || LR: 0.001000
2025-10-07 04:55:52,489 [INFO] Epoch [15/100] Train Loss: 0.3243 | Train Acc: 1.0000 (C0:1.000 | C1:1.000 | C2:1.000 | C3:1.000) || Val Loss: 1.1780 | Val Acc: 0.6250 (C0:0.833 | C1:0.556 | C2:0.250 | C3:0.800) || LR: 0.001000
2025-10-07 04:55:52,662 [INFO] Epoch [16/100] Train Loss: 0.1244 | Train Acc: 1.0000 (C0:1.000 | C1:1.000 | C2:1.000 | C3:1.000) || Val Loss: 1.2044 | Val Acc: 0.6250 (C0:0.833 | C1:0.556 | C2:0.250 | C3:0.800) || LR: 0.001000
2025-10-07 04:55:52,839 [INFO] Epoch [17/100] Train Loss: 0.1542 | Train Acc: 1.0000 (C0:1.000 | C1:1.000 | C2:1.000 | C3:1.000) || Val Loss: 1.2302 | Val Acc: 0.6250 (C0:0.833 | C1:0.667 | C2:0.000 | C3:0.800) || LR: 0.001000
2025-10-07 04:55:53,016 [INFO] Epoch [18/100] Train Loss: 0.1190 | Train Acc: 1.0000 (C0:1.000 | C1:1.000 | C2:1.000 | C3:1.000) || Val Loss: 1.1468 | Val Acc: 0.7083 (C0:1.000 | C1:0.667 | C2:0.250 | C3:0.800) || LR: 0.001000
2025-10-07 04:55:53,195 [INFO] Epoch [19/100] Train Loss: 0.1394 | Train Acc: 1.0000 (C0:1.000 | C1:1.000 | C2:1.000 | C3:1.000) || Val Loss: 1.0931 | Val Acc: 0.6667 (C0:1.000 | C1:0.667 | C2:0.250 | C3:0.600) || LR: 0.001000
2025-10-07 04:55:53,365 [INFO] Epoch [20/100] Train Loss: 0.1158 | Train Acc: 1.0000 (C0:1.000 | C1:1.000 | C2:1.000 | C3:1.000) || Val Loss: 1.1136 | Val Acc: 0.7083 (C0:1.000 | C1:0.667 | C2:0.250 | C3:0.800) || LR: 0.001000
2025-10-07 04:55:53,549 [INFO] Epoch [21/100] Train Loss: 0.1335 | Train Acc: 1.0000 (C0:1.000 | C1:1.000 | C2:1.000 | C3:1.000) || Val Loss: 1.2147 | Val Acc: 0.7083 (C0:0.833 | C1:0.667 | C2:0.500 | C3:0.800) || LR: 0.001000
2025-10-07 04:55:53,733 [INFO] Epoch [22/100] Train Loss: 0.0885 | Train Acc: 1.0000 (C0:1.000 | C1:1.000 | C2:1.000 | C3:1.000) || Val Loss: 1.2731 | Val Acc: 0.6250 (C0:0.833 | C1:0.667 | C2:0.000 | C3:0.800) || LR: 0.001000
2025-10-07 04:55:53,914 [INFO] Epoch [23/100] Train Loss: 0.0856 | Train Acc: 1.0000 (C0:1.000 | C1:1.000 | C2:1.000 | C3:1.000) || Val Loss: 1.3129 | Val Acc: 0.6667 (C0:0.833 | C1:0.778 | C2:0.000 | C3:0.800) || LR: 0.001000
2025-10-07 04:55:54,092 [INFO] Epoch [24/100] Train Loss: 0.0922 | Train Acc: 1.0000 (C0:1.000 | C1:1.000 | C2:1.000 | C3:1.000) || Val Loss: 1.3347 | Val Acc: 0.7083 (C0:0.833 | C1:0.778 | C2:0.250 | C3:0.800) || LR: 0.001000
2025-10-07 04:55:54,274 [INFO] Epoch [25/100] Train Loss: 0.0842 | Train Acc: 1.0000 (C0:1.000 | C1:1.000 | C2:1.000 | C3:1.000) || Val Loss: 1.3598 | Val Acc: 0.6250 (C0:0.833 | C1:0.556 | C2:0.250 | C3:0.800) || LR: 0.001000
2025-10-07 04:55:54,450 [INFO] Epoch [26/100] Train Loss: 0.1390 | Train Acc: 1.0000 (C0:1.000 | C1:1.000 | C2:1.000 | C3:1.000) || Val Loss: 1.4095 | Val Acc: 0.6250 (C0:0.833 | C1:0.556 | C2:0.250 | C3:0.800) || LR: 0.001000
2025-10-07 04:55:54,633 [INFO] Epoch [27/100] Train Loss: 0.1118 | Train Acc: 1.0000 (C0:1.000 | C1:1.000 | C2:1.000 | C3:1.000) || Val Loss: 1.5381 | Val Acc: 0.5833 (C0:0.833 | C1:0.556 | C2:0.000 | C3:0.800) || LR: 0.001000
2025-10-07 04:55:54,813 [INFO] Epoch [28/100] Train Loss: 0.0691 | Train Acc: 1.0000 (C0:1.000 | C1:1.000 | C2:1.000 | C3:1.000) || Val Loss: 1.4791 | Val Acc: 0.6250 (C0:0.833 | C1:0.667 | C2:0.000 | C3:0.800) || LR: 0.001000
2025-10-07 04:55:55,028 [INFO] Epoch [29/100] Train Loss: 0.0725 | Train Acc: 1.0000 (C0:1.000 | C1:1.000 | C2:1.000 | C3:1.000) || Val Loss: 1.5513 | Val Acc: 0.6250 (C0:0.833 | C1:0.667 | C2:0.000 | C3:0.800) || LR: 0.001000
2025-10-07 04:55:55,237 [INFO] Epoch [30/100] Train Loss: 0.0654 | Train Acc: 1.0000 (C0:1.000 | C1:1.000 | C2:1.000 | C3:1.000) || Val Loss: 1.4374 | Val Acc: 0.6250 (C0:0.833 | C1:0.667 | C2:0.000 | C3:0.800) || LR: 0.001000
2025-10-07 04:55:55,431 [INFO] Epoch [31/100] Train Loss: 0.0562 | Train Acc: 1.0000 (C0:1.000 | C1:1.000 | C2:1.000 | C3:1.000) || Val Loss: 1.2593 | Val Acc: 0.6667 (C0:1.000 | C1:0.667 | C2:0.000 | C3:0.800) || LR: 0.001000
2025-10-07 04:55:55,612 [INFO] Epoch [32/100] Train Loss: 0.1053 | Train Acc: 1.0000 (C0:1.000 | C1:1.000 | C2:1.000 | C3:1.000) || Val Loss: 1.2427 | Val Acc: 0.6667 (C0:0.833 | C1:0.667 | C2:0.250 | C3:0.800) || LR: 0.001000
2025-10-07 04:55:55,791 [INFO] Epoch [33/100] Train Loss: 0.0608 | Train Acc: 1.0000 (C0:1.000 | C1:1.000 | C2:1.000 | C3:1.000) || Val Loss: 1.2467 | Val Acc: 0.7083 (C0:0.833 | C1:0.778 | C2:0.250 | C3:0.800) || LR: 0.001000
2025-10-07 04:55:55,974 [INFO] Epoch [34/100] Train Loss: 0.0550 | Train Acc: 1.0000 (C0:1.000 | C1:1.000 | C2:1.000 | C3:1.000) || Val Loss: 1.2535 | Val Acc: 0.7083 (C0:0.833 | C1:0.778 | C2:0.250 | C3:0.800) || LR: 0.001000
2025-10-07 04:55:56,148 [INFO] Epoch [35/100] Train Loss: 0.0665 | Train Acc: 1.0000 (C0:1.000 | C1:1.000 | C2:1.000 | C3:1.000) || Val Loss: 1.4325 | Val Acc: 0.7083 (C0:0.833 | C1:0.778 | C2:0.250 | C3:0.800) || LR: 0.001000
2025-10-07 04:55:56,328 [INFO] Epoch [36/100] Train Loss: 0.1488 | Train Acc: 1.0000 (C0:1.000 | C1:1.000 | C2:1.000 | C3:1.000) || Val Loss: 1.5256 | Val Acc: 0.6250 (C0:0.833 | C1:0.667 | C2:0.250 | C3:0.600) || LR: 0.001000
2025-10-07 04:55:56,520 [INFO] Epoch [37/100] Train Loss: 0.1004 | Train Acc: 1.0000 (C0:1.000 | C1:1.000 | C2:1.000 | C3:1.000) || Val Loss: 1.7119 | Val Acc: 0.5417 (C0:0.667 | C1:0.667 | C2:0.000 | C3:0.600) || LR: 0.001000
2025-10-07 04:55:56,697 [INFO] Epoch [38/100] Train Loss: 0.0584 | Train Acc: 1.0000 (C0:1.000 | C1:1.000 | C2:1.000 | C3:1.000) || Val Loss: 1.6681 | Val Acc: 0.6250 (C0:0.667 | C1:0.778 | C2:0.250 | C3:0.600) || LR: 0.001000
2025-10-07 04:55:56,880 [INFO] Epoch [39/100] Train Loss: 0.0693 | Train Acc: 1.0000 (C0:1.000 | C1:1.000 | C2:1.000 | C3:1.000) || Val Loss: 1.6295 | Val Acc: 0.6250 (C0:0.667 | C1:0.778 | C2:0.250 | C3:0.600) || LR: 0.001000
2025-10-07 04:55:57,059 [INFO] Epoch [40/100] Train Loss: 0.2680 | Train Acc: 1.0000 (C0:1.000 | C1:1.000 | C2:1.000 | C3:1.000) || Val Loss: 1.5633 | Val Acc: 0.6250 (C0:0.833 | C1:0.778 | C2:0.250 | C3:0.400) || LR: 0.001000
2025-10-07 04:55:57,232 [INFO] Epoch [41/100] Train Loss: 0.2326 | Train Acc: 1.0000 (C0:1.000 | C1:1.000 | C2:1.000 | C3:1.000) || Val Loss: 1.8300 | Val Acc: 0.5833 (C0:0.833 | C1:0.778 | C2:0.000 | C3:0.400) || LR: 0.001000
2025-10-07 04:55:57,407 [INFO] Epoch [42/100] Train Loss: 0.2775 | Train Acc: 1.0000 (C0:1.000 | C1:1.000 | C2:1.000 | C3:1.000) || Val Loss: 1.7897 | Val Acc: 0.6250 (C0:0.833 | C1:0.778 | C2:0.250 | C3:0.400) || LR: 0.001000
2025-10-07 04:55:57,580 [INFO] Epoch [43/100] Train Loss: 0.0342 | Train Acc: 1.0000 (C0:1.000 | C1:1.000 | C2:1.000 | C3:1.000) || Val Loss: 1.6752 | Val Acc: 0.6250 (C0:0.833 | C1:0.778 | C2:0.250 | C3:0.400) || LR: 0.001000
2025-10-07 04:55:57,757 [INFO] Epoch [44/100] Train Loss: 0.0729 | Train Acc: 1.0000 (C0:1.000 | C1:1.000 | C2:1.000 | C3:1.000) || Val Loss: 1.6565 | Val Acc: 0.5417 (C0:0.833 | C1:0.667 | C2:0.000 | C3:0.400) || LR: 0.001000
2025-10-07 04:55:57,928 [INFO] Epoch [45/100] Train Loss: 0.1017 | Train Acc: 1.0000 (C0:1.000 | C1:1.000 | C2:1.000 | C3:1.000) || Val Loss: 1.9489 | Val Acc: 0.5000 (C0:0.833 | C1:0.556 | C2:0.000 | C3:0.400) || LR: 0.001000
2025-10-07 04:55:58,104 [INFO] Epoch [46/100] Train Loss: 0.1345 | Train Acc: 1.0000 (C0:1.000 | C1:1.000 | C2:1.000 | C3:1.000) || Val Loss: 1.8947 | Val Acc: 0.5417 (C0:0.833 | C1:0.556 | C2:0.000 | C3:0.600) || LR: 0.001000
2025-10-07 04:55:58,280 [INFO] Epoch [47/100] Train Loss: 0.0380 | Train Acc: 1.0000 (C0:1.000 | C1:1.000 | C2:1.000 | C3:1.000) || Val Loss: 1.8039 | Val Acc: 0.6250 (C0:0.833 | C1:0.667 | C2:0.250 | C3:0.600) || LR: 0.001000
2025-10-07 04:55:58,457 [INFO] Epoch [48/100] Train Loss: 0.0459 | Train Acc: 1.0000 (C0:1.000 | C1:1.000 | C2:1.000 | C3:1.000) || Val Loss: 1.8330 | Val Acc: 0.5833 (C0:0.833 | C1:0.667 | C2:0.000 | C3:0.600) || LR: 0.001000
2025-10-07 04:55:58,630 [INFO] Epoch [49/100] Train Loss: 0.0739 | Train Acc: 1.0000 (C0:1.000 | C1:1.000 | C2:1.000 | C3:1.000) || Val Loss: 2.0019 | Val Acc: 0.5417 (C0:0.833 | C1:0.556 | C2:0.000 | C3:0.600) || LR: 0.001000
2025-10-07 04:55:58,810 [INFO] Epoch [50/100] Train Loss: 0.0550 | Train Acc: 1.0000 (C0:1.000 | C1:1.000 | C2:1.000 | C3:1.000) || Val Loss: 2.0067 | Val Acc: 0.5833 (C0:0.833 | C1:0.556 | C2:0.250 | C3:0.600) || LR: 0.001000
2025-10-07 04:55:58,984 [INFO] Epoch [51/100] Train Loss: 0.2157 | Train Acc: 1.0000 (C0:1.000 | C1:1.000 | C2:1.000 | C3:1.000) || Val Loss: 2.0580 | Val Acc: 0.5417 (C0:0.833 | C1:0.556 | C2:0.000 | C3:0.600) || LR: 0.001000
2025-10-07 04:55:59,158 [INFO] Epoch [52/100] Train Loss: 0.1356 | Train Acc: 1.0000 (C0:1.000 | C1:1.000 | C2:1.000 | C3:1.000) || Val Loss: 1.8783 | Val Acc: 0.5833 (C0:0.833 | C1:0.556 | C2:0.250 | C3:0.600) || LR: 0.001000
2025-10-07 04:55:59,329 [INFO] Epoch [53/100] Train Loss: 0.0270 | Train Acc: 1.0000 (C0:1.000 | C1:1.000 | C2:1.000 | C3:1.000) || Val Loss: 1.7800 | Val Acc: 0.6667 (C0:0.833 | C1:0.778 | C2:0.250 | C3:0.600) || LR: 0.001000
2025-10-07 04:55:59,506 [INFO] Epoch [54/100] Train Loss: 0.0544 | Train Acc: 1.0000 (C0:1.000 | C1:1.000 | C2:1.000 | C3:1.000) || Val Loss: 1.7666 | Val Acc: 0.6667 (C0:0.833 | C1:0.778 | C2:0.250 | C3:0.600) || LR: 0.001000
2025-10-07 04:55:59,687 [INFO] Epoch [55/100] Train Loss: 0.0536 | Train Acc: 1.0000 (C0:1.000 | C1:1.000 | C2:1.000 | C3:1.000) || Val Loss: 1.7715 | Val Acc: 0.6667 (C0:0.833 | C1:0.778 | C2:0.250 | C3:0.600) || LR: 0.001000
2025-10-07 04:55:59,870 [INFO] Early stopping at epoch 56
2025-10-07 04:55:59,885 [INFO] Training completed. Best accuracy: 0.7083
2025-10-07 04:55:59,885 [INFO] Log: ./logs/train_20251007_045547.log, Model: ./models/best_model.pth
