2025-10-05 01:32:36,458 [INFO] Simplified Attention-MOI Training Started
2025-10-05 01:32:36,726 [INFO] Simplified model parameters: 16,500,436, Classes: 4
2025-10-05 01:32:36,726 [INFO] Model architecture unchanged, but with reduced dimensions
2025-10-05 01:32:37,241 [INFO] Training started with simplified model
2025-10-05 01:32:37,241 [INFO] Hidden dim: 64, Dropout: 0.3, Weight decay: 0.0005
2025-10-05 01:32:37,549 [INFO] Best model saved with val_acc: 0.3750
2025-10-05 01:32:37,549 [INFO] Epoch [1/100] Train Loss: 1.4256 Val Loss: 1.3075 Val Acc: 0.3750 LR: 0.001000
2025-10-05 01:32:37,601 [INFO] Epoch [2/100] Train Loss: 1.2774 Val Loss: 1.2816 Val Acc: 0.3750 LR: 0.001000
2025-10-05 01:32:37,649 [INFO] Epoch [3/100] Train Loss: 1.1794 Val Loss: 1.2544 Val Acc: 0.3750 LR: 0.001000
2025-10-05 01:32:37,780 [INFO] Best model saved with val_acc: 0.4167
2025-10-05 01:32:37,780 [INFO] Epoch [4/100] Train Loss: 1.0837 Val Loss: 1.2300 Val Acc: 0.4167 LR: 0.001000
2025-10-05 01:32:37,834 [INFO] Epoch [5/100] Train Loss: 1.0757 Val Loss: 1.2148 Val Acc: 0.4167 LR: 0.001000
2025-10-05 01:32:37,886 [INFO] Epoch [6/100] Train Loss: 1.0553 Val Loss: 1.2014 Val Acc: 0.4167 LR: 0.001000
2025-10-05 01:32:37,949 [INFO] Epoch [7/100] Train Loss: 0.9933 Val Loss: 1.1876 Val Acc: 0.4167 LR: 0.001000
2025-10-05 01:32:38,003 [INFO] Epoch [8/100] Train Loss: 0.9542 Val Loss: 1.1783 Val Acc: 0.4167 LR: 0.001000
2025-10-05 01:32:38,053 [INFO] Epoch [9/100] Train Loss: 0.9088 Val Loss: 1.1725 Val Acc: 0.4167 LR: 0.001000
2025-10-05 01:32:38,102 [INFO] Epoch [10/100] Train Loss: 0.8774 Val Loss: 1.1661 Val Acc: 0.4167 LR: 0.001000
2025-10-05 01:32:38,149 [INFO] Epoch [11/100] Train Loss: 0.8712 Val Loss: 1.1572 Val Acc: 0.4167 LR: 0.001000
2025-10-05 01:32:38,200 [INFO] Epoch [12/100] Train Loss: 0.8590 Val Loss: 1.1507 Val Acc: 0.4167 LR: 0.001000
2025-10-05 01:32:38,255 [INFO] Epoch [13/100] Train Loss: 0.8543 Val Loss: 1.1434 Val Acc: 0.4167 LR: 0.001000
2025-10-05 01:32:38,368 [INFO] Best model saved with val_acc: 0.4583
2025-10-05 01:32:38,368 [INFO] Epoch [14/100] Train Loss: 0.7963 Val Loss: 1.1349 Val Acc: 0.4583 LR: 0.001000
2025-10-05 01:32:38,414 [INFO] Epoch [15/100] Train Loss: 0.8086 Val Loss: 1.1347 Val Acc: 0.4583 LR: 0.001000
2025-10-05 01:32:38,464 [INFO] Epoch [16/100] Train Loss: 0.7381 Val Loss: 1.1268 Val Acc: 0.4583 LR: 0.001000
2025-10-05 01:32:38,519 [INFO] Epoch [17/100] Train Loss: 0.7648 Val Loss: 1.1234 Val Acc: 0.4583 LR: 0.001000
2025-10-05 01:32:38,565 [INFO] Epoch [18/100] Train Loss: 0.7653 Val Loss: 1.1241 Val Acc: 0.4583 LR: 0.001000
2025-10-05 01:32:38,612 [INFO] Epoch [19/100] Train Loss: 0.7243 Val Loss: 1.1312 Val Acc: 0.4583 LR: 0.001000
2025-10-05 01:32:38,661 [INFO] Epoch [20/100] Train Loss: 0.7175 Val Loss: 1.1229 Val Acc: 0.4583 LR: 0.001000
2025-10-05 01:32:38,803 [INFO] Best model saved with val_acc: 0.5000
2025-10-05 01:32:38,803 [INFO] Epoch [21/100] Train Loss: 0.7481 Val Loss: 1.1283 Val Acc: 0.5000 LR: 0.001000
2025-10-05 01:32:38,935 [INFO] Best model saved with val_acc: 0.5833
2025-10-05 01:32:38,935 [INFO] Epoch [22/100] Train Loss: 0.6929 Val Loss: 1.1272 Val Acc: 0.5833 LR: 0.001000
2025-10-05 01:32:38,981 [INFO] Epoch [23/100] Train Loss: 0.6631 Val Loss: 1.1347 Val Acc: 0.5833 LR: 0.001000
2025-10-05 01:32:39,107 [INFO] Best model saved with val_acc: 0.6250
2025-10-05 01:32:39,107 [INFO] Epoch [24/100] Train Loss: 0.6700 Val Loss: 1.1366 Val Acc: 0.6250 LR: 0.001000
2025-10-05 01:32:39,155 [INFO] Epoch [25/100] Train Loss: 0.6636 Val Loss: 1.1324 Val Acc: 0.6250 LR: 0.001000
2025-10-05 01:32:39,270 [INFO] Best model saved with val_acc: 0.6667
2025-10-05 01:32:39,270 [INFO] Epoch [26/100] Train Loss: 0.6352 Val Loss: 1.1296 Val Acc: 0.6667 LR: 0.001000
2025-10-05 01:32:39,318 [INFO] Epoch [27/100] Train Loss: 0.6074 Val Loss: 1.1298 Val Acc: 0.6667 LR: 0.001000
2025-10-05 01:32:39,373 [INFO] Epoch [28/100] Train Loss: 0.5662 Val Loss: 1.1251 Val Acc: 0.6667 LR: 0.001000
2025-10-05 01:32:39,421 [INFO] Epoch [29/100] Train Loss: 0.5541 Val Loss: 1.1228 Val Acc: 0.6667 LR: 0.001000
2025-10-05 01:32:39,467 [INFO] Epoch [30/100] Train Loss: 0.5588 Val Loss: 1.1214 Val Acc: 0.6667 LR: 0.001000
2025-10-05 01:32:39,515 [INFO] Epoch [31/100] Train Loss: 0.5382 Val Loss: 1.1306 Val Acc: 0.6667 LR: 0.001000
2025-10-05 01:32:39,568 [INFO] Epoch [32/100] Train Loss: 0.5426 Val Loss: 1.1349 Val Acc: 0.6250 LR: 0.001000
2025-10-05 01:32:39,616 [INFO] Epoch [33/100] Train Loss: 0.5476 Val Loss: 1.1244 Val Acc: 0.6250 LR: 0.001000
2025-10-05 01:32:39,662 [INFO] Epoch [34/100] Train Loss: 0.4994 Val Loss: 1.1243 Val Acc: 0.6250 LR: 0.001000
2025-10-05 01:32:39,711 [INFO] Epoch [35/100] Train Loss: 0.5220 Val Loss: 1.1259 Val Acc: 0.6667 LR: 0.001000
2025-10-05 01:32:39,758 [INFO] Epoch [36/100] Train Loss: 0.5003 Val Loss: 1.1352 Val Acc: 0.6250 LR: 0.001000
2025-10-05 01:32:39,810 [INFO] Epoch [37/100] Train Loss: 0.4761 Val Loss: 1.1262 Val Acc: 0.6667 LR: 0.001000
2025-10-05 01:32:39,863 [INFO] Epoch [38/100] Train Loss: 0.4476 Val Loss: 1.1159 Val Acc: 0.6667 LR: 0.001000
2025-10-05 01:32:39,913 [INFO] Epoch [39/100] Train Loss: 0.4272 Val Loss: 1.1117 Val Acc: 0.6667 LR: 0.001000
2025-10-05 01:32:39,965 [INFO] Epoch [40/100] Train Loss: 0.4180 Val Loss: 1.1218 Val Acc: 0.6667 LR: 0.001000
2025-10-05 01:32:40,015 [INFO] Epoch [41/100] Train Loss: 0.4064 Val Loss: 1.1417 Val Acc: 0.6667 LR: 0.001000
2025-10-05 01:32:40,136 [INFO] Best model saved with val_acc: 0.7083
2025-10-05 01:32:40,136 [INFO] Epoch [42/100] Train Loss: 0.4131 Val Loss: 1.1487 Val Acc: 0.7083 LR: 0.001000
2025-10-05 01:32:40,183 [INFO] Epoch [43/100] Train Loss: 0.3883 Val Loss: 1.1453 Val Acc: 0.7083 LR: 0.001000
2025-10-05 01:32:40,232 [INFO] Epoch [44/100] Train Loss: 0.3764 Val Loss: 1.1368 Val Acc: 0.7083 LR: 0.001000
2025-10-05 01:32:40,288 [INFO] Epoch [45/100] Train Loss: 0.3758 Val Loss: 1.1217 Val Acc: 0.7083 LR: 0.001000
2025-10-05 01:32:40,335 [INFO] Epoch [46/100] Train Loss: 0.3704 Val Loss: 1.1135 Val Acc: 0.7083 LR: 0.001000
2025-10-05 01:32:40,381 [INFO] Epoch [47/100] Train Loss: 0.3793 Val Loss: 1.0966 Val Acc: 0.7083 LR: 0.001000
2025-10-05 01:32:40,429 [INFO] Epoch [48/100] Train Loss: 0.3515 Val Loss: 1.0815 Val Acc: 0.7083 LR: 0.001000
2025-10-05 01:32:40,493 [INFO] Epoch [49/100] Train Loss: 0.3283 Val Loss: 1.0725 Val Acc: 0.7083 LR: 0.001000
2025-10-05 01:32:40,545 [INFO] Epoch [50/100] Train Loss: 0.3227 Val Loss: 1.0792 Val Acc: 0.7083 LR: 0.001000
2025-10-05 01:32:40,594 [INFO] Epoch [51/100] Train Loss: 0.3138 Val Loss: 1.0577 Val Acc: 0.7083 LR: 0.001000
2025-10-05 01:32:40,645 [INFO] Epoch [52/100] Train Loss: 0.3210 Val Loss: 1.0649 Val Acc: 0.7083 LR: 0.001000
2025-10-05 01:32:40,693 [INFO] Epoch [53/100] Train Loss: 0.2861 Val Loss: 1.0585 Val Acc: 0.7083 LR: 0.001000
2025-10-05 01:32:40,748 [INFO] Epoch [54/100] Train Loss: 0.2725 Val Loss: 1.0540 Val Acc: 0.7083 LR: 0.001000
2025-10-05 01:32:40,798 [INFO] Epoch [55/100] Train Loss: 0.2896 Val Loss: 1.0572 Val Acc: 0.7083 LR: 0.001000
2025-10-05 01:32:40,853 [INFO] Epoch [56/100] Train Loss: 0.2885 Val Loss: 1.0393 Val Acc: 0.7083 LR: 0.001000
2025-10-05 01:32:40,901 [INFO] Epoch [57/100] Train Loss: 0.3244 Val Loss: 1.0250 Val Acc: 0.7083 LR: 0.001000
2025-10-05 01:32:40,951 [INFO] Epoch [58/100] Train Loss: 0.3139 Val Loss: 1.0415 Val Acc: 0.7083 LR: 0.001000
2025-10-05 01:32:41,006 [INFO] Epoch [59/100] Train Loss: 0.2603 Val Loss: 1.0756 Val Acc: 0.6667 LR: 0.001000
2025-10-05 01:32:41,059 [INFO] Epoch [60/100] Train Loss: 0.2830 Val Loss: 1.1062 Val Acc: 0.7083 LR: 0.001000
2025-10-05 01:32:41,110 [INFO] Epoch [61/100] Train Loss: 0.2453 Val Loss: 1.1457 Val Acc: 0.6667 LR: 0.001000
2025-10-05 01:32:41,159 [INFO] Epoch [62/100] Train Loss: 0.2681 Val Loss: 1.1561 Val Acc: 0.6667 LR: 0.001000
2025-10-05 01:32:41,218 [INFO] Epoch [63/100] Train Loss: 0.2410 Val Loss: 1.1596 Val Acc: 0.6250 LR: 0.001000
2025-10-05 01:32:41,269 [INFO] Epoch [64/100] Train Loss: 0.2318 Val Loss: 1.1671 Val Acc: 0.6250 LR: 0.001000
2025-10-05 01:32:41,318 [INFO] Epoch [65/100] Train Loss: 0.2318 Val Loss: 1.1802 Val Acc: 0.6250 LR: 0.001000
2025-10-05 01:32:41,368 [INFO] Epoch [66/100] Train Loss: 0.2344 Val Loss: 1.1803 Val Acc: 0.6667 LR: 0.001000
2025-10-05 01:32:41,421 [INFO] Epoch [67/100] Train Loss: 0.2134 Val Loss: 1.1814 Val Acc: 0.6667 LR: 0.001000
2025-10-05 01:32:41,471 [INFO] Epoch [68/100] Train Loss: 0.2012 Val Loss: 1.1768 Val Acc: 0.7083 LR: 0.001000
2025-10-05 01:32:41,518 [INFO] Epoch [69/100] Train Loss: 0.1732 Val Loss: 1.1633 Val Acc: 0.7083 LR: 0.001000
2025-10-05 01:32:41,564 [INFO] Epoch [70/100] Train Loss: 0.2050 Val Loss: 1.1561 Val Acc: 0.7083 LR: 0.001000
2025-10-05 01:32:41,619 [INFO] Epoch [71/100] Train Loss: 0.1943 Val Loss: 1.1389 Val Acc: 0.7083 LR: 0.001000
2025-10-05 01:32:41,668 [INFO] Early stopping at epoch 72
2025-10-05 01:32:41,677 [INFO] Training completed. Best accuracy: 0.7083
2025-10-05 01:32:41,677 [INFO] Log: ./logs/train_20251005_013236.log, Model: ./models/best_model.pth
