2025-10-07 05:15:14,480 [INFO] Model parameters: 33,024,228, Classes: 4
2025-10-07 05:15:14,480 [INFO] Enhanced regularization: Dropout=0.2, Weight_decay=0.001
2025-10-07 05:15:14,967 [INFO] Regularized Attention-MOI Training Started
2025-10-07 05:15:14,967 [INFO] Training started with enhanced regularization
2025-10-07 05:15:14,967 [INFO] Dropout: 0.2, Weight decay: 0.001
2025-10-07 05:15:15,507 [INFO] Epoch [1/100] Train Loss: 2.5484 | Train Acc: 0.5638 (C0:0.400 | C1:0.469 | C2:0.500 | C3:0.952) || Val Loss: 1.3184 | Val Acc: 0.4167 (C0:0.500 | C1:0.333 | C2:0.000 | C3:0.800) || LR: 0.001000
2025-10-07 05:15:15,622 [INFO] Best model saved with val_acc: 0.4167
2025-10-07 05:15:15,941 [INFO] Epoch [2/100] Train Loss: 2.3631 | Train Acc: 0.7021 (C0:0.720 | C1:0.562 | C2:0.625 | C3:0.952) || Val Loss: 1.1268 | Val Acc: 0.5417 (C0:0.667 | C1:0.556 | C2:0.000 | C3:0.800) || LR: 0.001000
2025-10-07 05:15:16,055 [INFO] Best model saved with val_acc: 0.5417
2025-10-07 05:15:16,363 [INFO] Epoch [3/100] Train Loss: 2.3628 | Train Acc: 0.7872 (C0:0.840 | C1:0.719 | C2:0.625 | C3:0.952) || Val Loss: 1.0223 | Val Acc: 0.6667 (C0:1.000 | C1:0.556 | C2:0.250 | C3:0.800) || LR: 0.001000
2025-10-07 05:15:16,476 [INFO] Best model saved with val_acc: 0.6667
2025-10-07 05:15:16,794 [INFO] Epoch [4/100] Train Loss: 2.3210 | Train Acc: 0.8723 (C0:0.840 | C1:0.875 | C2:0.750 | C3:1.000) || Val Loss: 1.0247 | Val Acc: 0.6250 (C0:1.000 | C1:0.444 | C2:0.250 | C3:0.800) || LR: 0.001000
2025-10-07 05:15:17,102 [INFO] Epoch [5/100] Train Loss: 2.2233 | Train Acc: 0.8617 (C0:0.800 | C1:0.875 | C2:0.750 | C3:1.000) || Val Loss: 1.0073 | Val Acc: 0.5833 (C0:0.833 | C1:0.444 | C2:0.250 | C3:0.800) || LR: 0.001000
2025-10-07 05:15:17,407 [INFO] Epoch [6/100] Train Loss: 2.1891 | Train Acc: 0.8723 (C0:0.840 | C1:0.875 | C2:0.750 | C3:1.000) || Val Loss: 0.9974 | Val Acc: 0.6250 (C0:0.833 | C1:0.556 | C2:0.250 | C3:0.800) || LR: 0.001000
2025-10-07 05:15:17,697 [INFO] Epoch [7/100] Train Loss: 2.1316 | Train Acc: 0.9043 (C0:0.840 | C1:0.906 | C2:0.875 | C3:1.000) || Val Loss: 1.0526 | Val Acc: 0.6250 (C0:0.833 | C1:0.556 | C2:0.250 | C3:0.800) || LR: 0.001000
2025-10-07 05:15:17,987 [INFO] Epoch [8/100] Train Loss: 1.9661 | Train Acc: 0.9574 (C0:0.960 | C1:0.969 | C2:0.875 | C3:1.000) || Val Loss: 1.0731 | Val Acc: 0.5833 (C0:0.667 | C1:0.556 | C2:0.250 | C3:0.800) || LR: 0.001000
2025-10-07 05:15:18,280 [INFO] Epoch [9/100] Train Loss: 1.9765 | Train Acc: 0.9574 (C0:0.960 | C1:0.969 | C2:0.875 | C3:1.000) || Val Loss: 1.1760 | Val Acc: 0.5417 (C0:0.667 | C1:0.556 | C2:0.000 | C3:0.800) || LR: 0.001000
2025-10-07 05:15:18,574 [INFO] Epoch [10/100] Train Loss: 1.9396 | Train Acc: 0.9681 (C0:0.960 | C1:1.000 | C2:0.875 | C3:1.000) || Val Loss: 1.1235 | Val Acc: 0.5833 (C0:0.667 | C1:0.556 | C2:0.250 | C3:0.800) || LR: 0.001000
2025-10-07 05:15:18,868 [INFO] Epoch [11/100] Train Loss: 1.8747 | Train Acc: 0.9787 (C0:0.960 | C1:1.000 | C2:0.938 | C3:1.000) || Val Loss: 1.0781 | Val Acc: 0.6250 (C0:0.833 | C1:0.556 | C2:0.250 | C3:0.800) || LR: 0.001000
2025-10-07 05:15:19,154 [INFO] Epoch [12/100] Train Loss: 1.8297 | Train Acc: 0.9787 (C0:0.960 | C1:1.000 | C2:0.938 | C3:1.000) || Val Loss: 1.0624 | Val Acc: 0.6667 (C0:1.000 | C1:0.667 | C2:0.000 | C3:0.800) || LR: 0.001000
2025-10-07 05:15:19,446 [INFO] Epoch [13/100] Train Loss: 1.8325 | Train Acc: 0.9894 (C0:1.000 | C1:1.000 | C2:0.938 | C3:1.000) || Val Loss: 1.1131 | Val Acc: 0.6250 (C0:0.833 | C1:0.556 | C2:0.250 | C3:0.800) || LR: 0.001000
2025-10-07 05:15:19,734 [INFO] Epoch [14/100] Train Loss: 1.8162 | Train Acc: 0.9894 (C0:1.000 | C1:1.000 | C2:0.938 | C3:1.000) || Val Loss: 1.1002 | Val Acc: 0.7083 (C0:1.000 | C1:0.667 | C2:0.250 | C3:0.800) || LR: 0.001000
2025-10-07 05:15:19,849 [INFO] Best model saved with val_acc: 0.7083
2025-10-07 05:15:20,153 [INFO] Epoch [15/100] Train Loss: 1.7249 | Train Acc: 1.0000 (C0:1.000 | C1:1.000 | C2:1.000 | C3:1.000) || Val Loss: 1.1489 | Val Acc: 0.6667 (C0:1.000 | C1:0.556 | C2:0.250 | C3:0.800) || LR: 0.001000
2025-10-07 05:15:20,450 [INFO] Epoch [16/100] Train Loss: 1.6682 | Train Acc: 1.0000 (C0:1.000 | C1:1.000 | C2:1.000 | C3:1.000) || Val Loss: 1.2099 | Val Acc: 0.6250 (C0:0.833 | C1:0.556 | C2:0.250 | C3:0.800) || LR: 0.001000
2025-10-07 05:15:20,742 [INFO] Epoch [17/100] Train Loss: 1.6678 | Train Acc: 1.0000 (C0:1.000 | C1:1.000 | C2:1.000 | C3:1.000) || Val Loss: 1.2723 | Val Acc: 0.5833 (C0:0.667 | C1:0.556 | C2:0.250 | C3:0.800) || LR: 0.001000
2025-10-07 05:15:21,038 [INFO] Epoch [18/100] Train Loss: 1.6510 | Train Acc: 1.0000 (C0:1.000 | C1:1.000 | C2:1.000 | C3:1.000) || Val Loss: 1.2864 | Val Acc: 0.6250 (C0:0.667 | C1:0.556 | C2:0.250 | C3:1.000) || LR: 0.001000
2025-10-07 05:15:21,333 [INFO] Epoch [19/100] Train Loss: 1.6142 | Train Acc: 1.0000 (C0:1.000 | C1:1.000 | C2:1.000 | C3:1.000) || Val Loss: 1.3222 | Val Acc: 0.6250 (C0:0.667 | C1:0.556 | C2:0.250 | C3:1.000) || LR: 0.001000
2025-10-07 05:15:21,628 [INFO] Epoch [20/100] Train Loss: 1.5821 | Train Acc: 1.0000 (C0:1.000 | C1:1.000 | C2:1.000 | C3:1.000) || Val Loss: 1.1856 | Val Acc: 0.6667 (C0:0.833 | C1:0.667 | C2:0.250 | C3:0.800) || LR: 0.001000
2025-10-07 05:15:21,921 [INFO] Epoch [21/100] Train Loss: 1.6268 | Train Acc: 1.0000 (C0:1.000 | C1:1.000 | C2:1.000 | C3:1.000) || Val Loss: 1.1822 | Val Acc: 0.6250 (C0:0.833 | C1:0.444 | C2:0.500 | C3:0.800) || LR: 0.001000
2025-10-07 05:15:22,213 [INFO] Epoch [22/100] Train Loss: 1.5851 | Train Acc: 1.0000 (C0:1.000 | C1:1.000 | C2:1.000 | C3:1.000) || Val Loss: 1.2672 | Val Acc: 0.6250 (C0:0.833 | C1:0.444 | C2:0.500 | C3:0.800) || LR: 0.001000
2025-10-07 05:15:22,502 [INFO] Epoch [23/100] Train Loss: 1.5636 | Train Acc: 1.0000 (C0:1.000 | C1:1.000 | C2:1.000 | C3:1.000) || Val Loss: 1.3331 | Val Acc: 0.6250 (C0:0.833 | C1:0.444 | C2:0.500 | C3:0.800) || LR: 0.001000
2025-10-07 05:15:22,799 [INFO] Epoch [24/100] Train Loss: 1.5668 | Train Acc: 1.0000 (C0:1.000 | C1:1.000 | C2:1.000 | C3:1.000) || Val Loss: 1.3865 | Val Acc: 0.6250 (C0:0.833 | C1:0.444 | C2:0.500 | C3:0.800) || LR: 0.001000
2025-10-07 05:15:23,098 [INFO] Epoch [25/100] Train Loss: 1.7099 | Train Acc: 1.0000 (C0:1.000 | C1:1.000 | C2:1.000 | C3:1.000) || Val Loss: 1.4735 | Val Acc: 0.5833 (C0:0.667 | C1:0.556 | C2:0.250 | C3:0.800) || LR: 0.001000
2025-10-07 05:15:23,390 [INFO] Epoch [26/100] Train Loss: 1.5649 | Train Acc: 1.0000 (C0:1.000 | C1:1.000 | C2:1.000 | C3:1.000) || Val Loss: 1.5459 | Val Acc: 0.5833 (C0:0.667 | C1:0.556 | C2:0.250 | C3:0.800) || LR: 0.001000
2025-10-07 05:15:23,691 [INFO] Epoch [27/100] Train Loss: 1.5394 | Train Acc: 1.0000 (C0:1.000 | C1:1.000 | C2:1.000 | C3:1.000) || Val Loss: 1.6086 | Val Acc: 0.5833 (C0:0.667 | C1:0.556 | C2:0.250 | C3:0.800) || LR: 0.001000
2025-10-07 05:15:23,990 [INFO] Epoch [28/100] Train Loss: 1.5200 | Train Acc: 1.0000 (C0:1.000 | C1:1.000 | C2:1.000 | C3:1.000) || Val Loss: 1.5830 | Val Acc: 0.6250 (C0:0.667 | C1:0.667 | C2:0.250 | C3:0.800) || LR: 0.001000
2025-10-07 05:15:24,281 [INFO] Epoch [29/100] Train Loss: 1.5417 | Train Acc: 1.0000 (C0:1.000 | C1:1.000 | C2:1.000 | C3:1.000) || Val Loss: 1.3782 | Val Acc: 0.6250 (C0:0.833 | C1:0.556 | C2:0.250 | C3:0.800) || LR: 0.001000
2025-10-07 05:15:24,579 [INFO] Epoch [30/100] Train Loss: 1.5060 | Train Acc: 1.0000 (C0:1.000 | C1:1.000 | C2:1.000 | C3:1.000) || Val Loss: 1.3901 | Val Acc: 0.5833 (C0:0.833 | C1:0.556 | C2:0.000 | C3:0.800) || LR: 0.001000
2025-10-07 05:15:24,878 [INFO] Epoch [31/100] Train Loss: 1.4755 | Train Acc: 1.0000 (C0:1.000 | C1:1.000 | C2:1.000 | C3:1.000) || Val Loss: 1.3719 | Val Acc: 0.5833 (C0:0.833 | C1:0.556 | C2:0.000 | C3:0.800) || LR: 0.001000
2025-10-07 05:15:25,171 [INFO] Epoch [32/100] Train Loss: 1.5743 | Train Acc: 1.0000 (C0:1.000 | C1:1.000 | C2:1.000 | C3:1.000) || Val Loss: 1.2963 | Val Acc: 0.6250 (C0:0.833 | C1:0.556 | C2:0.250 | C3:0.800) || LR: 0.001000
2025-10-07 05:15:25,464 [INFO] Epoch [33/100] Train Loss: 1.4870 | Train Acc: 1.0000 (C0:1.000 | C1:1.000 | C2:1.000 | C3:1.000) || Val Loss: 1.4000 | Val Acc: 0.6250 (C0:0.833 | C1:0.556 | C2:0.250 | C3:0.800) || LR: 0.001000
2025-10-07 05:15:25,755 [INFO] Epoch [34/100] Train Loss: 1.4811 | Train Acc: 1.0000 (C0:1.000 | C1:1.000 | C2:1.000 | C3:1.000) || Val Loss: 1.4661 | Val Acc: 0.6250 (C0:0.833 | C1:0.556 | C2:0.250 | C3:0.800) || LR: 0.001000
2025-10-07 05:15:26,043 [INFO] Epoch [35/100] Train Loss: 1.4698 | Train Acc: 1.0000 (C0:1.000 | C1:1.000 | C2:1.000 | C3:1.000) || Val Loss: 1.5251 | Val Acc: 0.5833 (C0:0.833 | C1:0.444 | C2:0.250 | C3:0.800) || LR: 0.001000
2025-10-07 05:15:26,334 [INFO] Epoch [36/100] Train Loss: 1.4766 | Train Acc: 1.0000 (C0:1.000 | C1:1.000 | C2:1.000 | C3:1.000) || Val Loss: 1.4900 | Val Acc: 0.6250 (C0:0.833 | C1:0.556 | C2:0.250 | C3:0.800) || LR: 0.001000
2025-10-07 05:15:26,631 [INFO] Epoch [37/100] Train Loss: 1.4892 | Train Acc: 1.0000 (C0:1.000 | C1:1.000 | C2:1.000 | C3:1.000) || Val Loss: 1.4680 | Val Acc: 0.6250 (C0:0.833 | C1:0.556 | C2:0.250 | C3:0.800) || LR: 0.001000
2025-10-07 05:15:26,934 [INFO] Epoch [38/100] Train Loss: 1.4296 | Train Acc: 1.0000 (C0:1.000 | C1:1.000 | C2:1.000 | C3:1.000) || Val Loss: 1.5542 | Val Acc: 0.5833 (C0:0.833 | C1:0.444 | C2:0.250 | C3:0.800) || LR: 0.001000
2025-10-07 05:15:27,241 [INFO] Epoch [39/100] Train Loss: 1.4350 | Train Acc: 1.0000 (C0:1.000 | C1:1.000 | C2:1.000 | C3:1.000) || Val Loss: 1.5395 | Val Acc: 0.6250 (C0:0.833 | C1:0.556 | C2:0.250 | C3:0.800) || LR: 0.001000
2025-10-07 05:15:27,537 [INFO] Epoch [40/100] Train Loss: 1.4859 | Train Acc: 1.0000 (C0:1.000 | C1:1.000 | C2:1.000 | C3:1.000) || Val Loss: 1.5909 | Val Acc: 0.5833 (C0:0.667 | C1:0.667 | C2:0.000 | C3:0.800) || LR: 0.001000
2025-10-07 05:15:27,830 [INFO] Epoch [41/100] Train Loss: 1.4985 | Train Acc: 1.0000 (C0:1.000 | C1:1.000 | C2:1.000 | C3:1.000) || Val Loss: 1.6712 | Val Acc: 0.6250 (C0:0.833 | C1:0.667 | C2:0.000 | C3:0.800) || LR: 0.001000
2025-10-07 05:15:28,133 [INFO] Epoch [42/100] Train Loss: 1.4118 | Train Acc: 1.0000 (C0:1.000 | C1:1.000 | C2:1.000 | C3:1.000) || Val Loss: 1.6430 | Val Acc: 0.6250 (C0:0.833 | C1:0.667 | C2:0.000 | C3:0.800) || LR: 0.001000
2025-10-07 05:15:28,428 [INFO] Epoch [43/100] Train Loss: 1.4360 | Train Acc: 1.0000 (C0:1.000 | C1:1.000 | C2:1.000 | C3:1.000) || Val Loss: 1.6422 | Val Acc: 0.6250 (C0:0.833 | C1:0.667 | C2:0.000 | C3:0.800) || LR: 0.001000
2025-10-07 05:15:28,720 [INFO] Epoch [44/100] Train Loss: 1.3931 | Train Acc: 1.0000 (C0:1.000 | C1:1.000 | C2:1.000 | C3:1.000) || Val Loss: 1.6923 | Val Acc: 0.6250 (C0:0.833 | C1:0.667 | C2:0.000 | C3:0.800) || LR: 0.001000
2025-10-07 05:15:29,014 [INFO] Epoch [45/100] Train Loss: 1.3859 | Train Acc: 1.0000 (C0:1.000 | C1:1.000 | C2:1.000 | C3:1.000) || Val Loss: 1.6580 | Val Acc: 0.6250 (C0:1.000 | C1:0.667 | C2:0.000 | C3:0.600) || LR: 0.001000
2025-10-07 05:15:29,303 [INFO] Epoch [46/100] Train Loss: 1.4337 | Train Acc: 1.0000 (C0:1.000 | C1:1.000 | C2:1.000 | C3:1.000) || Val Loss: 1.6228 | Val Acc: 0.5833 (C0:0.833 | C1:0.556 | C2:0.000 | C3:0.800) || LR: 0.001000
2025-10-07 05:15:29,596 [INFO] Epoch [47/100] Train Loss: 1.4052 | Train Acc: 1.0000 (C0:1.000 | C1:1.000 | C2:1.000 | C3:1.000) || Val Loss: 1.6504 | Val Acc: 0.5833 (C0:1.000 | C1:0.444 | C2:0.000 | C3:0.800) || LR: 0.001000
2025-10-07 05:15:29,890 [INFO] Epoch [48/100] Train Loss: 1.4064 | Train Acc: 1.0000 (C0:1.000 | C1:1.000 | C2:1.000 | C3:1.000) || Val Loss: 1.6147 | Val Acc: 0.5833 (C0:1.000 | C1:0.556 | C2:0.000 | C3:0.600) || LR: 0.001000
2025-10-07 05:15:30,184 [INFO] Epoch [49/100] Train Loss: 1.4159 | Train Acc: 1.0000 (C0:1.000 | C1:1.000 | C2:1.000 | C3:1.000) || Val Loss: 1.5911 | Val Acc: 0.6250 (C0:1.000 | C1:0.556 | C2:0.000 | C3:0.800) || LR: 0.001000
2025-10-07 05:15:30,476 [INFO] Epoch [50/100] Train Loss: 1.3669 | Train Acc: 1.0000 (C0:1.000 | C1:1.000 | C2:1.000 | C3:1.000) || Val Loss: 1.6586 | Val Acc: 0.6250 (C0:0.833 | C1:0.556 | C2:0.250 | C3:0.800) || LR: 0.001000
2025-10-07 05:15:30,762 [INFO] Epoch [51/100] Train Loss: 1.3760 | Train Acc: 1.0000 (C0:1.000 | C1:1.000 | C2:1.000 | C3:1.000) || Val Loss: 1.7471 | Val Acc: 0.5833 (C0:0.833 | C1:0.444 | C2:0.250 | C3:0.800) || LR: 0.001000
2025-10-07 05:15:31,054 [INFO] Epoch [52/100] Train Loss: 1.3781 | Train Acc: 1.0000 (C0:1.000 | C1:1.000 | C2:1.000 | C3:1.000) || Val Loss: 1.5956 | Val Acc: 0.5833 (C0:1.000 | C1:0.444 | C2:0.000 | C3:0.800) || LR: 0.001000
2025-10-07 05:15:31,348 [INFO] Epoch [53/100] Train Loss: 1.3490 | Train Acc: 1.0000 (C0:1.000 | C1:1.000 | C2:1.000 | C3:1.000) || Val Loss: 1.6024 | Val Acc: 0.5833 (C0:1.000 | C1:0.444 | C2:0.000 | C3:0.800) || LR: 0.001000
2025-10-07 05:15:31,641 [INFO] Epoch [54/100] Train Loss: 1.3950 | Train Acc: 1.0000 (C0:1.000 | C1:1.000 | C2:1.000 | C3:1.000) || Val Loss: 1.5289 | Val Acc: 0.6667 (C0:1.000 | C1:0.556 | C2:0.250 | C3:0.800) || LR: 0.001000
2025-10-07 05:15:31,934 [INFO] Epoch [55/100] Train Loss: 1.3430 | Train Acc: 1.0000 (C0:1.000 | C1:1.000 | C2:1.000 | C3:1.000) || Val Loss: 1.5360 | Val Acc: 0.6250 (C0:0.833 | C1:0.556 | C2:0.250 | C3:0.800) || LR: 0.001000
2025-10-07 05:15:32,226 [INFO] Epoch [56/100] Train Loss: 1.4124 | Train Acc: 1.0000 (C0:1.000 | C1:1.000 | C2:1.000 | C3:1.000) || Val Loss: 1.6106 | Val Acc: 0.6250 (C0:0.833 | C1:0.667 | C2:0.000 | C3:0.800) || LR: 0.001000
2025-10-07 05:15:32,517 [INFO] Epoch [57/100] Train Loss: 1.3324 | Train Acc: 1.0000 (C0:1.000 | C1:1.000 | C2:1.000 | C3:1.000) || Val Loss: 1.6038 | Val Acc: 0.6250 (C0:0.833 | C1:0.667 | C2:0.000 | C3:0.800) || LR: 0.001000
2025-10-07 05:15:32,806 [INFO] Epoch [58/100] Train Loss: 1.3360 | Train Acc: 1.0000 (C0:1.000 | C1:1.000 | C2:1.000 | C3:1.000) || Val Loss: 1.6453 | Val Acc: 0.6250 (C0:0.833 | C1:0.667 | C2:0.000 | C3:0.800) || LR: 0.001000
2025-10-07 05:15:33,098 [INFO] Epoch [59/100] Train Loss: 1.3164 | Train Acc: 1.0000 (C0:1.000 | C1:1.000 | C2:1.000 | C3:1.000) || Val Loss: 1.5857 | Val Acc: 0.6250 (C0:0.833 | C1:0.667 | C2:0.000 | C3:0.800) || LR: 0.001000
2025-10-07 05:15:33,388 [INFO] Epoch [60/100] Train Loss: 1.3125 | Train Acc: 1.0000 (C0:1.000 | C1:1.000 | C2:1.000 | C3:1.000) || Val Loss: 1.5500 | Val Acc: 0.6667 (C0:0.833 | C1:0.667 | C2:0.250 | C3:0.800) || LR: 0.001000
2025-10-07 05:15:33,682 [INFO] Epoch [61/100] Train Loss: 1.3039 | Train Acc: 1.0000 (C0:1.000 | C1:1.000 | C2:1.000 | C3:1.000) || Val Loss: 1.4963 | Val Acc: 0.6667 (C0:0.833 | C1:0.667 | C2:0.250 | C3:0.800) || LR: 0.001000
2025-10-07 05:15:33,976 [INFO] Epoch [62/100] Train Loss: 1.3491 | Train Acc: 1.0000 (C0:1.000 | C1:1.000 | C2:1.000 | C3:1.000) || Val Loss: 1.5600 | Val Acc: 0.6250 (C0:0.667 | C1:0.667 | C2:0.250 | C3:0.800) || LR: 0.001000
2025-10-07 05:15:34,267 [INFO] Epoch [63/100] Train Loss: 1.3599 | Train Acc: 1.0000 (C0:1.000 | C1:1.000 | C2:1.000 | C3:1.000) || Val Loss: 1.4857 | Val Acc: 0.6667 (C0:0.833 | C1:0.778 | C2:0.250 | C3:0.600) || LR: 0.001000
2025-10-07 05:15:34,560 [INFO] Epoch [64/100] Train Loss: 1.3237 | Train Acc: 1.0000 (C0:1.000 | C1:1.000 | C2:1.000 | C3:1.000) || Val Loss: 1.5354 | Val Acc: 0.6250 (C0:0.667 | C1:0.778 | C2:0.250 | C3:0.600) || LR: 0.001000
2025-10-07 05:15:34,560 [INFO] Early stopping at epoch 64
2025-10-07 05:15:34,573 [INFO] Training completed. Best accuracy: 0.7083
2025-10-07 05:15:34,573 [INFO] Log: ./logs/train_20251007_051514.log, Model: ./models/best_model.pth
2025-10-07 05:15:34,652 [INFO] FINAL PER-CLASS | Train Acc: 0.9894 (C0:1.000 | C1:1.000 | C2:0.938 | C3:1.000) || Val Acc: 0.7083 (C0:1.000 | C1:0.667 | C2:0.250 | C3:0.800)
2025-10-07 05:15:34,708 [INFO] FINAL PER-CLASS | Test  Acc: 0.7333 (C0:1.000 | C1:0.800 | C2:0.200 | C3:0.714)
