2025-10-06 10:57:22,293 [INFO] Regularized Attention-MOI Training Started
2025-10-06 10:57:22,567 [INFO] Model parameters: 33,032,612, Classes: 4
2025-10-06 10:57:22,567 [INFO] Enhanced regularization: Dropout=0.2, Weight_decay=0.001
2025-10-06 10:57:23,080 [INFO] Training started with enhanced regularization
2025-10-06 10:57:23,080 [INFO] Dropout: 0.2, Weight decay: 0.001
2025-10-06 10:57:23,592 [INFO] Best model saved with val_acc: 0.4583
2025-10-06 10:57:23,592 [INFO] Epoch [1/100] Train Loss: 1.3329 | Train Acc: 0.7340 (C0:0.800 | C1:0.625 | C2:0.875 | C3:0.714) || Val Loss: 1.2599 | Val Acc: 0.4583 (C0:1.000 | C1:0.000 | C2:0.750 | C3:0.400) || LR: 0.001000
2025-10-06 10:57:23,894 [INFO] Best model saved with val_acc: 0.6250
2025-10-06 10:57:23,895 [INFO] Epoch [2/100] Train Loss: 1.0589 | Train Acc: 0.8936 (C0:0.920 | C1:0.875 | C2:0.812 | C3:0.952) || Val Loss: 1.1015 | Val Acc: 0.6250 (C0:1.000 | C1:0.556 | C2:0.250 | C3:0.600) || LR: 0.001000
2025-10-06 10:57:24,085 [INFO] Epoch [3/100] Train Loss: 0.9285 | Train Acc: 0.9255 (C0:1.000 | C1:0.969 | C2:0.625 | C3:1.000) || Val Loss: 0.9864 | Val Acc: 0.6250 (C0:0.833 | C1:0.667 | C2:0.250 | C3:0.600) || LR: 0.001000
2025-10-06 10:57:24,274 [INFO] Epoch [4/100] Train Loss: 0.7817 | Train Acc: 0.9681 (C0:1.000 | C1:1.000 | C2:0.812 | C3:1.000) || Val Loss: 0.9306 | Val Acc: 0.6250 (C0:0.833 | C1:0.556 | C2:0.250 | C3:0.800) || LR: 0.001000
2025-10-06 10:57:24,444 [INFO] Epoch [5/100] Train Loss: 0.7014 | Train Acc: 1.0000 (C0:1.000 | C1:1.000 | C2:1.000 | C3:1.000) || Val Loss: 0.8803 | Val Acc: 0.5833 (C0:0.833 | C1:0.556 | C2:0.000 | C3:0.800) || LR: 0.001000
2025-10-06 10:57:24,759 [INFO] Best model saved with val_acc: 0.6667
2025-10-06 10:57:24,759 [INFO] Epoch [6/100] Train Loss: 0.5487 | Train Acc: 1.0000 (C0:1.000 | C1:1.000 | C2:1.000 | C3:1.000) || Val Loss: 0.8749 | Val Acc: 0.6667 (C0:1.000 | C1:0.556 | C2:0.250 | C3:0.800) || LR: 0.001000
2025-10-06 10:57:24,931 [INFO] Epoch [7/100] Train Loss: 0.4597 | Train Acc: 1.0000 (C0:1.000 | C1:1.000 | C2:1.000 | C3:1.000) || Val Loss: 0.8503 | Val Acc: 0.6667 (C0:1.000 | C1:0.556 | C2:0.250 | C3:0.800) || LR: 0.001000
2025-10-06 10:57:25,136 [INFO] Epoch [8/100] Train Loss: 0.4088 | Train Acc: 1.0000 (C0:1.000 | C1:1.000 | C2:1.000 | C3:1.000) || Val Loss: 0.7869 | Val Acc: 0.6250 (C0:0.833 | C1:0.556 | C2:0.250 | C3:0.800) || LR: 0.001000
2025-10-06 10:57:25,335 [INFO] Epoch [9/100] Train Loss: 0.3491 | Train Acc: 1.0000 (C0:1.000 | C1:1.000 | C2:1.000 | C3:1.000) || Val Loss: 0.8262 | Val Acc: 0.6250 (C0:0.833 | C1:0.556 | C2:0.250 | C3:0.800) || LR: 0.001000
2025-10-06 10:57:25,675 [INFO] Best model saved with val_acc: 0.7500
2025-10-06 10:57:25,675 [INFO] Epoch [10/100] Train Loss: 0.2845 | Train Acc: 1.0000 (C0:1.000 | C1:1.000 | C2:1.000 | C3:1.000) || Val Loss: 0.8747 | Val Acc: 0.7500 (C0:1.000 | C1:0.667 | C2:0.500 | C3:0.800) || LR: 0.001000
2025-10-06 10:57:25,846 [INFO] Epoch [11/100] Train Loss: 0.3304 | Train Acc: 1.0000 (C0:1.000 | C1:1.000 | C2:1.000 | C3:1.000) || Val Loss: 0.9182 | Val Acc: 0.7083 (C0:1.000 | C1:0.667 | C2:0.250 | C3:0.800) || LR: 0.001000
2025-10-06 10:57:26,062 [INFO] Epoch [12/100] Train Loss: 0.2897 | Train Acc: 1.0000 (C0:1.000 | C1:1.000 | C2:1.000 | C3:1.000) || Val Loss: 0.8978 | Val Acc: 0.6667 (C0:0.833 | C1:0.667 | C2:0.250 | C3:0.800) || LR: 0.001000
2025-10-06 10:57:26,247 [INFO] Epoch [13/100] Train Loss: 0.1787 | Train Acc: 1.0000 (C0:1.000 | C1:1.000 | C2:1.000 | C3:1.000) || Val Loss: 0.8898 | Val Acc: 0.6667 (C0:0.833 | C1:0.778 | C2:0.000 | C3:0.800) || LR: 0.001000
2025-10-06 10:57:26,463 [INFO] Epoch [14/100] Train Loss: 0.1864 | Train Acc: 1.0000 (C0:1.000 | C1:1.000 | C2:1.000 | C3:1.000) || Val Loss: 0.9313 | Val Acc: 0.6667 (C0:0.833 | C1:0.778 | C2:0.000 | C3:0.800) || LR: 0.001000
2025-10-06 10:57:26,632 [INFO] Epoch [15/100] Train Loss: 0.2184 | Train Acc: 1.0000 (C0:1.000 | C1:1.000 | C2:1.000 | C3:1.000) || Val Loss: 0.9431 | Val Acc: 0.7083 (C0:0.667 | C1:0.778 | C2:0.500 | C3:0.800) || LR: 0.001000
2025-10-06 10:57:26,811 [INFO] Epoch [16/100] Train Loss: 0.1454 | Train Acc: 1.0000 (C0:1.000 | C1:1.000 | C2:1.000 | C3:1.000) || Val Loss: 0.9809 | Val Acc: 0.6667 (C0:0.667 | C1:0.667 | C2:0.500 | C3:0.800) || LR: 0.001000
2025-10-06 10:57:26,984 [INFO] Epoch [17/100] Train Loss: 0.1718 | Train Acc: 1.0000 (C0:1.000 | C1:1.000 | C2:1.000 | C3:1.000) || Val Loss: 1.0714 | Val Acc: 0.5833 (C0:0.667 | C1:0.556 | C2:0.250 | C3:0.800) || LR: 0.001000
2025-10-06 10:57:27,170 [INFO] Epoch [18/100] Train Loss: 0.1441 | Train Acc: 1.0000 (C0:1.000 | C1:1.000 | C2:1.000 | C3:1.000) || Val Loss: 1.0763 | Val Acc: 0.5833 (C0:0.667 | C1:0.556 | C2:0.250 | C3:0.800) || LR: 0.001000
2025-10-06 10:57:27,339 [INFO] Epoch [19/100] Train Loss: 0.0979 | Train Acc: 1.0000 (C0:1.000 | C1:1.000 | C2:1.000 | C3:1.000) || Val Loss: 1.1736 | Val Acc: 0.5833 (C0:0.833 | C1:0.556 | C2:0.000 | C3:0.800) || LR: 0.001000
2025-10-06 10:57:27,543 [INFO] Epoch [20/100] Train Loss: 0.1168 | Train Acc: 1.0000 (C0:1.000 | C1:1.000 | C2:1.000 | C3:1.000) || Val Loss: 1.2267 | Val Acc: 0.6667 (C0:1.000 | C1:0.667 | C2:0.000 | C3:0.800) || LR: 0.001000
2025-10-06 10:57:27,713 [INFO] Epoch [21/100] Train Loss: 0.1884 | Train Acc: 1.0000 (C0:1.000 | C1:1.000 | C2:1.000 | C3:1.000) || Val Loss: 1.1101 | Val Acc: 0.7083 (C0:1.000 | C1:0.667 | C2:0.250 | C3:0.800) || LR: 0.001000
2025-10-06 10:57:27,908 [INFO] Epoch [22/100] Train Loss: 0.0987 | Train Acc: 1.0000 (C0:1.000 | C1:1.000 | C2:1.000 | C3:1.000) || Val Loss: 1.1191 | Val Acc: 0.6667 (C0:1.000 | C1:0.556 | C2:0.250 | C3:0.800) || LR: 0.001000
2025-10-06 10:57:28,103 [INFO] Epoch [23/100] Train Loss: 0.1966 | Train Acc: 1.0000 (C0:1.000 | C1:1.000 | C2:1.000 | C3:1.000) || Val Loss: 1.1903 | Val Acc: 0.7083 (C0:1.000 | C1:0.667 | C2:0.250 | C3:0.800) || LR: 0.001000
2025-10-06 10:57:28,347 [INFO] Epoch [24/100] Train Loss: 0.1626 | Train Acc: 1.0000 (C0:1.000 | C1:1.000 | C2:1.000 | C3:1.000) || Val Loss: 1.2402 | Val Acc: 0.6667 (C0:0.833 | C1:0.667 | C2:0.250 | C3:0.800) || LR: 0.001000
2025-10-06 10:57:28,518 [INFO] Epoch [25/100] Train Loss: 0.1212 | Train Acc: 1.0000 (C0:1.000 | C1:1.000 | C2:1.000 | C3:1.000) || Val Loss: 1.3845 | Val Acc: 0.5833 (C0:0.833 | C1:0.556 | C2:0.000 | C3:0.800) || LR: 0.001000
2025-10-06 10:57:28,713 [INFO] Epoch [26/100] Train Loss: 0.1775 | Train Acc: 1.0000 (C0:1.000 | C1:1.000 | C2:1.000 | C3:1.000) || Val Loss: 1.3382 | Val Acc: 0.6667 (C0:0.833 | C1:0.556 | C2:0.500 | C3:0.800) || LR: 0.001000
2025-10-06 10:57:28,880 [INFO] Epoch [27/100] Train Loss: 0.1760 | Train Acc: 1.0000 (C0:1.000 | C1:1.000 | C2:1.000 | C3:1.000) || Val Loss: 1.1807 | Val Acc: 0.6667 (C0:0.833 | C1:0.667 | C2:0.250 | C3:0.800) || LR: 0.001000
2025-10-06 10:57:29,080 [INFO] Epoch [28/100] Train Loss: 0.1407 | Train Acc: 1.0000 (C0:1.000 | C1:1.000 | C2:1.000 | C3:1.000) || Val Loss: 1.2514 | Val Acc: 0.6250 (C0:0.833 | C1:0.556 | C2:0.250 | C3:0.800) || LR: 0.001000
2025-10-06 10:57:29,247 [INFO] Epoch [29/100] Train Loss: 0.0865 | Train Acc: 1.0000 (C0:1.000 | C1:1.000 | C2:1.000 | C3:1.000) || Val Loss: 1.1051 | Val Acc: 0.7083 (C0:1.000 | C1:0.667 | C2:0.250 | C3:0.800) || LR: 0.001000
2025-10-06 10:57:29,439 [INFO] Epoch [30/100] Train Loss: 0.1144 | Train Acc: 1.0000 (C0:1.000 | C1:1.000 | C2:1.000 | C3:1.000) || Val Loss: 1.0000 | Val Acc: 0.7083 (C0:1.000 | C1:0.556 | C2:0.500 | C3:0.800) || LR: 0.001000
2025-10-06 10:57:29,690 [INFO] Epoch [31/100] Train Loss: 0.1293 | Train Acc: 1.0000 (C0:1.000 | C1:1.000 | C2:1.000 | C3:1.000) || Val Loss: 0.9937 | Val Acc: 0.7500 (C0:1.000 | C1:0.667 | C2:0.500 | C3:0.800) || LR: 0.001000
2025-10-06 10:57:29,867 [INFO] Epoch [32/100] Train Loss: 0.1200 | Train Acc: 1.0000 (C0:1.000 | C1:1.000 | C2:1.000 | C3:1.000) || Val Loss: 1.0580 | Val Acc: 0.7500 (C0:1.000 | C1:0.667 | C2:0.500 | C3:0.800) || LR: 0.001000
2025-10-06 10:57:30,052 [INFO] Epoch [33/100] Train Loss: 0.1275 | Train Acc: 1.0000 (C0:1.000 | C1:1.000 | C2:1.000 | C3:1.000) || Val Loss: 1.1178 | Val Acc: 0.7500 (C0:1.000 | C1:0.667 | C2:0.500 | C3:0.800) || LR: 0.001000
2025-10-06 10:57:30,225 [INFO] Epoch [34/100] Train Loss: 0.1715 | Train Acc: 1.0000 (C0:1.000 | C1:1.000 | C2:1.000 | C3:1.000) || Val Loss: 0.9955 | Val Acc: 0.7500 (C0:1.000 | C1:0.667 | C2:0.500 | C3:0.800) || LR: 0.001000
2025-10-06 10:57:30,420 [INFO] Epoch [35/100] Train Loss: 0.0642 | Train Acc: 1.0000 (C0:1.000 | C1:1.000 | C2:1.000 | C3:1.000) || Val Loss: 1.0533 | Val Acc: 0.7083 (C0:0.833 | C1:0.667 | C2:0.500 | C3:0.800) || LR: 0.001000
2025-10-06 10:57:30,638 [INFO] Epoch [36/100] Train Loss: 0.0494 | Train Acc: 1.0000 (C0:1.000 | C1:1.000 | C2:1.000 | C3:1.000) || Val Loss: 1.1996 | Val Acc: 0.6667 (C0:0.833 | C1:0.556 | C2:0.500 | C3:0.800) || LR: 0.001000
2025-10-06 10:57:30,849 [INFO] Epoch [37/100] Train Loss: 0.0638 | Train Acc: 1.0000 (C0:1.000 | C1:1.000 | C2:1.000 | C3:1.000) || Val Loss: 1.3049 | Val Acc: 0.6667 (C0:0.833 | C1:0.556 | C2:0.500 | C3:0.800) || LR: 0.001000
2025-10-06 10:57:31,034 [INFO] Epoch [38/100] Train Loss: 0.1909 | Train Acc: 1.0000 (C0:1.000 | C1:1.000 | C2:1.000 | C3:1.000) || Val Loss: 1.3813 | Val Acc: 0.6250 (C0:0.667 | C1:0.556 | C2:0.500 | C3:0.800) || LR: 0.001000
2025-10-06 10:57:31,231 [INFO] Epoch [39/100] Train Loss: 0.0516 | Train Acc: 1.0000 (C0:1.000 | C1:1.000 | C2:1.000 | C3:1.000) || Val Loss: 1.2517 | Val Acc: 0.6667 (C0:0.833 | C1:0.556 | C2:0.500 | C3:0.800) || LR: 0.001000
2025-10-06 10:57:31,435 [INFO] Epoch [40/100] Train Loss: 0.0481 | Train Acc: 1.0000 (C0:1.000 | C1:1.000 | C2:1.000 | C3:1.000) || Val Loss: 1.3500 | Val Acc: 0.6250 (C0:0.833 | C1:0.667 | C2:0.250 | C3:0.600) || LR: 0.001000
2025-10-06 10:57:31,685 [INFO] Epoch [41/100] Train Loss: 0.0754 | Train Acc: 1.0000 (C0:1.000 | C1:1.000 | C2:1.000 | C3:1.000) || Val Loss: 1.4970 | Val Acc: 0.6250 (C0:0.833 | C1:0.667 | C2:0.250 | C3:0.600) || LR: 0.001000
2025-10-06 10:57:31,879 [INFO] Epoch [42/100] Train Loss: 0.0484 | Train Acc: 1.0000 (C0:1.000 | C1:1.000 | C2:1.000 | C3:1.000) || Val Loss: 1.5068 | Val Acc: 0.6250 (C0:0.833 | C1:0.667 | C2:0.250 | C3:0.600) || LR: 0.001000
2025-10-06 10:57:32,072 [INFO] Epoch [43/100] Train Loss: 0.0563 | Train Acc: 1.0000 (C0:1.000 | C1:1.000 | C2:1.000 | C3:1.000) || Val Loss: 1.4976 | Val Acc: 0.6667 (C0:1.000 | C1:0.667 | C2:0.250 | C3:0.600) || LR: 0.001000
2025-10-06 10:57:32,282 [INFO] Epoch [44/100] Train Loss: 0.2618 | Train Acc: 1.0000 (C0:1.000 | C1:1.000 | C2:1.000 | C3:1.000) || Val Loss: 1.4250 | Val Acc: 0.7500 (C0:1.000 | C1:0.778 | C2:0.250 | C3:0.800) || LR: 0.001000
2025-10-06 10:57:32,484 [INFO] Epoch [45/100] Train Loss: 0.1749 | Train Acc: 1.0000 (C0:1.000 | C1:1.000 | C2:1.000 | C3:1.000) || Val Loss: 1.6300 | Val Acc: 0.6667 (C0:1.000 | C1:0.556 | C2:0.250 | C3:0.800) || LR: 0.001000
2025-10-06 10:57:32,675 [INFO] Epoch [46/100] Train Loss: 0.1939 | Train Acc: 1.0000 (C0:1.000 | C1:1.000 | C2:1.000 | C3:1.000) || Val Loss: 1.4629 | Val Acc: 0.6667 (C0:0.833 | C1:0.556 | C2:0.500 | C3:0.800) || LR: 0.001000
2025-10-06 10:57:32,904 [INFO] Epoch [47/100] Train Loss: 0.0529 | Train Acc: 1.0000 (C0:1.000 | C1:1.000 | C2:1.000 | C3:1.000) || Val Loss: 1.6220 | Val Acc: 0.6250 (C0:0.833 | C1:0.556 | C2:0.500 | C3:0.600) || LR: 0.001000
2025-10-06 10:57:33,104 [INFO] Epoch [48/100] Train Loss: 0.1028 | Train Acc: 1.0000 (C0:1.000 | C1:1.000 | C2:1.000 | C3:1.000) || Val Loss: 1.6855 | Val Acc: 0.6250 (C0:0.833 | C1:0.556 | C2:0.500 | C3:0.600) || LR: 0.001000
2025-10-06 10:57:33,336 [INFO] Epoch [49/100] Train Loss: 0.0554 | Train Acc: 1.0000 (C0:1.000 | C1:1.000 | C2:1.000 | C3:1.000) || Val Loss: 1.5639 | Val Acc: 0.6667 (C0:0.833 | C1:0.667 | C2:0.500 | C3:0.600) || LR: 0.001000
2025-10-06 10:57:33,541 [INFO] Epoch [50/100] Train Loss: 0.0654 | Train Acc: 1.0000 (C0:1.000 | C1:1.000 | C2:1.000 | C3:1.000) || Val Loss: 1.4532 | Val Acc: 0.6667 (C0:0.833 | C1:0.667 | C2:0.500 | C3:0.600) || LR: 0.001000
2025-10-06 10:57:33,730 [INFO] Epoch [51/100] Train Loss: 0.1085 | Train Acc: 1.0000 (C0:1.000 | C1:1.000 | C2:1.000 | C3:1.000) || Val Loss: 1.3269 | Val Acc: 0.6250 (C0:0.833 | C1:0.667 | C2:0.250 | C3:0.600) || LR: 0.001000
2025-10-06 10:57:33,928 [INFO] Epoch [52/100] Train Loss: 0.1416 | Train Acc: 1.0000 (C0:1.000 | C1:1.000 | C2:1.000 | C3:1.000) || Val Loss: 1.0873 | Val Acc: 0.7083 (C0:1.000 | C1:0.778 | C2:0.250 | C3:0.600) || LR: 0.001000
2025-10-06 10:57:34,105 [INFO] Epoch [53/100] Train Loss: 0.1145 | Train Acc: 1.0000 (C0:1.000 | C1:1.000 | C2:1.000 | C3:1.000) || Val Loss: 1.3604 | Val Acc: 0.7500 (C0:0.833 | C1:0.889 | C2:0.250 | C3:0.800) || LR: 0.001000
2025-10-06 10:57:34,306 [INFO] Epoch [54/100] Train Loss: 0.0513 | Train Acc: 1.0000 (C0:1.000 | C1:1.000 | C2:1.000 | C3:1.000) || Val Loss: 1.5267 | Val Acc: 0.7500 (C0:0.833 | C1:0.889 | C2:0.250 | C3:0.800) || LR: 0.001000
2025-10-06 10:57:34,474 [INFO] Epoch [55/100] Train Loss: 0.0954 | Train Acc: 1.0000 (C0:1.000 | C1:1.000 | C2:1.000 | C3:1.000) || Val Loss: 1.5488 | Val Acc: 0.7083 (C0:0.833 | C1:0.889 | C2:0.000 | C3:0.800) || LR: 0.001000
2025-10-06 10:57:34,654 [INFO] Epoch [56/100] Train Loss: 0.0937 | Train Acc: 1.0000 (C0:1.000 | C1:1.000 | C2:1.000 | C3:1.000) || Val Loss: 1.4418 | Val Acc: 0.6667 (C0:0.833 | C1:0.778 | C2:0.000 | C3:0.800) || LR: 0.001000
2025-10-06 10:57:34,819 [INFO] Epoch [57/100] Train Loss: 0.1225 | Train Acc: 1.0000 (C0:1.000 | C1:1.000 | C2:1.000 | C3:1.000) || Val Loss: 1.3389 | Val Acc: 0.6250 (C0:0.833 | C1:0.556 | C2:0.250 | C3:0.800) || LR: 0.001000
2025-10-06 10:57:35,010 [INFO] Epoch [58/100] Train Loss: 0.0750 | Train Acc: 1.0000 (C0:1.000 | C1:1.000 | C2:1.000 | C3:1.000) || Val Loss: 1.4334 | Val Acc: 0.6250 (C0:0.833 | C1:0.556 | C2:0.250 | C3:0.800) || LR: 0.001000
2025-10-06 10:57:35,224 [INFO] Epoch [59/100] Train Loss: 0.0337 | Train Acc: 1.0000 (C0:1.000 | C1:1.000 | C2:1.000 | C3:1.000) || Val Loss: 1.5961 | Val Acc: 0.6667 (C0:1.000 | C1:0.556 | C2:0.250 | C3:0.800) || LR: 0.001000
2025-10-06 10:57:35,450 [INFO] Early stopping at epoch 60
2025-10-06 10:57:35,463 [INFO] Training completed. Best accuracy: 0.7500
2025-10-06 10:57:35,463 [INFO] Log: ./logs/train_20251006_105722.log, Model: ./models/best_model.pth
