2025-10-06 11:23:47,041 [INFO] Regularized Attention-MOI Training Started
2025-10-06 11:23:47,313 [INFO] Model parameters: 33,032,612, Classes: 4
2025-10-06 11:23:47,314 [INFO] Enhanced regularization: Dropout=0.2, Weight_decay=0.001
2025-10-06 11:23:47,847 [INFO] Training started with enhanced regularization
2025-10-06 11:23:47,847 [INFO] Dropout: 0.2, Weight decay: 0.001
2025-10-06 11:23:48,398 [INFO] Best model saved with val_acc: 0.4583
2025-10-06 11:23:48,398 [INFO] Epoch [1/100] Train Loss: 1.3343 | Train Acc: 0.7128 (C0:0.720 | C1:0.562 | C2:0.875 | C3:0.810) || Val Loss: 1.2126 | Val Acc: 0.4583 (C0:0.500 | C1:0.333 | C2:0.500 | C3:0.600) || LR: 0.001000
2025-10-06 11:23:48,733 [INFO] Best model saved with val_acc: 0.7083
2025-10-06 11:23:48,733 [INFO] Epoch [2/100] Train Loss: 1.0699 | Train Acc: 0.8298 (C0:0.880 | C1:0.688 | C2:0.875 | C3:0.952) || Val Loss: 1.0234 | Val Acc: 0.7083 (C0:1.000 | C1:0.556 | C2:0.500 | C3:0.800) || LR: 0.001000
2025-10-06 11:23:48,923 [INFO] Epoch [3/100] Train Loss: 0.9338 | Train Acc: 0.9362 (C0:0.920 | C1:0.906 | C2:0.938 | C3:1.000) || Val Loss: 0.9225 | Val Acc: 0.7083 (C0:1.000 | C1:0.556 | C2:0.500 | C3:0.800) || LR: 0.001000
2025-10-06 11:23:49,254 [INFO] Best model saved with val_acc: 0.7500
2025-10-06 11:23:49,254 [INFO] Epoch [4/100] Train Loss: 0.7457 | Train Acc: 0.9681 (C0:1.000 | C1:0.938 | C2:0.938 | C3:1.000) || Val Loss: 0.8358 | Val Acc: 0.7500 (C0:1.000 | C1:0.667 | C2:0.500 | C3:0.800) || LR: 0.001000
2025-10-06 11:23:49,439 [INFO] Epoch [5/100] Train Loss: 0.6495 | Train Acc: 0.9787 (C0:1.000 | C1:0.969 | C2:0.938 | C3:1.000) || Val Loss: 0.8247 | Val Acc: 0.7500 (C0:1.000 | C1:0.667 | C2:0.500 | C3:0.800) || LR: 0.001000
2025-10-06 11:23:49,632 [INFO] Epoch [6/100] Train Loss: 0.6300 | Train Acc: 0.9894 (C0:1.000 | C1:1.000 | C2:0.938 | C3:1.000) || Val Loss: 0.8374 | Val Acc: 0.7500 (C0:1.000 | C1:0.667 | C2:0.500 | C3:0.800) || LR: 0.001000
2025-10-06 11:23:49,828 [INFO] Epoch [7/100] Train Loss: 0.5160 | Train Acc: 1.0000 (C0:1.000 | C1:1.000 | C2:1.000 | C3:1.000) || Val Loss: 0.8261 | Val Acc: 0.7083 (C0:1.000 | C1:0.556 | C2:0.500 | C3:0.800) || LR: 0.001000
2025-10-06 11:23:50,014 [INFO] Epoch [8/100] Train Loss: 0.4389 | Train Acc: 1.0000 (C0:1.000 | C1:1.000 | C2:1.000 | C3:1.000) || Val Loss: 0.8246 | Val Acc: 0.7083 (C0:1.000 | C1:0.667 | C2:0.250 | C3:0.800) || LR: 0.001000
2025-10-06 11:23:50,201 [INFO] Epoch [9/100] Train Loss: 0.3555 | Train Acc: 1.0000 (C0:1.000 | C1:1.000 | C2:1.000 | C3:1.000) || Val Loss: 0.8276 | Val Acc: 0.7500 (C0:1.000 | C1:0.667 | C2:0.500 | C3:0.800) || LR: 0.001000
2025-10-06 11:23:50,386 [INFO] Epoch [10/100] Train Loss: 0.3596 | Train Acc: 1.0000 (C0:1.000 | C1:1.000 | C2:1.000 | C3:1.000) || Val Loss: 0.8487 | Val Acc: 0.7500 (C0:1.000 | C1:0.667 | C2:0.500 | C3:0.800) || LR: 0.001000
2025-10-06 11:23:50,575 [INFO] Epoch [11/100] Train Loss: 0.3328 | Train Acc: 1.0000 (C0:1.000 | C1:1.000 | C2:1.000 | C3:1.000) || Val Loss: 0.9301 | Val Acc: 0.7083 (C0:1.000 | C1:0.556 | C2:0.500 | C3:0.800) || LR: 0.001000
2025-10-06 11:23:50,762 [INFO] Epoch [12/100] Train Loss: 0.2435 | Train Acc: 1.0000 (C0:1.000 | C1:1.000 | C2:1.000 | C3:1.000) || Val Loss: 1.0506 | Val Acc: 0.6250 (C0:1.000 | C1:0.556 | C2:0.250 | C3:0.600) || LR: 0.001000
2025-10-06 11:23:50,952 [INFO] Epoch [13/100] Train Loss: 0.2209 | Train Acc: 1.0000 (C0:1.000 | C1:1.000 | C2:1.000 | C3:1.000) || Val Loss: 1.0910 | Val Acc: 0.5833 (C0:1.000 | C1:0.556 | C2:0.000 | C3:0.600) || LR: 0.001000
2025-10-06 11:23:51,236 [INFO] Epoch [14/100] Train Loss: 0.2977 | Train Acc: 1.0000 (C0:1.000 | C1:1.000 | C2:1.000 | C3:1.000) || Val Loss: 1.1055 | Val Acc: 0.6250 (C0:1.000 | C1:0.556 | C2:0.250 | C3:0.600) || LR: 0.001000
2025-10-06 11:23:51,575 [INFO] Epoch [15/100] Train Loss: 0.1747 | Train Acc: 1.0000 (C0:1.000 | C1:1.000 | C2:1.000 | C3:1.000) || Val Loss: 1.1083 | Val Acc: 0.7083 (C0:1.000 | C1:0.667 | C2:0.250 | C3:0.800) || LR: 0.001000
2025-10-06 11:23:51,899 [INFO] Epoch [16/100] Train Loss: 0.1715 | Train Acc: 1.0000 (C0:1.000 | C1:1.000 | C2:1.000 | C3:1.000) || Val Loss: 1.0225 | Val Acc: 0.7083 (C0:1.000 | C1:0.778 | C2:0.000 | C3:0.800) || LR: 0.001000
2025-10-06 11:23:52,203 [INFO] Epoch [17/100] Train Loss: 0.1802 | Train Acc: 1.0000 (C0:1.000 | C1:1.000 | C2:1.000 | C3:1.000) || Val Loss: 1.0210 | Val Acc: 0.7083 (C0:1.000 | C1:0.778 | C2:0.000 | C3:0.800) || LR: 0.001000
2025-10-06 11:23:52,509 [INFO] Epoch [18/100] Train Loss: 0.1380 | Train Acc: 1.0000 (C0:1.000 | C1:1.000 | C2:1.000 | C3:1.000) || Val Loss: 1.0204 | Val Acc: 0.7083 (C0:1.000 | C1:0.778 | C2:0.000 | C3:0.800) || LR: 0.001000
2025-10-06 11:23:52,831 [INFO] Epoch [19/100] Train Loss: 0.1192 | Train Acc: 1.0000 (C0:1.000 | C1:1.000 | C2:1.000 | C3:1.000) || Val Loss: 1.1071 | Val Acc: 0.7083 (C0:0.833 | C1:0.778 | C2:0.250 | C3:0.800) || LR: 0.001000
2025-10-06 11:23:53,126 [INFO] Epoch [20/100] Train Loss: 0.1296 | Train Acc: 1.0000 (C0:1.000 | C1:1.000 | C2:1.000 | C3:1.000) || Val Loss: 1.1852 | Val Acc: 0.7083 (C0:0.833 | C1:0.778 | C2:0.250 | C3:0.800) || LR: 0.001000
2025-10-06 11:23:53,436 [INFO] Epoch [21/100] Train Loss: 0.1924 | Train Acc: 1.0000 (C0:1.000 | C1:1.000 | C2:1.000 | C3:1.000) || Val Loss: 1.2401 | Val Acc: 0.5833 (C0:0.833 | C1:0.556 | C2:0.250 | C3:0.600) || LR: 0.001000
2025-10-06 11:23:53,748 [INFO] Epoch [22/100] Train Loss: 0.1128 | Train Acc: 1.0000 (C0:1.000 | C1:1.000 | C2:1.000 | C3:1.000) || Val Loss: 1.3369 | Val Acc: 0.6250 (C0:0.833 | C1:0.667 | C2:0.250 | C3:0.600) || LR: 0.001000
2025-10-06 11:23:54,071 [INFO] Epoch [23/100] Train Loss: 0.1575 | Train Acc: 1.0000 (C0:1.000 | C1:1.000 | C2:1.000 | C3:1.000) || Val Loss: 1.3527 | Val Acc: 0.5417 (C0:0.667 | C1:0.556 | C2:0.250 | C3:0.600) || LR: 0.001000
2025-10-06 11:23:54,409 [INFO] Epoch [24/100] Train Loss: 0.0937 | Train Acc: 1.0000 (C0:1.000 | C1:1.000 | C2:1.000 | C3:1.000) || Val Loss: 1.1756 | Val Acc: 0.5833 (C0:0.667 | C1:0.667 | C2:0.250 | C3:0.600) || LR: 0.001000
2025-10-06 11:23:54,691 [INFO] Epoch [25/100] Train Loss: 0.1676 | Train Acc: 1.0000 (C0:1.000 | C1:1.000 | C2:1.000 | C3:1.000) || Val Loss: 1.0473 | Val Acc: 0.6250 (C0:0.833 | C1:0.667 | C2:0.250 | C3:0.600) || LR: 0.001000
2025-10-06 11:23:55,019 [INFO] Epoch [26/100] Train Loss: 0.1927 | Train Acc: 1.0000 (C0:1.000 | C1:1.000 | C2:1.000 | C3:1.000) || Val Loss: 0.9607 | Val Acc: 0.7083 (C0:0.833 | C1:0.778 | C2:0.500 | C3:0.600) || LR: 0.001000
2025-10-06 11:23:55,351 [INFO] Epoch [27/100] Train Loss: 0.1277 | Train Acc: 1.0000 (C0:1.000 | C1:1.000 | C2:1.000 | C3:1.000) || Val Loss: 1.0530 | Val Acc: 0.7083 (C0:0.833 | C1:0.778 | C2:0.500 | C3:0.600) || LR: 0.001000
2025-10-06 11:23:55,684 [INFO] Epoch [28/100] Train Loss: 0.0890 | Train Acc: 1.0000 (C0:1.000 | C1:1.000 | C2:1.000 | C3:1.000) || Val Loss: 1.0120 | Val Acc: 0.6667 (C0:0.833 | C1:0.667 | C2:0.500 | C3:0.600) || LR: 0.001000
2025-10-06 11:23:56,047 [INFO] Epoch [29/100] Train Loss: 0.0680 | Train Acc: 1.0000 (C0:1.000 | C1:1.000 | C2:1.000 | C3:1.000) || Val Loss: 1.0828 | Val Acc: 0.6667 (C0:0.833 | C1:0.667 | C2:0.500 | C3:0.600) || LR: 0.001000
2025-10-06 11:23:56,427 [INFO] Epoch [30/100] Train Loss: 0.2657 | Train Acc: 1.0000 (C0:1.000 | C1:1.000 | C2:1.000 | C3:1.000) || Val Loss: 1.2655 | Val Acc: 0.6667 (C0:0.833 | C1:0.667 | C2:0.250 | C3:0.800) || LR: 0.001000
2025-10-06 11:23:56,777 [INFO] Epoch [31/100] Train Loss: 0.1050 | Train Acc: 1.0000 (C0:1.000 | C1:1.000 | C2:1.000 | C3:1.000) || Val Loss: 1.1973 | Val Acc: 0.6250 (C0:0.833 | C1:0.667 | C2:0.250 | C3:0.600) || LR: 0.001000
2025-10-06 11:23:57,104 [INFO] Epoch [32/100] Train Loss: 0.0704 | Train Acc: 1.0000 (C0:1.000 | C1:1.000 | C2:1.000 | C3:1.000) || Val Loss: 1.0934 | Val Acc: 0.6250 (C0:1.000 | C1:0.667 | C2:0.000 | C3:0.600) || LR: 0.001000
2025-10-06 11:23:57,385 [INFO] Epoch [33/100] Train Loss: 0.2344 | Train Acc: 1.0000 (C0:1.000 | C1:1.000 | C2:1.000 | C3:1.000) || Val Loss: 1.0086 | Val Acc: 0.7500 (C0:1.000 | C1:0.778 | C2:0.500 | C3:0.600) || LR: 0.001000
2025-10-06 11:23:57,707 [INFO] Epoch [34/100] Train Loss: 0.0889 | Train Acc: 1.0000 (C0:1.000 | C1:1.000 | C2:1.000 | C3:1.000) || Val Loss: 1.1834 | Val Acc: 0.6250 (C0:1.000 | C1:0.556 | C2:0.000 | C3:0.800) || LR: 0.001000
2025-10-06 11:23:58,032 [INFO] Epoch [35/100] Train Loss: 0.1327 | Train Acc: 1.0000 (C0:1.000 | C1:1.000 | C2:1.000 | C3:1.000) || Val Loss: 1.1327 | Val Acc: 0.6250 (C0:1.000 | C1:0.556 | C2:0.000 | C3:0.800) || LR: 0.001000
2025-10-06 11:23:58,352 [INFO] Epoch [36/100] Train Loss: 0.0893 | Train Acc: 1.0000 (C0:1.000 | C1:1.000 | C2:1.000 | C3:1.000) || Val Loss: 1.0213 | Val Acc: 0.7083 (C0:1.000 | C1:0.556 | C2:0.250 | C3:1.000) || LR: 0.001000
2025-10-06 11:23:58,667 [INFO] Epoch [37/100] Train Loss: 0.0690 | Train Acc: 1.0000 (C0:1.000 | C1:1.000 | C2:1.000 | C3:1.000) || Val Loss: 0.9941 | Val Acc: 0.7083 (C0:0.833 | C1:0.556 | C2:0.500 | C3:1.000) || LR: 0.001000
2025-10-06 11:23:59,008 [INFO] Epoch [38/100] Train Loss: 0.1052 | Train Acc: 1.0000 (C0:1.000 | C1:1.000 | C2:1.000 | C3:1.000) || Val Loss: 1.0579 | Val Acc: 0.6667 (C0:0.833 | C1:0.556 | C2:0.500 | C3:0.800) || LR: 0.001000
2025-10-06 11:23:59,323 [INFO] Epoch [39/100] Train Loss: 0.0636 | Train Acc: 1.0000 (C0:1.000 | C1:1.000 | C2:1.000 | C3:1.000) || Val Loss: 1.1751 | Val Acc: 0.6667 (C0:0.833 | C1:0.556 | C2:0.500 | C3:0.800) || LR: 0.001000
2025-10-06 11:23:59,626 [INFO] Epoch [40/100] Train Loss: 0.0438 | Train Acc: 1.0000 (C0:1.000 | C1:1.000 | C2:1.000 | C3:1.000) || Val Loss: 1.1698 | Val Acc: 0.7083 (C0:1.000 | C1:0.556 | C2:0.500 | C3:0.800) || LR: 0.001000
2025-10-06 11:23:59,914 [INFO] Epoch [41/100] Train Loss: 0.2163 | Train Acc: 1.0000 (C0:1.000 | C1:1.000 | C2:1.000 | C3:1.000) || Val Loss: 1.0957 | Val Acc: 0.7500 (C0:1.000 | C1:0.667 | C2:0.500 | C3:0.800) || LR: 0.001000
2025-10-06 11:24:00,248 [INFO] Epoch [42/100] Train Loss: 0.2380 | Train Acc: 1.0000 (C0:1.000 | C1:1.000 | C2:1.000 | C3:1.000) || Val Loss: 1.0178 | Val Acc: 0.7083 (C0:0.833 | C1:0.667 | C2:0.500 | C3:0.800) || LR: 0.001000
2025-10-06 11:24:00,539 [INFO] Epoch [43/100] Train Loss: 0.0617 | Train Acc: 1.0000 (C0:1.000 | C1:1.000 | C2:1.000 | C3:1.000) || Val Loss: 1.1058 | Val Acc: 0.7083 (C0:0.833 | C1:0.667 | C2:0.500 | C3:0.800) || LR: 0.001000
2025-10-06 11:24:00,839 [INFO] Epoch [44/100] Train Loss: 0.0975 | Train Acc: 1.0000 (C0:1.000 | C1:1.000 | C2:1.000 | C3:1.000) || Val Loss: 1.4053 | Val Acc: 0.5833 (C0:0.667 | C1:0.667 | C2:0.250 | C3:0.600) || LR: 0.001000
2025-10-06 11:24:01,149 [INFO] Epoch [45/100] Train Loss: 0.1700 | Train Acc: 1.0000 (C0:1.000 | C1:1.000 | C2:1.000 | C3:1.000) || Val Loss: 1.4403 | Val Acc: 0.6667 (C0:0.833 | C1:0.667 | C2:0.250 | C3:0.800) || LR: 0.001000
2025-10-06 11:24:01,492 [INFO] Epoch [46/100] Train Loss: 0.2257 | Train Acc: 1.0000 (C0:1.000 | C1:1.000 | C2:1.000 | C3:1.000) || Val Loss: 1.5477 | Val Acc: 0.6667 (C0:0.833 | C1:0.667 | C2:0.250 | C3:0.800) || LR: 0.001000
2025-10-06 11:24:01,798 [INFO] Epoch [47/100] Train Loss: 0.0565 | Train Acc: 1.0000 (C0:1.000 | C1:1.000 | C2:1.000 | C3:1.000) || Val Loss: 1.5325 | Val Acc: 0.6250 (C0:0.833 | C1:0.556 | C2:0.250 | C3:0.800) || LR: 0.001000
2025-10-06 11:24:02,112 [INFO] Epoch [48/100] Train Loss: 0.0555 | Train Acc: 1.0000 (C0:1.000 | C1:1.000 | C2:1.000 | C3:1.000) || Val Loss: 1.3636 | Val Acc: 0.6667 (C0:0.833 | C1:0.556 | C2:0.500 | C3:0.800) || LR: 0.001000
2025-10-06 11:24:02,384 [INFO] Epoch [49/100] Train Loss: 0.1211 | Train Acc: 1.0000 (C0:1.000 | C1:1.000 | C2:1.000 | C3:1.000) || Val Loss: 1.2626 | Val Acc: 0.7083 (C0:0.833 | C1:0.667 | C2:0.500 | C3:0.800) || LR: 0.001000
2025-10-06 11:24:02,679 [INFO] Epoch [50/100] Train Loss: 0.1321 | Train Acc: 1.0000 (C0:1.000 | C1:1.000 | C2:1.000 | C3:1.000) || Val Loss: 1.3023 | Val Acc: 0.6667 (C0:0.833 | C1:0.667 | C2:0.250 | C3:0.800) || LR: 0.001000
2025-10-06 11:24:02,975 [INFO] Epoch [51/100] Train Loss: 0.1160 | Train Acc: 1.0000 (C0:1.000 | C1:1.000 | C2:1.000 | C3:1.000) || Val Loss: 1.3143 | Val Acc: 0.6667 (C0:0.833 | C1:0.667 | C2:0.250 | C3:0.800) || LR: 0.001000
2025-10-06 11:24:03,307 [INFO] Epoch [52/100] Train Loss: 0.0410 | Train Acc: 1.0000 (C0:1.000 | C1:1.000 | C2:1.000 | C3:1.000) || Val Loss: 1.4011 | Val Acc: 0.6667 (C0:0.833 | C1:0.667 | C2:0.250 | C3:0.800) || LR: 0.001000
2025-10-06 11:24:03,608 [INFO] Epoch [53/100] Train Loss: 0.1275 | Train Acc: 1.0000 (C0:1.000 | C1:1.000 | C2:1.000 | C3:1.000) || Val Loss: 1.6300 | Val Acc: 0.6250 (C0:0.833 | C1:0.556 | C2:0.250 | C3:0.800) || LR: 0.001000
2025-10-06 11:24:03,920 [INFO] Early stopping at epoch 54
2025-10-06 11:24:03,944 [INFO] Training completed. Best accuracy: 0.7500
2025-10-06 11:24:03,944 [INFO] Log: ./logs/train_20251006_112347.log, Model: ./models/best_model.pth
