2025-10-05 01:35:06,068 [INFO] Regularized Attention-MOI Training Started
2025-10-05 01:35:06,598 [INFO] Model parameters: 33,032,612, Classes: 4
2025-10-05 01:35:06,598 [INFO] Enhanced regularization: Dropout=0.8, Weight_decay=0.001
2025-10-05 01:35:07,675 [INFO] Training started with enhanced regularization
2025-10-05 01:35:07,675 [INFO] Dropout: 0.8, Weight decay: 0.001
2025-10-05 01:35:08,290 [INFO] Best model saved with val_acc: 0.3750
2025-10-05 01:35:08,291 [INFO] Epoch [1/100] Train Loss: 1.8450 Val Loss: 1.3928 Val Acc: 0.3750 LR: 0.001000
2025-10-05 01:35:08,393 [INFO] Epoch [2/100] Train Loss: 1.9303 Val Loss: 1.3907 Val Acc: 0.3333 LR: 0.001000
2025-10-05 01:35:08,494 [INFO] Epoch [3/100] Train Loss: 1.7884 Val Loss: 1.3806 Val Acc: 0.2917 LR: 0.001000
2025-10-05 01:35:08,612 [INFO] Epoch [4/100] Train Loss: 1.7882 Val Loss: 1.3662 Val Acc: 0.2917 LR: 0.001000
2025-10-05 01:35:08,716 [INFO] Epoch [5/100] Train Loss: 1.8623 Val Loss: 1.3496 Val Acc: 0.2917 LR: 0.001000
2025-10-05 01:35:08,837 [INFO] Epoch [6/100] Train Loss: 1.8880 Val Loss: 1.3212 Val Acc: 0.2917 LR: 0.001000
2025-10-05 01:35:08,931 [INFO] Epoch [7/100] Train Loss: 1.8342 Val Loss: 1.3009 Val Acc: 0.3333 LR: 0.001000
2025-10-05 01:35:09,038 [INFO] Epoch [8/100] Train Loss: 1.5014 Val Loss: 1.2957 Val Acc: 0.2917 LR: 0.001000
2025-10-05 01:35:09,130 [INFO] Epoch [9/100] Train Loss: 1.6104 Val Loss: 1.2899 Val Acc: 0.3750 LR: 0.001000
2025-10-05 01:35:09,439 [INFO] Best model saved with val_acc: 0.4167
2025-10-05 01:35:09,439 [INFO] Epoch [10/100] Train Loss: 1.7797 Val Loss: 1.2749 Val Acc: 0.4167 LR: 0.001000
2025-10-05 01:35:09,545 [INFO] Epoch [11/100] Train Loss: 1.6011 Val Loss: 1.2605 Val Acc: 0.4167 LR: 0.001000
2025-10-05 01:35:09,694 [INFO] Epoch [12/100] Train Loss: 1.8454 Val Loss: 1.2486 Val Acc: 0.4167 LR: 0.001000
2025-10-05 01:35:10,010 [INFO] Best model saved with val_acc: 0.4583
2025-10-05 01:35:10,010 [INFO] Epoch [13/100] Train Loss: 1.5566 Val Loss: 1.2444 Val Acc: 0.4583 LR: 0.001000
2025-10-05 01:35:10,108 [INFO] Epoch [14/100] Train Loss: 1.7077 Val Loss: 1.2395 Val Acc: 0.4583 LR: 0.001000
2025-10-05 01:35:10,214 [INFO] Epoch [15/100] Train Loss: 1.6071 Val Loss: 1.2452 Val Acc: 0.4583 LR: 0.001000
2025-10-05 01:35:10,518 [INFO] Best model saved with val_acc: 0.5000
2025-10-05 01:35:10,518 [INFO] Epoch [16/100] Train Loss: 1.7132 Val Loss: 1.2419 Val Acc: 0.5000 LR: 0.001000
2025-10-05 01:35:10,629 [INFO] Epoch [17/100] Train Loss: 1.6088 Val Loss: 1.2432 Val Acc: 0.4167 LR: 0.001000
2025-10-05 01:35:10,743 [INFO] Epoch [18/100] Train Loss: 1.5382 Val Loss: 1.2288 Val Acc: 0.4167 LR: 0.001000
2025-10-05 01:35:10,851 [INFO] Epoch [19/100] Train Loss: 1.5485 Val Loss: 1.2310 Val Acc: 0.4583 LR: 0.001000
2025-10-05 01:35:10,951 [INFO] Epoch [20/100] Train Loss: 1.4545 Val Loss: 1.2235 Val Acc: 0.5000 LR: 0.001000
2025-10-05 01:35:11,276 [INFO] Best model saved with val_acc: 0.5417
2025-10-05 01:35:11,276 [INFO] Epoch [21/100] Train Loss: 1.5140 Val Loss: 1.2136 Val Acc: 0.5417 LR: 0.001000
2025-10-05 01:35:11,814 [INFO] Best model saved with val_acc: 0.5833
2025-10-05 01:35:11,814 [INFO] Epoch [22/100] Train Loss: 1.4473 Val Loss: 1.2031 Val Acc: 0.5833 LR: 0.001000
2025-10-05 01:35:11,927 [INFO] Epoch [23/100] Train Loss: 1.6760 Val Loss: 1.2034 Val Acc: 0.5833 LR: 0.001000
2025-10-05 01:35:12,047 [INFO] Epoch [24/100] Train Loss: 1.4739 Val Loss: 1.1922 Val Acc: 0.5417 LR: 0.001000
2025-10-05 01:35:12,141 [INFO] Epoch [25/100] Train Loss: 1.4924 Val Loss: 1.2004 Val Acc: 0.5000 LR: 0.001000
2025-10-05 01:35:12,241 [INFO] Epoch [26/100] Train Loss: 1.5667 Val Loss: 1.2002 Val Acc: 0.5417 LR: 0.001000
2025-10-05 01:35:12,338 [INFO] Epoch [27/100] Train Loss: 1.4332 Val Loss: 1.2008 Val Acc: 0.4583 LR: 0.001000
2025-10-05 01:35:12,435 [INFO] Epoch [28/100] Train Loss: 1.6068 Val Loss: 1.1971 Val Acc: 0.4583 LR: 0.001000
2025-10-05 01:35:12,538 [INFO] Epoch [29/100] Train Loss: 1.5302 Val Loss: 1.1954 Val Acc: 0.4583 LR: 0.001000
2025-10-05 01:35:12,638 [INFO] Epoch [30/100] Train Loss: 1.5705 Val Loss: 1.1988 Val Acc: 0.5000 LR: 0.001000
2025-10-05 01:35:12,739 [INFO] Epoch [31/100] Train Loss: 1.5125 Val Loss: 1.1910 Val Acc: 0.5000 LR: 0.001000
2025-10-05 01:35:12,835 [INFO] Epoch [32/100] Train Loss: 1.5238 Val Loss: 1.1887 Val Acc: 0.5000 LR: 0.001000
2025-10-05 01:35:12,920 [INFO] Epoch [33/100] Train Loss: 1.3813 Val Loss: 1.1911 Val Acc: 0.5000 LR: 0.001000
2025-10-05 01:35:13,008 [INFO] Epoch [34/100] Train Loss: 1.5050 Val Loss: 1.1846 Val Acc: 0.4583 LR: 0.001000
2025-10-05 01:35:13,101 [INFO] Epoch [35/100] Train Loss: 1.3098 Val Loss: 1.1837 Val Acc: 0.5000 LR: 0.001000
2025-10-05 01:35:13,191 [INFO] Epoch [36/100] Train Loss: 1.5054 Val Loss: 1.1800 Val Acc: 0.5000 LR: 0.001000
2025-10-05 01:35:13,302 [INFO] Epoch [37/100] Train Loss: 1.5343 Val Loss: 1.1707 Val Acc: 0.5000 LR: 0.001000
2025-10-05 01:35:13,413 [INFO] Epoch [38/100] Train Loss: 1.3801 Val Loss: 1.1609 Val Acc: 0.5417 LR: 0.001000
2025-10-05 01:35:13,515 [INFO] Epoch [39/100] Train Loss: 1.4072 Val Loss: 1.1462 Val Acc: 0.5417 LR: 0.001000
2025-10-05 01:35:13,607 [INFO] Epoch [40/100] Train Loss: 1.5354 Val Loss: 1.1339 Val Acc: 0.5417 LR: 0.001000
2025-10-05 01:35:13,718 [INFO] Epoch [41/100] Train Loss: 1.4987 Val Loss: 1.1214 Val Acc: 0.5833 LR: 0.001000
2025-10-05 01:35:14,016 [INFO] Best model saved with val_acc: 0.6250
2025-10-05 01:35:14,016 [INFO] Epoch [42/100] Train Loss: 1.4233 Val Loss: 1.1105 Val Acc: 0.6250 LR: 0.001000
2025-10-05 01:35:14,124 [INFO] Epoch [43/100] Train Loss: 1.4496 Val Loss: 1.1011 Val Acc: 0.5833 LR: 0.001000
2025-10-05 01:35:14,298 [INFO] Epoch [44/100] Train Loss: 1.3596 Val Loss: 1.0918 Val Acc: 0.5833 LR: 0.001000
2025-10-05 01:35:14,422 [INFO] Epoch [45/100] Train Loss: 1.3412 Val Loss: 1.0792 Val Acc: 0.5833 LR: 0.001000
2025-10-05 01:35:14,586 [INFO] Epoch [46/100] Train Loss: 1.3105 Val Loss: 1.0668 Val Acc: 0.5833 LR: 0.001000
2025-10-05 01:35:14,680 [INFO] Epoch [47/100] Train Loss: 1.4910 Val Loss: 1.0590 Val Acc: 0.6250 LR: 0.001000
2025-10-05 01:35:14,771 [INFO] Epoch [48/100] Train Loss: 1.3194 Val Loss: 1.0502 Val Acc: 0.6250 LR: 0.001000
2025-10-05 01:35:14,868 [INFO] Epoch [49/100] Train Loss: 1.3932 Val Loss: 1.0405 Val Acc: 0.6250 LR: 0.001000
2025-10-05 01:35:15,162 [INFO] Best model saved with val_acc: 0.6667
2025-10-05 01:35:15,163 [INFO] Epoch [50/100] Train Loss: 1.4827 Val Loss: 1.0300 Val Acc: 0.6667 LR: 0.001000
2025-10-05 01:35:15,271 [INFO] Epoch [51/100] Train Loss: 1.3751 Val Loss: 1.0255 Val Acc: 0.6250 LR: 0.001000
2025-10-05 01:35:15,467 [INFO] Epoch [52/100] Train Loss: 1.4289 Val Loss: 1.0152 Val Acc: 0.6250 LR: 0.001000
2025-10-05 01:35:15,561 [INFO] Epoch [53/100] Train Loss: 1.3405 Val Loss: 1.0040 Val Acc: 0.6667 LR: 0.001000
2025-10-05 01:35:15,656 [INFO] Epoch [54/100] Train Loss: 1.3470 Val Loss: 0.9975 Val Acc: 0.6667 LR: 0.001000
2025-10-05 01:35:15,788 [INFO] Epoch [55/100] Train Loss: 1.3565 Val Loss: 0.9891 Val Acc: 0.6667 LR: 0.001000
2025-10-05 01:35:15,886 [INFO] Epoch [56/100] Train Loss: 1.3184 Val Loss: 0.9812 Val Acc: 0.6667 LR: 0.001000
2025-10-05 01:35:15,993 [INFO] Epoch [57/100] Train Loss: 1.3691 Val Loss: 0.9724 Val Acc: 0.6667 LR: 0.001000
2025-10-05 01:35:16,111 [INFO] Epoch [58/100] Train Loss: 1.4908 Val Loss: 0.9659 Val Acc: 0.6667 LR: 0.001000
2025-10-05 01:35:16,223 [INFO] Epoch [59/100] Train Loss: 1.3519 Val Loss: 0.9590 Val Acc: 0.6667 LR: 0.001000
2025-10-05 01:35:16,353 [INFO] Epoch [60/100] Train Loss: 1.2693 Val Loss: 0.9563 Val Acc: 0.6667 LR: 0.001000
2025-10-05 01:35:16,456 [INFO] Epoch [61/100] Train Loss: 1.3436 Val Loss: 0.9541 Val Acc: 0.6667 LR: 0.001000
2025-10-05 01:35:16,548 [INFO] Epoch [62/100] Train Loss: 1.3700 Val Loss: 0.9544 Val Acc: 0.6667 LR: 0.001000
2025-10-05 01:35:16,647 [INFO] Epoch [63/100] Train Loss: 1.3891 Val Loss: 0.9551 Val Acc: 0.6667 LR: 0.001000
2025-10-05 01:35:16,756 [INFO] Epoch [64/100] Train Loss: 1.4370 Val Loss: 0.9516 Val Acc: 0.6667 LR: 0.001000
2025-10-05 01:35:16,851 [INFO] Epoch [65/100] Train Loss: 1.2996 Val Loss: 0.9439 Val Acc: 0.6667 LR: 0.001000
2025-10-05 01:35:16,967 [INFO] Epoch [66/100] Train Loss: 1.4150 Val Loss: 0.9392 Val Acc: 0.6667 LR: 0.001000
2025-10-05 01:35:17,060 [INFO] Epoch [67/100] Train Loss: 1.3231 Val Loss: 0.9361 Val Acc: 0.6667 LR: 0.001000
2025-10-05 01:35:17,148 [INFO] Epoch [68/100] Train Loss: 1.2875 Val Loss: 0.9331 Val Acc: 0.6667 LR: 0.001000
2025-10-05 01:35:17,240 [INFO] Epoch [69/100] Train Loss: 1.2640 Val Loss: 0.9319 Val Acc: 0.6667 LR: 0.001000
2025-10-05 01:35:17,329 [INFO] Epoch [70/100] Train Loss: 1.2702 Val Loss: 0.9335 Val Acc: 0.6667 LR: 0.001000
2025-10-05 01:35:17,427 [INFO] Epoch [71/100] Train Loss: 1.2710 Val Loss: 0.9338 Val Acc: 0.6667 LR: 0.001000
2025-10-05 01:35:17,526 [INFO] Epoch [72/100] Train Loss: 1.2826 Val Loss: 0.9332 Val Acc: 0.6667 LR: 0.001000
2025-10-05 01:35:17,629 [INFO] Epoch [73/100] Train Loss: 1.3008 Val Loss: 0.9333 Val Acc: 0.6667 LR: 0.001000
2025-10-05 01:35:17,719 [INFO] Epoch [74/100] Train Loss: 1.2492 Val Loss: 0.9295 Val Acc: 0.6667 LR: 0.001000
2025-10-05 01:35:18,079 [INFO] Best model saved with val_acc: 0.7083
2025-10-05 01:35:18,079 [INFO] Epoch [75/100] Train Loss: 1.2991 Val Loss: 0.9309 Val Acc: 0.7083 LR: 0.001000
2025-10-05 01:35:18,211 [INFO] Epoch [76/100] Train Loss: 1.2543 Val Loss: 0.9332 Val Acc: 0.7083 LR: 0.001000
2025-10-05 01:35:18,303 [INFO] Epoch [77/100] Train Loss: 1.2635 Val Loss: 0.9286 Val Acc: 0.7083 LR: 0.001000
2025-10-05 01:35:18,399 [INFO] Epoch [78/100] Train Loss: 1.2183 Val Loss: 0.9264 Val Acc: 0.7083 LR: 0.001000
2025-10-05 01:35:18,496 [INFO] Epoch [79/100] Train Loss: 1.1950 Val Loss: 0.9221 Val Acc: 0.7083 LR: 0.001000
2025-10-05 01:35:18,606 [INFO] Epoch [80/100] Train Loss: 1.2709 Val Loss: 0.9205 Val Acc: 0.7083 LR: 0.001000
2025-10-05 01:35:18,702 [INFO] Epoch [81/100] Train Loss: 1.2886 Val Loss: 0.9169 Val Acc: 0.7083 LR: 0.001000
2025-10-05 01:35:18,798 [INFO] Epoch [82/100] Train Loss: 1.2164 Val Loss: 0.9145 Val Acc: 0.7083 LR: 0.001000
2025-10-05 01:35:18,892 [INFO] Epoch [83/100] Train Loss: 1.2316 Val Loss: 0.9100 Val Acc: 0.7083 LR: 0.001000
2025-10-05 01:35:18,986 [INFO] Epoch [84/100] Train Loss: 1.2186 Val Loss: 0.9043 Val Acc: 0.7083 LR: 0.001000
2025-10-05 01:35:19,084 [INFO] Epoch [85/100] Train Loss: 1.2278 Val Loss: 0.9011 Val Acc: 0.7083 LR: 0.001000
2025-10-05 01:35:19,190 [INFO] Epoch [86/100] Train Loss: 1.2610 Val Loss: 0.8968 Val Acc: 0.7083 LR: 0.001000
2025-10-05 01:35:19,301 [INFO] Epoch [87/100] Train Loss: 1.1699 Val Loss: 0.8877 Val Acc: 0.7083 LR: 0.001000
2025-10-05 01:35:19,395 [INFO] Epoch [88/100] Train Loss: 1.1939 Val Loss: 0.8805 Val Acc: 0.7083 LR: 0.001000
2025-10-05 01:35:19,522 [INFO] Epoch [89/100] Train Loss: 1.1846 Val Loss: 0.8779 Val Acc: 0.7083 LR: 0.001000
2025-10-05 01:35:19,644 [INFO] Epoch [90/100] Train Loss: 1.1866 Val Loss: 0.8762 Val Acc: 0.6667 LR: 0.001000
2025-10-05 01:35:19,748 [INFO] Epoch [91/100] Train Loss: 1.2359 Val Loss: 0.8692 Val Acc: 0.6667 LR: 0.001000
2025-10-05 01:35:19,856 [INFO] Epoch [92/100] Train Loss: 1.2082 Val Loss: 0.8648 Val Acc: 0.6667 LR: 0.001000
2025-10-05 01:35:19,956 [INFO] Epoch [93/100] Train Loss: 1.1813 Val Loss: 0.8670 Val Acc: 0.6667 LR: 0.001000
2025-10-05 01:35:20,052 [INFO] Epoch [94/100] Train Loss: 1.1515 Val Loss: 0.8653 Val Acc: 0.6667 LR: 0.001000
2025-10-05 01:35:20,150 [INFO] Epoch [95/100] Train Loss: 1.0576 Val Loss: 0.8603 Val Acc: 0.6667 LR: 0.001000
2025-10-05 01:35:20,257 [INFO] Epoch [96/100] Train Loss: 1.1916 Val Loss: 0.8555 Val Acc: 0.6667 LR: 0.001000
2025-10-05 01:35:20,359 [INFO] Epoch [97/100] Train Loss: 1.1470 Val Loss: 0.8526 Val Acc: 0.6667 LR: 0.001000
2025-10-05 01:35:20,478 [INFO] Epoch [98/100] Train Loss: 1.2004 Val Loss: 0.8513 Val Acc: 0.6667 LR: 0.001000
2025-10-05 01:35:20,579 [INFO] Epoch [99/100] Train Loss: 1.2340 Val Loss: 0.8522 Val Acc: 0.6667 LR: 0.001000
2025-10-05 01:35:20,676 [INFO] Epoch [100/100] Train Loss: 1.0932 Val Loss: 0.8497 Val Acc: 0.6667 LR: 0.001000
2025-10-05 01:35:20,701 [INFO] Training completed. Best accuracy: 0.7083
2025-10-05 01:35:20,702 [INFO] Log: ./logs/train_20251005_013506.log, Model: ./models/best_model.pth
