2025-10-07 05:16:18,996 [INFO] Regularized Attention-MOI Training Started
2025-10-07 05:16:19,277 [INFO] Model parameters: 33,032,612, Classes: 4
2025-10-07 05:16:19,277 [INFO] Enhanced regularization: Dropout=0.2, Weight_decay=0.001
2025-10-07 05:16:19,783 [INFO] Training started with enhanced regularization
2025-10-07 05:16:19,783 [INFO] Dropout: 0.2, Weight decay: 0.001
2025-10-07 05:16:20,447 [INFO] Best model saved with val_acc: 0.7500
2025-10-07 05:16:20,447 [INFO] Epoch [1/100] Train Loss: 1.3268 | Train Acc: 0.7447 (C0:0.400 | C1:0.906 | C2:0.688 | C3:0.952) || Val Loss: 1.1108 | Val Acc: 0.7500 (C0:0.833 | C1:0.778 | C2:0.250 | C3:1.000) || LR: 0.001000
2025-10-07 05:16:20,626 [INFO] Epoch [2/100] Train Loss: 1.0104 | Train Acc: 0.8830 (C0:0.800 | C1:0.969 | C2:0.750 | C3:0.952) || Val Loss: 1.0368 | Val Acc: 0.7500 (C0:0.833 | C1:0.778 | C2:0.250 | C3:1.000) || LR: 0.001000
2025-10-07 05:16:20,801 [INFO] Epoch [3/100] Train Loss: 0.8206 | Train Acc: 0.9574 (C0:0.960 | C1:1.000 | C2:0.812 | C3:1.000) || Val Loss: 0.9348 | Val Acc: 0.7500 (C0:0.833 | C1:0.778 | C2:0.250 | C3:1.000) || LR: 0.001000
2025-10-07 05:16:20,973 [INFO] Epoch [4/100] Train Loss: 0.7285 | Train Acc: 0.9787 (C0:0.960 | C1:1.000 | C2:0.938 | C3:1.000) || Val Loss: 0.8484 | Val Acc: 0.7083 (C0:0.833 | C1:0.778 | C2:0.250 | C3:0.800) || LR: 0.001000
2025-10-07 05:16:21,151 [INFO] Epoch [5/100] Train Loss: 0.5971 | Train Acc: 0.9787 (C0:0.960 | C1:1.000 | C2:0.938 | C3:1.000) || Val Loss: 0.8527 | Val Acc: 0.7083 (C0:0.833 | C1:0.778 | C2:0.250 | C3:0.800) || LR: 0.001000
2025-10-07 05:16:21,323 [INFO] Epoch [6/100] Train Loss: 0.5048 | Train Acc: 0.9894 (C0:1.000 | C1:1.000 | C2:0.938 | C3:1.000) || Val Loss: 0.9051 | Val Acc: 0.6250 (C0:0.667 | C1:0.667 | C2:0.250 | C3:0.800) || LR: 0.001000
2025-10-07 05:16:21,497 [INFO] Epoch [7/100] Train Loss: 0.4909 | Train Acc: 1.0000 (C0:1.000 | C1:1.000 | C2:1.000 | C3:1.000) || Val Loss: 0.9158 | Val Acc: 0.6667 (C0:0.833 | C1:0.778 | C2:0.000 | C3:0.800) || LR: 0.001000
2025-10-07 05:16:21,671 [INFO] Epoch [8/100] Train Loss: 0.3713 | Train Acc: 1.0000 (C0:1.000 | C1:1.000 | C2:1.000 | C3:1.000) || Val Loss: 0.9408 | Val Acc: 0.6250 (C0:0.833 | C1:0.667 | C2:0.000 | C3:0.800) || LR: 0.001000
2025-10-07 05:16:21,841 [INFO] Epoch [9/100] Train Loss: 0.3170 | Train Acc: 1.0000 (C0:1.000 | C1:1.000 | C2:1.000 | C3:1.000) || Val Loss: 0.9244 | Val Acc: 0.6667 (C0:0.833 | C1:0.667 | C2:0.250 | C3:0.800) || LR: 0.001000
2025-10-07 05:16:22,008 [INFO] Epoch [10/100] Train Loss: 0.2715 | Train Acc: 1.0000 (C0:1.000 | C1:1.000 | C2:1.000 | C3:1.000) || Val Loss: 0.9415 | Val Acc: 0.6667 (C0:0.833 | C1:0.667 | C2:0.250 | C3:0.800) || LR: 0.001000
2025-10-07 05:16:22,181 [INFO] Epoch [11/100] Train Loss: 0.2394 | Train Acc: 1.0000 (C0:1.000 | C1:1.000 | C2:1.000 | C3:1.000) || Val Loss: 0.9998 | Val Acc: 0.6250 (C0:0.833 | C1:0.556 | C2:0.250 | C3:0.800) || LR: 0.001000
2025-10-07 05:16:22,347 [INFO] Epoch [12/100] Train Loss: 0.2149 | Train Acc: 1.0000 (C0:1.000 | C1:1.000 | C2:1.000 | C3:1.000) || Val Loss: 1.0728 | Val Acc: 0.6250 (C0:0.833 | C1:0.556 | C2:0.250 | C3:0.800) || LR: 0.001000
2025-10-07 05:16:22,519 [INFO] Epoch [13/100] Train Loss: 0.1948 | Train Acc: 1.0000 (C0:1.000 | C1:1.000 | C2:1.000 | C3:1.000) || Val Loss: 1.0800 | Val Acc: 0.6250 (C0:0.833 | C1:0.556 | C2:0.250 | C3:0.800) || LR: 0.001000
2025-10-07 05:16:22,691 [INFO] Epoch [14/100] Train Loss: 0.1581 | Train Acc: 1.0000 (C0:1.000 | C1:1.000 | C2:1.000 | C3:1.000) || Val Loss: 1.0401 | Val Acc: 0.5833 (C0:0.833 | C1:0.556 | C2:0.000 | C3:0.800) || LR: 0.001000
2025-10-07 05:16:22,865 [INFO] Epoch [15/100] Train Loss: 0.1698 | Train Acc: 1.0000 (C0:1.000 | C1:1.000 | C2:1.000 | C3:1.000) || Val Loss: 1.0292 | Val Acc: 0.6250 (C0:0.833 | C1:0.556 | C2:0.250 | C3:0.800) || LR: 0.001000
2025-10-07 05:16:23,033 [INFO] Epoch [16/100] Train Loss: 0.1391 | Train Acc: 1.0000 (C0:1.000 | C1:1.000 | C2:1.000 | C3:1.000) || Val Loss: 1.0691 | Val Acc: 0.6250 (C0:0.667 | C1:0.667 | C2:0.250 | C3:0.800) || LR: 0.001000
2025-10-07 05:16:23,208 [INFO] Epoch [17/100] Train Loss: 0.1290 | Train Acc: 1.0000 (C0:1.000 | C1:1.000 | C2:1.000 | C3:1.000) || Val Loss: 1.0653 | Val Acc: 0.6250 (C0:0.667 | C1:0.667 | C2:0.250 | C3:0.800) || LR: 0.001000
2025-10-07 05:16:23,378 [INFO] Epoch [18/100] Train Loss: 0.1595 | Train Acc: 1.0000 (C0:1.000 | C1:1.000 | C2:1.000 | C3:1.000) || Val Loss: 1.0684 | Val Acc: 0.6250 (C0:0.667 | C1:0.667 | C2:0.250 | C3:0.800) || LR: 0.001000
2025-10-07 05:16:23,549 [INFO] Epoch [19/100] Train Loss: 0.0869 | Train Acc: 1.0000 (C0:1.000 | C1:1.000 | C2:1.000 | C3:1.000) || Val Loss: 1.0298 | Val Acc: 0.6250 (C0:0.833 | C1:0.667 | C2:0.000 | C3:0.800) || LR: 0.001000
2025-10-07 05:16:23,720 [INFO] Epoch [20/100] Train Loss: 0.1308 | Train Acc: 1.0000 (C0:1.000 | C1:1.000 | C2:1.000 | C3:1.000) || Val Loss: 1.0741 | Val Acc: 0.6667 (C0:0.833 | C1:0.667 | C2:0.250 | C3:0.800) || LR: 0.001000
2025-10-07 05:16:23,891 [INFO] Epoch [21/100] Train Loss: 0.1081 | Train Acc: 1.0000 (C0:1.000 | C1:1.000 | C2:1.000 | C3:1.000) || Val Loss: 1.1332 | Val Acc: 0.6250 (C0:0.667 | C1:0.667 | C2:0.250 | C3:0.800) || LR: 0.001000
2025-10-07 05:16:24,063 [INFO] Epoch [22/100] Train Loss: 0.1162 | Train Acc: 1.0000 (C0:1.000 | C1:1.000 | C2:1.000 | C3:1.000) || Val Loss: 1.1568 | Val Acc: 0.6250 (C0:0.667 | C1:0.667 | C2:0.250 | C3:0.800) || LR: 0.001000
2025-10-07 05:16:24,234 [INFO] Epoch [23/100] Train Loss: 0.1878 | Train Acc: 1.0000 (C0:1.000 | C1:1.000 | C2:1.000 | C3:1.000) || Val Loss: 1.2118 | Val Acc: 0.6250 (C0:0.833 | C1:0.556 | C2:0.250 | C3:0.800) || LR: 0.001000
2025-10-07 05:16:24,404 [INFO] Epoch [24/100] Train Loss: 0.1314 | Train Acc: 1.0000 (C0:1.000 | C1:1.000 | C2:1.000 | C3:1.000) || Val Loss: 1.2215 | Val Acc: 0.6667 (C0:0.833 | C1:0.556 | C2:0.500 | C3:0.800) || LR: 0.001000
2025-10-07 05:16:24,579 [INFO] Epoch [25/100] Train Loss: 0.1065 | Train Acc: 1.0000 (C0:1.000 | C1:1.000 | C2:1.000 | C3:1.000) || Val Loss: 1.1998 | Val Acc: 0.6667 (C0:0.833 | C1:0.556 | C2:0.500 | C3:0.800) || LR: 0.001000
2025-10-07 05:16:24,750 [INFO] Epoch [26/100] Train Loss: 0.0909 | Train Acc: 1.0000 (C0:1.000 | C1:1.000 | C2:1.000 | C3:1.000) || Val Loss: 1.0650 | Val Acc: 0.6667 (C0:0.833 | C1:0.667 | C2:0.500 | C3:0.600) || LR: 0.001000
2025-10-07 05:16:24,920 [INFO] Epoch [27/100] Train Loss: 0.1090 | Train Acc: 1.0000 (C0:1.000 | C1:1.000 | C2:1.000 | C3:1.000) || Val Loss: 1.0399 | Val Acc: 0.7500 (C0:0.833 | C1:0.778 | C2:0.500 | C3:0.800) || LR: 0.001000
2025-10-07 05:16:25,236 [INFO] Best model saved with val_acc: 0.7917
2025-10-07 05:16:25,236 [INFO] Epoch [28/100] Train Loss: 0.1668 | Train Acc: 1.0000 (C0:1.000 | C1:1.000 | C2:1.000 | C3:1.000) || Val Loss: 0.9292 | Val Acc: 0.7917 (C0:1.000 | C1:0.778 | C2:0.500 | C3:0.800) || LR: 0.001000
2025-10-07 05:16:25,407 [INFO] Epoch [29/100] Train Loss: 0.1752 | Train Acc: 1.0000 (C0:1.000 | C1:1.000 | C2:1.000 | C3:1.000) || Val Loss: 0.9536 | Val Acc: 0.7500 (C0:1.000 | C1:0.667 | C2:0.500 | C3:0.800) || LR: 0.001000
2025-10-07 05:16:25,590 [INFO] Epoch [30/100] Train Loss: 0.2995 | Train Acc: 1.0000 (C0:1.000 | C1:1.000 | C2:1.000 | C3:1.000) || Val Loss: 1.0819 | Val Acc: 0.7083 (C0:1.000 | C1:0.667 | C2:0.250 | C3:0.800) || LR: 0.001000
2025-10-07 05:16:25,761 [INFO] Epoch [31/100] Train Loss: 0.1391 | Train Acc: 1.0000 (C0:1.000 | C1:1.000 | C2:1.000 | C3:1.000) || Val Loss: 1.1372 | Val Acc: 0.7083 (C0:1.000 | C1:0.667 | C2:0.250 | C3:0.800) || LR: 0.001000
2025-10-07 05:16:25,929 [INFO] Epoch [32/100] Train Loss: 0.1280 | Train Acc: 1.0000 (C0:1.000 | C1:1.000 | C2:1.000 | C3:1.000) || Val Loss: 1.1544 | Val Acc: 0.7083 (C0:1.000 | C1:0.778 | C2:0.000 | C3:0.800) || LR: 0.001000
2025-10-07 05:16:26,094 [INFO] Epoch [33/100] Train Loss: 0.1385 | Train Acc: 1.0000 (C0:1.000 | C1:1.000 | C2:1.000 | C3:1.000) || Val Loss: 1.2035 | Val Acc: 0.7500 (C0:1.000 | C1:0.778 | C2:0.250 | C3:0.800) || LR: 0.001000
2025-10-07 05:16:26,266 [INFO] Epoch [34/100] Train Loss: 0.0674 | Train Acc: 1.0000 (C0:1.000 | C1:1.000 | C2:1.000 | C3:1.000) || Val Loss: 1.2462 | Val Acc: 0.6667 (C0:0.833 | C1:0.778 | C2:0.000 | C3:0.800) || LR: 0.001000
2025-10-07 05:16:26,432 [INFO] Epoch [35/100] Train Loss: 0.0547 | Train Acc: 1.0000 (C0:1.000 | C1:1.000 | C2:1.000 | C3:1.000) || Val Loss: 1.2374 | Val Acc: 0.6667 (C0:0.667 | C1:0.778 | C2:0.250 | C3:0.800) || LR: 0.001000
2025-10-07 05:16:26,599 [INFO] Epoch [36/100] Train Loss: 0.1683 | Train Acc: 1.0000 (C0:1.000 | C1:1.000 | C2:1.000 | C3:1.000) || Val Loss: 1.4424 | Val Acc: 0.6667 (C0:0.833 | C1:0.778 | C2:0.000 | C3:0.800) || LR: 0.001000
2025-10-07 05:16:26,767 [INFO] Epoch [37/100] Train Loss: 0.0526 | Train Acc: 1.0000 (C0:1.000 | C1:1.000 | C2:1.000 | C3:1.000) || Val Loss: 1.5319 | Val Acc: 0.7083 (C0:0.833 | C1:0.778 | C2:0.250 | C3:0.800) || LR: 0.001000
2025-10-07 05:16:26,936 [INFO] Epoch [38/100] Train Loss: 0.0855 | Train Acc: 1.0000 (C0:1.000 | C1:1.000 | C2:1.000 | C3:1.000) || Val Loss: 1.5520 | Val Acc: 0.7083 (C0:0.833 | C1:0.778 | C2:0.250 | C3:0.800) || LR: 0.001000
2025-10-07 05:16:27,103 [INFO] Epoch [39/100] Train Loss: 0.0382 | Train Acc: 1.0000 (C0:1.000 | C1:1.000 | C2:1.000 | C3:1.000) || Val Loss: 1.5297 | Val Acc: 0.7083 (C0:0.833 | C1:0.778 | C2:0.250 | C3:0.800) || LR: 0.001000
2025-10-07 05:16:27,279 [INFO] Epoch [40/100] Train Loss: 0.0440 | Train Acc: 1.0000 (C0:1.000 | C1:1.000 | C2:1.000 | C3:1.000) || Val Loss: 1.5151 | Val Acc: 0.7083 (C0:0.833 | C1:0.778 | C2:0.250 | C3:0.800) || LR: 0.001000
2025-10-07 05:16:27,450 [INFO] Epoch [41/100] Train Loss: 0.0985 | Train Acc: 1.0000 (C0:1.000 | C1:1.000 | C2:1.000 | C3:1.000) || Val Loss: 1.4967 | Val Acc: 0.7083 (C0:0.833 | C1:0.778 | C2:0.250 | C3:0.800) || LR: 0.001000
2025-10-07 05:16:27,617 [INFO] Epoch [42/100] Train Loss: 0.1624 | Train Acc: 1.0000 (C0:1.000 | C1:1.000 | C2:1.000 | C3:1.000) || Val Loss: 1.7023 | Val Acc: 0.6667 (C0:0.833 | C1:0.778 | C2:0.000 | C3:0.800) || LR: 0.001000
2025-10-07 05:16:27,787 [INFO] Epoch [43/100] Train Loss: 0.0632 | Train Acc: 1.0000 (C0:1.000 | C1:1.000 | C2:1.000 | C3:1.000) || Val Loss: 1.6698 | Val Acc: 0.6250 (C0:0.667 | C1:0.778 | C2:0.250 | C3:0.600) || LR: 0.001000
2025-10-07 05:16:27,957 [INFO] Epoch [44/100] Train Loss: 0.1506 | Train Acc: 1.0000 (C0:1.000 | C1:1.000 | C2:1.000 | C3:1.000) || Val Loss: 1.6392 | Val Acc: 0.5833 (C0:0.667 | C1:0.778 | C2:0.250 | C3:0.400) || LR: 0.001000
2025-10-07 05:16:28,128 [INFO] Epoch [45/100] Train Loss: 0.1498 | Train Acc: 1.0000 (C0:1.000 | C1:1.000 | C2:1.000 | C3:1.000) || Val Loss: 1.4368 | Val Acc: 0.6250 (C0:0.667 | C1:0.778 | C2:0.250 | C3:0.600) || LR: 0.001000
2025-10-07 05:16:28,307 [INFO] Epoch [46/100] Train Loss: 0.0960 | Train Acc: 1.0000 (C0:1.000 | C1:1.000 | C2:1.000 | C3:1.000) || Val Loss: 1.3665 | Val Acc: 0.6667 (C0:0.667 | C1:0.778 | C2:0.500 | C3:0.600) || LR: 0.001000
2025-10-07 05:16:28,481 [INFO] Epoch [47/100] Train Loss: 0.0473 | Train Acc: 1.0000 (C0:1.000 | C1:1.000 | C2:1.000 | C3:1.000) || Val Loss: 1.4537 | Val Acc: 0.6667 (C0:0.667 | C1:0.778 | C2:0.500 | C3:0.600) || LR: 0.001000
2025-10-07 05:16:28,655 [INFO] Epoch [48/100] Train Loss: 0.0725 | Train Acc: 1.0000 (C0:1.000 | C1:1.000 | C2:1.000 | C3:1.000) || Val Loss: 1.5027 | Val Acc: 0.6667 (C0:0.667 | C1:0.778 | C2:0.500 | C3:0.600) || LR: 0.001000
2025-10-07 05:16:28,824 [INFO] Epoch [49/100] Train Loss: 0.1000 | Train Acc: 1.0000 (C0:1.000 | C1:1.000 | C2:1.000 | C3:1.000) || Val Loss: 1.5915 | Val Acc: 0.6250 (C0:0.667 | C1:0.667 | C2:0.500 | C3:0.600) || LR: 0.001000
2025-10-07 05:16:29,002 [INFO] Epoch [50/100] Train Loss: 0.0791 | Train Acc: 1.0000 (C0:1.000 | C1:1.000 | C2:1.000 | C3:1.000) || Val Loss: 1.5638 | Val Acc: 0.5833 (C0:0.833 | C1:0.444 | C2:0.500 | C3:0.600) || LR: 0.001000
2025-10-07 05:16:29,174 [INFO] Epoch [51/100] Train Loss: 0.0932 | Train Acc: 1.0000 (C0:1.000 | C1:1.000 | C2:1.000 | C3:1.000) || Val Loss: 1.4534 | Val Acc: 0.6250 (C0:1.000 | C1:0.444 | C2:0.500 | C3:0.600) || LR: 0.001000
2025-10-07 05:16:29,348 [INFO] Epoch [52/100] Train Loss: 0.0282 | Train Acc: 1.0000 (C0:1.000 | C1:1.000 | C2:1.000 | C3:1.000) || Val Loss: 1.3361 | Val Acc: 0.6667 (C0:1.000 | C1:0.556 | C2:0.500 | C3:0.600) || LR: 0.001000
2025-10-07 05:16:29,520 [INFO] Epoch [53/100] Train Loss: 0.0699 | Train Acc: 1.0000 (C0:1.000 | C1:1.000 | C2:1.000 | C3:1.000) || Val Loss: 1.2576 | Val Acc: 0.6667 (C0:1.000 | C1:0.556 | C2:0.500 | C3:0.600) || LR: 0.001000
2025-10-07 05:16:29,695 [INFO] Epoch [54/100] Train Loss: 0.0285 | Train Acc: 1.0000 (C0:1.000 | C1:1.000 | C2:1.000 | C3:1.000) || Val Loss: 1.2945 | Val Acc: 0.7083 (C0:1.000 | C1:0.667 | C2:0.500 | C3:0.600) || LR: 0.001000
2025-10-07 05:16:29,868 [INFO] Epoch [55/100] Train Loss: 0.0345 | Train Acc: 1.0000 (C0:1.000 | C1:1.000 | C2:1.000 | C3:1.000) || Val Loss: 1.2823 | Val Acc: 0.7083 (C0:1.000 | C1:0.667 | C2:0.500 | C3:0.600) || LR: 0.001000
2025-10-07 05:16:30,044 [INFO] Epoch [56/100] Train Loss: 0.0354 | Train Acc: 1.0000 (C0:1.000 | C1:1.000 | C2:1.000 | C3:1.000) || Val Loss: 1.3691 | Val Acc: 0.7083 (C0:1.000 | C1:0.667 | C2:0.500 | C3:0.600) || LR: 0.001000
2025-10-07 05:16:30,212 [INFO] Epoch [57/100] Train Loss: 0.0485 | Train Acc: 1.0000 (C0:1.000 | C1:1.000 | C2:1.000 | C3:1.000) || Val Loss: 1.4352 | Val Acc: 0.7083 (C0:1.000 | C1:0.667 | C2:0.500 | C3:0.600) || LR: 0.001000
2025-10-07 05:16:30,386 [INFO] Epoch [58/100] Train Loss: 0.0203 | Train Acc: 1.0000 (C0:1.000 | C1:1.000 | C2:1.000 | C3:1.000) || Val Loss: 1.3934 | Val Acc: 0.6667 (C0:1.000 | C1:0.556 | C2:0.500 | C3:0.600) || LR: 0.001000
2025-10-07 05:16:30,556 [INFO] Epoch [59/100] Train Loss: 0.0203 | Train Acc: 1.0000 (C0:1.000 | C1:1.000 | C2:1.000 | C3:1.000) || Val Loss: 1.3892 | Val Acc: 0.6667 (C0:1.000 | C1:0.556 | C2:0.500 | C3:0.600) || LR: 0.001000
2025-10-07 05:16:30,724 [INFO] Epoch [60/100] Train Loss: 0.0330 | Train Acc: 1.0000 (C0:1.000 | C1:1.000 | C2:1.000 | C3:1.000) || Val Loss: 1.3776 | Val Acc: 0.6667 (C0:1.000 | C1:0.556 | C2:0.500 | C3:0.600) || LR: 0.001000
2025-10-07 05:16:30,892 [INFO] Epoch [61/100] Train Loss: 0.1154 | Train Acc: 1.0000 (C0:1.000 | C1:1.000 | C2:1.000 | C3:1.000) || Val Loss: 1.4319 | Val Acc: 0.7083 (C0:1.000 | C1:0.556 | C2:0.500 | C3:0.800) || LR: 0.001000
2025-10-07 05:16:31,063 [INFO] Epoch [62/100] Train Loss: 0.0357 | Train Acc: 1.0000 (C0:1.000 | C1:1.000 | C2:1.000 | C3:1.000) || Val Loss: 1.4952 | Val Acc: 0.7083 (C0:1.000 | C1:0.556 | C2:0.500 | C3:0.800) || LR: 0.001000
2025-10-07 05:16:31,234 [INFO] Epoch [63/100] Train Loss: 0.0211 | Train Acc: 1.0000 (C0:1.000 | C1:1.000 | C2:1.000 | C3:1.000) || Val Loss: 1.4809 | Val Acc: 0.7083 (C0:1.000 | C1:0.556 | C2:0.500 | C3:0.800) || LR: 0.001000
2025-10-07 05:16:31,408 [INFO] Epoch [64/100] Train Loss: 0.0610 | Train Acc: 1.0000 (C0:1.000 | C1:1.000 | C2:1.000 | C3:1.000) || Val Loss: 1.3477 | Val Acc: 0.7500 (C0:1.000 | C1:0.667 | C2:0.500 | C3:0.800) || LR: 0.001000
2025-10-07 05:16:31,578 [INFO] Epoch [65/100] Train Loss: 0.1186 | Train Acc: 1.0000 (C0:1.000 | C1:1.000 | C2:1.000 | C3:1.000) || Val Loss: 1.3083 | Val Acc: 0.7500 (C0:1.000 | C1:0.667 | C2:0.500 | C3:0.800) || LR: 0.001000
2025-10-07 05:16:31,750 [INFO] Epoch [66/100] Train Loss: 0.0209 | Train Acc: 1.0000 (C0:1.000 | C1:1.000 | C2:1.000 | C3:1.000) || Val Loss: 1.4507 | Val Acc: 0.7083 (C0:1.000 | C1:0.667 | C2:0.250 | C3:0.800) || LR: 0.001000
2025-10-07 05:16:31,919 [INFO] Epoch [67/100] Train Loss: 0.0129 | Train Acc: 1.0000 (C0:1.000 | C1:1.000 | C2:1.000 | C3:1.000) || Val Loss: 1.4071 | Val Acc: 0.7083 (C0:1.000 | C1:0.667 | C2:0.250 | C3:0.800) || LR: 0.001000
2025-10-07 05:16:32,089 [INFO] Epoch [68/100] Train Loss: 0.0316 | Train Acc: 1.0000 (C0:1.000 | C1:1.000 | C2:1.000 | C3:1.000) || Val Loss: 1.3124 | Val Acc: 0.6667 (C0:1.000 | C1:0.556 | C2:0.250 | C3:0.800) || LR: 0.001000
2025-10-07 05:16:32,257 [INFO] Epoch [69/100] Train Loss: 0.1296 | Train Acc: 1.0000 (C0:1.000 | C1:1.000 | C2:1.000 | C3:1.000) || Val Loss: 1.2977 | Val Acc: 0.7083 (C0:1.000 | C1:0.667 | C2:0.250 | C3:0.800) || LR: 0.001000
2025-10-07 05:16:32,429 [INFO] Epoch [70/100] Train Loss: 0.0173 | Train Acc: 1.0000 (C0:1.000 | C1:1.000 | C2:1.000 | C3:1.000) || Val Loss: 1.2392 | Val Acc: 0.7083 (C0:1.000 | C1:0.667 | C2:0.250 | C3:0.800) || LR: 0.001000
2025-10-07 05:16:32,596 [INFO] Epoch [71/100] Train Loss: 0.0165 | Train Acc: 1.0000 (C0:1.000 | C1:1.000 | C2:1.000 | C3:1.000) || Val Loss: 1.2042 | Val Acc: 0.7083 (C0:1.000 | C1:0.667 | C2:0.250 | C3:0.800) || LR: 0.001000
2025-10-07 05:16:32,768 [INFO] Epoch [72/100] Train Loss: 0.0203 | Train Acc: 1.0000 (C0:1.000 | C1:1.000 | C2:1.000 | C3:1.000) || Val Loss: 1.3224 | Val Acc: 0.7500 (C0:1.000 | C1:0.667 | C2:0.250 | C3:1.000) || LR: 0.001000
2025-10-07 05:16:32,940 [INFO] Epoch [73/100] Train Loss: 0.0921 | Train Acc: 1.0000 (C0:1.000 | C1:1.000 | C2:1.000 | C3:1.000) || Val Loss: 1.3839 | Val Acc: 0.7500 (C0:1.000 | C1:0.667 | C2:0.250 | C3:1.000) || LR: 0.001000
2025-10-07 05:16:33,110 [INFO] Epoch [74/100] Train Loss: 0.0111 | Train Acc: 1.0000 (C0:1.000 | C1:1.000 | C2:1.000 | C3:1.000) || Val Loss: 1.4932 | Val Acc: 0.7083 (C0:0.833 | C1:0.667 | C2:0.250 | C3:1.000) || LR: 0.001000
2025-10-07 05:16:33,279 [INFO] Epoch [75/100] Train Loss: 0.0278 | Train Acc: 1.0000 (C0:1.000 | C1:1.000 | C2:1.000 | C3:1.000) || Val Loss: 1.2988 | Val Acc: 0.7500 (C0:0.833 | C1:0.667 | C2:0.500 | C3:1.000) || LR: 0.001000
2025-10-07 05:16:33,456 [INFO] Epoch [76/100] Train Loss: 0.0282 | Train Acc: 1.0000 (C0:1.000 | C1:1.000 | C2:1.000 | C3:1.000) || Val Loss: 1.4015 | Val Acc: 0.7083 (C0:0.833 | C1:0.667 | C2:0.500 | C3:0.800) || LR: 0.001000
2025-10-07 05:16:33,628 [INFO] Epoch [77/100] Train Loss: 0.0365 | Train Acc: 1.0000 (C0:1.000 | C1:1.000 | C2:1.000 | C3:1.000) || Val Loss: 1.4825 | Val Acc: 0.7083 (C0:0.833 | C1:0.667 | C2:0.500 | C3:0.800) || LR: 0.001000
2025-10-07 05:16:33,800 [INFO] Early stopping at epoch 78
2025-10-07 05:16:33,813 [INFO] Training completed. Best accuracy: 0.7917
2025-10-07 05:16:33,813 [INFO] Log: ./logs/train_20251007_051618.log, Model: ./models/best_model.pth
