2025-10-13 10:30:48,868 [INFO] Model parameters: 56,828,699, Classes: 4
2025-10-13 10:30:48,869 [INFO] Enhanced regularization: Dropout=0.4, Weight_decay=0.002
2025-10-13 10:30:49,336 [INFO] Regularized Attention-MOI Training Started
2025-10-13 10:30:49,336 [INFO] Training started with enhanced regularization
2025-10-13 10:30:49,336 [INFO] Dropout: 0.4, Weight decay: 0.002
2025-10-13 10:30:50,007 [INFO] Epoch [1/150] Train Loss: 5.3523 | Train Acc: 0.5106 (Classical:0.520 | Mesenchymal:0.469 | Neural:0.125 | Proneural:0.857) || Val Loss: 1.2590 | Val Acc: 0.5417 (Classical:0.333 | Mesenchymal:0.556 | Neural:0.250 | Proneural:1.000) || LR: 0.000200
2025-10-13 10:30:50,200 [INFO] Best model saved with val_acc: 0.5417
2025-10-13 10:30:50,661 [INFO] Epoch [2/150] Train Loss: 5.0964 | Train Acc: 0.5638 (Classical:0.720 | Mesenchymal:0.438 | Neural:0.250 | Proneural:0.810) || Val Loss: 1.2001 | Val Acc: 0.6250 (Classical:0.333 | Mesenchymal:0.778 | Neural:0.250 | Proneural:1.000) || LR: 0.000200
2025-10-13 10:30:50,856 [INFO] Best model saved with val_acc: 0.6250
2025-10-13 10:30:51,330 [INFO] Epoch [3/150] Train Loss: 4.9348 | Train Acc: 0.5957 (Classical:0.640 | Mesenchymal:0.531 | Neural:0.500 | Proneural:0.714) || Val Loss: 1.2070 | Val Acc: 0.6250 (Classical:0.333 | Mesenchymal:0.778 | Neural:0.250 | Proneural:1.000) || LR: 0.000200
2025-10-13 10:30:51,791 [INFO] Epoch [4/150] Train Loss: 4.8326 | Train Acc: 0.7021 (Classical:0.720 | Mesenchymal:0.688 | Neural:0.625 | Proneural:0.762) || Val Loss: 1.1604 | Val Acc: 0.6667 (Classical:0.500 | Mesenchymal:0.778 | Neural:0.250 | Proneural:1.000) || LR: 0.000200
2025-10-13 10:30:52,001 [INFO] Best model saved with val_acc: 0.6667
2025-10-13 10:30:52,474 [INFO] Epoch [5/150] Train Loss: 4.8416 | Train Acc: 0.7553 (Classical:0.720 | Mesenchymal:0.688 | Neural:0.625 | Proneural:1.000) || Val Loss: 1.1340 | Val Acc: 0.6667 (Classical:0.500 | Mesenchymal:0.778 | Neural:0.250 | Proneural:1.000) || LR: 0.000200
2025-10-13 10:30:52,934 [INFO] Epoch [6/150] Train Loss: 4.7702 | Train Acc: 0.7979 (Classical:0.840 | Mesenchymal:0.688 | Neural:0.688 | Proneural:1.000) || Val Loss: 1.0977 | Val Acc: 0.6250 (Classical:0.500 | Mesenchymal:0.667 | Neural:0.250 | Proneural:1.000) || LR: 0.000200
2025-10-13 10:30:53,391 [INFO] Epoch [7/150] Train Loss: 4.7263 | Train Acc: 0.8404 (Classical:0.880 | Mesenchymal:0.781 | Neural:0.688 | Proneural:1.000) || Val Loss: 1.0445 | Val Acc: 0.6667 (Classical:0.833 | Mesenchymal:0.667 | Neural:0.250 | Proneural:0.800) || LR: 0.000200
2025-10-13 10:30:53,849 [INFO] Epoch [8/150] Train Loss: 4.7488 | Train Acc: 0.8936 (Classical:0.880 | Mesenchymal:0.781 | Neural:1.000 | Proneural:1.000) || Val Loss: 1.0556 | Val Acc: 0.5833 (Classical:0.667 | Mesenchymal:0.556 | Neural:0.250 | Proneural:0.800) || LR: 0.000200
2025-10-13 10:30:54,303 [INFO] Epoch [9/150] Train Loss: 4.7057 | Train Acc: 0.8830 (Classical:0.880 | Mesenchymal:0.781 | Neural:0.938 | Proneural:1.000) || Val Loss: 1.0200 | Val Acc: 0.6667 (Classical:0.833 | Mesenchymal:0.667 | Neural:0.250 | Proneural:0.800) || LR: 0.000200
2025-10-13 10:30:54,763 [INFO] Epoch [10/150] Train Loss: 4.6794 | Train Acc: 0.8830 (Classical:0.880 | Mesenchymal:0.812 | Neural:0.875 | Proneural:1.000) || Val Loss: 1.0086 | Val Acc: 0.6667 (Classical:0.833 | Mesenchymal:0.667 | Neural:0.250 | Proneural:0.800) || LR: 0.000200
2025-10-13 10:30:55,225 [INFO] Epoch [11/150] Train Loss: 4.6180 | Train Acc: 0.9255 (Classical:0.880 | Mesenchymal:0.875 | Neural:1.000 | Proneural:1.000) || Val Loss: 1.0009 | Val Acc: 0.6667 (Classical:0.833 | Mesenchymal:0.667 | Neural:0.250 | Proneural:0.800) || LR: 0.000200
2025-10-13 10:30:55,681 [INFO] Epoch [12/150] Train Loss: 4.6888 | Train Acc: 0.9043 (Classical:0.920 | Mesenchymal:0.781 | Neural:1.000 | Proneural:1.000) || Val Loss: 1.0227 | Val Acc: 0.6667 (Classical:0.833 | Mesenchymal:0.556 | Neural:0.500 | Proneural:0.800) || LR: 0.000200
2025-10-13 10:30:56,166 [INFO] Epoch [13/150] Train Loss: 4.5939 | Train Acc: 0.9574 (Classical:0.920 | Mesenchymal:0.969 | Neural:0.938 | Proneural:1.000) || Val Loss: 0.9929 | Val Acc: 0.6667 (Classical:0.833 | Mesenchymal:0.667 | Neural:0.250 | Proneural:0.800) || LR: 0.000200
2025-10-13 10:30:56,661 [INFO] Epoch [14/150] Train Loss: 4.5367 | Train Acc: 0.9468 (Classical:0.920 | Mesenchymal:0.938 | Neural:0.938 | Proneural:1.000) || Val Loss: 0.9767 | Val Acc: 0.6667 (Classical:0.833 | Mesenchymal:0.667 | Neural:0.250 | Proneural:0.800) || LR: 0.000200
2025-10-13 10:30:57,145 [INFO] Epoch [15/150] Train Loss: 4.5514 | Train Acc: 0.9574 (Classical:0.920 | Mesenchymal:0.969 | Neural:0.938 | Proneural:1.000) || Val Loss: 0.9669 | Val Acc: 0.6667 (Classical:0.833 | Mesenchymal:0.667 | Neural:0.250 | Proneural:0.800) || LR: 0.000200
2025-10-13 10:30:57,606 [INFO] Epoch [16/150] Train Loss: 4.5418 | Train Acc: 0.9362 (Classical:0.920 | Mesenchymal:0.906 | Neural:0.938 | Proneural:1.000) || Val Loss: 0.9750 | Val Acc: 0.7083 (Classical:0.833 | Mesenchymal:0.667 | Neural:0.500 | Proneural:0.800) || LR: 0.000200
2025-10-13 10:30:57,810 [INFO] Best model saved with val_acc: 0.7083
2025-10-13 10:30:58,318 [INFO] Epoch [17/150] Train Loss: 4.5978 | Train Acc: 0.9362 (Classical:0.920 | Mesenchymal:0.906 | Neural:0.938 | Proneural:1.000) || Val Loss: 0.9756 | Val Acc: 0.7083 (Classical:0.833 | Mesenchymal:0.667 | Neural:0.500 | Proneural:0.800) || LR: 0.000200
2025-10-13 10:30:58,782 [INFO] Epoch [18/150] Train Loss: 4.5040 | Train Acc: 0.9468 (Classical:0.920 | Mesenchymal:0.938 | Neural:0.938 | Proneural:1.000) || Val Loss: 0.9623 | Val Acc: 0.6667 (Classical:0.833 | Mesenchymal:0.667 | Neural:0.250 | Proneural:0.800) || LR: 0.000200
2025-10-13 10:30:59,237 [INFO] Epoch [19/150] Train Loss: 4.4549 | Train Acc: 0.9468 (Classical:0.920 | Mesenchymal:0.938 | Neural:0.938 | Proneural:1.000) || Val Loss: 0.9191 | Val Acc: 0.7083 (Classical:0.833 | Mesenchymal:0.667 | Neural:0.500 | Proneural:0.800) || LR: 0.000200
2025-10-13 10:30:59,700 [INFO] Epoch [20/150] Train Loss: 4.4502 | Train Acc: 0.9468 (Classical:0.920 | Mesenchymal:0.938 | Neural:0.938 | Proneural:1.000) || Val Loss: 0.9205 | Val Acc: 0.6667 (Classical:0.833 | Mesenchymal:0.667 | Neural:0.250 | Proneural:0.800) || LR: 0.000200
2025-10-13 10:31:00,166 [INFO] Epoch [21/150] Train Loss: 4.4658 | Train Acc: 0.9468 (Classical:0.920 | Mesenchymal:0.938 | Neural:0.938 | Proneural:1.000) || Val Loss: 0.9165 | Val Acc: 0.6667 (Classical:0.833 | Mesenchymal:0.667 | Neural:0.250 | Proneural:0.800) || LR: 0.000200
2025-10-13 10:31:00,627 [INFO] Epoch [22/150] Train Loss: 4.4609 | Train Acc: 0.9468 (Classical:0.920 | Mesenchymal:0.938 | Neural:0.938 | Proneural:1.000) || Val Loss: 0.9121 | Val Acc: 0.6667 (Classical:0.833 | Mesenchymal:0.667 | Neural:0.250 | Proneural:0.800) || LR: 0.000200
2025-10-13 10:31:01,267 [INFO] Epoch [23/150] Train Loss: 4.3436 | Train Acc: 0.9574 (Classical:0.920 | Mesenchymal:0.969 | Neural:0.938 | Proneural:1.000) || Val Loss: 0.8864 | Val Acc: 0.7083 (Classical:0.833 | Mesenchymal:0.778 | Neural:0.250 | Proneural:0.800) || LR: 0.000200
2025-10-13 10:31:01,984 [INFO] Epoch [24/150] Train Loss: 4.4303 | Train Acc: 0.9681 (Classical:0.960 | Mesenchymal:0.969 | Neural:0.938 | Proneural:1.000) || Val Loss: 0.8647 | Val Acc: 0.7500 (Classical:0.833 | Mesenchymal:0.778 | Neural:0.500 | Proneural:0.800) || LR: 0.000200
2025-10-13 10:31:02,414 [INFO] Best model saved with val_acc: 0.7500
2025-10-13 10:31:03,012 [INFO] Epoch [25/150] Train Loss: 4.3402 | Train Acc: 0.9681 (Classical:0.960 | Mesenchymal:0.969 | Neural:0.938 | Proneural:1.000) || Val Loss: 0.8669 | Val Acc: 0.7500 (Classical:0.833 | Mesenchymal:0.778 | Neural:0.500 | Proneural:0.800) || LR: 0.000200
2025-10-13 10:31:03,642 [INFO] Epoch [26/150] Train Loss: 4.2615 | Train Acc: 0.9574 (Classical:0.960 | Mesenchymal:0.969 | Neural:0.875 | Proneural:1.000) || Val Loss: 0.8867 | Val Acc: 0.7083 (Classical:0.833 | Mesenchymal:0.667 | Neural:0.500 | Proneural:0.800) || LR: 0.000200
2025-10-13 10:31:04,228 [INFO] Epoch [27/150] Train Loss: 4.4186 | Train Acc: 0.9681 (Classical:0.960 | Mesenchymal:0.969 | Neural:0.938 | Proneural:1.000) || Val Loss: 0.8939 | Val Acc: 0.7500 (Classical:1.000 | Mesenchymal:0.667 | Neural:0.500 | Proneural:0.800) || LR: 0.000200
2025-10-13 10:31:04,848 [INFO] Epoch [28/150] Train Loss: 4.2710 | Train Acc: 0.9681 (Classical:0.960 | Mesenchymal:0.969 | Neural:0.938 | Proneural:1.000) || Val Loss: 0.9245 | Val Acc: 0.7083 (Classical:0.833 | Mesenchymal:0.667 | Neural:0.500 | Proneural:0.800) || LR: 0.000200
2025-10-13 10:31:05,443 [INFO] Epoch [29/150] Train Loss: 4.2799 | Train Acc: 0.9681 (Classical:0.960 | Mesenchymal:0.969 | Neural:0.938 | Proneural:1.000) || Val Loss: 0.9232 | Val Acc: 0.7083 (Classical:0.833 | Mesenchymal:0.667 | Neural:0.500 | Proneural:0.800) || LR: 0.000200
2025-10-13 10:31:06,023 [INFO] Epoch [30/150] Train Loss: 4.2925 | Train Acc: 0.9787 (Classical:0.960 | Mesenchymal:0.969 | Neural:1.000 | Proneural:1.000) || Val Loss: 0.9471 | Val Acc: 0.7083 (Classical:0.833 | Mesenchymal:0.667 | Neural:0.500 | Proneural:0.800) || LR: 0.000200
2025-10-13 10:31:06,664 [INFO] Epoch [31/150] Train Loss: 4.2501 | Train Acc: 0.9787 (Classical:0.960 | Mesenchymal:0.969 | Neural:1.000 | Proneural:1.000) || Val Loss: 0.9386 | Val Acc: 0.7500 (Classical:1.000 | Mesenchymal:0.667 | Neural:0.500 | Proneural:0.800) || LR: 0.000200
2025-10-13 10:31:07,239 [INFO] Epoch [32/150] Train Loss: 4.2243 | Train Acc: 0.9894 (Classical:0.960 | Mesenchymal:1.000 | Neural:1.000 | Proneural:1.000) || Val Loss: 0.9963 | Val Acc: 0.7083 (Classical:0.833 | Mesenchymal:0.667 | Neural:0.500 | Proneural:0.800) || LR: 0.000200
2025-10-13 10:31:07,867 [INFO] Epoch [33/150] Train Loss: 4.2938 | Train Acc: 0.9894 (Classical:0.960 | Mesenchymal:1.000 | Neural:1.000 | Proneural:1.000) || Val Loss: 0.9803 | Val Acc: 0.7083 (Classical:1.000 | Mesenchymal:0.667 | Neural:0.250 | Proneural:0.800) || LR: 0.000200
2025-10-13 10:31:08,501 [INFO] Epoch [34/150] Train Loss: 4.1977 | Train Acc: 0.9894 (Classical:0.960 | Mesenchymal:1.000 | Neural:1.000 | Proneural:1.000) || Val Loss: 1.0155 | Val Acc: 0.7083 (Classical:1.000 | Mesenchymal:0.667 | Neural:0.250 | Proneural:0.800) || LR: 0.000200
2025-10-13 10:31:09,119 [INFO] Epoch [35/150] Train Loss: 4.1824 | Train Acc: 0.9894 (Classical:0.960 | Mesenchymal:1.000 | Neural:1.000 | Proneural:1.000) || Val Loss: 1.0056 | Val Acc: 0.7500 (Classical:1.000 | Mesenchymal:0.667 | Neural:0.500 | Proneural:0.800) || LR: 0.000200
2025-10-13 10:31:09,686 [INFO] Epoch [36/150] Train Loss: 4.0877 | Train Acc: 0.9894 (Classical:0.960 | Mesenchymal:1.000 | Neural:1.000 | Proneural:1.000) || Val Loss: 0.9720 | Val Acc: 0.7500 (Classical:1.000 | Mesenchymal:0.667 | Neural:0.500 | Proneural:0.800) || LR: 0.000200
2025-10-13 10:31:10,153 [INFO] Epoch [37/150] Train Loss: 4.0865 | Train Acc: 0.9894 (Classical:0.960 | Mesenchymal:1.000 | Neural:1.000 | Proneural:1.000) || Val Loss: 0.9539 | Val Acc: 0.7500 (Classical:1.000 | Mesenchymal:0.667 | Neural:0.500 | Proneural:0.800) || LR: 0.000200
2025-10-13 10:31:10,616 [INFO] Epoch [38/150] Train Loss: 4.1293 | Train Acc: 0.9894 (Classical:0.960 | Mesenchymal:1.000 | Neural:1.000 | Proneural:1.000) || Val Loss: 0.9729 | Val Acc: 0.7500 (Classical:1.000 | Mesenchymal:0.667 | Neural:0.500 | Proneural:0.800) || LR: 0.000200
2025-10-13 10:31:11,076 [INFO] Epoch [39/150] Train Loss: 4.0594 | Train Acc: 0.9894 (Classical:0.960 | Mesenchymal:1.000 | Neural:1.000 | Proneural:1.000) || Val Loss: 0.9581 | Val Acc: 0.7500 (Classical:1.000 | Mesenchymal:0.667 | Neural:0.500 | Proneural:0.800) || LR: 0.000200
2025-10-13 10:31:11,076 [INFO] Early stopping at epoch 39
2025-10-13 10:31:11,097 [INFO] Training completed. Best accuracy: 0.7500
2025-10-13 10:31:11,097 [INFO] Log: ./logs/train_20251013_103048.log, Model: ./models/best_model.pth
2025-10-13 10:31:11,210 [INFO] FINAL PER-CLASS | Train Acc: 0.9681 (Classical:0.960 | Mesenchymal:0.969 | Neural:0.938 | Proneural:1.000) || Val Acc: 0.7500 (Classical:0.833 | Mesenchymal:0.778 | Neural:0.500 | Proneural:0.800)
2025-10-13 10:31:11,268 [INFO] FINAL PER-CLASS | Test  Acc: 0.7667 (Classical:0.875 | Mesenchymal:0.900 | Neural:0.400 | Proneural:0.714)
