2025-09-30 18:52:17,671 [INFO] Attention-MOI Training Started
2025-09-30 18:52:18,050 [INFO] Model parameters: 33,031,012, Classes: 4
2025-09-30 18:52:18,643 [INFO] Training started with 100 epochs, lr=0.001, optimizer=adamw
2025-09-30 18:52:19,226 [INFO] Best model saved with val_acc: 0.5833
2025-09-30 18:52:19,226 [INFO] Epoch [1/100] Train Loss: 1.3501 Val Loss: 1.5616 Val Acc: 0.5833 LR: 0.001000
2025-09-30 18:52:19,491 [INFO] Best model saved with val_acc: 0.6667
2025-09-30 18:52:19,491 [INFO] Epoch [2/100] Train Loss: 0.9069 Val Loss: 1.3126 Val Acc: 0.6667 LR: 0.001000
2025-09-30 18:52:19,554 [INFO] Epoch [3/100] Train Loss: 0.6483 Val Loss: 1.2374 Val Acc: 0.5417 LR: 0.001000
2025-09-30 18:52:19,810 [INFO] Best model saved with val_acc: 0.7083
2025-09-30 18:52:19,811 [INFO] Epoch [4/100] Train Loss: 0.6017 Val Loss: 0.9919 Val Acc: 0.7083 LR: 0.001000
2025-09-30 18:52:19,876 [INFO] Epoch [5/100] Train Loss: 0.4487 Val Loss: 1.1678 Val Acc: 0.6667 LR: 0.001000
2025-09-30 18:52:19,941 [INFO] Epoch [6/100] Train Loss: 0.3191 Val Loss: 1.8302 Val Acc: 0.7083 LR: 0.001000
2025-09-30 18:52:20,012 [INFO] Epoch [7/100] Train Loss: 0.2060 Val Loss: 2.2497 Val Acc: 0.7083 LR: 0.001000
2025-09-30 18:52:20,081 [INFO] Epoch [8/100] Train Loss: 0.3039 Val Loss: 2.9566 Val Acc: 0.7083 LR: 0.001000
2025-09-30 18:52:20,141 [INFO] Epoch [9/100] Train Loss: 0.2458 Val Loss: 3.7501 Val Acc: 0.6667 LR: 0.001000
2025-09-30 18:52:20,204 [INFO] Epoch [10/100] Train Loss: 0.1918 Val Loss: 4.4667 Val Acc: 0.6250 LR: 0.001000
2025-09-30 18:52:20,266 [INFO] Epoch [11/100] Train Loss: 0.2212 Val Loss: 4.8844 Val Acc: 0.5833 LR: 0.001000
2025-09-30 18:52:20,331 [INFO] Epoch [12/100] Train Loss: 0.3061 Val Loss: 5.2535 Val Acc: 0.6250 LR: 0.001000
2025-09-30 18:52:20,394 [INFO] Epoch [13/100] Train Loss: 0.0336 Val Loss: 5.6797 Val Acc: 0.6250 LR: 0.001000
2025-09-30 18:52:20,463 [INFO] Epoch [14/100] Train Loss: 0.1291 Val Loss: 5.8622 Val Acc: 0.6250 LR: 0.001000
2025-09-30 18:52:20,525 [INFO] Epoch [15/100] Train Loss: 0.0573 Val Loss: 5.7673 Val Acc: 0.6250 LR: 0.001000
2025-09-30 18:52:20,590 [INFO] Epoch [16/100] Train Loss: 0.3002 Val Loss: 5.7300 Val Acc: 0.5833 LR: 0.001000
2025-09-30 18:52:20,653 [INFO] Epoch [17/100] Train Loss: 0.1580 Val Loss: 5.5756 Val Acc: 0.6667 LR: 0.001000
2025-09-30 18:52:20,717 [INFO] Epoch [18/100] Train Loss: 0.1223 Val Loss: 5.2142 Val Acc: 0.7083 LR: 0.001000
2025-09-30 18:52:20,783 [INFO] Epoch [19/100] Train Loss: 0.1402 Val Loss: 5.3484 Val Acc: 0.6250 LR: 0.001000
2025-09-30 18:52:20,852 [INFO] Epoch [20/100] Train Loss: 0.0842 Val Loss: 5.3062 Val Acc: 0.6667 LR: 0.001000
2025-09-30 18:52:20,923 [INFO] Epoch [21/100] Train Loss: 0.0617 Val Loss: 5.2906 Val Acc: 0.6250 LR: 0.001000
2025-09-30 18:52:20,991 [INFO] Epoch [22/100] Train Loss: 0.0941 Val Loss: 5.2602 Val Acc: 0.6667 LR: 0.001000
2025-09-30 18:52:21,055 [INFO] Epoch [23/100] Train Loss: 0.0276 Val Loss: 4.7662 Val Acc: 0.6250 LR: 0.001000
2025-09-30 18:52:21,119 [INFO] Epoch [24/100] Train Loss: 0.0527 Val Loss: 4.4202 Val Acc: 0.6667 LR: 0.001000
2025-09-30 18:52:21,186 [INFO] Epoch [25/100] Train Loss: 0.4301 Val Loss: 4.5784 Val Acc: 0.7083 LR: 0.001000
2025-09-30 18:52:21,245 [INFO] Epoch [26/100] Train Loss: 0.1478 Val Loss: 4.8681 Val Acc: 0.7083 LR: 0.001000
2025-09-30 18:52:21,306 [INFO] Epoch [27/100] Train Loss: 0.0675 Val Loss: 5.1665 Val Acc: 0.5833 LR: 0.001000
2025-09-30 18:52:21,369 [INFO] Epoch [28/100] Train Loss: 0.1689 Val Loss: 7.0024 Val Acc: 0.6250 LR: 0.001000
2025-09-30 18:52:21,434 [INFO] Epoch [29/100] Train Loss: 0.0682 Val Loss: 7.0767 Val Acc: 0.6250 LR: 0.001000
2025-09-30 18:52:21,497 [INFO] Epoch [30/100] Train Loss: 0.0762 Val Loss: 7.9014 Val Acc: 0.6250 LR: 0.001000
2025-09-30 18:52:21,558 [INFO] Epoch [31/100] Train Loss: 0.1456 Val Loss: 8.5112 Val Acc: 0.6250 LR: 0.001000
2025-09-30 18:52:21,621 [INFO] Epoch [32/100] Train Loss: 0.1011 Val Loss: 8.7925 Val Acc: 0.7083 LR: 0.001000
2025-09-30 18:52:21,681 [INFO] Epoch [33/100] Train Loss: 0.0414 Val Loss: 8.4462 Val Acc: 0.7083 LR: 0.001000
2025-09-30 18:52:21,742 [INFO] Epoch [34/100] Train Loss: 0.0370 Val Loss: 8.6196 Val Acc: 0.6250 LR: 0.001000
2025-09-30 18:52:21,803 [INFO] Epoch [35/100] Train Loss: 0.0689 Val Loss: 8.8316 Val Acc: 0.6250 LR: 0.001000
2025-09-30 18:52:21,865 [INFO] Epoch [36/100] Train Loss: 0.0688 Val Loss: 8.0650 Val Acc: 0.6250 LR: 0.001000
2025-09-30 18:52:21,926 [INFO] Epoch [37/100] Train Loss: 0.0922 Val Loss: 7.8967 Val Acc: 0.6667 LR: 0.001000
2025-09-30 18:52:21,989 [INFO] Epoch [38/100] Train Loss: 0.0844 Val Loss: 9.0906 Val Acc: 0.5833 LR: 0.001000
2025-09-30 18:52:22,049 [INFO] Epoch [39/100] Train Loss: 0.0014 Val Loss: 9.7972 Val Acc: 0.6250 LR: 0.001000
2025-09-30 18:52:22,115 [INFO] Epoch [40/100] Train Loss: 0.0338 Val Loss: 9.9507 Val Acc: 0.6250 LR: 0.001000
2025-09-30 18:52:22,176 [INFO] Epoch [41/100] Train Loss: 0.0797 Val Loss: 9.1025 Val Acc: 0.6250 LR: 0.001000
2025-09-30 18:52:22,236 [INFO] Epoch [42/100] Train Loss: 0.1805 Val Loss: 8.9964 Val Acc: 0.6667 LR: 0.001000
2025-09-30 18:52:22,297 [INFO] Epoch [43/100] Train Loss: 0.1517 Val Loss: 8.7899 Val Acc: 0.7083 LR: 0.001000
2025-09-30 18:52:22,365 [INFO] Epoch [44/100] Train Loss: 0.1001 Val Loss: 8.7244 Val Acc: 0.7083 LR: 0.001000
2025-09-30 18:52:22,659 [INFO] Best model saved with val_acc: 0.7500
2025-09-30 18:52:22,659 [INFO] Epoch [45/100] Train Loss: 0.0625 Val Loss: 8.2024 Val Acc: 0.7500 LR: 0.001000
2025-09-30 18:52:22,723 [INFO] Epoch [46/100] Train Loss: 0.1402 Val Loss: 7.6264 Val Acc: 0.7500 LR: 0.001000
2025-09-30 18:52:22,972 [INFO] Best model saved with val_acc: 0.7917
2025-09-30 18:52:22,972 [INFO] Epoch [47/100] Train Loss: 0.0392 Val Loss: 7.3629 Val Acc: 0.7917 LR: 0.001000
2025-09-30 18:52:23,038 [INFO] Epoch [48/100] Train Loss: 0.0459 Val Loss: 7.3890 Val Acc: 0.7500 LR: 0.001000
2025-09-30 18:52:23,111 [INFO] Epoch [49/100] Train Loss: 0.1737 Val Loss: 8.4076 Val Acc: 0.7500 LR: 0.001000
2025-09-30 18:52:23,172 [INFO] Epoch [50/100] Train Loss: 0.0891 Val Loss: 10.0716 Val Acc: 0.7500 LR: 0.001000
2025-09-30 18:52:23,233 [INFO] Epoch [51/100] Train Loss: 0.1654 Val Loss: 11.1391 Val Acc: 0.7083 LR: 0.001000
2025-09-30 18:52:23,293 [INFO] Epoch [52/100] Train Loss: 0.0071 Val Loss: 11.9289 Val Acc: 0.7083 LR: 0.001000
2025-09-30 18:52:23,352 [INFO] Epoch [53/100] Train Loss: 0.3382 Val Loss: 11.0282 Val Acc: 0.7083 LR: 0.001000
2025-09-30 18:52:23,413 [INFO] Epoch [54/100] Train Loss: 0.0019 Val Loss: 8.4589 Val Acc: 0.7083 LR: 0.001000
2025-09-30 18:52:23,478 [INFO] Epoch [55/100] Train Loss: 0.0462 Val Loss: 9.4622 Val Acc: 0.6667 LR: 0.001000
2025-09-30 18:52:23,538 [INFO] Epoch [56/100] Train Loss: 0.2505 Val Loss: 9.0024 Val Acc: 0.6667 LR: 0.001000
2025-09-30 18:52:23,599 [INFO] Epoch [57/100] Train Loss: 0.2598 Val Loss: 12.1746 Val Acc: 0.6667 LR: 0.001000
2025-09-30 18:52:23,656 [INFO] Epoch [58/100] Train Loss: 0.0258 Val Loss: 11.2229 Val Acc: 0.7083 LR: 0.001000
2025-09-30 18:52:23,715 [INFO] Epoch [59/100] Train Loss: 0.0373 Val Loss: 11.4295 Val Acc: 0.6250 LR: 0.001000
2025-09-30 18:52:23,774 [INFO] Epoch [60/100] Train Loss: 0.0478 Val Loss: 11.6664 Val Acc: 0.6250 LR: 0.001000
2025-09-30 18:52:23,834 [INFO] Epoch [61/100] Train Loss: 0.0215 Val Loss: 11.7092 Val Acc: 0.7083 LR: 0.001000
2025-09-30 18:52:23,894 [INFO] Epoch [62/100] Train Loss: 0.0076 Val Loss: 12.7345 Val Acc: 0.7083 LR: 0.001000
2025-09-30 18:52:23,963 [INFO] Epoch [63/100] Train Loss: 0.0932 Val Loss: 14.2024 Val Acc: 0.7500 LR: 0.001000
2025-09-30 18:52:24,039 [INFO] Epoch [64/100] Train Loss: 0.0546 Val Loss: 15.6011 Val Acc: 0.7083 LR: 0.001000
2025-09-30 18:52:24,098 [INFO] Epoch [65/100] Train Loss: 0.2507 Val Loss: 18.0364 Val Acc: 0.7083 LR: 0.001000
2025-09-30 18:52:24,157 [INFO] Epoch [66/100] Train Loss: 0.0675 Val Loss: 18.3105 Val Acc: 0.7083 LR: 0.001000
2025-09-30 18:52:24,218 [INFO] Epoch [67/100] Train Loss: 0.5175 Val Loss: 16.9460 Val Acc: 0.7083 LR: 0.001000
2025-09-30 18:52:24,279 [INFO] Epoch [68/100] Train Loss: 0.3049 Val Loss: 18.1710 Val Acc: 0.6250 LR: 0.001000
2025-09-30 18:52:24,341 [INFO] Epoch [69/100] Train Loss: 0.4645 Val Loss: 17.8164 Val Acc: 0.7083 LR: 0.001000
2025-09-30 18:52:24,400 [INFO] Epoch [70/100] Train Loss: 0.0948 Val Loss: 15.6261 Val Acc: 0.6250 LR: 0.001000
2025-09-30 18:52:24,461 [INFO] Epoch [71/100] Train Loss: 0.0103 Val Loss: 15.4008 Val Acc: 0.6250 LR: 0.001000
2025-09-30 18:52:24,521 [INFO] Epoch [72/100] Train Loss: 0.4296 Val Loss: 13.9190 Val Acc: 0.6250 LR: 0.001000
2025-09-30 18:52:24,580 [INFO] Epoch [73/100] Train Loss: 1.1287 Val Loss: 12.0570 Val Acc: 0.6250 LR: 0.001000
2025-09-30 18:52:24,638 [INFO] Epoch [74/100] Train Loss: 0.5419 Val Loss: 10.2058 Val Acc: 0.7083 LR: 0.001000
2025-09-30 18:52:24,716 [INFO] Epoch [75/100] Train Loss: 0.8941 Val Loss: 9.8736 Val Acc: 0.7500 LR: 0.001000
2025-09-30 18:52:24,794 [INFO] Epoch [76/100] Train Loss: 0.1770 Val Loss: 9.9800 Val Acc: 0.6667 LR: 0.001000
2025-09-30 18:52:24,856 [INFO] Epoch [77/100] Train Loss: 0.0170 Val Loss: 8.8704 Val Acc: 0.6667 LR: 0.001000
2025-09-30 18:52:24,918 [INFO] Epoch [78/100] Train Loss: 0.5477 Val Loss: 8.4094 Val Acc: 0.7083 LR: 0.001000
2025-09-30 18:52:24,980 [INFO] Epoch [79/100] Train Loss: 0.0401 Val Loss: 8.0226 Val Acc: 0.7083 LR: 0.001000
2025-09-30 18:52:25,039 [INFO] Epoch [80/100] Train Loss: 0.0396 Val Loss: 18.4173 Val Acc: 0.7500 LR: 0.001000
2025-09-30 18:52:25,098 [INFO] Epoch [81/100] Train Loss: 0.0115 Val Loss: 18.7230 Val Acc: 0.7500 LR: 0.001000
2025-09-30 18:52:25,160 [INFO] Epoch [82/100] Train Loss: 0.0044 Val Loss: 19.0156 Val Acc: 0.7500 LR: 0.001000
2025-09-30 18:52:25,220 [INFO] Epoch [83/100] Train Loss: 0.0537 Val Loss: 18.6100 Val Acc: 0.7500 LR: 0.001000
2025-09-30 18:52:25,282 [INFO] Epoch [84/100] Train Loss: 0.1312 Val Loss: 18.3919 Val Acc: 0.7500 LR: 0.001000
2025-09-30 18:52:25,342 [INFO] Epoch [85/100] Train Loss: 0.0251 Val Loss: 18.2311 Val Acc: 0.7500 LR: 0.001000
2025-09-30 18:52:25,402 [INFO] Epoch [86/100] Train Loss: 0.0023 Val Loss: 18.1352 Val Acc: 0.7500 LR: 0.001000
2025-09-30 18:52:25,459 [INFO] Epoch [87/100] Train Loss: 0.0020 Val Loss: 18.0724 Val Acc: 0.7500 LR: 0.001000
2025-09-30 18:52:25,520 [INFO] Epoch [88/100] Train Loss: 0.0011 Val Loss: 18.0374 Val Acc: 0.7500 LR: 0.001000
2025-09-30 18:52:25,586 [INFO] Epoch [89/100] Train Loss: 0.0112 Val Loss: 18.0372 Val Acc: 0.7500 LR: 0.001000
2025-09-30 18:52:25,651 [INFO] Epoch [90/100] Train Loss: 0.0697 Val Loss: 19.8052 Val Acc: 0.7500 LR: 0.001000
2025-09-30 18:52:25,714 [INFO] Epoch [91/100] Train Loss: 0.0085 Val Loss: 20.8879 Val Acc: 0.7500 LR: 0.001000
2025-09-30 18:52:25,778 [INFO] Epoch [92/100] Train Loss: 0.0048 Val Loss: 21.6849 Val Acc: 0.7500 LR: 0.001000
2025-09-30 18:52:25,841 [INFO] Epoch [93/100] Train Loss: 0.0083 Val Loss: 22.2813 Val Acc: 0.7500 LR: 0.001000
2025-09-30 18:52:25,904 [INFO] Epoch [94/100] Train Loss: 0.0030 Val Loss: 22.7017 Val Acc: 0.7500 LR: 0.001000
2025-09-30 18:52:25,965 [INFO] Epoch [95/100] Train Loss: 0.0006 Val Loss: 23.0129 Val Acc: 0.7500 LR: 0.001000
2025-09-30 18:52:26,037 [INFO] Epoch [96/100] Train Loss: 0.2378 Val Loss: 20.8738 Val Acc: 0.7500 LR: 0.001000
2025-09-30 18:52:26,101 [INFO] Early stopping at epoch 97
2025-09-30 18:52:26,116 [INFO] Training completed. Best accuracy: 0.7917
2025-09-30 18:52:26,116 [INFO] Log: ./logs/train_20250930_185217.log, Model: ./models/best_model.pth
