2025-10-13 10:29:18,478 [INFO] Model parameters: 56,828,699, Classes: 4
2025-10-13 10:29:18,478 [INFO] Enhanced regularization: Dropout=0.4, Weight_decay=0.002
2025-10-13 10:29:18,971 [INFO] Regularized Attention-MOI Training Started
2025-10-13 10:29:18,972 [INFO] Training started with enhanced regularization
2025-10-13 10:29:18,972 [INFO] Dropout: 0.4, Weight decay: 0.002
2025-10-13 10:29:19,686 [INFO] Epoch [1/150] Train Loss: 5.3812 | Train Acc: 0.4149 (Classical:0.960 | Mesenchymal:0.031 | Neural:0.125 | Proneural:0.571) || Val Loss: 1.5418 | Val Acc: 0.2500 (Classical:1.000 | Mesenchymal:0.000 | Neural:0.000 | Proneural:0.000) || LR: 0.000200
2025-10-13 10:29:19,913 [INFO] Best model saved with val_acc: 0.2500
2025-10-13 10:29:20,385 [INFO] Epoch [2/150] Train Loss: 5.0751 | Train Acc: 0.4681 (Classical:0.920 | Mesenchymal:0.188 | Neural:0.125 | Proneural:0.619) || Val Loss: 1.4040 | Val Acc: 0.2500 (Classical:1.000 | Mesenchymal:0.000 | Neural:0.000 | Proneural:0.000) || LR: 0.000200
2025-10-13 10:29:20,926 [INFO] Epoch [3/150] Train Loss: 4.7823 | Train Acc: 0.5638 (Classical:0.960 | Mesenchymal:0.281 | Neural:0.188 | Proneural:0.810) || Val Loss: 1.3345 | Val Acc: 0.2917 (Classical:0.833 | Mesenchymal:0.111 | Neural:0.000 | Proneural:0.200) || LR: 0.000200
2025-10-13 10:29:21,150 [INFO] Best model saved with val_acc: 0.2917
2025-10-13 10:29:21,655 [INFO] Epoch [4/150] Train Loss: 4.9317 | Train Acc: 0.5957 (Classical:0.960 | Mesenchymal:0.438 | Neural:0.312 | Proneural:0.619) || Val Loss: 1.3637 | Val Acc: 0.3333 (Classical:1.000 | Mesenchymal:0.111 | Neural:0.000 | Proneural:0.200) || LR: 0.000200
2025-10-13 10:29:21,879 [INFO] Best model saved with val_acc: 0.3333
2025-10-13 10:29:22,375 [INFO] Epoch [5/150] Train Loss: 4.8132 | Train Acc: 0.6596 (Classical:1.000 | Mesenchymal:0.500 | Neural:0.375 | Proneural:0.714) || Val Loss: 1.3010 | Val Acc: 0.4167 (Classical:0.833 | Mesenchymal:0.444 | Neural:0.000 | Proneural:0.200) || LR: 0.000200
2025-10-13 10:29:22,575 [INFO] Best model saved with val_acc: 0.4167
2025-10-13 10:29:23,122 [INFO] Epoch [6/150] Train Loss: 4.7816 | Train Acc: 0.7872 (Classical:1.000 | Mesenchymal:0.719 | Neural:0.500 | Proneural:0.857) || Val Loss: 1.2364 | Val Acc: 0.4167 (Classical:0.833 | Mesenchymal:0.444 | Neural:0.000 | Proneural:0.200) || LR: 0.000200
2025-10-13 10:29:23,574 [INFO] Epoch [7/150] Train Loss: 4.7285 | Train Acc: 0.7872 (Classical:1.000 | Mesenchymal:0.750 | Neural:0.500 | Proneural:0.810) || Val Loss: 1.2050 | Val Acc: 0.4583 (Classical:1.000 | Mesenchymal:0.444 | Neural:0.000 | Proneural:0.200) || LR: 0.000200
2025-10-13 10:29:23,840 [INFO] Best model saved with val_acc: 0.4583
2025-10-13 10:29:24,327 [INFO] Epoch [8/150] Train Loss: 4.7922 | Train Acc: 0.8085 (Classical:1.000 | Mesenchymal:0.750 | Neural:0.500 | Proneural:0.905) || Val Loss: 1.2404 | Val Acc: 0.4167 (Classical:0.833 | Mesenchymal:0.444 | Neural:0.000 | Proneural:0.200) || LR: 0.000200
2025-10-13 10:29:24,782 [INFO] Epoch [9/150] Train Loss: 4.6439 | Train Acc: 0.7979 (Classical:1.000 | Mesenchymal:0.750 | Neural:0.438 | Proneural:0.905) || Val Loss: 1.2083 | Val Acc: 0.4583 (Classical:1.000 | Mesenchymal:0.444 | Neural:0.000 | Proneural:0.200) || LR: 0.000200
2025-10-13 10:29:25,247 [INFO] Epoch [10/150] Train Loss: 4.6510 | Train Acc: 0.7766 (Classical:1.000 | Mesenchymal:0.688 | Neural:0.438 | Proneural:0.905) || Val Loss: 1.1812 | Val Acc: 0.5000 (Classical:1.000 | Mesenchymal:0.444 | Neural:0.000 | Proneural:0.400) || LR: 0.000200
2025-10-13 10:29:25,442 [INFO] Best model saved with val_acc: 0.5000
2025-10-13 10:29:25,925 [INFO] Epoch [11/150] Train Loss: 4.6669 | Train Acc: 0.8298 (Classical:1.000 | Mesenchymal:0.781 | Neural:0.500 | Proneural:0.952) || Val Loss: 1.1477 | Val Acc: 0.4583 (Classical:0.833 | Mesenchymal:0.444 | Neural:0.000 | Proneural:0.400) || LR: 0.000200
2025-10-13 10:29:26,385 [INFO] Epoch [12/150] Train Loss: 4.5335 | Train Acc: 0.8404 (Classical:1.000 | Mesenchymal:0.812 | Neural:0.500 | Proneural:0.952) || Val Loss: 1.1408 | Val Acc: 0.4583 (Classical:0.833 | Mesenchymal:0.444 | Neural:0.000 | Proneural:0.400) || LR: 0.000200
2025-10-13 10:29:26,866 [INFO] Epoch [13/150] Train Loss: 4.6192 | Train Acc: 0.8511 (Classical:1.000 | Mesenchymal:0.844 | Neural:0.500 | Proneural:0.952) || Val Loss: 1.1520 | Val Acc: 0.5000 (Classical:1.000 | Mesenchymal:0.444 | Neural:0.000 | Proneural:0.400) || LR: 0.000200
2025-10-13 10:29:27,382 [INFO] Epoch [14/150] Train Loss: 4.6353 | Train Acc: 0.8617 (Classical:1.000 | Mesenchymal:0.875 | Neural:0.500 | Proneural:0.952) || Val Loss: 1.1606 | Val Acc: 0.5000 (Classical:1.000 | Mesenchymal:0.444 | Neural:0.000 | Proneural:0.400) || LR: 0.000200
2025-10-13 10:29:27,840 [INFO] Epoch [15/150] Train Loss: 4.6475 | Train Acc: 0.8830 (Classical:1.000 | Mesenchymal:0.875 | Neural:0.625 | Proneural:0.952) || Val Loss: 1.1503 | Val Acc: 0.5000 (Classical:1.000 | Mesenchymal:0.444 | Neural:0.000 | Proneural:0.400) || LR: 0.000200
2025-10-13 10:29:28,295 [INFO] Epoch [16/150] Train Loss: 4.5806 | Train Acc: 0.8830 (Classical:1.000 | Mesenchymal:0.875 | Neural:0.625 | Proneural:0.952) || Val Loss: 1.1290 | Val Acc: 0.5833 (Classical:1.000 | Mesenchymal:0.667 | Neural:0.000 | Proneural:0.400) || LR: 0.000200
2025-10-13 10:29:28,509 [INFO] Best model saved with val_acc: 0.5833
2025-10-13 10:29:28,997 [INFO] Epoch [17/150] Train Loss: 4.5136 | Train Acc: 0.8723 (Classical:1.000 | Mesenchymal:0.875 | Neural:0.562 | Proneural:0.952) || Val Loss: 1.1477 | Val Acc: 0.5833 (Classical:1.000 | Mesenchymal:0.667 | Neural:0.000 | Proneural:0.400) || LR: 0.000200
2025-10-13 10:29:29,453 [INFO] Epoch [18/150] Train Loss: 4.4693 | Train Acc: 0.8830 (Classical:1.000 | Mesenchymal:0.906 | Neural:0.625 | Proneural:0.905) || Val Loss: 1.1476 | Val Acc: 0.5417 (Classical:1.000 | Mesenchymal:0.556 | Neural:0.000 | Proneural:0.400) || LR: 0.000200
2025-10-13 10:29:29,910 [INFO] Epoch [19/150] Train Loss: 4.4587 | Train Acc: 0.9043 (Classical:1.000 | Mesenchymal:0.906 | Neural:0.625 | Proneural:1.000) || Val Loss: 1.1468 | Val Acc: 0.5833 (Classical:1.000 | Mesenchymal:0.556 | Neural:0.000 | Proneural:0.600) || LR: 0.000200
2025-10-13 10:29:30,367 [INFO] Epoch [20/150] Train Loss: 4.4278 | Train Acc: 0.9149 (Classical:1.000 | Mesenchymal:0.906 | Neural:0.688 | Proneural:1.000) || Val Loss: 1.1249 | Val Acc: 0.5833 (Classical:1.000 | Mesenchymal:0.556 | Neural:0.000 | Proneural:0.600) || LR: 0.000200
2025-10-13 10:29:30,828 [INFO] Epoch [21/150] Train Loss: 4.4155 | Train Acc: 0.9149 (Classical:1.000 | Mesenchymal:0.906 | Neural:0.688 | Proneural:1.000) || Val Loss: 1.1066 | Val Acc: 0.5833 (Classical:1.000 | Mesenchymal:0.556 | Neural:0.000 | Proneural:0.600) || LR: 0.000200
2025-10-13 10:29:31,285 [INFO] Epoch [22/150] Train Loss: 4.3853 | Train Acc: 0.9043 (Classical:1.000 | Mesenchymal:0.906 | Neural:0.625 | Proneural:1.000) || Val Loss: 1.1626 | Val Acc: 0.5833 (Classical:1.000 | Mesenchymal:0.556 | Neural:0.000 | Proneural:0.600) || LR: 0.000200
2025-10-13 10:29:31,746 [INFO] Epoch [23/150] Train Loss: 4.4368 | Train Acc: 0.9149 (Classical:1.000 | Mesenchymal:0.906 | Neural:0.688 | Proneural:1.000) || Val Loss: 1.1123 | Val Acc: 0.5833 (Classical:0.833 | Mesenchymal:0.556 | Neural:0.000 | Proneural:0.800) || LR: 0.000200
2025-10-13 10:29:32,204 [INFO] Epoch [24/150] Train Loss: 4.3439 | Train Acc: 0.9043 (Classical:1.000 | Mesenchymal:0.906 | Neural:0.625 | Proneural:1.000) || Val Loss: 1.1466 | Val Acc: 0.5833 (Classical:1.000 | Mesenchymal:0.556 | Neural:0.000 | Proneural:0.600) || LR: 0.000200
2025-10-13 10:29:32,659 [INFO] Epoch [25/150] Train Loss: 4.2761 | Train Acc: 0.9255 (Classical:1.000 | Mesenchymal:0.938 | Neural:0.688 | Proneural:1.000) || Val Loss: 1.0858 | Val Acc: 0.6250 (Classical:1.000 | Mesenchymal:0.667 | Neural:0.000 | Proneural:0.600) || LR: 0.000200
2025-10-13 10:29:32,870 [INFO] Best model saved with val_acc: 0.6250
2025-10-13 10:29:33,343 [INFO] Epoch [26/150] Train Loss: 4.3001 | Train Acc: 0.9255 (Classical:1.000 | Mesenchymal:0.938 | Neural:0.688 | Proneural:1.000) || Val Loss: 1.0887 | Val Acc: 0.6250 (Classical:0.833 | Mesenchymal:0.667 | Neural:0.000 | Proneural:0.800) || LR: 0.000200
2025-10-13 10:29:33,799 [INFO] Epoch [27/150] Train Loss: 4.3886 | Train Acc: 0.9255 (Classical:1.000 | Mesenchymal:0.938 | Neural:0.688 | Proneural:1.000) || Val Loss: 1.1595 | Val Acc: 0.5833 (Classical:1.000 | Mesenchymal:0.444 | Neural:0.000 | Proneural:0.800) || LR: 0.000200
2025-10-13 10:29:34,255 [INFO] Epoch [28/150] Train Loss: 4.2457 | Train Acc: 0.9362 (Classical:1.000 | Mesenchymal:0.969 | Neural:0.688 | Proneural:1.000) || Val Loss: 1.1483 | Val Acc: 0.5833 (Classical:0.833 | Mesenchymal:0.556 | Neural:0.000 | Proneural:0.800) || LR: 0.000200
2025-10-13 10:29:34,719 [INFO] Epoch [29/150] Train Loss: 4.3540 | Train Acc: 0.9362 (Classical:1.000 | Mesenchymal:0.969 | Neural:0.688 | Proneural:1.000) || Val Loss: 1.1543 | Val Acc: 0.5417 (Classical:0.833 | Mesenchymal:0.444 | Neural:0.000 | Proneural:0.800) || LR: 0.000200
2025-10-13 10:29:35,176 [INFO] Epoch [30/150] Train Loss: 4.2709 | Train Acc: 0.9362 (Classical:1.000 | Mesenchymal:0.969 | Neural:0.688 | Proneural:1.000) || Val Loss: 1.1555 | Val Acc: 0.5417 (Classical:0.833 | Mesenchymal:0.444 | Neural:0.000 | Proneural:0.800) || LR: 0.000200
2025-10-13 10:29:35,635 [INFO] Epoch [31/150] Train Loss: 4.2479 | Train Acc: 0.9362 (Classical:1.000 | Mesenchymal:0.969 | Neural:0.688 | Proneural:1.000) || Val Loss: 1.1403 | Val Acc: 0.5417 (Classical:0.833 | Mesenchymal:0.444 | Neural:0.000 | Proneural:0.800) || LR: 0.000200
2025-10-13 10:29:36,096 [INFO] Epoch [32/150] Train Loss: 4.2275 | Train Acc: 0.9362 (Classical:1.000 | Mesenchymal:0.969 | Neural:0.688 | Proneural:1.000) || Val Loss: 1.1534 | Val Acc: 0.5417 (Classical:0.833 | Mesenchymal:0.444 | Neural:0.000 | Proneural:0.800) || LR: 0.000200
2025-10-13 10:29:36,561 [INFO] Epoch [33/150] Train Loss: 4.2179 | Train Acc: 0.9362 (Classical:1.000 | Mesenchymal:0.969 | Neural:0.688 | Proneural:1.000) || Val Loss: 1.1665 | Val Acc: 0.5833 (Classical:0.833 | Mesenchymal:0.556 | Neural:0.000 | Proneural:0.800) || LR: 0.000200
2025-10-13 10:29:37,019 [INFO] Epoch [34/150] Train Loss: 4.1957 | Train Acc: 0.9362 (Classical:1.000 | Mesenchymal:0.969 | Neural:0.688 | Proneural:1.000) || Val Loss: 1.1823 | Val Acc: 0.5833 (Classical:1.000 | Mesenchymal:0.556 | Neural:0.000 | Proneural:0.600) || LR: 0.000200
2025-10-13 10:29:37,477 [INFO] Epoch [35/150] Train Loss: 4.1199 | Train Acc: 0.9362 (Classical:1.000 | Mesenchymal:0.969 | Neural:0.688 | Proneural:1.000) || Val Loss: 1.2187 | Val Acc: 0.5417 (Classical:0.833 | Mesenchymal:0.556 | Neural:0.000 | Proneural:0.600) || LR: 0.000200
2025-10-13 10:29:37,936 [INFO] Epoch [36/150] Train Loss: 4.1751 | Train Acc: 0.9574 (Classical:1.000 | Mesenchymal:1.000 | Neural:0.750 | Proneural:1.000) || Val Loss: 1.1811 | Val Acc: 0.5833 (Classical:0.833 | Mesenchymal:0.556 | Neural:0.000 | Proneural:0.800) || LR: 0.000200
2025-10-13 10:29:38,394 [INFO] Epoch [37/150] Train Loss: 4.1667 | Train Acc: 0.9468 (Classical:1.000 | Mesenchymal:1.000 | Neural:0.688 | Proneural:1.000) || Val Loss: 1.2322 | Val Acc: 0.5833 (Classical:1.000 | Mesenchymal:0.556 | Neural:0.000 | Proneural:0.600) || LR: 0.000200
2025-10-13 10:29:38,855 [INFO] Epoch [38/150] Train Loss: 4.1270 | Train Acc: 0.9574 (Classical:1.000 | Mesenchymal:1.000 | Neural:0.750 | Proneural:1.000) || Val Loss: 1.2317 | Val Acc: 0.5833 (Classical:1.000 | Mesenchymal:0.556 | Neural:0.000 | Proneural:0.600) || LR: 0.000200
2025-10-13 10:29:39,309 [INFO] Epoch [39/150] Train Loss: 4.0644 | Train Acc: 0.9681 (Classical:1.000 | Mesenchymal:1.000 | Neural:0.812 | Proneural:1.000) || Val Loss: 1.2634 | Val Acc: 0.5833 (Classical:1.000 | Mesenchymal:0.444 | Neural:0.000 | Proneural:0.800) || LR: 0.000200
2025-10-13 10:29:39,768 [INFO] Epoch [40/150] Train Loss: 4.1002 | Train Acc: 0.9681 (Classical:1.000 | Mesenchymal:1.000 | Neural:0.812 | Proneural:1.000) || Val Loss: 1.3106 | Val Acc: 0.5417 (Classical:0.833 | Mesenchymal:0.444 | Neural:0.000 | Proneural:0.800) || LR: 0.000200
2025-10-13 10:29:39,768 [INFO] Early stopping at epoch 40
2025-10-13 10:29:39,789 [INFO] Training completed. Best accuracy: 0.6250
2025-10-13 10:29:39,789 [INFO] Log: ./logs/train_20251013_102918.log, Model: ./models/best_model.pth
2025-10-13 10:29:39,902 [INFO] FINAL PER-CLASS | Train Acc: 0.9255 (Classical:1.000 | Mesenchymal:0.938 | Neural:0.688 | Proneural:1.000) || Val Acc: 0.6250 (Classical:1.000 | Mesenchymal:0.667 | Neural:0.000 | Proneural:0.600)
2025-10-13 10:29:39,958 [INFO] FINAL PER-CLASS | Test  Acc: 0.8333 (Classical:1.000 | Mesenchymal:0.900 | Neural:0.400 | Proneural:0.857)
