2025-10-07 05:14:42,573 [INFO] Model parameters: 33,024,228, Classes: 4
2025-10-07 05:14:42,573 [INFO] Enhanced regularization: Dropout=0.2, Weight_decay=0.001
2025-10-07 05:14:43,149 [INFO] Regularized Attention-MOI Training Started
2025-10-07 05:14:43,150 [INFO] Training started with enhanced regularization
2025-10-07 05:14:43,150 [INFO] Dropout: 0.2, Weight decay: 0.001
2025-10-07 05:14:43,692 [INFO] Epoch [1/100] Train Loss: 2.5344 | Train Acc: 0.5745 (C0:0.840 | C1:0.188 | C2:0.500 | C3:0.905) || Val Loss: 1.3421 | Val Acc: 0.4583 (C0:0.500 | C1:0.333 | C2:0.250 | C3:0.800) || LR: 0.001000
2025-10-07 05:14:43,810 [INFO] Best model saved with val_acc: 0.4583
2025-10-07 05:14:44,113 [INFO] Epoch [2/100] Train Loss: 2.3678 | Train Acc: 0.7021 (C0:0.720 | C1:0.500 | C2:0.688 | C3:1.000) || Val Loss: 1.1500 | Val Acc: 0.5000 (C0:0.500 | C1:0.444 | C2:0.500 | C3:0.600) || LR: 0.001000
2025-10-07 05:14:44,228 [INFO] Best model saved with val_acc: 0.5000
2025-10-07 05:14:44,533 [INFO] Epoch [3/100] Train Loss: 2.1947 | Train Acc: 0.8191 (C0:0.800 | C1:0.750 | C2:0.750 | C3:1.000) || Val Loss: 1.0919 | Val Acc: 0.5417 (C0:0.500 | C1:0.556 | C2:0.500 | C3:0.600) || LR: 0.001000
2025-10-07 05:14:44,654 [INFO] Best model saved with val_acc: 0.5417
2025-10-07 05:14:44,973 [INFO] Epoch [4/100] Train Loss: 2.3137 | Train Acc: 0.9043 (C0:0.840 | C1:0.875 | C2:0.938 | C3:1.000) || Val Loss: 1.0726 | Val Acc: 0.6250 (C0:0.667 | C1:0.556 | C2:0.500 | C3:0.800) || LR: 0.001000
2025-10-07 05:14:45,093 [INFO] Best model saved with val_acc: 0.6250
2025-10-07 05:14:45,410 [INFO] Epoch [5/100] Train Loss: 2.1227 | Train Acc: 0.8936 (C0:0.880 | C1:0.812 | C2:0.938 | C3:1.000) || Val Loss: 1.0587 | Val Acc: 0.6250 (C0:0.667 | C1:0.556 | C2:0.500 | C3:0.800) || LR: 0.001000
2025-10-07 05:14:45,711 [INFO] Epoch [6/100] Train Loss: 2.1108 | Train Acc: 0.8936 (C0:0.920 | C1:0.781 | C2:0.938 | C3:1.000) || Val Loss: 1.0590 | Val Acc: 0.6667 (C0:0.833 | C1:0.556 | C2:0.500 | C3:0.800) || LR: 0.001000
2025-10-07 05:14:45,821 [INFO] Best model saved with val_acc: 0.6667
2025-10-07 05:14:46,123 [INFO] Epoch [7/100] Train Loss: 2.0576 | Train Acc: 0.9255 (C0:0.920 | C1:0.875 | C2:0.938 | C3:1.000) || Val Loss: 1.0475 | Val Acc: 0.6667 (C0:0.833 | C1:0.556 | C2:0.500 | C3:0.800) || LR: 0.001000
2025-10-07 05:14:46,430 [INFO] Epoch [8/100] Train Loss: 2.0363 | Train Acc: 0.9255 (C0:0.920 | C1:0.875 | C2:0.938 | C3:1.000) || Val Loss: 1.0519 | Val Acc: 0.6667 (C0:0.833 | C1:0.556 | C2:0.500 | C3:0.800) || LR: 0.001000
2025-10-07 05:14:46,721 [INFO] Epoch [9/100] Train Loss: 1.9287 | Train Acc: 0.9574 (C0:0.920 | C1:0.938 | C2:1.000 | C3:1.000) || Val Loss: 1.0858 | Val Acc: 0.7083 (C0:1.000 | C1:0.556 | C2:0.500 | C3:0.800) || LR: 0.001000
2025-10-07 05:14:46,841 [INFO] Best model saved with val_acc: 0.7083
2025-10-07 05:14:47,146 [INFO] Epoch [10/100] Train Loss: 1.9462 | Train Acc: 0.9787 (C0:0.960 | C1:0.969 | C2:1.000 | C3:1.000) || Val Loss: 1.1178 | Val Acc: 0.6667 (C0:0.833 | C1:0.556 | C2:0.500 | C3:0.800) || LR: 0.001000
2025-10-07 05:14:47,440 [INFO] Epoch [11/100] Train Loss: 1.8470 | Train Acc: 0.9894 (C0:0.960 | C1:1.000 | C2:1.000 | C3:1.000) || Val Loss: 1.1094 | Val Acc: 0.6667 (C0:0.833 | C1:0.556 | C2:0.500 | C3:0.800) || LR: 0.001000
2025-10-07 05:14:47,733 [INFO] Epoch [12/100] Train Loss: 1.7699 | Train Acc: 0.9894 (C0:0.960 | C1:1.000 | C2:1.000 | C3:1.000) || Val Loss: 1.1067 | Val Acc: 0.6667 (C0:0.833 | C1:0.556 | C2:0.500 | C3:0.800) || LR: 0.001000
2025-10-07 05:14:48,026 [INFO] Epoch [13/100] Train Loss: 1.7449 | Train Acc: 1.0000 (C0:1.000 | C1:1.000 | C2:1.000 | C3:1.000) || Val Loss: 1.1556 | Val Acc: 0.6250 (C0:0.667 | C1:0.556 | C2:0.500 | C3:0.800) || LR: 0.001000
2025-10-07 05:14:48,323 [INFO] Epoch [14/100] Train Loss: 1.7111 | Train Acc: 1.0000 (C0:1.000 | C1:1.000 | C2:1.000 | C3:1.000) || Val Loss: 1.1540 | Val Acc: 0.6250 (C0:0.833 | C1:0.556 | C2:0.250 | C3:0.800) || LR: 0.001000
2025-10-07 05:14:48,617 [INFO] Epoch [15/100] Train Loss: 1.7940 | Train Acc: 1.0000 (C0:1.000 | C1:1.000 | C2:1.000 | C3:1.000) || Val Loss: 1.1808 | Val Acc: 0.6250 (C0:0.833 | C1:0.556 | C2:0.250 | C3:0.800) || LR: 0.001000
2025-10-07 05:14:48,914 [INFO] Epoch [16/100] Train Loss: 1.7502 | Train Acc: 1.0000 (C0:1.000 | C1:1.000 | C2:1.000 | C3:1.000) || Val Loss: 1.1591 | Val Acc: 0.7083 (C0:1.000 | C1:0.667 | C2:0.250 | C3:0.800) || LR: 0.001000
2025-10-07 05:14:49,204 [INFO] Epoch [17/100] Train Loss: 1.6895 | Train Acc: 1.0000 (C0:1.000 | C1:1.000 | C2:1.000 | C3:1.000) || Val Loss: 1.1484 | Val Acc: 0.7083 (C0:1.000 | C1:0.667 | C2:0.250 | C3:0.800) || LR: 0.001000
2025-10-07 05:14:49,499 [INFO] Epoch [18/100] Train Loss: 1.6856 | Train Acc: 1.0000 (C0:1.000 | C1:1.000 | C2:1.000 | C3:1.000) || Val Loss: 1.1776 | Val Acc: 0.6667 (C0:0.833 | C1:0.667 | C2:0.250 | C3:0.800) || LR: 0.001000
2025-10-07 05:14:49,792 [INFO] Epoch [19/100] Train Loss: 1.5930 | Train Acc: 1.0000 (C0:1.000 | C1:1.000 | C2:1.000 | C3:1.000) || Val Loss: 1.1962 | Val Acc: 0.6667 (C0:0.833 | C1:0.667 | C2:0.250 | C3:0.800) || LR: 0.001000
2025-10-07 05:14:50,083 [INFO] Epoch [20/100] Train Loss: 1.6626 | Train Acc: 1.0000 (C0:1.000 | C1:1.000 | C2:1.000 | C3:1.000) || Val Loss: 1.2269 | Val Acc: 0.6667 (C0:0.833 | C1:0.667 | C2:0.250 | C3:0.800) || LR: 0.001000
2025-10-07 05:14:50,372 [INFO] Epoch [21/100] Train Loss: 1.6711 | Train Acc: 1.0000 (C0:1.000 | C1:1.000 | C2:1.000 | C3:1.000) || Val Loss: 1.2543 | Val Acc: 0.6667 (C0:0.833 | C1:0.667 | C2:0.250 | C3:0.800) || LR: 0.001000
2025-10-07 05:14:50,660 [INFO] Epoch [22/100] Train Loss: 1.5540 | Train Acc: 1.0000 (C0:1.000 | C1:1.000 | C2:1.000 | C3:1.000) || Val Loss: 1.3415 | Val Acc: 0.6667 (C0:0.833 | C1:0.667 | C2:0.250 | C3:0.800) || LR: 0.001000
2025-10-07 05:14:50,952 [INFO] Epoch [23/100] Train Loss: 1.6183 | Train Acc: 1.0000 (C0:1.000 | C1:1.000 | C2:1.000 | C3:1.000) || Val Loss: 1.3011 | Val Acc: 0.6667 (C0:0.833 | C1:0.667 | C2:0.250 | C3:0.800) || LR: 0.001000
2025-10-07 05:14:51,239 [INFO] Epoch [24/100] Train Loss: 1.5641 | Train Acc: 1.0000 (C0:1.000 | C1:1.000 | C2:1.000 | C3:1.000) || Val Loss: 1.3241 | Val Acc: 0.7083 (C0:1.000 | C1:0.667 | C2:0.250 | C3:0.800) || LR: 0.001000
2025-10-07 05:14:51,528 [INFO] Epoch [25/100] Train Loss: 1.5756 | Train Acc: 1.0000 (C0:1.000 | C1:1.000 | C2:1.000 | C3:1.000) || Val Loss: 1.3885 | Val Acc: 0.6667 (C0:0.833 | C1:0.667 | C2:0.250 | C3:0.800) || LR: 0.001000
2025-10-07 05:14:51,820 [INFO] Epoch [26/100] Train Loss: 1.5509 | Train Acc: 1.0000 (C0:1.000 | C1:1.000 | C2:1.000 | C3:1.000) || Val Loss: 1.3536 | Val Acc: 0.6250 (C0:0.667 | C1:0.667 | C2:0.250 | C3:0.800) || LR: 0.001000
2025-10-07 05:14:52,109 [INFO] Epoch [27/100] Train Loss: 1.5379 | Train Acc: 1.0000 (C0:1.000 | C1:1.000 | C2:1.000 | C3:1.000) || Val Loss: 1.3314 | Val Acc: 0.6250 (C0:0.667 | C1:0.667 | C2:0.250 | C3:0.800) || LR: 0.001000
2025-10-07 05:14:52,400 [INFO] Epoch [28/100] Train Loss: 1.5297 | Train Acc: 1.0000 (C0:1.000 | C1:1.000 | C2:1.000 | C3:1.000) || Val Loss: 1.2931 | Val Acc: 0.6667 (C0:0.833 | C1:0.667 | C2:0.250 | C3:0.800) || LR: 0.001000
2025-10-07 05:14:52,688 [INFO] Epoch [29/100] Train Loss: 1.5782 | Train Acc: 1.0000 (C0:1.000 | C1:1.000 | C2:1.000 | C3:1.000) || Val Loss: 1.2544 | Val Acc: 0.7083 (C0:1.000 | C1:0.667 | C2:0.250 | C3:0.800) || LR: 0.001000
2025-10-07 05:14:52,976 [INFO] Epoch [30/100] Train Loss: 1.4936 | Train Acc: 1.0000 (C0:1.000 | C1:1.000 | C2:1.000 | C3:1.000) || Val Loss: 1.2514 | Val Acc: 0.7083 (C0:1.000 | C1:0.667 | C2:0.250 | C3:0.800) || LR: 0.001000
2025-10-07 05:14:53,266 [INFO] Epoch [31/100] Train Loss: 1.5728 | Train Acc: 1.0000 (C0:1.000 | C1:1.000 | C2:1.000 | C3:1.000) || Val Loss: 1.3667 | Val Acc: 0.7083 (C0:1.000 | C1:0.556 | C2:0.500 | C3:0.800) || LR: 0.001000
2025-10-07 05:14:53,553 [INFO] Epoch [32/100] Train Loss: 1.4856 | Train Acc: 1.0000 (C0:1.000 | C1:1.000 | C2:1.000 | C3:1.000) || Val Loss: 1.5633 | Val Acc: 0.5833 (C0:0.667 | C1:0.556 | C2:0.250 | C3:0.800) || LR: 0.001000
2025-10-07 05:14:53,846 [INFO] Epoch [33/100] Train Loss: 1.4604 | Train Acc: 1.0000 (C0:1.000 | C1:1.000 | C2:1.000 | C3:1.000) || Val Loss: 1.6088 | Val Acc: 0.6250 (C0:0.833 | C1:0.556 | C2:0.250 | C3:0.800) || LR: 0.001000
2025-10-07 05:14:54,137 [INFO] Epoch [34/100] Train Loss: 1.4931 | Train Acc: 1.0000 (C0:1.000 | C1:1.000 | C2:1.000 | C3:1.000) || Val Loss: 1.6393 | Val Acc: 0.5833 (C0:0.833 | C1:0.444 | C2:0.250 | C3:0.800) || LR: 0.001000
2025-10-07 05:14:54,137 [INFO] Early stopping at epoch 34
2025-10-07 05:14:54,149 [INFO] Training completed. Best accuracy: 0.7083
2025-10-07 05:14:54,149 [INFO] Log: ./logs/train_20251007_051442.log, Model: ./models/best_model.pth
2025-10-07 05:14:54,228 [INFO] FINAL PER-CLASS | Train Acc: 0.9574 (C0:0.920 | C1:0.938 | C2:1.000 | C3:1.000) || Val Acc: 0.7083 (C0:1.000 | C1:0.556 | C2:0.500 | C3:0.800)
2025-10-07 05:14:54,285 [INFO] FINAL PER-CLASS | Test  Acc: 0.8000 (C0:0.875 | C1:0.800 | C2:0.800 | C3:0.714)
