2025-10-13 10:28:46,316 [INFO] Model parameters: 56,828,699, Classes: 4
2025-10-13 10:28:46,316 [INFO] Enhanced regularization: Dropout=0.4, Weight_decay=0.002
2025-10-13 10:28:46,841 [INFO] Regularized Attention-MOI Training Started
2025-10-13 10:28:46,841 [INFO] Training started with enhanced regularization
2025-10-13 10:28:46,841 [INFO] Dropout: 0.4, Weight decay: 0.002
2025-10-13 10:28:47,548 [INFO] Epoch [1/150] Train Loss: 5.4446 | Train Acc: 0.2766 (Classical:0.880 | Mesenchymal:0.000 | Neural:0.000 | Proneural:0.190) || Val Loss: 1.3839 | Val Acc: 0.2917 (Classical:1.000 | Mesenchymal:0.000 | Neural:0.000 | Proneural:0.200) || LR: 0.000200
2025-10-13 10:28:47,788 [INFO] Best model saved with val_acc: 0.2917
2025-10-13 10:28:48,255 [INFO] Epoch [2/150] Train Loss: 5.0270 | Train Acc: 0.4255 (Classical:0.920 | Mesenchymal:0.094 | Neural:0.188 | Proneural:0.524) || Val Loss: 1.3908 | Val Acc: 0.3750 (Classical:1.000 | Mesenchymal:0.111 | Neural:0.000 | Proneural:0.400) || LR: 0.000200
2025-10-13 10:28:48,471 [INFO] Best model saved with val_acc: 0.3750
2025-10-13 10:28:48,949 [INFO] Epoch [3/150] Train Loss: 4.9067 | Train Acc: 0.5745 (Classical:0.880 | Mesenchymal:0.250 | Neural:0.500 | Proneural:0.762) || Val Loss: 1.3518 | Val Acc: 0.4167 (Classical:0.833 | Mesenchymal:0.222 | Neural:0.000 | Proneural:0.600) || LR: 0.000200
2025-10-13 10:28:49,150 [INFO] Best model saved with val_acc: 0.4167
2025-10-13 10:28:49,631 [INFO] Epoch [4/150] Train Loss: 4.8610 | Train Acc: 0.6489 (Classical:0.840 | Mesenchymal:0.375 | Neural:0.562 | Proneural:0.905) || Val Loss: 1.3203 | Val Acc: 0.4583 (Classical:0.833 | Mesenchymal:0.222 | Neural:0.250 | Proneural:0.600) || LR: 0.000200
2025-10-13 10:28:49,840 [INFO] Best model saved with val_acc: 0.4583
2025-10-13 10:28:50,316 [INFO] Epoch [5/150] Train Loss: 4.7905 | Train Acc: 0.6489 (Classical:0.920 | Mesenchymal:0.344 | Neural:0.562 | Proneural:0.857) || Val Loss: 1.2940 | Val Acc: 0.4583 (Classical:0.833 | Mesenchymal:0.222 | Neural:0.000 | Proneural:0.800) || LR: 0.000200
2025-10-13 10:28:50,778 [INFO] Epoch [6/150] Train Loss: 4.8220 | Train Acc: 0.6915 (Classical:0.880 | Mesenchymal:0.438 | Neural:0.562 | Proneural:0.952) || Val Loss: 1.2213 | Val Acc: 0.4583 (Classical:0.833 | Mesenchymal:0.222 | Neural:0.000 | Proneural:0.800) || LR: 0.000200
2025-10-13 10:28:51,250 [INFO] Epoch [7/150] Train Loss: 4.7584 | Train Acc: 0.7234 (Classical:0.920 | Mesenchymal:0.469 | Neural:0.625 | Proneural:0.952) || Val Loss: 1.2248 | Val Acc: 0.4583 (Classical:0.833 | Mesenchymal:0.222 | Neural:0.000 | Proneural:0.800) || LR: 0.000200
2025-10-13 10:28:51,711 [INFO] Epoch [8/150] Train Loss: 4.6635 | Train Acc: 0.7234 (Classical:0.960 | Mesenchymal:0.438 | Neural:0.625 | Proneural:0.952) || Val Loss: 1.2193 | Val Acc: 0.5417 (Classical:0.833 | Mesenchymal:0.333 | Neural:0.000 | Proneural:1.000) || LR: 0.000200
2025-10-13 10:28:51,907 [INFO] Best model saved with val_acc: 0.5417
2025-10-13 10:28:52,378 [INFO] Epoch [9/150] Train Loss: 4.7081 | Train Acc: 0.7447 (Classical:1.000 | Mesenchymal:0.406 | Neural:0.750 | Proneural:0.952) || Val Loss: 1.1812 | Val Acc: 0.5833 (Classical:0.833 | Mesenchymal:0.444 | Neural:0.000 | Proneural:1.000) || LR: 0.000200
2025-10-13 10:28:52,596 [INFO] Best model saved with val_acc: 0.5833
2025-10-13 10:28:53,077 [INFO] Epoch [10/150] Train Loss: 4.7203 | Train Acc: 0.7340 (Classical:0.960 | Mesenchymal:0.406 | Neural:0.750 | Proneural:0.952) || Val Loss: 1.2103 | Val Acc: 0.5833 (Classical:0.833 | Mesenchymal:0.444 | Neural:0.000 | Proneural:1.000) || LR: 0.000200
2025-10-13 10:28:53,535 [INFO] Epoch [11/150] Train Loss: 4.6321 | Train Acc: 0.8085 (Classical:1.000 | Mesenchymal:0.531 | Neural:0.875 | Proneural:0.952) || Val Loss: 1.1446 | Val Acc: 0.5833 (Classical:0.833 | Mesenchymal:0.444 | Neural:0.000 | Proneural:1.000) || LR: 0.000200
2025-10-13 10:28:53,995 [INFO] Epoch [12/150] Train Loss: 4.6420 | Train Acc: 0.8191 (Classical:1.000 | Mesenchymal:0.531 | Neural:0.938 | Proneural:0.952) || Val Loss: 1.1225 | Val Acc: 0.5833 (Classical:0.833 | Mesenchymal:0.444 | Neural:0.000 | Proneural:1.000) || LR: 0.000200
2025-10-13 10:28:54,464 [INFO] Epoch [13/150] Train Loss: 4.6145 | Train Acc: 0.8191 (Classical:1.000 | Mesenchymal:0.531 | Neural:0.938 | Proneural:0.952) || Val Loss: 1.1008 | Val Acc: 0.5000 (Classical:0.833 | Mesenchymal:0.333 | Neural:0.000 | Proneural:0.800) || LR: 0.000200
2025-10-13 10:28:54,930 [INFO] Epoch [14/150] Train Loss: 4.5905 | Train Acc: 0.8617 (Classical:1.000 | Mesenchymal:0.625 | Neural:0.938 | Proneural:1.000) || Val Loss: 1.0929 | Val Acc: 0.5417 (Classical:0.833 | Mesenchymal:0.444 | Neural:0.000 | Proneural:0.800) || LR: 0.000200
2025-10-13 10:28:55,400 [INFO] Epoch [15/150] Train Loss: 4.5092 | Train Acc: 0.8617 (Classical:1.000 | Mesenchymal:0.594 | Neural:1.000 | Proneural:1.000) || Val Loss: 1.0816 | Val Acc: 0.5833 (Classical:0.833 | Mesenchymal:0.444 | Neural:0.250 | Proneural:0.800) || LR: 0.000200
2025-10-13 10:28:55,863 [INFO] Epoch [16/150] Train Loss: 4.5337 | Train Acc: 0.9149 (Classical:1.000 | Mesenchymal:0.750 | Neural:1.000 | Proneural:1.000) || Val Loss: 1.0710 | Val Acc: 0.6250 (Classical:0.833 | Mesenchymal:0.556 | Neural:0.250 | Proneural:0.800) || LR: 0.000200
2025-10-13 10:28:56,062 [INFO] Best model saved with val_acc: 0.6250
2025-10-13 10:28:56,543 [INFO] Epoch [17/150] Train Loss: 4.5397 | Train Acc: 0.9255 (Classical:1.000 | Mesenchymal:0.812 | Neural:1.000 | Proneural:0.952) || Val Loss: 1.0625 | Val Acc: 0.6250 (Classical:0.833 | Mesenchymal:0.556 | Neural:0.250 | Proneural:0.800) || LR: 0.000200
2025-10-13 10:28:57,008 [INFO] Epoch [18/150] Train Loss: 4.4400 | Train Acc: 0.9255 (Classical:1.000 | Mesenchymal:0.781 | Neural:1.000 | Proneural:1.000) || Val Loss: 1.1023 | Val Acc: 0.5833 (Classical:0.833 | Mesenchymal:0.444 | Neural:0.250 | Proneural:0.800) || LR: 0.000200
2025-10-13 10:28:57,464 [INFO] Epoch [19/150] Train Loss: 4.4845 | Train Acc: 0.9468 (Classical:1.000 | Mesenchymal:0.844 | Neural:1.000 | Proneural:1.000) || Val Loss: 1.0847 | Val Acc: 0.6250 (Classical:0.833 | Mesenchymal:0.556 | Neural:0.250 | Proneural:0.800) || LR: 0.000200
2025-10-13 10:28:57,924 [INFO] Epoch [20/150] Train Loss: 4.4693 | Train Acc: 0.9362 (Classical:1.000 | Mesenchymal:0.812 | Neural:1.000 | Proneural:1.000) || Val Loss: 1.0540 | Val Acc: 0.5833 (Classical:0.833 | Mesenchymal:0.444 | Neural:0.250 | Proneural:0.800) || LR: 0.000200
2025-10-13 10:28:58,431 [INFO] Epoch [21/150] Train Loss: 4.4972 | Train Acc: 0.9362 (Classical:1.000 | Mesenchymal:0.812 | Neural:1.000 | Proneural:1.000) || Val Loss: 1.0674 | Val Acc: 0.5833 (Classical:0.833 | Mesenchymal:0.444 | Neural:0.250 | Proneural:0.800) || LR: 0.000200
2025-10-13 10:28:58,929 [INFO] Epoch [22/150] Train Loss: 4.4650 | Train Acc: 0.9362 (Classical:1.000 | Mesenchymal:0.812 | Neural:1.000 | Proneural:1.000) || Val Loss: 1.0627 | Val Acc: 0.5833 (Classical:0.833 | Mesenchymal:0.444 | Neural:0.250 | Proneural:0.800) || LR: 0.000200
2025-10-13 10:28:59,397 [INFO] Epoch [23/150] Train Loss: 4.3226 | Train Acc: 0.9468 (Classical:1.000 | Mesenchymal:0.844 | Neural:1.000 | Proneural:1.000) || Val Loss: 1.0709 | Val Acc: 0.6250 (Classical:0.833 | Mesenchymal:0.556 | Neural:0.250 | Proneural:0.800) || LR: 0.000200
2025-10-13 10:28:59,876 [INFO] Epoch [24/150] Train Loss: 4.4238 | Train Acc: 0.9574 (Classical:1.000 | Mesenchymal:0.875 | Neural:1.000 | Proneural:1.000) || Val Loss: 1.0915 | Val Acc: 0.6250 (Classical:0.833 | Mesenchymal:0.556 | Neural:0.250 | Proneural:0.800) || LR: 0.000200
2025-10-13 10:29:00,381 [INFO] Epoch [25/150] Train Loss: 4.3566 | Train Acc: 0.9362 (Classical:1.000 | Mesenchymal:0.812 | Neural:1.000 | Proneural:1.000) || Val Loss: 1.1170 | Val Acc: 0.6250 (Classical:0.833 | Mesenchymal:0.556 | Neural:0.250 | Proneural:0.800) || LR: 0.000200
2025-10-13 10:29:00,884 [INFO] Epoch [26/150] Train Loss: 4.3234 | Train Acc: 0.9574 (Classical:1.000 | Mesenchymal:0.875 | Neural:1.000 | Proneural:1.000) || Val Loss: 1.0769 | Val Acc: 0.6250 (Classical:0.833 | Mesenchymal:0.556 | Neural:0.250 | Proneural:0.800) || LR: 0.000200
2025-10-13 10:29:01,403 [INFO] Epoch [27/150] Train Loss: 4.2946 | Train Acc: 0.9681 (Classical:1.000 | Mesenchymal:0.906 | Neural:1.000 | Proneural:1.000) || Val Loss: 1.0862 | Val Acc: 0.6250 (Classical:0.833 | Mesenchymal:0.556 | Neural:0.250 | Proneural:0.800) || LR: 0.000200
2025-10-13 10:29:01,901 [INFO] Epoch [28/150] Train Loss: 4.2617 | Train Acc: 0.9787 (Classical:1.000 | Mesenchymal:0.938 | Neural:1.000 | Proneural:1.000) || Val Loss: 1.0663 | Val Acc: 0.5833 (Classical:0.833 | Mesenchymal:0.444 | Neural:0.250 | Proneural:0.800) || LR: 0.000200
2025-10-13 10:29:02,364 [INFO] Epoch [29/150] Train Loss: 4.2395 | Train Acc: 0.9787 (Classical:1.000 | Mesenchymal:0.938 | Neural:1.000 | Proneural:1.000) || Val Loss: 1.0548 | Val Acc: 0.6667 (Classical:0.833 | Mesenchymal:0.667 | Neural:0.250 | Proneural:0.800) || LR: 0.000200
2025-10-13 10:29:02,591 [INFO] Best model saved with val_acc: 0.6667
2025-10-13 10:29:03,073 [INFO] Epoch [30/150] Train Loss: 4.1847 | Train Acc: 0.9681 (Classical:1.000 | Mesenchymal:0.906 | Neural:1.000 | Proneural:1.000) || Val Loss: 1.1228 | Val Acc: 0.6250 (Classical:0.833 | Mesenchymal:0.556 | Neural:0.250 | Proneural:0.800) || LR: 0.000200
2025-10-13 10:29:03,543 [INFO] Epoch [31/150] Train Loss: 4.2281 | Train Acc: 0.9574 (Classical:1.000 | Mesenchymal:0.875 | Neural:1.000 | Proneural:1.000) || Val Loss: 1.1229 | Val Acc: 0.6667 (Classical:0.833 | Mesenchymal:0.667 | Neural:0.250 | Proneural:0.800) || LR: 0.000200
2025-10-13 10:29:04,010 [INFO] Epoch [32/150] Train Loss: 4.2087 | Train Acc: 0.9681 (Classical:1.000 | Mesenchymal:0.906 | Neural:1.000 | Proneural:1.000) || Val Loss: 1.1448 | Val Acc: 0.5833 (Classical:0.833 | Mesenchymal:0.444 | Neural:0.250 | Proneural:0.800) || LR: 0.000200
2025-10-13 10:29:04,516 [INFO] Epoch [33/150] Train Loss: 4.1827 | Train Acc: 0.9681 (Classical:1.000 | Mesenchymal:0.906 | Neural:1.000 | Proneural:1.000) || Val Loss: 1.1209 | Val Acc: 0.6250 (Classical:0.833 | Mesenchymal:0.556 | Neural:0.250 | Proneural:0.800) || LR: 0.000200
2025-10-13 10:29:05,048 [INFO] Epoch [34/150] Train Loss: 4.1233 | Train Acc: 0.9681 (Classical:1.000 | Mesenchymal:0.906 | Neural:1.000 | Proneural:1.000) || Val Loss: 1.1357 | Val Acc: 0.5833 (Classical:0.833 | Mesenchymal:0.444 | Neural:0.250 | Proneural:0.800) || LR: 0.000200
2025-10-13 10:29:05,524 [INFO] Epoch [35/150] Train Loss: 4.1229 | Train Acc: 0.9681 (Classical:1.000 | Mesenchymal:0.906 | Neural:1.000 | Proneural:1.000) || Val Loss: 1.2108 | Val Acc: 0.5833 (Classical:0.833 | Mesenchymal:0.444 | Neural:0.250 | Proneural:0.800) || LR: 0.000200
2025-10-13 10:29:06,017 [INFO] Epoch [36/150] Train Loss: 4.1256 | Train Acc: 0.9894 (Classical:1.000 | Mesenchymal:0.969 | Neural:1.000 | Proneural:1.000) || Val Loss: 1.1735 | Val Acc: 0.5833 (Classical:0.833 | Mesenchymal:0.444 | Neural:0.250 | Proneural:0.800) || LR: 0.000200
2025-10-13 10:29:06,496 [INFO] Epoch [37/150] Train Loss: 4.0490 | Train Acc: 1.0000 (Classical:1.000 | Mesenchymal:1.000 | Neural:1.000 | Proneural:1.000) || Val Loss: 1.1832 | Val Acc: 0.5833 (Classical:0.833 | Mesenchymal:0.444 | Neural:0.250 | Proneural:0.800) || LR: 0.000200
2025-10-13 10:29:06,956 [INFO] Epoch [38/150] Train Loss: 4.0779 | Train Acc: 1.0000 (Classical:1.000 | Mesenchymal:1.000 | Neural:1.000 | Proneural:1.000) || Val Loss: 1.2382 | Val Acc: 0.5833 (Classical:0.833 | Mesenchymal:0.444 | Neural:0.250 | Proneural:0.800) || LR: 0.000200
2025-10-13 10:29:07,409 [INFO] Epoch [39/150] Train Loss: 4.0707 | Train Acc: 1.0000 (Classical:1.000 | Mesenchymal:1.000 | Neural:1.000 | Proneural:1.000) || Val Loss: 1.1822 | Val Acc: 0.6250 (Classical:0.833 | Mesenchymal:0.556 | Neural:0.250 | Proneural:0.800) || LR: 0.000200
2025-10-13 10:29:07,868 [INFO] Epoch [40/150] Train Loss: 4.0763 | Train Acc: 1.0000 (Classical:1.000 | Mesenchymal:1.000 | Neural:1.000 | Proneural:1.000) || Val Loss: 1.2171 | Val Acc: 0.6250 (Classical:0.833 | Mesenchymal:0.556 | Neural:0.250 | Proneural:0.800) || LR: 0.000200
2025-10-13 10:29:08,328 [INFO] Epoch [41/150] Train Loss: 4.0317 | Train Acc: 1.0000 (Classical:1.000 | Mesenchymal:1.000 | Neural:1.000 | Proneural:1.000) || Val Loss: 1.3281 | Val Acc: 0.5833 (Classical:0.833 | Mesenchymal:0.444 | Neural:0.250 | Proneural:0.800) || LR: 0.000200
2025-10-13 10:29:08,804 [INFO] Epoch [42/150] Train Loss: 3.9497 | Train Acc: 1.0000 (Classical:1.000 | Mesenchymal:1.000 | Neural:1.000 | Proneural:1.000) || Val Loss: 1.3618 | Val Acc: 0.6250 (Classical:0.833 | Mesenchymal:0.556 | Neural:0.250 | Proneural:0.800) || LR: 0.000200
2025-10-13 10:29:09,297 [INFO] Epoch [43/150] Train Loss: 4.0031 | Train Acc: 1.0000 (Classical:1.000 | Mesenchymal:1.000 | Neural:1.000 | Proneural:1.000) || Val Loss: 1.3135 | Val Acc: 0.6250 (Classical:0.833 | Mesenchymal:0.556 | Neural:0.250 | Proneural:0.800) || LR: 0.000200
2025-10-13 10:29:09,780 [INFO] Epoch [44/150] Train Loss: 3.9783 | Train Acc: 1.0000 (Classical:1.000 | Mesenchymal:1.000 | Neural:1.000 | Proneural:1.000) || Val Loss: 1.2794 | Val Acc: 0.6250 (Classical:0.833 | Mesenchymal:0.556 | Neural:0.250 | Proneural:0.800) || LR: 0.000200
2025-10-13 10:29:09,780 [INFO] Early stopping at epoch 44
2025-10-13 10:29:09,803 [INFO] Training completed. Best accuracy: 0.6667
2025-10-13 10:29:09,803 [INFO] Log: ./logs/train_20251013_102845.log, Model: ./models/best_model.pth
2025-10-13 10:29:09,919 [INFO] FINAL PER-CLASS | Train Acc: 0.9787 (Classical:1.000 | Mesenchymal:0.938 | Neural:1.000 | Proneural:1.000) || Val Acc: 0.6667 (Classical:0.833 | Mesenchymal:0.667 | Neural:0.250 | Proneural:0.800)
2025-10-13 10:29:09,975 [INFO] FINAL PER-CLASS | Test  Acc: 0.8667 (Classical:1.000 | Mesenchymal:0.800 | Neural:0.800 | Proneural:0.857)
