2025-10-05 01:32:21,514 [INFO] Regularized Attention-MOI Training Started
2025-10-05 01:32:21,858 [INFO] Model parameters: 33,032,612, Classes: 4
2025-10-05 01:32:21,858 [INFO] Enhanced regularization: Dropout=0.5, Weight_decay=0.001
2025-10-05 01:32:22,473 [INFO] Training started with enhanced regularization
2025-10-05 01:32:22,473 [INFO] Dropout: 0.5, Weight decay: 0.001
2025-10-05 01:32:23,013 [INFO] Best model saved with val_acc: 0.2500
2025-10-05 01:32:23,014 [INFO] Epoch [1/100] Train Loss: 1.4802 Val Loss: 1.3741 Val Acc: 0.2500 LR: 0.001000
2025-10-05 01:32:23,322 [INFO] Best model saved with val_acc: 0.4583
2025-10-05 01:32:23,323 [INFO] Epoch [2/100] Train Loss: 1.4429 Val Loss: 1.3395 Val Acc: 0.4583 LR: 0.001000
2025-10-05 01:32:23,798 [INFO] Best model saved with val_acc: 0.5833
2025-10-05 01:32:23,798 [INFO] Epoch [3/100] Train Loss: 1.3817 Val Loss: 1.2768 Val Acc: 0.5833 LR: 0.001000
2025-10-05 01:32:24,140 [INFO] Best model saved with val_acc: 0.6667
2025-10-05 01:32:24,140 [INFO] Epoch [4/100] Train Loss: 1.3743 Val Loss: 1.1994 Val Acc: 0.6667 LR: 0.001000
2025-10-05 01:32:24,677 [INFO] Best model saved with val_acc: 0.7083
2025-10-05 01:32:24,677 [INFO] Epoch [5/100] Train Loss: 1.3017 Val Loss: 1.1290 Val Acc: 0.7083 LR: 0.001000
2025-10-05 01:32:24,774 [INFO] Epoch [6/100] Train Loss: 1.2087 Val Loss: 1.0502 Val Acc: 0.7083 LR: 0.001000
2025-10-05 01:32:24,869 [INFO] Epoch [7/100] Train Loss: 1.1375 Val Loss: 0.9868 Val Acc: 0.6250 LR: 0.001000
2025-10-05 01:32:24,963 [INFO] Epoch [8/100] Train Loss: 1.1007 Val Loss: 0.9429 Val Acc: 0.6250 LR: 0.001000
2025-10-05 01:32:25,062 [INFO] Epoch [9/100] Train Loss: 1.1072 Val Loss: 0.8972 Val Acc: 0.6250 LR: 0.001000
2025-10-05 01:32:25,166 [INFO] Epoch [10/100] Train Loss: 0.9688 Val Loss: 0.8602 Val Acc: 0.6250 LR: 0.001000
2025-10-05 01:32:25,267 [INFO] Epoch [11/100] Train Loss: 0.9274 Val Loss: 0.8265 Val Acc: 0.6250 LR: 0.001000
2025-10-05 01:32:25,369 [INFO] Epoch [12/100] Train Loss: 0.9092 Val Loss: 0.8061 Val Acc: 0.6250 LR: 0.001000
2025-10-05 01:32:25,467 [INFO] Epoch [13/100] Train Loss: 0.8804 Val Loss: 0.7824 Val Acc: 0.6667 LR: 0.001000
2025-10-05 01:32:25,552 [INFO] Epoch [14/100] Train Loss: 0.7866 Val Loss: 0.7699 Val Acc: 0.6667 LR: 0.001000
2025-10-05 01:32:25,637 [INFO] Epoch [15/100] Train Loss: 0.7768 Val Loss: 0.7506 Val Acc: 0.6667 LR: 0.001000
2025-10-05 01:32:25,724 [INFO] Epoch [16/100] Train Loss: 0.7203 Val Loss: 0.7229 Val Acc: 0.7083 LR: 0.001000
2025-10-05 01:32:26,027 [INFO] Best model saved with val_acc: 0.7500
2025-10-05 01:32:26,027 [INFO] Epoch [17/100] Train Loss: 0.7027 Val Loss: 0.7059 Val Acc: 0.7500 LR: 0.001000
2025-10-05 01:32:26,119 [INFO] Epoch [18/100] Train Loss: 0.6508 Val Loss: 0.7044 Val Acc: 0.7083 LR: 0.001000
2025-10-05 01:32:26,205 [INFO] Epoch [19/100] Train Loss: 0.5980 Val Loss: 0.6955 Val Acc: 0.7083 LR: 0.001000
2025-10-05 01:32:26,296 [INFO] Epoch [20/100] Train Loss: 0.5307 Val Loss: 0.6917 Val Acc: 0.7500 LR: 0.001000
2025-10-05 01:32:26,391 [INFO] Epoch [21/100] Train Loss: 0.5729 Val Loss: 0.6960 Val Acc: 0.7500 LR: 0.001000
2025-10-05 01:32:26,486 [INFO] Epoch [22/100] Train Loss: 0.5100 Val Loss: 0.7101 Val Acc: 0.7500 LR: 0.001000
2025-10-05 01:32:26,582 [INFO] Epoch [23/100] Train Loss: 0.4733 Val Loss: 0.7347 Val Acc: 0.7500 LR: 0.001000
2025-10-05 01:32:26,674 [INFO] Epoch [24/100] Train Loss: 0.4296 Val Loss: 0.7625 Val Acc: 0.7500 LR: 0.001000
2025-10-05 01:32:26,778 [INFO] Epoch [25/100] Train Loss: 0.3877 Val Loss: 0.7882 Val Acc: 0.7083 LR: 0.001000
2025-10-05 01:32:26,876 [INFO] Epoch [26/100] Train Loss: 0.3881 Val Loss: 0.8145 Val Acc: 0.7083 LR: 0.001000
2025-10-05 01:32:26,967 [INFO] Epoch [27/100] Train Loss: 0.3509 Val Loss: 0.8388 Val Acc: 0.7083 LR: 0.001000
2025-10-05 01:32:27,057 [INFO] Epoch [28/100] Train Loss: 0.2921 Val Loss: 0.8466 Val Acc: 0.7083 LR: 0.001000
2025-10-05 01:32:27,156 [INFO] Epoch [29/100] Train Loss: 0.3496 Val Loss: 0.8745 Val Acc: 0.6667 LR: 0.001000
2025-10-05 01:32:27,247 [INFO] Epoch [30/100] Train Loss: 0.3349 Val Loss: 0.8985 Val Acc: 0.6667 LR: 0.001000
2025-10-05 01:32:27,337 [INFO] Epoch [31/100] Train Loss: 0.3058 Val Loss: 0.9133 Val Acc: 0.7083 LR: 0.001000
2025-10-05 01:32:27,425 [INFO] Epoch [32/100] Train Loss: 0.2678 Val Loss: 0.9319 Val Acc: 0.7083 LR: 0.001000
2025-10-05 01:32:27,523 [INFO] Epoch [33/100] Train Loss: 0.2466 Val Loss: 0.9020 Val Acc: 0.7500 LR: 0.001000
2025-10-05 01:32:27,627 [INFO] Epoch [34/100] Train Loss: 0.2562 Val Loss: 0.8860 Val Acc: 0.7500 LR: 0.001000
2025-10-05 01:32:27,715 [INFO] Epoch [35/100] Train Loss: 0.2627 Val Loss: 0.8879 Val Acc: 0.7500 LR: 0.001000
2025-10-05 01:32:27,803 [INFO] Epoch [36/100] Train Loss: 0.2112 Val Loss: 0.8917 Val Acc: 0.7500 LR: 0.001000
2025-10-05 01:32:27,918 [INFO] Epoch [37/100] Train Loss: 0.2260 Val Loss: 0.9115 Val Acc: 0.7083 LR: 0.001000
2025-10-05 01:32:28,076 [INFO] Epoch [38/100] Train Loss: 0.2209 Val Loss: 0.9144 Val Acc: 0.7083 LR: 0.001000
2025-10-05 01:32:28,216 [INFO] Epoch [39/100] Train Loss: 0.2214 Val Loss: 0.9135 Val Acc: 0.7500 LR: 0.001000
2025-10-05 01:32:28,313 [INFO] Epoch [40/100] Train Loss: 0.1655 Val Loss: 0.9106 Val Acc: 0.7500 LR: 0.001000
2025-10-05 01:32:28,400 [INFO] Epoch [41/100] Train Loss: 0.1629 Val Loss: 0.9165 Val Acc: 0.7500 LR: 0.001000
2025-10-05 01:32:28,494 [INFO] Epoch [42/100] Train Loss: 0.1561 Val Loss: 0.9265 Val Acc: 0.7500 LR: 0.001000
2025-10-05 01:32:28,583 [INFO] Epoch [43/100] Train Loss: 0.1664 Val Loss: 0.9425 Val Acc: 0.7500 LR: 0.001000
2025-10-05 01:32:28,667 [INFO] Epoch [44/100] Train Loss: 0.1623 Val Loss: 0.9576 Val Acc: 0.7500 LR: 0.001000
2025-10-05 01:32:28,752 [INFO] Epoch [45/100] Train Loss: 0.1557 Val Loss: 0.9826 Val Acc: 0.7083 LR: 0.001000
2025-10-05 01:32:28,844 [INFO] Epoch [46/100] Train Loss: 0.1686 Val Loss: 1.0075 Val Acc: 0.7083 LR: 0.001000
2025-10-05 01:32:28,933 [INFO] Epoch [47/100] Train Loss: 0.1630 Val Loss: 1.0317 Val Acc: 0.7083 LR: 0.001000
2025-10-05 01:32:29,025 [INFO] Epoch [48/100] Train Loss: 0.1453 Val Loss: 1.0384 Val Acc: 0.7083 LR: 0.001000
2025-10-05 01:32:29,115 [INFO] Epoch [49/100] Train Loss: 0.2024 Val Loss: 1.0461 Val Acc: 0.7083 LR: 0.001000
2025-10-05 01:32:29,202 [INFO] Epoch [50/100] Train Loss: 0.1267 Val Loss: 1.0459 Val Acc: 0.7500 LR: 0.001000
2025-10-05 01:32:29,289 [INFO] Epoch [51/100] Train Loss: 0.1484 Val Loss: 1.0280 Val Acc: 0.7500 LR: 0.001000
2025-10-05 01:32:29,372 [INFO] Epoch [52/100] Train Loss: 0.1304 Val Loss: 1.0171 Val Acc: 0.7500 LR: 0.001000
2025-10-05 01:32:29,458 [INFO] Epoch [53/100] Train Loss: 0.1367 Val Loss: 1.0290 Val Acc: 0.7083 LR: 0.001000
2025-10-05 01:32:29,547 [INFO] Epoch [54/100] Train Loss: 0.1332 Val Loss: 1.0689 Val Acc: 0.7083 LR: 0.001000
2025-10-05 01:32:29,635 [INFO] Epoch [55/100] Train Loss: 0.1372 Val Loss: 1.0968 Val Acc: 0.7083 LR: 0.001000
2025-10-05 01:32:29,725 [INFO] Epoch [56/100] Train Loss: 0.1857 Val Loss: 1.0890 Val Acc: 0.7500 LR: 0.001000
2025-10-05 01:32:29,812 [INFO] Epoch [57/100] Train Loss: 0.0921 Val Loss: 1.0853 Val Acc: 0.7500 LR: 0.001000
2025-10-05 01:32:29,898 [INFO] Epoch [58/100] Train Loss: 0.1434 Val Loss: 1.0841 Val Acc: 0.7500 LR: 0.001000
2025-10-05 01:32:29,991 [INFO] Epoch [59/100] Train Loss: 0.1100 Val Loss: 1.0531 Val Acc: 0.7500 LR: 0.001000
2025-10-05 01:32:30,084 [INFO] Epoch [60/100] Train Loss: 0.1152 Val Loss: 1.0427 Val Acc: 0.7500 LR: 0.001000
2025-10-05 01:32:30,176 [INFO] Epoch [61/100] Train Loss: 0.0928 Val Loss: 1.0931 Val Acc: 0.7500 LR: 0.001000
2025-10-05 01:32:30,267 [INFO] Epoch [62/100] Train Loss: 0.0848 Val Loss: 1.1341 Val Acc: 0.7500 LR: 0.001000
2025-10-05 01:32:30,386 [INFO] Epoch [63/100] Train Loss: 0.0925 Val Loss: 1.1649 Val Acc: 0.7500 LR: 0.001000
2025-10-05 01:32:30,482 [INFO] Epoch [64/100] Train Loss: 0.0744 Val Loss: 1.1742 Val Acc: 0.7500 LR: 0.001000
2025-10-05 01:32:30,573 [INFO] Epoch [65/100] Train Loss: 0.0930 Val Loss: 1.1879 Val Acc: 0.7500 LR: 0.001000
2025-10-05 01:32:30,663 [INFO] Epoch [66/100] Train Loss: 0.0781 Val Loss: 1.2157 Val Acc: 0.7083 LR: 0.001000
2025-10-05 01:32:30,748 [INFO] Early stopping at epoch 67
2025-10-05 01:32:30,763 [INFO] Training completed. Best accuracy: 0.7500
2025-10-05 01:32:30,763 [INFO] Log: ./logs/train_20251005_013221.log, Model: ./models/best_model.pth
