2025-10-07 04:56:06,612 [INFO] Regularized Attention-MOI Training Started
2025-10-07 04:56:06,910 [INFO] Model parameters: 33,032,612, Classes: 4
2025-10-07 04:56:06,910 [INFO] Enhanced regularization: Dropout=0.2, Weight_decay=0.001
2025-10-07 04:56:07,431 [INFO] Training started with enhanced regularization
2025-10-07 04:56:07,431 [INFO] Dropout: 0.2, Weight decay: 0.001
2025-10-07 04:56:08,003 [INFO] Best model saved with val_acc: 0.3333
2025-10-07 04:56:08,003 [INFO] Epoch [1/100] Train Loss: 1.4142 | Train Acc: 0.5851 (C0:0.880 | C1:0.344 | C2:0.812 | C3:0.429) || Val Loss: 1.2622 | Val Acc: 0.3333 (C0:1.000 | C1:0.000 | C2:0.500 | C3:0.000) || LR: 0.001000
2025-10-07 04:56:08,362 [INFO] Best model saved with val_acc: 0.5833
2025-10-07 04:56:08,362 [INFO] Epoch [2/100] Train Loss: 1.1770 | Train Acc: 0.8404 (C0:0.960 | C1:0.688 | C2:0.875 | C3:0.905) || Val Loss: 1.1085 | Val Acc: 0.5833 (C0:1.000 | C1:0.556 | C2:0.750 | C3:0.000) || LR: 0.001000
2025-10-07 04:56:08,677 [INFO] Best model saved with val_acc: 0.7083
2025-10-07 04:56:08,678 [INFO] Epoch [3/100] Train Loss: 1.0030 | Train Acc: 0.9468 (C0:1.000 | C1:0.875 | C2:0.938 | C3:1.000) || Val Loss: 0.9746 | Val Acc: 0.7083 (C0:1.000 | C1:0.556 | C2:0.500 | C3:0.800) || LR: 0.001000
2025-10-07 04:56:08,866 [INFO] Epoch [4/100] Train Loss: 0.7996 | Train Acc: 0.9681 (C0:1.000 | C1:0.938 | C2:0.938 | C3:1.000) || Val Loss: 0.9022 | Val Acc: 0.7083 (C0:1.000 | C1:0.556 | C2:0.500 | C3:0.800) || LR: 0.001000
2025-10-07 04:56:09,054 [INFO] Epoch [5/100] Train Loss: 0.6826 | Train Acc: 0.9894 (C0:1.000 | C1:1.000 | C2:0.938 | C3:1.000) || Val Loss: 0.8880 | Val Acc: 0.7083 (C0:1.000 | C1:0.556 | C2:0.500 | C3:0.800) || LR: 0.001000
2025-10-07 04:56:09,235 [INFO] Epoch [6/100] Train Loss: 0.6333 | Train Acc: 0.9787 (C0:1.000 | C1:0.969 | C2:0.938 | C3:1.000) || Val Loss: 0.9113 | Val Acc: 0.7083 (C0:1.000 | C1:0.556 | C2:0.500 | C3:0.800) || LR: 0.001000
2025-10-07 04:56:09,422 [INFO] Epoch [7/100] Train Loss: 0.4872 | Train Acc: 0.9787 (C0:1.000 | C1:0.969 | C2:0.938 | C3:1.000) || Val Loss: 0.9119 | Val Acc: 0.6667 (C0:0.833 | C1:0.556 | C2:0.500 | C3:0.800) || LR: 0.001000
2025-10-07 04:56:09,618 [INFO] Epoch [8/100] Train Loss: 0.4369 | Train Acc: 1.0000 (C0:1.000 | C1:1.000 | C2:1.000 | C3:1.000) || Val Loss: 0.9466 | Val Acc: 0.6667 (C0:0.833 | C1:0.667 | C2:0.250 | C3:0.800) || LR: 0.001000
2025-10-07 04:56:09,812 [INFO] Epoch [9/100] Train Loss: 0.3788 | Train Acc: 1.0000 (C0:1.000 | C1:1.000 | C2:1.000 | C3:1.000) || Val Loss: 0.9765 | Val Acc: 0.7083 (C0:0.833 | C1:0.778 | C2:0.250 | C3:0.800) || LR: 0.001000
2025-10-07 04:56:09,989 [INFO] Epoch [10/100] Train Loss: 0.2708 | Train Acc: 1.0000 (C0:1.000 | C1:1.000 | C2:1.000 | C3:1.000) || Val Loss: 0.9774 | Val Acc: 0.7083 (C0:1.000 | C1:0.778 | C2:0.000 | C3:0.800) || LR: 0.001000
2025-10-07 04:56:10,170 [INFO] Epoch [11/100] Train Loss: 0.2999 | Train Acc: 1.0000 (C0:1.000 | C1:1.000 | C2:1.000 | C3:1.000) || Val Loss: 0.9472 | Val Acc: 0.6667 (C0:1.000 | C1:0.667 | C2:0.000 | C3:0.800) || LR: 0.001000
2025-10-07 04:56:10,351 [INFO] Epoch [12/100] Train Loss: 0.2536 | Train Acc: 1.0000 (C0:1.000 | C1:1.000 | C2:1.000 | C3:1.000) || Val Loss: 0.9225 | Val Acc: 0.7083 (C0:1.000 | C1:0.667 | C2:0.250 | C3:0.800) || LR: 0.001000
2025-10-07 04:56:10,546 [INFO] Epoch [13/100] Train Loss: 0.2214 | Train Acc: 1.0000 (C0:1.000 | C1:1.000 | C2:1.000 | C3:1.000) || Val Loss: 0.9414 | Val Acc: 0.7083 (C0:1.000 | C1:0.667 | C2:0.250 | C3:0.800) || LR: 0.001000
2025-10-07 04:56:10,722 [INFO] Epoch [14/100] Train Loss: 0.2343 | Train Acc: 1.0000 (C0:1.000 | C1:1.000 | C2:1.000 | C3:1.000) || Val Loss: 0.9558 | Val Acc: 0.7083 (C0:1.000 | C1:0.778 | C2:0.000 | C3:0.800) || LR: 0.001000
2025-10-07 04:56:10,911 [INFO] Epoch [15/100] Train Loss: 0.2727 | Train Acc: 1.0000 (C0:1.000 | C1:1.000 | C2:1.000 | C3:1.000) || Val Loss: 1.1254 | Val Acc: 0.6250 (C0:1.000 | C1:0.556 | C2:0.000 | C3:0.800) || LR: 0.001000
2025-10-07 04:56:11,106 [INFO] Epoch [16/100] Train Loss: 0.1834 | Train Acc: 1.0000 (C0:1.000 | C1:1.000 | C2:1.000 | C3:1.000) || Val Loss: 1.1371 | Val Acc: 0.6250 (C0:1.000 | C1:0.556 | C2:0.000 | C3:0.800) || LR: 0.001000
2025-10-07 04:56:11,297 [INFO] Epoch [17/100] Train Loss: 0.1959 | Train Acc: 1.0000 (C0:1.000 | C1:1.000 | C2:1.000 | C3:1.000) || Val Loss: 1.1087 | Val Acc: 0.6250 (C0:1.000 | C1:0.667 | C2:0.000 | C3:0.600) || LR: 0.001000
2025-10-07 04:56:11,478 [INFO] Epoch [18/100] Train Loss: 0.2476 | Train Acc: 1.0000 (C0:1.000 | C1:1.000 | C2:1.000 | C3:1.000) || Val Loss: 1.0873 | Val Acc: 0.7083 (C0:1.000 | C1:0.778 | C2:0.250 | C3:0.600) || LR: 0.001000
2025-10-07 04:56:11,869 [INFO] Epoch [19/100] Train Loss: 0.1230 | Train Acc: 1.0000 (C0:1.000 | C1:1.000 | C2:1.000 | C3:1.000) || Val Loss: 1.0179 | Val Acc: 0.6667 (C0:0.833 | C1:0.778 | C2:0.250 | C3:0.600) || LR: 0.001000
2025-10-07 04:56:12,112 [INFO] Epoch [20/100] Train Loss: 0.1551 | Train Acc: 1.0000 (C0:1.000 | C1:1.000 | C2:1.000 | C3:1.000) || Val Loss: 1.0325 | Val Acc: 0.7083 (C0:0.667 | C1:0.778 | C2:0.500 | C3:0.800) || LR: 0.001000
2025-10-07 04:56:12,302 [INFO] Epoch [21/100] Train Loss: 0.2000 | Train Acc: 1.0000 (C0:1.000 | C1:1.000 | C2:1.000 | C3:1.000) || Val Loss: 1.1321 | Val Acc: 0.6667 (C0:0.667 | C1:0.778 | C2:0.250 | C3:0.800) || LR: 0.001000
2025-10-07 04:56:12,487 [INFO] Epoch [22/100] Train Loss: 0.2158 | Train Acc: 1.0000 (C0:1.000 | C1:1.000 | C2:1.000 | C3:1.000) || Val Loss: 1.1597 | Val Acc: 0.6667 (C0:0.667 | C1:0.667 | C2:0.500 | C3:0.800) || LR: 0.001000
2025-10-07 04:56:12,664 [INFO] Epoch [23/100] Train Loss: 0.0880 | Train Acc: 1.0000 (C0:1.000 | C1:1.000 | C2:1.000 | C3:1.000) || Val Loss: 1.2380 | Val Acc: 0.5417 (C0:0.667 | C1:0.556 | C2:0.000 | C3:0.800) || LR: 0.001000
2025-10-07 04:56:12,934 [INFO] Epoch [24/100] Train Loss: 0.2033 | Train Acc: 1.0000 (C0:1.000 | C1:1.000 | C2:1.000 | C3:1.000) || Val Loss: 1.3001 | Val Acc: 0.5833 (C0:0.667 | C1:0.667 | C2:0.000 | C3:0.800) || LR: 0.001000
2025-10-07 04:56:13,111 [INFO] Epoch [25/100] Train Loss: 0.1108 | Train Acc: 1.0000 (C0:1.000 | C1:1.000 | C2:1.000 | C3:1.000) || Val Loss: 1.1950 | Val Acc: 0.6667 (C0:0.667 | C1:0.667 | C2:0.500 | C3:0.800) || LR: 0.001000
2025-10-07 04:56:13,290 [INFO] Epoch [26/100] Train Loss: 0.1205 | Train Acc: 1.0000 (C0:1.000 | C1:1.000 | C2:1.000 | C3:1.000) || Val Loss: 1.2023 | Val Acc: 0.6667 (C0:0.833 | C1:0.667 | C2:0.250 | C3:0.800) || LR: 0.001000
2025-10-07 04:56:13,458 [INFO] Epoch [27/100] Train Loss: 0.0685 | Train Acc: 1.0000 (C0:1.000 | C1:1.000 | C2:1.000 | C3:1.000) || Val Loss: 1.3064 | Val Acc: 0.6667 (C0:0.667 | C1:0.667 | C2:0.500 | C3:0.800) || LR: 0.001000
2025-10-07 04:56:13,632 [INFO] Epoch [28/100] Train Loss: 0.0766 | Train Acc: 1.0000 (C0:1.000 | C1:1.000 | C2:1.000 | C3:1.000) || Val Loss: 1.4027 | Val Acc: 0.6250 (C0:0.667 | C1:0.556 | C2:0.500 | C3:0.800) || LR: 0.001000
2025-10-07 04:56:13,814 [INFO] Epoch [29/100] Train Loss: 0.2165 | Train Acc: 1.0000 (C0:1.000 | C1:1.000 | C2:1.000 | C3:1.000) || Val Loss: 1.2986 | Val Acc: 0.5833 (C0:0.667 | C1:0.556 | C2:0.250 | C3:0.800) || LR: 0.001000
2025-10-07 04:56:13,992 [INFO] Epoch [30/100] Train Loss: 0.0773 | Train Acc: 1.0000 (C0:1.000 | C1:1.000 | C2:1.000 | C3:1.000) || Val Loss: 1.2272 | Val Acc: 0.7083 (C0:0.833 | C1:0.778 | C2:0.250 | C3:0.800) || LR: 0.001000
2025-10-07 04:56:14,165 [INFO] Epoch [31/100] Train Loss: 0.1940 | Train Acc: 1.0000 (C0:1.000 | C1:1.000 | C2:1.000 | C3:1.000) || Val Loss: 1.0679 | Val Acc: 0.7083 (C0:0.833 | C1:0.667 | C2:0.500 | C3:0.800) || LR: 0.001000
2025-10-07 04:56:14,696 [INFO] Best model saved with val_acc: 0.7500
2025-10-07 04:56:14,697 [INFO] Epoch [32/100] Train Loss: 0.0592 | Train Acc: 1.0000 (C0:1.000 | C1:1.000 | C2:1.000 | C3:1.000) || Val Loss: 0.9839 | Val Acc: 0.7500 (C0:0.833 | C1:0.778 | C2:0.500 | C3:0.800) || LR: 0.001000
2025-10-07 04:56:14,886 [INFO] Epoch [33/100] Train Loss: 0.1286 | Train Acc: 1.0000 (C0:1.000 | C1:1.000 | C2:1.000 | C3:1.000) || Val Loss: 0.9069 | Val Acc: 0.7500 (C0:1.000 | C1:0.667 | C2:0.500 | C3:0.800) || LR: 0.001000
2025-10-07 04:56:15,058 [INFO] Epoch [34/100] Train Loss: 0.0581 | Train Acc: 1.0000 (C0:1.000 | C1:1.000 | C2:1.000 | C3:1.000) || Val Loss: 1.0421 | Val Acc: 0.7500 (C0:0.833 | C1:0.778 | C2:0.500 | C3:0.800) || LR: 0.001000
2025-10-07 04:56:15,295 [INFO] Epoch [35/100] Train Loss: 0.1724 | Train Acc: 1.0000 (C0:1.000 | C1:1.000 | C2:1.000 | C3:1.000) || Val Loss: 1.0354 | Val Acc: 0.7500 (C0:0.833 | C1:0.667 | C2:0.500 | C3:1.000) || LR: 0.001000
2025-10-07 04:56:15,480 [INFO] Epoch [36/100] Train Loss: 0.0665 | Train Acc: 1.0000 (C0:1.000 | C1:1.000 | C2:1.000 | C3:1.000) || Val Loss: 1.0630 | Val Acc: 0.7083 (C0:0.833 | C1:0.667 | C2:0.250 | C3:1.000) || LR: 0.001000
2025-10-07 04:56:15,652 [INFO] Epoch [37/100] Train Loss: 0.1103 | Train Acc: 1.0000 (C0:1.000 | C1:1.000 | C2:1.000 | C3:1.000) || Val Loss: 1.1653 | Val Acc: 0.7083 (C0:1.000 | C1:0.556 | C2:0.250 | C3:1.000) || LR: 0.001000
2025-10-07 04:56:15,877 [INFO] Epoch [38/100] Train Loss: 0.1032 | Train Acc: 1.0000 (C0:1.000 | C1:1.000 | C2:1.000 | C3:1.000) || Val Loss: 1.2042 | Val Acc: 0.7083 (C0:0.833 | C1:0.556 | C2:0.500 | C3:1.000) || LR: 0.001000
2025-10-07 04:56:16,047 [INFO] Epoch [39/100] Train Loss: 0.0501 | Train Acc: 1.0000 (C0:1.000 | C1:1.000 | C2:1.000 | C3:1.000) || Val Loss: 1.3782 | Val Acc: 0.6250 (C0:0.667 | C1:0.556 | C2:0.500 | C3:0.800) || LR: 0.001000
2025-10-07 04:56:16,220 [INFO] Epoch [40/100] Train Loss: 0.0436 | Train Acc: 1.0000 (C0:1.000 | C1:1.000 | C2:1.000 | C3:1.000) || Val Loss: 1.4764 | Val Acc: 0.5833 (C0:0.667 | C1:0.556 | C2:0.250 | C3:0.800) || LR: 0.001000
2025-10-07 04:56:16,387 [INFO] Epoch [41/100] Train Loss: 0.0799 | Train Acc: 1.0000 (C0:1.000 | C1:1.000 | C2:1.000 | C3:1.000) || Val Loss: 1.3594 | Val Acc: 0.6667 (C0:0.667 | C1:0.667 | C2:0.500 | C3:0.800) || LR: 0.001000
2025-10-07 04:56:16,561 [INFO] Epoch [42/100] Train Loss: 0.0402 | Train Acc: 1.0000 (C0:1.000 | C1:1.000 | C2:1.000 | C3:1.000) || Val Loss: 1.5073 | Val Acc: 0.5833 (C0:0.667 | C1:0.444 | C2:0.500 | C3:0.800) || LR: 0.001000
2025-10-07 04:56:16,730 [INFO] Epoch [43/100] Train Loss: 0.0892 | Train Acc: 1.0000 (C0:1.000 | C1:1.000 | C2:1.000 | C3:1.000) || Val Loss: 1.5094 | Val Acc: 0.5833 (C0:0.667 | C1:0.444 | C2:0.500 | C3:0.800) || LR: 0.001000
2025-10-07 04:56:16,903 [INFO] Epoch [44/100] Train Loss: 0.0309 | Train Acc: 1.0000 (C0:1.000 | C1:1.000 | C2:1.000 | C3:1.000) || Val Loss: 1.6909 | Val Acc: 0.6250 (C0:0.833 | C1:0.444 | C2:0.500 | C3:0.800) || LR: 0.001000
2025-10-07 04:56:17,071 [INFO] Epoch [45/100] Train Loss: 0.1596 | Train Acc: 1.0000 (C0:1.000 | C1:1.000 | C2:1.000 | C3:1.000) || Val Loss: 1.7164 | Val Acc: 0.6250 (C0:0.833 | C1:0.444 | C2:0.500 | C3:0.800) || LR: 0.001000
2025-10-07 04:56:17,250 [INFO] Epoch [46/100] Train Loss: 0.0533 | Train Acc: 1.0000 (C0:1.000 | C1:1.000 | C2:1.000 | C3:1.000) || Val Loss: 1.4640 | Val Acc: 0.5417 (C0:0.833 | C1:0.444 | C2:0.000 | C3:0.800) || LR: 0.001000
2025-10-07 04:56:17,420 [INFO] Epoch [47/100] Train Loss: 0.2203 | Train Acc: 1.0000 (C0:1.000 | C1:1.000 | C2:1.000 | C3:1.000) || Val Loss: 1.4026 | Val Acc: 0.6667 (C0:0.833 | C1:0.778 | C2:0.000 | C3:0.800) || LR: 0.001000
2025-10-07 04:56:17,593 [INFO] Epoch [48/100] Train Loss: 0.0871 | Train Acc: 1.0000 (C0:1.000 | C1:1.000 | C2:1.000 | C3:1.000) || Val Loss: 1.3104 | Val Acc: 0.7083 (C0:1.000 | C1:0.667 | C2:0.250 | C3:0.800) || LR: 0.001000
2025-10-07 04:56:17,767 [INFO] Epoch [49/100] Train Loss: 0.0659 | Train Acc: 1.0000 (C0:1.000 | C1:1.000 | C2:1.000 | C3:1.000) || Val Loss: 1.2549 | Val Acc: 0.7083 (C0:1.000 | C1:0.667 | C2:0.250 | C3:0.800) || LR: 0.001000
2025-10-07 04:56:17,939 [INFO] Epoch [50/100] Train Loss: 0.1036 | Train Acc: 1.0000 (C0:1.000 | C1:1.000 | C2:1.000 | C3:1.000) || Val Loss: 1.2835 | Val Acc: 0.7500 (C0:1.000 | C1:0.667 | C2:0.250 | C3:1.000) || LR: 0.001000
2025-10-07 04:56:18,117 [INFO] Epoch [51/100] Train Loss: 0.0682 | Train Acc: 1.0000 (C0:1.000 | C1:1.000 | C2:1.000 | C3:1.000) || Val Loss: 1.3077 | Val Acc: 0.7500 (C0:1.000 | C1:0.667 | C2:0.250 | C3:1.000) || LR: 0.001000
2025-10-07 04:56:18,292 [INFO] Epoch [52/100] Train Loss: 0.1387 | Train Acc: 1.0000 (C0:1.000 | C1:1.000 | C2:1.000 | C3:1.000) || Val Loss: 1.5953 | Val Acc: 0.6250 (C0:0.667 | C1:0.556 | C2:0.250 | C3:1.000) || LR: 0.001000
2025-10-07 04:56:18,460 [INFO] Epoch [53/100] Train Loss: 0.0732 | Train Acc: 1.0000 (C0:1.000 | C1:1.000 | C2:1.000 | C3:1.000) || Val Loss: 1.9366 | Val Acc: 0.5417 (C0:0.667 | C1:0.556 | C2:0.000 | C3:0.800) || LR: 0.001000
2025-10-07 04:56:18,633 [INFO] Epoch [54/100] Train Loss: 0.1451 | Train Acc: 1.0000 (C0:1.000 | C1:1.000 | C2:1.000 | C3:1.000) || Val Loss: 2.0309 | Val Acc: 0.5417 (C0:0.667 | C1:0.556 | C2:0.000 | C3:0.800) || LR: 0.001000
2025-10-07 04:56:18,805 [INFO] Epoch [55/100] Train Loss: 0.0631 | Train Acc: 1.0000 (C0:1.000 | C1:1.000 | C2:1.000 | C3:1.000) || Val Loss: 1.9184 | Val Acc: 0.5833 (C0:0.833 | C1:0.556 | C2:0.000 | C3:0.800) || LR: 0.001000
2025-10-07 04:56:18,975 [INFO] Epoch [56/100] Train Loss: 0.1611 | Train Acc: 1.0000 (C0:1.000 | C1:1.000 | C2:1.000 | C3:1.000) || Val Loss: 1.8145 | Val Acc: 0.5417 (C0:0.667 | C1:0.556 | C2:0.250 | C3:0.600) || LR: 0.001000
2025-10-07 04:56:19,143 [INFO] Epoch [57/100] Train Loss: 0.0535 | Train Acc: 1.0000 (C0:1.000 | C1:1.000 | C2:1.000 | C3:1.000) || Val Loss: 1.6549 | Val Acc: 0.5833 (C0:0.833 | C1:0.556 | C2:0.250 | C3:0.600) || LR: 0.001000
2025-10-07 04:56:19,315 [INFO] Epoch [58/100] Train Loss: 0.1554 | Train Acc: 1.0000 (C0:1.000 | C1:1.000 | C2:1.000 | C3:1.000) || Val Loss: 1.6092 | Val Acc: 0.6250 (C0:0.833 | C1:0.556 | C2:0.250 | C3:0.800) || LR: 0.001000
2025-10-07 04:56:19,482 [INFO] Epoch [59/100] Train Loss: 0.0406 | Train Acc: 1.0000 (C0:1.000 | C1:1.000 | C2:1.000 | C3:1.000) || Val Loss: 1.6945 | Val Acc: 0.5417 (C0:0.833 | C1:0.556 | C2:0.000 | C3:0.600) || LR: 0.001000
2025-10-07 04:56:19,655 [INFO] Epoch [60/100] Train Loss: 0.0539 | Train Acc: 1.0000 (C0:1.000 | C1:1.000 | C2:1.000 | C3:1.000) || Val Loss: 1.7630 | Val Acc: 0.5417 (C0:0.833 | C1:0.556 | C2:0.000 | C3:0.600) || LR: 0.001000
2025-10-07 04:56:19,829 [INFO] Epoch [61/100] Train Loss: 0.0397 | Train Acc: 1.0000 (C0:1.000 | C1:1.000 | C2:1.000 | C3:1.000) || Val Loss: 1.6974 | Val Acc: 0.5417 (C0:0.833 | C1:0.556 | C2:0.000 | C3:0.600) || LR: 0.001000
2025-10-07 04:56:20,001 [INFO] Epoch [62/100] Train Loss: 0.0837 | Train Acc: 1.0000 (C0:1.000 | C1:1.000 | C2:1.000 | C3:1.000) || Val Loss: 1.5865 | Val Acc: 0.7083 (C0:0.833 | C1:0.778 | C2:0.250 | C3:0.800) || LR: 0.001000
2025-10-07 04:56:20,168 [INFO] Epoch [63/100] Train Loss: 0.0161 | Train Acc: 1.0000 (C0:1.000 | C1:1.000 | C2:1.000 | C3:1.000) || Val Loss: 1.5530 | Val Acc: 0.7083 (C0:0.833 | C1:0.778 | C2:0.250 | C3:0.800) || LR: 0.001000
2025-10-07 04:56:20,337 [INFO] Epoch [64/100] Train Loss: 0.0390 | Train Acc: 1.0000 (C0:1.000 | C1:1.000 | C2:1.000 | C3:1.000) || Val Loss: 1.2954 | Val Acc: 0.7083 (C0:0.833 | C1:0.667 | C2:0.500 | C3:0.800) || LR: 0.001000
2025-10-07 04:56:20,503 [INFO] Epoch [65/100] Train Loss: 0.0264 | Train Acc: 1.0000 (C0:1.000 | C1:1.000 | C2:1.000 | C3:1.000) || Val Loss: 1.3159 | Val Acc: 0.7083 (C0:0.833 | C1:0.667 | C2:0.500 | C3:0.800) || LR: 0.001000
2025-10-07 04:56:20,675 [INFO] Epoch [66/100] Train Loss: 0.0275 | Train Acc: 1.0000 (C0:1.000 | C1:1.000 | C2:1.000 | C3:1.000) || Val Loss: 1.4254 | Val Acc: 0.6667 (C0:0.833 | C1:0.778 | C2:0.250 | C3:0.600) || LR: 0.001000
2025-10-07 04:56:20,847 [INFO] Epoch [67/100] Train Loss: 0.0363 | Train Acc: 1.0000 (C0:1.000 | C1:1.000 | C2:1.000 | C3:1.000) || Val Loss: 1.4421 | Val Acc: 0.7083 (C0:0.833 | C1:0.778 | C2:0.250 | C3:0.800) || LR: 0.001000
2025-10-07 04:56:21,021 [INFO] Epoch [68/100] Train Loss: 0.0630 | Train Acc: 1.0000 (C0:1.000 | C1:1.000 | C2:1.000 | C3:1.000) || Val Loss: 1.4075 | Val Acc: 0.7083 (C0:0.833 | C1:0.778 | C2:0.250 | C3:0.800) || LR: 0.001000
2025-10-07 04:56:21,191 [INFO] Epoch [69/100] Train Loss: 0.0315 | Train Acc: 1.0000 (C0:1.000 | C1:1.000 | C2:1.000 | C3:1.000) || Val Loss: 1.3774 | Val Acc: 0.7083 (C0:0.833 | C1:0.778 | C2:0.250 | C3:0.800) || LR: 0.001000
2025-10-07 04:56:21,363 [INFO] Epoch [70/100] Train Loss: 0.1079 | Train Acc: 1.0000 (C0:1.000 | C1:1.000 | C2:1.000 | C3:1.000) || Val Loss: 1.3682 | Val Acc: 0.7083 (C0:0.833 | C1:0.778 | C2:0.250 | C3:0.800) || LR: 0.001000
2025-10-07 04:56:21,533 [INFO] Epoch [71/100] Train Loss: 0.0250 | Train Acc: 1.0000 (C0:1.000 | C1:1.000 | C2:1.000 | C3:1.000) || Val Loss: 1.3645 | Val Acc: 0.7500 (C0:0.833 | C1:0.778 | C2:0.500 | C3:0.800) || LR: 0.001000
2025-10-07 04:56:21,707 [INFO] Epoch [72/100] Train Loss: 0.0210 | Train Acc: 1.0000 (C0:1.000 | C1:1.000 | C2:1.000 | C3:1.000) || Val Loss: 1.3236 | Val Acc: 0.7083 (C0:0.833 | C1:0.778 | C2:0.250 | C3:0.800) || LR: 0.001000
2025-10-07 04:56:21,877 [INFO] Epoch [73/100] Train Loss: 0.0643 | Train Acc: 1.0000 (C0:1.000 | C1:1.000 | C2:1.000 | C3:1.000) || Val Loss: 1.3827 | Val Acc: 0.7083 (C0:0.833 | C1:0.667 | C2:0.500 | C3:0.800) || LR: 0.001000
2025-10-07 04:56:22,051 [INFO] Epoch [74/100] Train Loss: 0.0373 | Train Acc: 1.0000 (C0:1.000 | C1:1.000 | C2:1.000 | C3:1.000) || Val Loss: 1.6191 | Val Acc: 0.6667 (C0:0.833 | C1:0.667 | C2:0.250 | C3:0.800) || LR: 0.001000
2025-10-07 04:56:22,229 [INFO] Epoch [75/100] Train Loss: 0.0504 | Train Acc: 1.0000 (C0:1.000 | C1:1.000 | C2:1.000 | C3:1.000) || Val Loss: 1.7831 | Val Acc: 0.6250 (C0:0.833 | C1:0.667 | C2:0.250 | C3:0.600) || LR: 0.001000
2025-10-07 04:56:22,402 [INFO] Epoch [76/100] Train Loss: 0.0244 | Train Acc: 1.0000 (C0:1.000 | C1:1.000 | C2:1.000 | C3:1.000) || Val Loss: 1.7486 | Val Acc: 0.6250 (C0:0.833 | C1:0.667 | C2:0.250 | C3:0.600) || LR: 0.001000
2025-10-07 04:56:22,571 [INFO] Epoch [77/100] Train Loss: 0.0661 | Train Acc: 1.0000 (C0:1.000 | C1:1.000 | C2:1.000 | C3:1.000) || Val Loss: 1.7478 | Val Acc: 0.6667 (C0:0.833 | C1:0.667 | C2:0.500 | C3:0.600) || LR: 0.001000
2025-10-07 04:56:22,741 [INFO] Epoch [78/100] Train Loss: 0.0931 | Train Acc: 1.0000 (C0:1.000 | C1:1.000 | C2:1.000 | C3:1.000) || Val Loss: 1.8964 | Val Acc: 0.6250 (C0:0.833 | C1:0.667 | C2:0.250 | C3:0.600) || LR: 0.001000
2025-10-07 04:56:22,910 [INFO] Epoch [79/100] Train Loss: 0.1064 | Train Acc: 1.0000 (C0:1.000 | C1:1.000 | C2:1.000 | C3:1.000) || Val Loss: 1.8121 | Val Acc: 0.6250 (C0:0.833 | C1:0.667 | C2:0.250 | C3:0.600) || LR: 0.001000
2025-10-07 04:56:23,081 [INFO] Epoch [80/100] Train Loss: 0.1587 | Train Acc: 1.0000 (C0:1.000 | C1:1.000 | C2:1.000 | C3:1.000) || Val Loss: 1.8321 | Val Acc: 0.6250 (C0:0.833 | C1:0.667 | C2:0.000 | C3:0.800) || LR: 0.001000
2025-10-07 04:56:23,252 [INFO] Epoch [81/100] Train Loss: 0.0393 | Train Acc: 1.0000 (C0:1.000 | C1:1.000 | C2:1.000 | C3:1.000) || Val Loss: 1.7781 | Val Acc: 0.6250 (C0:0.833 | C1:0.667 | C2:0.000 | C3:0.800) || LR: 0.001000
2025-10-07 04:56:23,423 [INFO] Early stopping at epoch 82
2025-10-07 04:56:23,436 [INFO] Training completed. Best accuracy: 0.7500
2025-10-07 04:56:23,436 [INFO] Log: ./logs/train_20251007_045606.log, Model: ./models/best_model.pth
