2025-10-13 10:29:45,704 [INFO] Model parameters: 56,828,699, Classes: 4
2025-10-13 10:29:45,704 [INFO] Enhanced regularization: Dropout=0.4, Weight_decay=0.002
2025-10-13 10:29:46,171 [INFO] Regularized Attention-MOI Training Started
2025-10-13 10:29:46,171 [INFO] Training started with enhanced regularization
2025-10-13 10:29:46,171 [INFO] Dropout: 0.4, Weight decay: 0.002
2025-10-13 10:29:46,851 [INFO] Epoch [1/150] Train Loss: 5.3994 | Train Acc: 0.4043 (Classical:0.040 | Mesenchymal:0.656 | Neural:0.312 | Proneural:0.524) || Val Loss: 1.3143 | Val Acc: 0.4167 (Classical:0.000 | Mesenchymal:0.778 | Neural:0.250 | Proneural:0.400) || LR: 0.000200
2025-10-13 10:29:47,045 [INFO] Best model saved with val_acc: 0.4167
2025-10-13 10:29:47,504 [INFO] Epoch [2/150] Train Loss: 5.0916 | Train Acc: 0.5106 (Classical:0.160 | Mesenchymal:0.656 | Neural:0.312 | Proneural:0.857) || Val Loss: 1.2552 | Val Acc: 0.5417 (Classical:0.000 | Mesenchymal:0.778 | Neural:0.500 | Proneural:0.800) || LR: 0.000200
2025-10-13 10:29:47,706 [INFO] Best model saved with val_acc: 0.5417
2025-10-13 10:29:48,182 [INFO] Epoch [3/150] Train Loss: 4.9168 | Train Acc: 0.5745 (Classical:0.280 | Mesenchymal:0.688 | Neural:0.438 | Proneural:0.857) || Val Loss: 1.2082 | Val Acc: 0.5417 (Classical:0.000 | Mesenchymal:0.778 | Neural:0.500 | Proneural:0.800) || LR: 0.000200
2025-10-13 10:29:48,643 [INFO] Epoch [4/150] Train Loss: 4.8435 | Train Acc: 0.6915 (Classical:0.480 | Mesenchymal:0.750 | Neural:0.562 | Proneural:0.952) || Val Loss: 1.1596 | Val Acc: 0.6250 (Classical:0.333 | Mesenchymal:0.778 | Neural:0.500 | Proneural:0.800) || LR: 0.000200
2025-10-13 10:29:48,848 [INFO] Best model saved with val_acc: 0.6250
2025-10-13 10:29:49,331 [INFO] Epoch [5/150] Train Loss: 4.8777 | Train Acc: 0.7128 (Classical:0.520 | Mesenchymal:0.719 | Neural:0.688 | Proneural:0.952) || Val Loss: 1.1256 | Val Acc: 0.5417 (Classical:0.333 | Mesenchymal:0.778 | Neural:0.250 | Proneural:0.600) || LR: 0.000200
2025-10-13 10:29:49,793 [INFO] Epoch [6/150] Train Loss: 4.8028 | Train Acc: 0.7447 (Classical:0.560 | Mesenchymal:0.750 | Neural:0.750 | Proneural:0.952) || Val Loss: 1.0970 | Val Acc: 0.5833 (Classical:0.333 | Mesenchymal:0.778 | Neural:0.250 | Proneural:0.800) || LR: 0.000200
2025-10-13 10:29:50,255 [INFO] Epoch [7/150] Train Loss: 4.7516 | Train Acc: 0.7766 (Classical:0.560 | Mesenchymal:0.781 | Neural:0.812 | Proneural:1.000) || Val Loss: 1.0811 | Val Acc: 0.6667 (Classical:0.500 | Mesenchymal:0.778 | Neural:0.250 | Proneural:1.000) || LR: 0.000200
2025-10-13 10:29:50,454 [INFO] Best model saved with val_acc: 0.6667
2025-10-13 10:29:50,926 [INFO] Epoch [8/150] Train Loss: 4.7033 | Train Acc: 0.7979 (Classical:0.640 | Mesenchymal:0.781 | Neural:0.812 | Proneural:1.000) || Val Loss: 1.0604 | Val Acc: 0.6250 (Classical:0.500 | Mesenchymal:0.778 | Neural:0.250 | Proneural:0.800) || LR: 0.000200
2025-10-13 10:29:51,402 [INFO] Epoch [9/150] Train Loss: 4.6685 | Train Acc: 0.8723 (Classical:0.760 | Mesenchymal:0.875 | Neural:0.875 | Proneural:1.000) || Val Loss: 1.0237 | Val Acc: 0.6250 (Classical:0.500 | Mesenchymal:0.667 | Neural:0.500 | Proneural:0.800) || LR: 0.000200
2025-10-13 10:29:51,866 [INFO] Epoch [10/150] Train Loss: 4.7098 | Train Acc: 0.8723 (Classical:0.720 | Mesenchymal:0.906 | Neural:0.875 | Proneural:1.000) || Val Loss: 1.0174 | Val Acc: 0.6667 (Classical:0.500 | Mesenchymal:0.778 | Neural:0.500 | Proneural:0.800) || LR: 0.000200
2025-10-13 10:29:52,327 [INFO] Epoch [11/150] Train Loss: 4.5976 | Train Acc: 0.8936 (Classical:0.720 | Mesenchymal:0.938 | Neural:0.938 | Proneural:1.000) || Val Loss: 0.9992 | Val Acc: 0.7083 (Classical:0.500 | Mesenchymal:0.889 | Neural:0.500 | Proneural:0.800) || LR: 0.000200
2025-10-13 10:29:52,521 [INFO] Best model saved with val_acc: 0.7083
2025-10-13 10:29:53,002 [INFO] Epoch [12/150] Train Loss: 4.6896 | Train Acc: 0.9043 (Classical:0.760 | Mesenchymal:0.938 | Neural:0.938 | Proneural:1.000) || Val Loss: 0.9864 | Val Acc: 0.6667 (Classical:0.500 | Mesenchymal:0.778 | Neural:0.500 | Proneural:0.800) || LR: 0.000200
2025-10-13 10:29:53,460 [INFO] Epoch [13/150] Train Loss: 4.6356 | Train Acc: 0.9149 (Classical:0.760 | Mesenchymal:0.969 | Neural:0.938 | Proneural:1.000) || Val Loss: 0.9838 | Val Acc: 0.6667 (Classical:0.667 | Mesenchymal:0.778 | Neural:0.250 | Proneural:0.800) || LR: 0.000200
2025-10-13 10:29:53,919 [INFO] Epoch [14/150] Train Loss: 4.6203 | Train Acc: 0.9468 (Classical:0.880 | Mesenchymal:0.969 | Neural:0.938 | Proneural:1.000) || Val Loss: 0.9933 | Val Acc: 0.6667 (Classical:0.667 | Mesenchymal:0.778 | Neural:0.250 | Proneural:0.800) || LR: 0.000200
2025-10-13 10:29:54,378 [INFO] Epoch [15/150] Train Loss: 4.5404 | Train Acc: 0.9362 (Classical:0.840 | Mesenchymal:0.969 | Neural:0.938 | Proneural:1.000) || Val Loss: 0.9929 | Val Acc: 0.6667 (Classical:0.667 | Mesenchymal:0.778 | Neural:0.250 | Proneural:0.800) || LR: 0.000200
2025-10-13 10:29:54,835 [INFO] Epoch [16/150] Train Loss: 4.5603 | Train Acc: 0.9468 (Classical:0.880 | Mesenchymal:0.969 | Neural:0.938 | Proneural:1.000) || Val Loss: 0.9861 | Val Acc: 0.6667 (Classical:0.667 | Mesenchymal:0.667 | Neural:0.500 | Proneural:0.800) || LR: 0.000200
2025-10-13 10:29:55,294 [INFO] Epoch [17/150] Train Loss: 4.5226 | Train Acc: 0.9362 (Classical:0.880 | Mesenchymal:0.938 | Neural:0.938 | Proneural:1.000) || Val Loss: 0.9940 | Val Acc: 0.6250 (Classical:0.667 | Mesenchymal:0.556 | Neural:0.500 | Proneural:0.800) || LR: 0.000200
2025-10-13 10:29:55,752 [INFO] Epoch [18/150] Train Loss: 4.5192 | Train Acc: 0.9362 (Classical:0.880 | Mesenchymal:0.938 | Neural:0.938 | Proneural:1.000) || Val Loss: 0.9924 | Val Acc: 0.7083 (Classical:0.667 | Mesenchymal:0.778 | Neural:0.500 | Proneural:0.800) || LR: 0.000200
2025-10-13 10:29:56,209 [INFO] Epoch [19/150] Train Loss: 4.4830 | Train Acc: 0.9681 (Classical:0.920 | Mesenchymal:0.969 | Neural:1.000 | Proneural:1.000) || Val Loss: 0.9954 | Val Acc: 0.6667 (Classical:0.667 | Mesenchymal:0.778 | Neural:0.250 | Proneural:0.800) || LR: 0.000200
2025-10-13 10:29:56,679 [INFO] Epoch [20/150] Train Loss: 4.4758 | Train Acc: 0.9681 (Classical:0.920 | Mesenchymal:0.969 | Neural:1.000 | Proneural:1.000) || Val Loss: 1.0094 | Val Acc: 0.7083 (Classical:0.833 | Mesenchymal:0.667 | Neural:0.500 | Proneural:0.800) || LR: 0.000200
2025-10-13 10:29:57,141 [INFO] Epoch [21/150] Train Loss: 4.4349 | Train Acc: 0.9681 (Classical:0.920 | Mesenchymal:0.969 | Neural:1.000 | Proneural:1.000) || Val Loss: 1.0202 | Val Acc: 0.6667 (Classical:0.667 | Mesenchymal:0.667 | Neural:0.500 | Proneural:0.800) || LR: 0.000200
2025-10-13 10:29:57,602 [INFO] Epoch [22/150] Train Loss: 4.4291 | Train Acc: 0.9681 (Classical:0.920 | Mesenchymal:0.969 | Neural:1.000 | Proneural:1.000) || Val Loss: 1.0068 | Val Acc: 0.7500 (Classical:0.833 | Mesenchymal:0.778 | Neural:0.500 | Proneural:0.800) || LR: 0.000200
2025-10-13 10:29:57,798 [INFO] Best model saved with val_acc: 0.7500
2025-10-13 10:29:58,273 [INFO] Epoch [23/150] Train Loss: 4.3846 | Train Acc: 0.9681 (Classical:0.920 | Mesenchymal:0.969 | Neural:1.000 | Proneural:1.000) || Val Loss: 1.0196 | Val Acc: 0.7500 (Classical:0.833 | Mesenchymal:0.778 | Neural:0.500 | Proneural:0.800) || LR: 0.000200
2025-10-13 10:29:58,736 [INFO] Epoch [24/150] Train Loss: 4.4159 | Train Acc: 0.9787 (Classical:0.920 | Mesenchymal:1.000 | Neural:1.000 | Proneural:1.000) || Val Loss: 0.9923 | Val Acc: 0.7500 (Classical:0.833 | Mesenchymal:0.778 | Neural:0.500 | Proneural:0.800) || LR: 0.000200
2025-10-13 10:29:59,210 [INFO] Epoch [25/150] Train Loss: 4.4161 | Train Acc: 0.9787 (Classical:0.920 | Mesenchymal:1.000 | Neural:1.000 | Proneural:1.000) || Val Loss: 0.9789 | Val Acc: 0.7500 (Classical:0.833 | Mesenchymal:0.778 | Neural:0.500 | Proneural:0.800) || LR: 0.000200
2025-10-13 10:29:59,692 [INFO] Epoch [26/150] Train Loss: 4.3452 | Train Acc: 0.9787 (Classical:0.920 | Mesenchymal:1.000 | Neural:1.000 | Proneural:1.000) || Val Loss: 0.9812 | Val Acc: 0.7083 (Classical:0.833 | Mesenchymal:0.667 | Neural:0.500 | Proneural:0.800) || LR: 0.000200
2025-10-13 10:30:00,152 [INFO] Epoch [27/150] Train Loss: 4.3110 | Train Acc: 0.9894 (Classical:0.960 | Mesenchymal:1.000 | Neural:1.000 | Proneural:1.000) || Val Loss: 0.9902 | Val Acc: 0.7500 (Classical:0.833 | Mesenchymal:0.778 | Neural:0.500 | Proneural:0.800) || LR: 0.000200
2025-10-13 10:30:00,632 [INFO] Epoch [28/150] Train Loss: 4.3125 | Train Acc: 0.9894 (Classical:0.960 | Mesenchymal:1.000 | Neural:1.000 | Proneural:1.000) || Val Loss: 1.0000 | Val Acc: 0.7500 (Classical:0.833 | Mesenchymal:0.778 | Neural:0.500 | Proneural:0.800) || LR: 0.000200
2025-10-13 10:30:01,099 [INFO] Epoch [29/150] Train Loss: 4.2938 | Train Acc: 0.9894 (Classical:0.960 | Mesenchymal:1.000 | Neural:1.000 | Proneural:1.000) || Val Loss: 0.9938 | Val Acc: 0.7500 (Classical:0.833 | Mesenchymal:0.778 | Neural:0.500 | Proneural:0.800) || LR: 0.000200
2025-10-13 10:30:01,560 [INFO] Epoch [30/150] Train Loss: 4.2757 | Train Acc: 0.9894 (Classical:0.960 | Mesenchymal:1.000 | Neural:1.000 | Proneural:1.000) || Val Loss: 0.9994 | Val Acc: 0.7500 (Classical:0.833 | Mesenchymal:0.778 | Neural:0.500 | Proneural:0.800) || LR: 0.000200
2025-10-13 10:30:02,042 [INFO] Epoch [31/150] Train Loss: 4.2967 | Train Acc: 0.9894 (Classical:0.960 | Mesenchymal:1.000 | Neural:1.000 | Proneural:1.000) || Val Loss: 1.0311 | Val Acc: 0.7083 (Classical:0.833 | Mesenchymal:0.778 | Neural:0.250 | Proneural:0.800) || LR: 0.000200
2025-10-13 10:30:02,508 [INFO] Epoch [32/150] Train Loss: 4.2712 | Train Acc: 0.9894 (Classical:0.960 | Mesenchymal:1.000 | Neural:1.000 | Proneural:1.000) || Val Loss: 1.0293 | Val Acc: 0.7083 (Classical:0.833 | Mesenchymal:0.778 | Neural:0.250 | Proneural:0.800) || LR: 0.000200
2025-10-13 10:30:02,982 [INFO] Epoch [33/150] Train Loss: 4.2344 | Train Acc: 0.9894 (Classical:0.960 | Mesenchymal:1.000 | Neural:1.000 | Proneural:1.000) || Val Loss: 1.0274 | Val Acc: 0.7083 (Classical:0.833 | Mesenchymal:0.778 | Neural:0.250 | Proneural:0.800) || LR: 0.000200
2025-10-13 10:30:03,452 [INFO] Epoch [34/150] Train Loss: 4.1885 | Train Acc: 1.0000 (Classical:1.000 | Mesenchymal:1.000 | Neural:1.000 | Proneural:1.000) || Val Loss: 1.0740 | Val Acc: 0.7083 (Classical:0.833 | Mesenchymal:0.778 | Neural:0.250 | Proneural:0.800) || LR: 0.000200
2025-10-13 10:30:03,927 [INFO] Epoch [35/150] Train Loss: 4.1571 | Train Acc: 1.0000 (Classical:1.000 | Mesenchymal:1.000 | Neural:1.000 | Proneural:1.000) || Val Loss: 1.0955 | Val Acc: 0.7083 (Classical:0.833 | Mesenchymal:0.778 | Neural:0.250 | Proneural:0.800) || LR: 0.000200
2025-10-13 10:30:04,396 [INFO] Epoch [36/150] Train Loss: 4.1267 | Train Acc: 1.0000 (Classical:1.000 | Mesenchymal:1.000 | Neural:1.000 | Proneural:1.000) || Val Loss: 1.0759 | Val Acc: 0.7083 (Classical:0.833 | Mesenchymal:0.778 | Neural:0.250 | Proneural:0.800) || LR: 0.000200
2025-10-13 10:30:04,864 [INFO] Epoch [37/150] Train Loss: 4.0845 | Train Acc: 1.0000 (Classical:1.000 | Mesenchymal:1.000 | Neural:1.000 | Proneural:1.000) || Val Loss: 1.0391 | Val Acc: 0.7083 (Classical:0.833 | Mesenchymal:0.778 | Neural:0.250 | Proneural:0.800) || LR: 0.000200
2025-10-13 10:30:04,864 [INFO] Early stopping at epoch 37
2025-10-13 10:30:04,888 [INFO] Training completed. Best accuracy: 0.7500
2025-10-13 10:30:04,888 [INFO] Log: ./logs/train_20251013_102945.log, Model: ./models/best_model.pth
2025-10-13 10:30:04,999 [INFO] FINAL PER-CLASS | Train Acc: 0.9681 (Classical:0.920 | Mesenchymal:0.969 | Neural:1.000 | Proneural:1.000) || Val Acc: 0.7500 (Classical:0.833 | Mesenchymal:0.778 | Neural:0.500 | Proneural:0.800)
2025-10-13 10:30:05,057 [INFO] FINAL PER-CLASS | Test  Acc: 0.8000 (Classical:1.000 | Mesenchymal:0.900 | Neural:0.400 | Proneural:0.714)
